Log file open, 10/24/17 15:17:21
LogInit:Display: Running engine for game: ProjectInferno
LogPlatformFile: Not using cached read wrapper
LogInit:Display: RandInit(244855480) SRandInit(244855480).
LogTaskGraph: Started task graph with 5 named threads and 8 total threads with 1 sets of task threads.
LogStats: Stats thread started at 0.076822
LogInit: Using libcurl 7.47.1
LogInit:  - built for x86_64-pc-win32
LogInit:  - supports SSL with OpenSSL/1.0.2g
LogInit:  - supports HTTP deflate (compression) using libz 1.2.8
LogInit:  - other features:
LogInit:      CURL_VERSION_SSL
LogInit:      CURL_VERSION_LIBZ
LogInit:      CURL_VERSION_IPV6
LogInit:      CURL_VERSION_ASYNCHDNS
LogInit:      CURL_VERSION_LARGEFILE
LogInit:      CURL_VERSION_IDN
LogInit:  CurlRequestOptions (configurable via config and command line):
LogInit:  - bVerifyPeer = false  - Libcurl will NOT verify peer certificate
LogInit:  - bUseHttpProxy = false  - Libcurl will NOT use HTTP proxy
LogInit:  - bDontReuseConnections = false  - Libcurl will reuse connections
LogInit:  - CertBundlePath = nullptr  - Libcurl will use whatever was configured at build time.
LogInit: Build: ++UE4+Release-4.16-CL-3452394
LogInit: Engine Version: 4.16.0-3452394+++UE4+Release-4.16
LogInit: Compatible Engine Version: 4.16.0-3452394+++UE4+Release-4.16
LogInit: Net CL: 3452394
LogDevObjectVersion: Number of dev versions registered: 16
LogDevObjectVersion:   Dev-Blueprints (B0D832E4-1F89-4F0D-ACCF-7EB736FD4AA2): 9
LogDevObjectVersion:   Dev-Build (E1C64328-A22C-4D53-A36C-8E866417BD8C): 0
LogDevObjectVersion:   Dev-Core (375EC13C-06E4-48FB-B500-84F0262A717E): 2
LogDevObjectVersion:   Dev-Editor (E4B068ED-F494-42E9-A231-DA0B2E46BB41): 17
LogDevObjectVersion:   Dev-Framework (CFFC743F-43B0-4480-9391-14DF171D2073): 23
LogDevObjectVersion:   Dev-Mobile (B02B49B5-BB20-44E9-A304-32B752E40360): 0
LogDevObjectVersion:   Dev-Networking (A4E4105C-59A1-49B5-A7C5-40C4547EDFEE): 0
LogDevObjectVersion:   Dev-Online (39C831C9-5AE6-47DC-9A44-9C173E1C8E7C): 0
LogDevObjectVersion:   Dev-Physics (78F01B33-EBEA-4F98-B9B4-84EACCB95AA2): 0
LogDevObjectVersion:   Dev-Platform (6631380F-2D4D-43E0-8009-CF276956A95A): 0
LogDevObjectVersion:   Dev-Rendering (12F88B9F-8875-4AFC-A67C-D90C383ABD29): 15
LogDevObjectVersion:   Dev-Sequencer (7B5AE74C-D270-4C10-A958-57980B212A5A): 4
LogDevObjectVersion:   Dev-VR (D7296918-1DD6-4BDD-9DE2-64A83CC13884): 0
LogDevObjectVersion:   Dev-LoadTimes (C2A15278-BFE7-4AFE-6C17-90FF531DF755): 1
LogDevObjectVersion:   Private-Geometry (6EACA3D4-40EC-4CC1-B786-8BED09428FC5): 1
LogDevObjectVersion:   Dev-AnimPhys (29E575DD-E0A3-4627-9D10-D276232CDCEA): 3
LogInit: Compiled (64-bit): May 22 2017 17:47:00
LogInit: Compiled with Visual C++: 19.00.23026.00
LogInit: Build Configuration: Development
LogInit: Branch Name: ++UE4+Release-4.16
LogInit: Command line:  
LogInit: Base directory: C:/Program Files (x86)/Epic Games/4.16/Engine/Binaries/Win64/
LogInit: Installed Engine Build: 1
LogInit: Presizing for max 8388607 objects, including 0 objects not considered by GC, pre-allocating 0 bytes for permanent pool.
LogInit: Object subsystem initialized
[2017.10.24-20.17.22:012][  0]LogInit: Selected Device Profile: [Windows]
[2017.10.24-20.17.22:012][  0]LogInit: Applying CVar settings loaded from the selected device profile: [Windows]
[2017.10.24-20.17.22:021][  0]LogInit: Computer: T248-12
[2017.10.24-20.17.22:021][  0]LogInit: User: student
[2017.10.24-20.17.22:021][  0]LogInit: CPU Page size=4096, Cores=4
[2017.10.24-20.17.22:021][  0]LogInit: High frequency timer resolution =3.507548 MHz
[2017.10.24-20.17.22:021][  0]LogMemory: Memory total: Physical=15.9GB (16GB approx)
[2017.10.24-20.17.22:021][  0]LogMemory: Platform Memory Stats for Windows
[2017.10.24-20.17.22:021][  0]LogMemory: Process Physical Memory: 275.85 MB used, 275.85 MB peak
[2017.10.24-20.17.22:021][  0]LogMemory: Process Virtual Memory: 263.83 MB used, 263.83 MB peak
[2017.10.24-20.17.22:021][  0]LogMemory: Physical Memory: 5018.66 MB used,  11304.81 MB free, 16323.47 MB total
[2017.10.24-20.17.22:021][  0]LogMemory: Virtual Memory: 629.34 MB used,  11304.81 MB free, 8388608.00 MB total
[2017.10.24-20.17.22:068][  0]LogInit: Using OS detected language (en-US).
[2017.10.24-20.17.22:068][  0]LogInit: Using OS detected locale (en-US).
[2017.10.24-20.17.22:070][  0]LogTextLocalizationManager: No specific localization for 'en-US' exists, so the 'en' localization will be used.
[2017.10.24-20.17.22:811][  0]LogD3D11RHI: D3D11 adapters:
[2017.10.24-20.17.22:827][  0]LogD3D11RHI:    0. 'NVIDIA Quadro K2000' (Feature Level 11_0)
[2017.10.24-20.17.22:827][  0]LogD3D11RHI:       1989/0/7905 MB DedicatedVideo/DedicatedSystem/SharedSystem, Outputs:1, VendorId:0x10de
[2017.10.24-20.17.22:827][  0]LogD3D11RHI: Chosen D3D11 Adapter: 0
[2017.10.24-20.17.22:830][  0]LogD3D11RHI: Creating new Direct3DDevice
[2017.10.24-20.17.22:831][  0]LogD3D11RHI:     GPU DeviceId: 0xffe (for the marketing name, search the web for "GPU Device Id")
[2017.10.24-20.17.22:831][  0]LogWindows: EnumDisplayDevices:
[2017.10.24-20.17.22:831][  0]LogWindows:    0. 'NVIDIA Quadro K2000' (P:1 D:1)
[2017.10.24-20.17.22:831][  0]LogWindows:    1. 'NVIDIA Quadro K2000' (P:0 D:0)
[2017.10.24-20.17.22:831][  0]LogWindows:    2. 'NVIDIA Quadro K2000' (P:0 D:0)
[2017.10.24-20.17.22:831][  0]LogWindows:    3. 'NVIDIA Quadro K2000' (P:0 D:0)
[2017.10.24-20.17.22:831][  0]LogWindows:    4. 'RDPDD Chained DD' (P:0 D:0)
[2017.10.24-20.17.22:831][  0]LogWindows:    5. 'RDP Encoder Mirror Driver' (P:0 D:0)
[2017.10.24-20.17.22:831][  0]LogWindows:    6. 'RDP Reflector Display Driver' (P:0 D:0)
[2017.10.24-20.17.22:831][  0]LogWindows: DebugString: GetVideoDriverDetailsInvalid PrimaryIsNotTheChoosenAdapter GetVideoDriverDetailsInvalid PrimaryIsNotTheChoosenAdapter GetVideoDriverDetailsInvalid PrimaryIsNotTheChoosenAdapter FoundDriverCount:4 
[2017.10.24-20.17.22:831][  0]LogD3D11RHI:     Adapter Name: NVIDIA Quadro K2000
[2017.10.24-20.17.22:831][  0]LogD3D11RHI:   Driver Version: 376.62 (internal:21.21.13.7662, unified:376.62)
[2017.10.24-20.17.22:831][  0]LogD3D11RHI:      Driver Date: 1-10-2017
[2017.10.24-20.17.22:831][  0]LogRHI: Texture pool is 1361 MB (70% of 1945 MB)
[2017.10.24-20.17.22:839][  0]LogD3D11RHI: Async texture creation enabled
[2017.10.24-20.17.22:852][  0]LogD3D11RHI: GPU Timing Frequency: 1000.000000 (Debug: 2 2)
[2017.10.24-20.17.22:899][  0]LogShaderCompilers: Guid format shader working directory is 16 characters bigger than the processId version (D:/ProjectInferno/ProjectInferno/Intermediate/Shaders/WorkingDirectory/7288/).
[2017.10.24-20.17.22:899][  0]LogShaderCompilers: Cleaned the shader compiler working directory 'C:/Users/student/AppData/Local/Temp/UnrealShaderWorkingDir/6ED4194240F47801813023828572E345/'.
[2017.10.24-20.17.22:899][  0]LogShaderCompilers:Display: Using Local Shader Compiler.
[2017.10.24-20.17.23:763][  0]LogTemp:Display: Loaded TP AllDesktopTargetPlatform
[2017.10.24-20.17.23:801][  0]LogTemp:Display: Loaded TP MacClientTargetPlatform
[2017.10.24-20.17.23:839][  0]LogTemp:Display: Loaded TP MacNoEditorTargetPlatform
[2017.10.24-20.17.23:876][  0]LogTemp:Display: Loaded TP MacServerTargetPlatform
[2017.10.24-20.17.23:914][  0]LogTemp:Display: Loaded TP MacTargetPlatform
[2017.10.24-20.17.23:952][  0]LogTemp:Display: Loaded TP WindowsClientTargetPlatform
[2017.10.24-20.17.23:990][  0]LogTemp:Display: Loaded TP WindowsNoEditorTargetPlatform
[2017.10.24-20.17.24:027][  0]LogTemp:Display: Loaded TP WindowsServerTargetPlatform
[2017.10.24-20.17.24:059][  0]LogTemp:Display: Loaded TP WindowsTargetPlatform
[2017.10.24-20.17.24:095][  0]LogTemp:Display: Loaded TP AndroidTargetPlatform
[2017.10.24-20.17.24:132][  0]LogTemp:Display: Loaded TP Android_ASTCTargetPlatform
[2017.10.24-20.17.24:168][  0]LogTemp:Display: Loaded TP Android_ATCTargetPlatform
[2017.10.24-20.17.24:204][  0]LogTemp:Display: Loaded TP Android_DXTTargetPlatform
[2017.10.24-20.17.24:241][  0]LogTemp:Display: Loaded TP Android_ETC1TargetPlatform
[2017.10.24-20.17.24:277][  0]LogTemp:Display: Loaded TP Android_ETC2TargetPlatform
[2017.10.24-20.17.24:349][  0]LogTemp:Display: Loaded TP Android_MultiTargetPlatform
[2017.10.24-20.17.24:349][  0]LogTemp:Display: Loaded TP Android_PVRTCTargetPlatform
[2017.10.24-20.17.24:376][  0]LogTemp:Display: Loaded TP HTML5TargetPlatform
[2017.10.24-20.17.24:448][  0]LogTemp:Display: Loaded TP IOSTargetPlatform
[2017.10.24-20.17.24:469][  0]LogTemp:Display: Loaded TP TVOSTargetPlatform
[2017.10.24-20.17.24:504][  0]LogTemp:Display: Loaded TP LinuxClientTargetPlatform
[2017.10.24-20.17.24:541][  0]LogTemp:Display: Loaded TP LinuxNoEditorTargetPlatform
[2017.10.24-20.17.24:577][  0]LogTemp:Display: Loaded TP LinuxServerTargetPlatform
[2017.10.24-20.17.24:614][  0]LogTemp:Display: Loaded TP LinuxTargetPlatform
[2017.10.24-20.17.24:614][  0]LogTargetPlatformManager:Display: Building Assets For Windows
[2017.10.24-20.17.24:930][  0]LogDerivedDataCache:Display: Max Cache Size: 512 MB
[2017.10.24-20.17.25:010][  0]LogDerivedDataCache: Loaded boot cache 0.08s 90MB C:/Users/student/AppData/Local/UnrealEngine/4.16/DerivedDataCache/Boot.ddc.
[2017.10.24-20.17.25:010][  0]LogDerivedDataCache:Display: Loaded Boot cache: C:/Users/student/AppData/Local/UnrealEngine/4.16/DerivedDataCache/Boot.ddc
[2017.10.24-20.17.25:010][  0]LogDerivedDataCache: FDerivedDataBackendGraph:  Pak pak cache file D:/ProjectInferno/ProjectInferno/DerivedDataCache/DDC.ddp not found, will not use a pak cache.
[2017.10.24-20.17.25:010][  0]LogDerivedDataCache: Unable to find inner node Pak for hierarchical cache Hierarchy.
[2017.10.24-20.17.25:010][  0]LogDerivedDataCache: FDerivedDataBackendGraph:  CompressedPak pak cache file D:/ProjectInferno/ProjectInferno/DerivedDataCache/Compressed.ddp not found, will not use a pak cache.
[2017.10.24-20.17.25:010][  0]LogDerivedDataCache: Unable to find inner node CompressedPak for hierarchical cache Hierarchy.
[2017.10.24-20.17.25:026][  0]LogDerivedDataCache:Display: Pak cache opened for reading ../../../Engine/DerivedDataCache/Compressed.ddp.
[2017.10.24-20.17.25:037][  0]LogDerivedDataCache: Using Local data cache path C:/Users/student/AppData/Local/UnrealEngine/Common/DerivedDataCache: Writable
[2017.10.24-20.17.25:045][  0]LogMaterial: Verifying Global Shaders for PCD3D_SM5
[2017.10.24-20.17.25:045][  0]LogSlate: Using Freetype 2.6.0
[2017.10.24-20.17.25:045][  0]LogSlate: SlateFontCache - WITH_FREETYPE: 1, WITH_HARFBUZZ: 1
[2017.10.24-20.17.25:045][  0]LogSlate: SlateFontCache - WITH_FREETYPE: 1, WITH_HARFBUZZ: 1
[2017.10.24-20.17.25:337][  0]LogInit: Selected Device Profile: [Windows]
[2017.10.24-20.17.25:340][  0]LogContentStreaming: Texture pool size is 0.00 MB
[2017.10.24-20.17.25:517][  0]LogMeshUtilities: Using QuadricMeshReduction for automatic static mesh reduction
[2017.10.24-20.17.25:546][  0]LogSimplygon: Simplygon DLL not present - disabling.
[2017.10.24-20.17.25:576][  0]LogMeshUtilities: Using SimplygonSwarm for distributed automatic mesh merging
[2017.10.24-20.17.25:576][  0]LogMeshUtilities: No automatic skeletal mesh reduction module available
[2017.10.24-20.17.25:576][  0]LogMeshUtilities: No automatic mesh merging module available
[2017.10.24-20.17.25:959][  0]LogNetVersion: ProjectInferno , NetCL: 3452394, EngineNetVer: 2, GameNetVer: 0 (Checksum: 3145596337)
[2017.10.24-20.17.26:009][  0]LogAssetRegistry: FAssetRegistry took 0.0233 seconds to start up
[2017.10.24-20.17.26:044][  0]LogPackageLocalizationCache: Processed 4 localized package path(s) for 2 prioritized culture(s) in 0.020728 seconds
[2017.10.24-20.17.26:048][  0]LogUObjectArray: 34194 objects as part of root set at end of initial load.
[2017.10.24-20.17.26:048][  0]LogUObjectAllocator: 7260424 out of 0 bytes used by permanent object pool.
[2017.10.24-20.17.26:048][  0]LogUObjectArray: CloseDisregardForGC: 0/0 objects in disregard for GC pool
[2017.10.24-20.17.26:089][  0]LogInit: WinSock: version 1.1 (2.2), MaxSocks=32767, MaxUdp=65467
[2017.10.24-20.17.27:809][  0]LogTcpMessaging: Initializing TcpMessaging bridge
[2017.10.24-20.17.27:838][  0]LogUdpMessaging: Initializing bridge on interface 0.0.0.0:0 to multicast group 230.0.0.1:6666.
[2017.10.24-20.17.28:205][  0]LogMaterial: Uniform references updated for custom material expression Custom.
[2017.10.24-20.17.28:485][  0]SourceControl: Info Source control is disabled
[2017.10.24-20.17.28:485][  0]SourceControl: Info Source control is disabled
[2017.10.24-20.17.28:516][  0]SourceControl: Info Source control is disabled
[2017.10.24-20.17.28:545][  0]SourceControl: Info Source control is disabled
[2017.10.24-20.17.28:976][  0]LogAndroidPermission: UAndroidPermissionCallbackProxy::GetInstance
[2017.10.24-20.17.29:373][  0]LogEngine: Initializing Engine...
[2017.10.24-20.17.29:373][  0]LogHMD: Failed to initialize OpenVR with code 110
[2017.10.24-20.17.29:547][  0]LogStats: UGameplayTagsManager::ConstructGameplayTagTree: Construct from data asset -  0.000 s
[2017.10.24-20.17.29:547][  0]LogStats: UGameplayTagsManager::ConstructGameplayTagTree: GameplayTagTreeChangedEvent.Broadcast -  0.000 s
[2017.10.24-20.17.29:630][  0]LogAIModule: Creating AISystem for world Untitled
[2017.10.24-20.17.29:637][  0]LogInit: XAudio2 using 'Speakers (High Definition Audio Device)' : 2 channels at 44.1 kHz using 16 bits per sample (channel mask 0x3)
[2017.10.24-20.17.29:672][  0]LogInit: FAudioDevice initialized.
[2017.10.24-20.17.29:711][  0]LogDerivedDataCache: Saved boot cache 0.04s 90MB C:/Users/student/AppData/Local/UnrealEngine/4.16/DerivedDataCache/Boot.ddc.
[2017.10.24-20.17.29:723][  0]LogInit: Texture streaming: Enabled
[2017.10.24-20.17.29:784][  0]LogEngineSessionManager: EngineSessionManager initialized
[2017.10.24-20.17.29:927][  0]LogInit: Transaction tracking system initialized
[2017.10.24-20.17.30:133][  0]BlueprintLog: New page: Editor Load
[2017.10.24-20.17.30:749][  0]LocalizationService: Info Localization service is disabled
[2017.10.24-20.17.31:204][  0]LogConsoleResponse:Display: 
[2017.10.24-20.17.31:328][  0]LogCook:Display: Max memory allowance for cook 16384mb min free memory 0mb
[2017.10.24-20.17.31:328][  0]LogCook:Display: Mobile HDR setting 1
[2017.10.24-20.17.31:960][  0]LogFileCache: Scanning file cache for directory 'D:/ProjectInferno/ProjectInferno/Content/' took 0.01s
[2017.10.24-20.17.31:992][  0]SourceControl: Info Source control is disabled
[2017.10.24-20.17.32:057][  0]LogSlate: Took 0.000236 seconds to synchronously load lazily loaded font '../../../Engine/Content/Slate/Fonts/Roboto-Regular.ttf' (155K)
[2017.10.24-20.17.46:337][  0]LogWindowsTextInputMethodSystem:Display: IME system now deactivated.
[2017.10.24-20.17.53:494][  0]LogWindowsTextInputMethodSystem:Display: IME system now deactivated.
[2017.10.24-20.17.53:596][  0]Cmd: MAP LOAD FILE="D:/ProjectInferno/ProjectInferno/Content/FirstPersonBP/Maps/FirstPersonExampleMap.umap" TEMPLATE=0 SHOWPROGRESS=1 FEATURELEVEL=3
[2017.10.24-20.17.53:596][  0]LightingResults: New page: Lighting Build
[2017.10.24-20.17.53:627][  0]MapCheck: New page: Map Check
[2017.10.24-20.17.53:627][  0]LightingResults: New page: Lighting Build
[2017.10.24-20.17.53:640][  0]LogLinker:Warning: Asset 'D:/ProjectInferno/ProjectInferno/Content/FirstPersonBP/Blueprints/FirstPersonCharacter.uasset' has been saved with engine version newer than current and therefore can't be loaded. CurrEngineVersion: 4.16.0-3452394+++UE4+Release-4.16 AssetEngineVersion: 4.17.0-3573198+++UE4+Release-4.17
[2017.10.24-20.17.53:640][  0]LogLinker:Warning: Asset 'D:/ProjectInferno/ProjectInferno/Content/FirstPersonBP/Blueprints/FirstPersonCharacter.uasset' has been saved with engine version newer than current and therefore can't be loaded. CurrEngineVersion: 4.16.0-3452394+++UE4+Release-4.16 AssetEngineVersion: 4.17.0-3573198+++UE4+Release-4.17
[2017.10.24-20.17.53:731][  0]LogLinker:Warning: Asset 'D:/ProjectInferno/ProjectInferno/Content/FirstPersonBP/Blueprints/FirstPersonCharacter.uasset' has been saved with engine version newer than current and therefore can't be loaded. CurrEngineVersion: 4.16.0-3452394+++UE4+Release-4.16 AssetEngineVersion: 4.17.0-3573198+++UE4+Release-4.17
[2017.10.24-20.17.53:732][  0]LogLinker:Warning: Asset 'D:/ProjectInferno/ProjectInferno/Content/FirstPersonBP/Blueprints/FirstPersonCharacter.uasset' has been saved with engine version newer than current and therefore can't be loaded. CurrEngineVersion: 4.16.0-3452394+++UE4+Release-4.16 AssetEngineVersion: 4.17.0-3573198+++UE4+Release-4.17
[2017.10.24-20.17.53:732][  0]LogLinker:Warning: Asset 'D:/ProjectInferno/ProjectInferno/Content/FirstPersonBP/Blueprints/FirstPersonCharacter.uasset' has been saved with engine version newer than current and therefore can't be loaded. CurrEngineVersion: 4.16.0-3452394+++UE4+Release-4.16 AssetEngineVersion: 4.17.0-3573198+++UE4+Release-4.17
[2017.10.24-20.17.53:732][  0]LogLinker:Warning: Asset 'D:/ProjectInferno/ProjectInferno/Content/FirstPersonBP/Blueprints/FirstPersonCharacter.uasset' has been saved with engine version newer than current and therefore can't be loaded. CurrEngineVersion: 4.16.0-3452394+++UE4+Release-4.16 AssetEngineVersion: 4.17.0-3573198+++UE4+Release-4.17
[2017.10.24-20.17.53:743][  0]LogLinker:Warning: Asset 'D:/ProjectInferno/ProjectInferno/Content/FirstPersonBP/Blueprints/FirstPersonCharacter.uasset' has been saved with engine version newer than current and therefore can't be loaded. CurrEngineVersion: 4.16.0-3452394+++UE4+Release-4.16 AssetEngineVersion: 4.17.0-3573198+++UE4+Release-4.17
[2017.10.24-20.17.53:744][  0]LogLinker:Warning: Asset 'D:/ProjectInferno/ProjectInferno/Content/FirstPersonBP/Blueprints/FirstPersonCharacter.uasset' has been saved with engine version newer than current and therefore can't be loaded. CurrEngineVersion: 4.16.0-3452394+++UE4+Release-4.16 AssetEngineVersion: 4.17.0-3573198+++UE4+Release-4.17
[2017.10.24-20.17.53:744][  0]LogLinker:Warning: Asset 'D:/ProjectInferno/ProjectInferno/Content/FirstPersonBP/Blueprints/FirstPersonCharacter.uasset' has been saved with engine version newer than current and therefore can't be loaded. CurrEngineVersion: 4.16.0-3452394+++UE4+Release-4.16 AssetEngineVersion: 4.17.0-3573198+++UE4+Release-4.17
[2017.10.24-20.17.53:744][  0]LogLinker:Warning: Asset 'D:/ProjectInferno/ProjectInferno/Content/FirstPersonBP/Blueprints/FirstPersonCharacter.uasset' has been saved with engine version newer than current and therefore can't be loaded. CurrEngineVersion: 4.16.0-3452394+++UE4+Release-4.16 AssetEngineVersion: 4.17.0-3573198+++UE4+Release-4.17
[2017.10.24-20.17.53:745][  0]LogLinker:Warning: Asset 'D:/ProjectInferno/ProjectInferno/Content/FirstPersonBP/Blueprints/FirstPersonCharacter.uasset' has been saved with engine version newer than current and therefore can't be loaded. CurrEngineVersion: 4.16.0-3452394+++UE4+Release-4.16 AssetEngineVersion: 4.17.0-3573198+++UE4+Release-4.17
[2017.10.24-20.17.53:745][  0]LogLinker:Warning: Asset 'D:/ProjectInferno/ProjectInferno/Content/FirstPersonBP/Blueprints/FirstPersonCharacter.uasset' has been saved with engine version newer than current and therefore can't be loaded. CurrEngineVersion: 4.16.0-3452394+++UE4+Release-4.16 AssetEngineVersion: 4.17.0-3573198+++UE4+Release-4.17
[2017.10.24-20.17.53:745][  0]LogLinker:Warning: Asset 'D:/ProjectInferno/ProjectInferno/Content/FirstPersonBP/Blueprints/FirstPersonCharacter.uasset' has been saved with engine version newer than current and therefore can't be loaded. CurrEngineVersion: 4.16.0-3452394+++UE4+Release-4.16 AssetEngineVersion: 4.17.0-3573198+++UE4+Release-4.17
[2017.10.24-20.17.53:745][  0]LogLinker:Warning: Asset 'D:/ProjectInferno/ProjectInferno/Content/FirstPersonBP/Blueprints/FirstPersonCharacter.uasset' has been saved with engine version newer than current and therefore can't be loaded. CurrEngineVersion: 4.16.0-3452394+++UE4+Release-4.16 AssetEngineVersion: 4.17.0-3573198+++UE4+Release-4.17
[2017.10.24-20.17.53:747][  0]LogLinker:Warning: Asset 'D:/ProjectInferno/ProjectInferno/Content/FirstPersonBP/Blueprints/FirstPersonCharacter.uasset' has been saved with engine version newer than current and therefore can't be loaded. CurrEngineVersion: 4.16.0-3452394+++UE4+Release-4.16 AssetEngineVersion: 4.17.0-3573198+++UE4+Release-4.17
[2017.10.24-20.17.53:747][  0]LogLinker:Warning: Asset 'D:/ProjectInferno/ProjectInferno/Content/FirstPersonBP/Blueprints/FirstPersonCharacter.uasset' has been saved with engine version newer than current and therefore can't be loaded. CurrEngineVersion: 4.16.0-3452394+++UE4+Release-4.16 AssetEngineVersion: 4.17.0-3573198+++UE4+Release-4.17
[2017.10.24-20.17.53:747][  0]LogLinker:Warning: Asset 'D:/ProjectInferno/ProjectInferno/Content/FirstPersonBP/Blueprints/FirstPersonCharacter.uasset' has been saved with engine version newer than current and therefore can't be loaded. CurrEngineVersion: 4.16.0-3452394+++UE4+Release-4.16 AssetEngineVersion: 4.17.0-3573198+++UE4+Release-4.17
[2017.10.24-20.17.53:748][  0]LogLinker:Warning: Asset 'D:/ProjectInferno/ProjectInferno/Content/FirstPersonBP/Blueprints/FirstPersonCharacter.uasset' has been saved with engine version newer than current and therefore can't be loaded. CurrEngineVersion: 4.16.0-3452394+++UE4+Release-4.16 AssetEngineVersion: 4.17.0-3573198+++UE4+Release-4.17
[2017.10.24-20.17.53:748][  0]LogLinker:Warning: Asset 'D:/ProjectInferno/ProjectInferno/Content/FirstPersonBP/Blueprints/FirstPersonCharacter.uasset' has been saved with engine version newer than current and therefore can't be loaded. CurrEngineVersion: 4.16.0-3452394+++UE4+Release-4.16 AssetEngineVersion: 4.17.0-3573198+++UE4+Release-4.17
[2017.10.24-20.17.53:748][  0]LogLinker:Warning: Asset 'D:/ProjectInferno/ProjectInferno/Content/FirstPersonBP/Blueprints/FirstPersonCharacter.uasset' has been saved with engine version newer than current and therefore can't be loaded. CurrEngineVersion: 4.16.0-3452394+++UE4+Release-4.16 AssetEngineVersion: 4.17.0-3573198+++UE4+Release-4.17
[2017.10.24-20.17.53:749][  0]LogLinker:Warning: Asset 'D:/ProjectInferno/ProjectInferno/Content/FirstPersonBP/Blueprints/FirstPersonCharacter.uasset' has been saved with engine version newer than current and therefore can't be loaded. CurrEngineVersion: 4.16.0-3452394+++UE4+Release-4.16 AssetEngineVersion: 4.17.0-3573198+++UE4+Release-4.17
[2017.10.24-20.17.53:749][  0]LogLinker:Warning: Asset 'D:/ProjectInferno/ProjectInferno/Content/FirstPersonBP/Blueprints/FirstPersonCharacter.uasset' has been saved with engine version newer than current and therefore can't be loaded. CurrEngineVersion: 4.16.0-3452394+++UE4+Release-4.16 AssetEngineVersion: 4.17.0-3573198+++UE4+Release-4.17
[2017.10.24-20.17.53:754][  0]LogLinker:Warning: Asset 'D:/ProjectInferno/ProjectInferno/Content/FirstPersonBP/Blueprints/FirstPersonCharacter.uasset' has been saved with engine version newer than current and therefore can't be loaded. CurrEngineVersion: 4.16.0-3452394+++UE4+Release-4.16 AssetEngineVersion: 4.17.0-3573198+++UE4+Release-4.17
[2017.10.24-20.17.53:754][  0]LogLinker:Warning: Asset 'D:/ProjectInferno/ProjectInferno/Content/FirstPersonBP/Blueprints/FirstPersonCharacter.uasset' has been saved with engine version newer than current and therefore can't be loaded. CurrEngineVersion: 4.16.0-3452394+++UE4+Release-4.16 AssetEngineVersion: 4.17.0-3573198+++UE4+Release-4.17
[2017.10.24-20.17.53:755][  0]LogLinker:Warning: Asset 'D:/ProjectInferno/ProjectInferno/Content/FirstPersonBP/Blueprints/FirstPersonCharacter.uasset' has been saved with engine version newer than current and therefore can't be loaded. CurrEngineVersion: 4.16.0-3452394+++UE4+Release-4.16 AssetEngineVersion: 4.17.0-3573198+++UE4+Release-4.17
[2017.10.24-20.17.53:755][  0]LogLinker:Warning: Asset 'D:/ProjectInferno/ProjectInferno/Content/FirstPersonBP/Blueprints/FirstPersonCharacter.uasset' has been saved with engine version newer than current and therefore can't be loaded. CurrEngineVersion: 4.16.0-3452394+++UE4+Release-4.16 AssetEngineVersion: 4.17.0-3573198+++UE4+Release-4.17
[2017.10.24-20.17.53:755][  0]LogLinker:Warning: Asset 'D:/ProjectInferno/ProjectInferno/Content/FirstPersonBP/Blueprints/FirstPersonCharacter.uasset' has been saved with engine version newer than current and therefore can't be loaded. CurrEngineVersion: 4.16.0-3452394+++UE4+Release-4.16 AssetEngineVersion: 4.17.0-3573198+++UE4+Release-4.17
[2017.10.24-20.17.53:755][  0]LogLinker:Warning: Asset 'D:/ProjectInferno/ProjectInferno/Content/FirstPersonBP/Blueprints/FirstPersonCharacter.uasset' has been saved with engine version newer than current and therefore can't be loaded. CurrEngineVersion: 4.16.0-3452394+++UE4+Release-4.16 AssetEngineVersion: 4.17.0-3573198+++UE4+Release-4.17
[2017.10.24-20.17.53:757][  0]LogLinker:Warning: Asset 'D:/ProjectInferno/ProjectInferno/Content/FirstPersonBP/Blueprints/FirstPersonCharacter.uasset' has been saved with engine version newer than current and therefore can't be loaded. CurrEngineVersion: 4.16.0-3452394+++UE4+Release-4.16 AssetEngineVersion: 4.17.0-3573198+++UE4+Release-4.17
[2017.10.24-20.17.53:757][  0]LogLinker:Warning: Asset 'D:/ProjectInferno/ProjectInferno/Content/FirstPersonBP/Blueprints/FirstPersonCharacter.uasset' has been saved with engine version newer than current and therefore can't be loaded. CurrEngineVersion: 4.16.0-3452394+++UE4+Release-4.16 AssetEngineVersion: 4.17.0-3573198+++UE4+Release-4.17
[2017.10.24-20.17.53:757][  0]LogLinker:Warning: Asset 'D:/ProjectInferno/ProjectInferno/Content/FirstPersonBP/Blueprints/FirstPersonCharacter.uasset' has been saved with engine version newer than current and therefore can't be loaded. CurrEngineVersion: 4.16.0-3452394+++UE4+Release-4.16 AssetEngineVersion: 4.17.0-3573198+++UE4+Release-4.17
[2017.10.24-20.17.53:758][  0]LogLinker:Warning: Asset 'D:/ProjectInferno/ProjectInferno/Content/FirstPersonBP/Blueprints/FirstPersonCharacter.uasset' has been saved with engine version newer than current and therefore can't be loaded. CurrEngineVersion: 4.16.0-3452394+++UE4+Release-4.16 AssetEngineVersion: 4.17.0-3573198+++UE4+Release-4.17
[2017.10.24-20.17.53:758][  0]LogLinker:Warning: Asset 'D:/ProjectInferno/ProjectInferno/Content/FirstPersonBP/Blueprints/FirstPersonCharacter.uasset' has been saved with engine version newer than current and therefore can't be loaded. CurrEngineVersion: 4.16.0-3452394+++UE4+Release-4.16 AssetEngineVersion: 4.17.0-3573198+++UE4+Release-4.17
[2017.10.24-20.17.53:758][  0]LogLinker:Warning: Asset 'D:/ProjectInferno/ProjectInferno/Content/FirstPersonBP/Blueprints/FirstPersonCharacter.uasset' has been saved with engine version newer than current and therefore can't be loaded. CurrEngineVersion: 4.16.0-3452394+++UE4+Release-4.16 AssetEngineVersion: 4.17.0-3573198+++UE4+Release-4.17
[2017.10.24-20.17.53:758][  0]LogLinker:Warning: Asset 'D:/ProjectInferno/ProjectInferno/Content/FirstPersonBP/Blueprints/FirstPersonCharacter.uasset' has been saved with engine version newer than current and therefore can't be loaded. CurrEngineVersion: 4.16.0-3452394+++UE4+Release-4.16 AssetEngineVersion: 4.17.0-3573198+++UE4+Release-4.17
[2017.10.24-20.17.53:758][  0]LogLinker:Warning: Asset 'D:/ProjectInferno/ProjectInferno/Content/FirstPersonBP/Blueprints/FirstPersonCharacter.uasset' has been saved with engine version newer than current and therefore can't be loaded. CurrEngineVersion: 4.16.0-3452394+++UE4+Release-4.16 AssetEngineVersion: 4.17.0-3573198+++UE4+Release-4.17
[2017.10.24-20.17.53:759][  0]LogLinker:Warning: Asset 'D:/ProjectInferno/ProjectInferno/Content/FirstPersonBP/Blueprints/FirstPersonCharacter.uasset' has been saved with engine version newer than current and therefore can't be loaded. CurrEngineVersion: 4.16.0-3452394+++UE4+Release-4.16 AssetEngineVersion: 4.17.0-3573198+++UE4+Release-4.17
[2017.10.24-20.17.53:759][  0]LogLinker:Warning: Asset 'D:/ProjectInferno/ProjectInferno/Content/FirstPersonBP/Blueprints/FirstPersonCharacter.uasset' has been saved with engine version newer than current and therefore can't be loaded. CurrEngineVersion: 4.16.0-3452394+++UE4+Release-4.16 AssetEngineVersion: 4.17.0-3573198+++UE4+Release-4.17
[2017.10.24-20.17.53:759][  0]LogLinker:Warning: Asset 'D:/ProjectInferno/ProjectInferno/Content/FirstPersonBP/Blueprints/FirstPersonCharacter.uasset' has been saved with engine version newer than current and therefore can't be loaded. CurrEngineVersion: 4.16.0-3452394+++UE4+Release-4.16 AssetEngineVersion: 4.17.0-3573198+++UE4+Release-4.17
[2017.10.24-20.17.53:759][  0]LogLinker:Warning: Asset 'D:/ProjectInferno/ProjectInferno/Content/FirstPersonBP/Blueprints/FirstPersonCharacter.uasset' has been saved with engine version newer than current and therefore can't be loaded. CurrEngineVersion: 4.16.0-3452394+++UE4+Release-4.16 AssetEngineVersion: 4.17.0-3573198+++UE4+Release-4.17
[2017.10.24-20.17.53:760][  0]LogLinker:Warning: Asset 'D:/ProjectInferno/ProjectInferno/Content/FirstPersonBP/Blueprints/FirstPersonCharacter.uasset' has been saved with engine version newer than current and therefore can't be loaded. CurrEngineVersion: 4.16.0-3452394+++UE4+Release-4.16 AssetEngineVersion: 4.17.0-3573198+++UE4+Release-4.17
[2017.10.24-20.17.53:760][  0]LogLinker:Warning: Asset 'D:/ProjectInferno/ProjectInferno/Content/FirstPersonBP/Blueprints/FirstPersonCharacter.uasset' has been saved with engine version newer than current and therefore can't be loaded. CurrEngineVersion: 4.16.0-3452394+++UE4+Release-4.16 AssetEngineVersion: 4.17.0-3573198+++UE4+Release-4.17
[2017.10.24-20.17.53:761][  0]LogLinker:Warning: Asset 'D:/ProjectInferno/ProjectInferno/Content/FirstPersonBP/Blueprints/FirstPersonCharacter.uasset' has been saved with engine version newer than current and therefore can't be loaded. CurrEngineVersion: 4.16.0-3452394+++UE4+Release-4.16 AssetEngineVersion: 4.17.0-3573198+++UE4+Release-4.17
[2017.10.24-20.17.53:761][  0]LogLinker:Warning: Asset 'D:/ProjectInferno/ProjectInferno/Content/FirstPersonBP/Blueprints/FirstPersonCharacter.uasset' has been saved with engine version newer than current and therefore can't be loaded. CurrEngineVersion: 4.16.0-3452394+++UE4+Release-4.16 AssetEngineVersion: 4.17.0-3573198+++UE4+Release-4.17
[2017.10.24-20.17.53:761][  0]LogLinker:Warning: Asset 'D:/ProjectInferno/ProjectInferno/Content/FirstPersonBP/Blueprints/FirstPersonCharacter.uasset' has been saved with engine version newer than current and therefore can't be loaded. CurrEngineVersion: 4.16.0-3452394+++UE4+Release-4.16 AssetEngineVersion: 4.17.0-3573198+++UE4+Release-4.17
[2017.10.24-20.17.53:761][  0]LogLinker:Warning: Asset 'D:/ProjectInferno/ProjectInferno/Content/FirstPersonBP/Blueprints/FirstPersonCharacter.uasset' has been saved with engine version newer than current and therefore can't be loaded. CurrEngineVersion: 4.16.0-3452394+++UE4+Release-4.16 AssetEngineVersion: 4.17.0-3573198+++UE4+Release-4.17
[2017.10.24-20.17.53:761][  0]LogLinker:Warning: Asset 'D:/ProjectInferno/ProjectInferno/Content/FirstPersonBP/Blueprints/FirstPersonCharacter.uasset' has been saved with engine version newer than current and therefore can't be loaded. CurrEngineVersion: 4.16.0-3452394+++UE4+Release-4.16 AssetEngineVersion: 4.17.0-3573198+++UE4+Release-4.17
[2017.10.24-20.17.53:761][  0]LogLinker:Warning: Asset 'D:/ProjectInferno/ProjectInferno/Content/FirstPersonBP/Blueprints/FirstPersonCharacter.uasset' has been saved with engine version newer than current and therefore can't be loaded. CurrEngineVersion: 4.16.0-3452394+++UE4+Release-4.16 AssetEngineVersion: 4.17.0-3573198+++UE4+Release-4.17
[2017.10.24-20.17.53:762][  0]LogLinker:Warning: Asset 'D:/ProjectInferno/ProjectInferno/Content/FirstPersonBP/Blueprints/FirstPersonCharacter.uasset' has been saved with engine version newer than current and therefore can't be loaded. CurrEngineVersion: 4.16.0-3452394+++UE4+Release-4.16 AssetEngineVersion: 4.17.0-3573198+++UE4+Release-4.17
[2017.10.24-20.17.53:762][  0]LogLinker:Warning: Asset 'D:/ProjectInferno/ProjectInferno/Content/FirstPersonBP/Blueprints/FirstPersonCharacter.uasset' has been saved with engine version newer than current and therefore can't be loaded. CurrEngineVersion: 4.16.0-3452394+++UE4+Release-4.16 AssetEngineVersion: 4.17.0-3573198+++UE4+Release-4.17
[2017.10.24-20.17.53:762][  0]LogLinker:Warning: Asset 'D:/ProjectInferno/ProjectInferno/Content/FirstPersonBP/Blueprints/FirstPersonCharacter.uasset' has been saved with engine version newer than current and therefore can't be loaded. CurrEngineVersion: 4.16.0-3452394+++UE4+Release-4.16 AssetEngineVersion: 4.17.0-3573198+++UE4+Release-4.17
[2017.10.24-20.17.53:762][  0]LogLinker:Warning: Asset 'D:/ProjectInferno/ProjectInferno/Content/FirstPersonBP/Blueprints/FirstPersonCharacter.uasset' has been saved with engine version newer than current and therefore can't be loaded. CurrEngineVersion: 4.16.0-3452394+++UE4+Release-4.16 AssetEngineVersion: 4.17.0-3573198+++UE4+Release-4.17
[2017.10.24-20.17.53:762][  0]LogLinker:Warning: Asset 'D:/ProjectInferno/ProjectInferno/Content/FirstPersonBP/Blueprints/FirstPersonCharacter.uasset' has been saved with engine version newer than current and therefore can't be loaded. CurrEngineVersion: 4.16.0-3452394+++UE4+Release-4.16 AssetEngineVersion: 4.17.0-3573198+++UE4+Release-4.17
[2017.10.24-20.17.53:763][  0]LogLinker:Warning: Asset 'D:/ProjectInferno/ProjectInferno/Content/FirstPersonBP/Blueprints/FirstPersonCharacter.uasset' has been saved with engine version newer than current and therefore can't be loaded. CurrEngineVersion: 4.16.0-3452394+++UE4+Release-4.16 AssetEngineVersion: 4.17.0-3573198+++UE4+Release-4.17
[2017.10.24-20.17.53:763][  0]LogLinker:Warning: Asset 'D:/ProjectInferno/ProjectInferno/Content/FirstPersonBP/Blueprints/FirstPersonCharacter.uasset' has been saved with engine version newer than current and therefore can't be loaded. CurrEngineVersion: 4.16.0-3452394+++UE4+Release-4.16 AssetEngineVersion: 4.17.0-3573198+++UE4+Release-4.17
[2017.10.24-20.17.53:763][  0]LogLinker:Warning: Asset 'D:/ProjectInferno/ProjectInferno/Content/FirstPersonBP/Blueprints/FirstPersonCharacter.uasset' has been saved with engine version newer than current and therefore can't be loaded. CurrEngineVersion: 4.16.0-3452394+++UE4+Release-4.16 AssetEngineVersion: 4.17.0-3573198+++UE4+Release-4.17
[2017.10.24-20.17.53:763][  0]LogLinker:Warning: Asset 'D:/ProjectInferno/ProjectInferno/Content/FirstPersonBP/Blueprints/FirstPersonCharacter.uasset' has been saved with engine version newer than current and therefore can't be loaded. CurrEngineVersion: 4.16.0-3452394+++UE4+Release-4.16 AssetEngineVersion: 4.17.0-3573198+++UE4+Release-4.17
[2017.10.24-20.17.53:763][  0]LogLinker:Warning: Asset 'D:/ProjectInferno/ProjectInferno/Content/FirstPersonBP/Blueprints/FirstPersonCharacter.uasset' has been saved with engine version newer than current and therefore can't be loaded. CurrEngineVersion: 4.16.0-3452394+++UE4+Release-4.16 AssetEngineVersion: 4.17.0-3573198+++UE4+Release-4.17
[2017.10.24-20.17.53:764][  0]LogLinker:Warning: Asset 'D:/ProjectInferno/ProjectInferno/Content/FirstPersonBP/Blueprints/FirstPersonCharacter.uasset' has been saved with engine version newer than current and therefore can't be loaded. CurrEngineVersion: 4.16.0-3452394+++UE4+Release-4.16 AssetEngineVersion: 4.17.0-3573198+++UE4+Release-4.17
[2017.10.24-20.17.53:764][  0]LogLinker:Warning: Asset 'D:/ProjectInferno/ProjectInferno/Content/FirstPersonBP/Blueprints/FirstPersonCharacter.uasset' has been saved with engine version newer than current and therefore can't be loaded. CurrEngineVersion: 4.16.0-3452394+++UE4+Release-4.16 AssetEngineVersion: 4.17.0-3573198+++UE4+Release-4.17
[2017.10.24-20.17.53:764][  0]LogLinker:Warning: Asset 'D:/ProjectInferno/ProjectInferno/Content/FirstPersonBP/Blueprints/FirstPersonCharacter.uasset' has been saved with engine version newer than current and therefore can't be loaded. CurrEngineVersion: 4.16.0-3452394+++UE4+Release-4.16 AssetEngineVersion: 4.17.0-3573198+++UE4+Release-4.17
[2017.10.24-20.17.53:764][  0]LogLinker:Warning: Asset 'D:/ProjectInferno/ProjectInferno/Content/FirstPersonBP/Blueprints/FirstPersonCharacter.uasset' has been saved with engine version newer than current and therefore can't be loaded. CurrEngineVersion: 4.16.0-3452394+++UE4+Release-4.16 AssetEngineVersion: 4.17.0-3573198+++UE4+Release-4.17
[2017.10.24-20.17.53:764][  0]LogLinker:Warning: Asset 'D:/ProjectInferno/ProjectInferno/Content/FirstPersonBP/Blueprints/FirstPersonCharacter.uasset' has been saved with engine version newer than current and therefore can't be loaded. CurrEngineVersion: 4.16.0-3452394+++UE4+Release-4.16 AssetEngineVersion: 4.17.0-3573198+++UE4+Release-4.17
[2017.10.24-20.17.53:765][  0]LogLinker:Warning: Asset 'D:/ProjectInferno/ProjectInferno/Content/FirstPersonBP/Blueprints/FirstPersonCharacter.uasset' has been saved with engine version newer than current and therefore can't be loaded. CurrEngineVersion: 4.16.0-3452394+++UE4+Release-4.16 AssetEngineVersion: 4.17.0-3573198+++UE4+Release-4.17
[2017.10.24-20.17.53:765][  0]LogLinker:Warning: Asset 'D:/ProjectInferno/ProjectInferno/Content/FirstPersonBP/Blueprints/FirstPersonCharacter.uasset' has been saved with engine version newer than current and therefore can't be loaded. CurrEngineVersion: 4.16.0-3452394+++UE4+Release-4.16 AssetEngineVersion: 4.17.0-3573198+++UE4+Release-4.17
[2017.10.24-20.17.53:765][  0]LogLinker:Warning: Asset 'D:/ProjectInferno/ProjectInferno/Content/FirstPersonBP/Blueprints/FirstPersonCharacter.uasset' has been saved with engine version newer than current and therefore can't be loaded. CurrEngineVersion: 4.16.0-3452394+++UE4+Release-4.16 AssetEngineVersion: 4.17.0-3573198+++UE4+Release-4.17
[2017.10.24-20.17.53:765][  0]LogLinker:Warning: Asset 'D:/ProjectInferno/ProjectInferno/Content/FirstPersonBP/Blueprints/FirstPersonCharacter.uasset' has been saved with engine version newer than current and therefore can't be loaded. CurrEngineVersion: 4.16.0-3452394+++UE4+Release-4.16 AssetEngineVersion: 4.17.0-3573198+++UE4+Release-4.17
[2017.10.24-20.17.53:765][  0]LogLinker:Warning: Asset 'D:/ProjectInferno/ProjectInferno/Content/FirstPersonBP/Blueprints/FirstPersonCharacter.uasset' has been saved with engine version newer than current and therefore can't be loaded. CurrEngineVersion: 4.16.0-3452394+++UE4+Release-4.16 AssetEngineVersion: 4.17.0-3573198+++UE4+Release-4.17
[2017.10.24-20.17.53:766][  0]LogLinker:Warning: Asset 'D:/ProjectInferno/ProjectInferno/Content/FirstPersonBP/Blueprints/FirstPersonCharacter.uasset' has been saved with engine version newer than current and therefore can't be loaded. CurrEngineVersion: 4.16.0-3452394+++UE4+Release-4.16 AssetEngineVersion: 4.17.0-3573198+++UE4+Release-4.17
[2017.10.24-20.17.53:766][  0]LogLinker:Warning: Asset 'D:/ProjectInferno/ProjectInferno/Content/FirstPersonBP/Blueprints/FirstPersonCharacter.uasset' has been saved with engine version newer than current and therefore can't be loaded. CurrEngineVersion: 4.16.0-3452394+++UE4+Release-4.16 AssetEngineVersion: 4.17.0-3573198+++UE4+Release-4.17
[2017.10.24-20.17.53:767][  0]LogLinker:Warning: Asset 'D:/ProjectInferno/ProjectInferno/Content/FirstPersonBP/Blueprints/FirstPersonCharacter.uasset' has been saved with engine version newer than current and therefore can't be loaded. CurrEngineVersion: 4.16.0-3452394+++UE4+Release-4.16 AssetEngineVersion: 4.17.0-3573198+++UE4+Release-4.17
[2017.10.24-20.17.53:767][  0]LogLinker:Warning: Asset 'D:/ProjectInferno/ProjectInferno/Content/FirstPersonBP/Blueprints/FirstPersonCharacter.uasset' has been saved with engine version newer than current and therefore can't be loaded. CurrEngineVersion: 4.16.0-3452394+++UE4+Release-4.16 AssetEngineVersion: 4.17.0-3573198+++UE4+Release-4.17
[2017.10.24-20.17.53:767][  0]LogLinker:Warning: Asset 'D:/ProjectInferno/ProjectInferno/Content/FirstPersonBP/Blueprints/FirstPersonCharacter.uasset' has been saved with engine version newer than current and therefore can't be loaded. CurrEngineVersion: 4.16.0-3452394+++UE4+Release-4.16 AssetEngineVersion: 4.17.0-3573198+++UE4+Release-4.17
[2017.10.24-20.17.53:767][  0]LogLinker:Warning: Asset 'D:/ProjectInferno/ProjectInferno/Content/FirstPersonBP/Blueprints/FirstPersonCharacter.uasset' has been saved with engine version newer than current and therefore can't be loaded. CurrEngineVersion: 4.16.0-3452394+++UE4+Release-4.16 AssetEngineVersion: 4.17.0-3573198+++UE4+Release-4.17
[2017.10.24-20.17.53:769][  0]LogLinker:Warning: Asset 'D:/ProjectInferno/ProjectInferno/Content/FirstPersonBP/Blueprints/FirstPersonCharacter.uasset' has been saved with engine version newer than current and therefore can't be loaded. CurrEngineVersion: 4.16.0-3452394+++UE4+Release-4.16 AssetEngineVersion: 4.17.0-3573198+++UE4+Release-4.17
[2017.10.24-20.17.53:769][  0]LogLinker:Warning: Asset 'D:/ProjectInferno/ProjectInferno/Content/FirstPersonBP/Blueprints/FirstPersonCharacter.uasset' has been saved with engine version newer than current and therefore can't be loaded. CurrEngineVersion: 4.16.0-3452394+++UE4+Release-4.16 AssetEngineVersion: 4.17.0-3573198+++UE4+Release-4.17
[2017.10.24-20.17.53:769][  0]LogLinker:Warning: Asset 'D:/ProjectInferno/ProjectInferno/Content/FirstPersonBP/Blueprints/FirstPersonCharacter.uasset' has been saved with engine version newer than current and therefore can't be loaded. CurrEngineVersion: 4.16.0-3452394+++UE4+Release-4.16 AssetEngineVersion: 4.17.0-3573198+++UE4+Release-4.17
[2017.10.24-20.17.53:769][  0]LogLinker:Warning: Asset 'D:/ProjectInferno/ProjectInferno/Content/FirstPersonBP/Blueprints/FirstPersonCharacter.uasset' has been saved with engine version newer than current and therefore can't be loaded. CurrEngineVersion: 4.16.0-3452394+++UE4+Release-4.16 AssetEngineVersion: 4.17.0-3573198+++UE4+Release-4.17
[2017.10.24-20.17.53:769][  0]LogLinker:Warning: Asset 'D:/ProjectInferno/ProjectInferno/Content/FirstPersonBP/Blueprints/FirstPersonCharacter.uasset' has been saved with engine version newer than current and therefore can't be loaded. CurrEngineVersion: 4.16.0-3452394+++UE4+Release-4.16 AssetEngineVersion: 4.17.0-3573198+++UE4+Release-4.17
[2017.10.24-20.17.53:770][  0]LogLinker:Warning: Asset 'D:/ProjectInferno/ProjectInferno/Content/FirstPersonBP/Blueprints/FirstPersonCharacter.uasset' has been saved with engine version newer than current and therefore can't be loaded. CurrEngineVersion: 4.16.0-3452394+++UE4+Release-4.16 AssetEngineVersion: 4.17.0-3573198+++UE4+Release-4.17
[2017.10.24-20.17.53:770][  0]LogLinker:Warning: Asset 'D:/ProjectInferno/ProjectInferno/Content/FirstPersonBP/Blueprints/FirstPersonCharacter.uasset' has been saved with engine version newer than current and therefore can't be loaded. CurrEngineVersion: 4.16.0-3452394+++UE4+Release-4.16 AssetEngineVersion: 4.17.0-3573198+++UE4+Release-4.17
[2017.10.24-20.17.53:770][  0]LogLinker:Warning: Asset 'D:/ProjectInferno/ProjectInferno/Content/FirstPersonBP/Blueprints/FirstPersonCharacter.uasset' has been saved with engine version newer than current and therefore can't be loaded. CurrEngineVersion: 4.16.0-3452394+++UE4+Release-4.16 AssetEngineVersion: 4.17.0-3573198+++UE4+Release-4.17
[2017.10.24-20.17.53:770][  0]LogLinker:Warning: Asset 'D:/ProjectInferno/ProjectInferno/Content/FirstPersonBP/Blueprints/FirstPersonCharacter.uasset' has been saved with engine version newer than current and therefore can't be loaded. CurrEngineVersion: 4.16.0-3452394+++UE4+Release-4.16 AssetEngineVersion: 4.17.0-3573198+++UE4+Release-4.17
[2017.10.24-20.17.53:770][  0]LogLinker:Warning: Asset 'D:/ProjectInferno/ProjectInferno/Content/FirstPersonBP/Blueprints/FirstPersonCharacter.uasset' has been saved with engine version newer than current and therefore can't be loaded. CurrEngineVersion: 4.16.0-3452394+++UE4+Release-4.16 AssetEngineVersion: 4.17.0-3573198+++UE4+Release-4.17
[2017.10.24-20.17.53:771][  0]LogLinker:Warning: Asset 'D:/ProjectInferno/ProjectInferno/Content/FirstPersonBP/Blueprints/FirstPersonCharacter.uasset' has been saved with engine version newer than current and therefore can't be loaded. CurrEngineVersion: 4.16.0-3452394+++UE4+Release-4.16 AssetEngineVersion: 4.17.0-3573198+++UE4+Release-4.17
[2017.10.24-20.17.53:771][  0]LogLinker:Warning: Asset 'D:/ProjectInferno/ProjectInferno/Content/FirstPersonBP/Blueprints/FirstPersonCharacter.uasset' has been saved with engine version newer than current and therefore can't be loaded. CurrEngineVersion: 4.16.0-3452394+++UE4+Release-4.16 AssetEngineVersion: 4.17.0-3573198+++UE4+Release-4.17
[2017.10.24-20.17.53:771][  0]LogLinker:Warning: Asset 'D:/ProjectInferno/ProjectInferno/Content/FirstPersonBP/Blueprints/FirstPersonCharacter.uasset' has been saved with engine version newer than current and therefore can't be loaded. CurrEngineVersion: 4.16.0-3452394+++UE4+Release-4.16 AssetEngineVersion: 4.17.0-3573198+++UE4+Release-4.17
[2017.10.24-20.17.53:771][  0]LogLinker:Warning: Asset 'D:/ProjectInferno/ProjectInferno/Content/FirstPersonBP/Blueprints/FirstPersonCharacter.uasset' has been saved with engine version newer than current and therefore can't be loaded. CurrEngineVersion: 4.16.0-3452394+++UE4+Release-4.16 AssetEngineVersion: 4.17.0-3573198+++UE4+Release-4.17
[2017.10.24-20.17.53:772][  0]LogLinker:Warning: Asset 'D:/ProjectInferno/ProjectInferno/Content/FirstPersonBP/Blueprints/FirstPersonCharacter.uasset' has been saved with engine version newer than current and therefore can't be loaded. CurrEngineVersion: 4.16.0-3452394+++UE4+Release-4.16 AssetEngineVersion: 4.17.0-3573198+++UE4+Release-4.17
[2017.10.24-20.17.53:772][  0]LogLinker:Warning: Asset 'D:/ProjectInferno/ProjectInferno/Content/FirstPersonBP/Blueprints/FirstPersonCharacter.uasset' has been saved with engine version newer than current and therefore can't be loaded. CurrEngineVersion: 4.16.0-3452394+++UE4+Release-4.16 AssetEngineVersion: 4.17.0-3573198+++UE4+Release-4.17
[2017.10.24-20.17.53:772][  0]LogLinker:Warning: Asset 'D:/ProjectInferno/ProjectInferno/Content/FirstPersonBP/Blueprints/FirstPersonCharacter.uasset' has been saved with engine version newer than current and therefore can't be loaded. CurrEngineVersion: 4.16.0-3452394+++UE4+Release-4.16 AssetEngineVersion: 4.17.0-3573198+++UE4+Release-4.17
[2017.10.24-20.17.53:772][  0]LogLinker:Warning: Asset 'D:/ProjectInferno/ProjectInferno/Content/FirstPersonBP/Blueprints/FirstPersonCharacter.uasset' has been saved with engine version newer than current and therefore can't be loaded. CurrEngineVersion: 4.16.0-3452394+++UE4+Release-4.16 AssetEngineVersion: 4.17.0-3573198+++UE4+Release-4.17
[2017.10.24-20.17.53:773][  0]LogLinker:Warning: Asset 'D:/ProjectInferno/ProjectInferno/Content/FirstPersonBP/Blueprints/FirstPersonCharacter.uasset' has been saved with engine version newer than current and therefore can't be loaded. CurrEngineVersion: 4.16.0-3452394+++UE4+Release-4.16 AssetEngineVersion: 4.17.0-3573198+++UE4+Release-4.17
[2017.10.24-20.17.53:773][  0]LogLinker:Warning: Asset 'D:/ProjectInferno/ProjectInferno/Content/FirstPersonBP/Blueprints/FirstPersonCharacter.uasset' has been saved with engine version newer than current and therefore can't be loaded. CurrEngineVersion: 4.16.0-3452394+++UE4+Release-4.16 AssetEngineVersion: 4.17.0-3573198+++UE4+Release-4.17
[2017.10.24-20.17.53:773][  0]LogLinker:Warning: Asset 'D:/ProjectInferno/ProjectInferno/Content/FirstPersonBP/Blueprints/FirstPersonCharacter.uasset' has been saved with engine version newer than current and therefore can't be loaded. CurrEngineVersion: 4.16.0-3452394+++UE4+Release-4.16 AssetEngineVersion: 4.17.0-3573198+++UE4+Release-4.17
[2017.10.24-20.17.53:773][  0]LogLinker:Warning: Asset 'D:/ProjectInferno/ProjectInferno/Content/FirstPersonBP/Blueprints/FirstPersonCharacter.uasset' has been saved with engine version newer than current and therefore can't be loaded. CurrEngineVersion: 4.16.0-3452394+++UE4+Release-4.16 AssetEngineVersion: 4.17.0-3573198+++UE4+Release-4.17
[2017.10.24-20.17.53:774][  0]LogLinker:Warning: Asset 'D:/ProjectInferno/ProjectInferno/Content/FirstPersonBP/Blueprints/FirstPersonCharacter.uasset' has been saved with engine version newer than current and therefore can't be loaded. CurrEngineVersion: 4.16.0-3452394+++UE4+Release-4.16 AssetEngineVersion: 4.17.0-3573198+++UE4+Release-4.17
[2017.10.24-20.17.53:774][  0]LogLinker:Warning: Asset 'D:/ProjectInferno/ProjectInferno/Content/FirstPersonBP/Blueprints/FirstPersonCharacter.uasset' has been saved with engine version newer than current and therefore can't be loaded. CurrEngineVersion: 4.16.0-3452394+++UE4+Release-4.16 AssetEngineVersion: 4.17.0-3573198+++UE4+Release-4.17
[2017.10.24-20.17.53:774][  0]LogLinker:Warning: Asset 'D:/ProjectInferno/ProjectInferno/Content/FirstPersonBP/Blueprints/FirstPersonCharacter.uasset' has been saved with engine version newer than current and therefore can't be loaded. CurrEngineVersion: 4.16.0-3452394+++UE4+Release-4.16 AssetEngineVersion: 4.17.0-3573198+++UE4+Release-4.17
[2017.10.24-20.17.53:774][  0]LogLinker:Warning: Asset 'D:/ProjectInferno/ProjectInferno/Content/FirstPersonBP/Blueprints/FirstPersonCharacter.uasset' has been saved with engine version newer than current and therefore can't be loaded. CurrEngineVersion: 4.16.0-3452394+++UE4+Release-4.16 AssetEngineVersion: 4.17.0-3573198+++UE4+Release-4.17
[2017.10.24-20.17.53:775][  0]LogLinker:Warning: Asset 'D:/ProjectInferno/ProjectInferno/Content/FirstPersonBP/Blueprints/FirstPersonCharacter.uasset' has been saved with engine version newer than current and therefore can't be loaded. CurrEngineVersion: 4.16.0-3452394+++UE4+Release-4.16 AssetEngineVersion: 4.17.0-3573198+++UE4+Release-4.17
[2017.10.24-20.17.53:775][  0]LogLinker:Warning: Asset 'D:/ProjectInferno/ProjectInferno/Content/FirstPersonBP/Blueprints/FirstPersonCharacter.uasset' has been saved with engine version newer than current and therefore can't be loaded. CurrEngineVersion: 4.16.0-3452394+++UE4+Release-4.16 AssetEngineVersion: 4.17.0-3573198+++UE4+Release-4.17
[2017.10.24-20.17.53:775][  0]LogLinker:Warning: Asset 'D:/ProjectInferno/ProjectInferno/Content/FirstPersonBP/Blueprints/FirstPersonCharacter.uasset' has been saved with engine version newer than current and therefore can't be loaded. CurrEngineVersion: 4.16.0-3452394+++UE4+Release-4.16 AssetEngineVersion: 4.17.0-3573198+++UE4+Release-4.17
[2017.10.24-20.17.53:775][  0]LogLinker:Warning: Asset 'D:/ProjectInferno/ProjectInferno/Content/FirstPersonBP/Blueprints/FirstPersonCharacter.uasset' has been saved with engine version newer than current and therefore can't be loaded. CurrEngineVersion: 4.16.0-3452394+++UE4+Release-4.16 AssetEngineVersion: 4.17.0-3573198+++UE4+Release-4.17
[2017.10.24-20.17.53:775][  0]LogLinker:Warning: Asset 'D:/ProjectInferno/ProjectInferno/Content/FirstPersonBP/Blueprints/FirstPersonCharacter.uasset' has been saved with engine version newer than current and therefore can't be loaded. CurrEngineVersion: 4.16.0-3452394+++UE4+Release-4.16 AssetEngineVersion: 4.17.0-3573198+++UE4+Release-4.17
[2017.10.24-20.17.53:776][  0]LogLinker:Warning: Asset 'D:/ProjectInferno/ProjectInferno/Content/FirstPersonBP/Blueprints/FirstPersonCharacter.uasset' has been saved with engine version newer than current and therefore can't be loaded. CurrEngineVersion: 4.16.0-3452394+++UE4+Release-4.16 AssetEngineVersion: 4.17.0-3573198+++UE4+Release-4.17
[2017.10.24-20.17.53:776][  0]LogLinker:Warning: Asset 'D:/ProjectInferno/ProjectInferno/Content/FirstPersonBP/Blueprints/FirstPersonCharacter.uasset' has been saved with engine version newer than current and therefore can't be loaded. CurrEngineVersion: 4.16.0-3452394+++UE4+Release-4.16 AssetEngineVersion: 4.17.0-3573198+++UE4+Release-4.17
[2017.10.24-20.17.53:776][  0]LogLinker:Warning: Asset 'D:/ProjectInferno/ProjectInferno/Content/FirstPersonBP/Blueprints/FirstPersonCharacter.uasset' has been saved with engine version newer than current and therefore can't be loaded. CurrEngineVersion: 4.16.0-3452394+++UE4+Release-4.16 AssetEngineVersion: 4.17.0-3573198+++UE4+Release-4.17
[2017.10.24-20.17.53:776][  0]LogLinker:Warning: Asset 'D:/ProjectInferno/ProjectInferno/Content/FirstPersonBP/Blueprints/FirstPersonCharacter.uasset' has been saved with engine version newer than current and therefore can't be loaded. CurrEngineVersion: 4.16.0-3452394+++UE4+Release-4.16 AssetEngineVersion: 4.17.0-3573198+++UE4+Release-4.17
[2017.10.24-20.17.53:776][  0]LogLinker:Warning: Asset 'D:/ProjectInferno/ProjectInferno/Content/FirstPersonBP/Blueprints/FirstPersonCharacter.uasset' has been saved with engine version newer than current and therefore can't be loaded. CurrEngineVersion: 4.16.0-3452394+++UE4+Release-4.16 AssetEngineVersion: 4.17.0-3573198+++UE4+Release-4.17
[2017.10.24-20.17.53:777][  0]LogLinker:Warning: Asset 'D:/ProjectInferno/ProjectInferno/Content/FirstPersonBP/Blueprints/FirstPersonCharacter.uasset' has been saved with engine version newer than current and therefore can't be loaded. CurrEngineVersion: 4.16.0-3452394+++UE4+Release-4.16 AssetEngineVersion: 4.17.0-3573198+++UE4+Release-4.17
[2017.10.24-20.17.53:777][  0]LogLinker:Warning: Asset 'D:/ProjectInferno/ProjectInferno/Content/FirstPersonBP/Blueprints/FirstPersonCharacter.uasset' has been saved with engine version newer than current and therefore can't be loaded. CurrEngineVersion: 4.16.0-3452394+++UE4+Release-4.16 AssetEngineVersion: 4.17.0-3573198+++UE4+Release-4.17
[2017.10.24-20.17.53:777][  0]LogLinker:Warning: Asset 'D:/ProjectInferno/ProjectInferno/Content/FirstPersonBP/Blueprints/FirstPersonCharacter.uasset' has been saved with engine version newer than current and therefore can't be loaded. CurrEngineVersion: 4.16.0-3452394+++UE4+Release-4.16 AssetEngineVersion: 4.17.0-3573198+++UE4+Release-4.17
[2017.10.24-20.17.53:777][  0]LogLinker:Warning: Asset 'D:/ProjectInferno/ProjectInferno/Content/FirstPersonBP/Blueprints/FirstPersonCharacter.uasset' has been saved with engine version newer than current and therefore can't be loaded. CurrEngineVersion: 4.16.0-3452394+++UE4+Release-4.16 AssetEngineVersion: 4.17.0-3573198+++UE4+Release-4.17
[2017.10.24-20.17.53:778][  0]LogLinker:Warning: Asset 'D:/ProjectInferno/ProjectInferno/Content/FirstPersonBP/Blueprints/FirstPersonCharacter.uasset' has been saved with engine version newer than current and therefore can't be loaded. CurrEngineVersion: 4.16.0-3452394+++UE4+Release-4.16 AssetEngineVersion: 4.17.0-3573198+++UE4+Release-4.17
[2017.10.24-20.17.53:778][  0]LogLinker:Warning: Asset 'D:/ProjectInferno/ProjectInferno/Content/FirstPersonBP/Blueprints/FirstPersonCharacter.uasset' has been saved with engine version newer than current and therefore can't be loaded. CurrEngineVersion: 4.16.0-3452394+++UE4+Release-4.16 AssetEngineVersion: 4.17.0-3573198+++UE4+Release-4.17
[2017.10.24-20.17.53:778][  0]LogLinker:Warning: Asset 'D:/ProjectInferno/ProjectInferno/Content/FirstPersonBP/Blueprints/FirstPersonCharacter.uasset' has been saved with engine version newer than current and therefore can't be loaded. CurrEngineVersion: 4.16.0-3452394+++UE4+Release-4.16 AssetEngineVersion: 4.17.0-3573198+++UE4+Release-4.17
[2017.10.24-20.17.53:778][  0]LogLinker:Warning: Asset 'D:/ProjectInferno/ProjectInferno/Content/FirstPersonBP/Blueprints/FirstPersonCharacter.uasset' has been saved with engine version newer than current and therefore can't be loaded. CurrEngineVersion: 4.16.0-3452394+++UE4+Release-4.16 AssetEngineVersion: 4.17.0-3573198+++UE4+Release-4.17
[2017.10.24-20.17.53:778][  0]LogLinker:Warning: Asset 'D:/ProjectInferno/ProjectInferno/Content/FirstPersonBP/Blueprints/FirstPersonCharacter.uasset' has been saved with engine version newer than current and therefore can't be loaded. CurrEngineVersion: 4.16.0-3452394+++UE4+Release-4.16 AssetEngineVersion: 4.17.0-3573198+++UE4+Release-4.17
[2017.10.24-20.17.53:779][  0]LogLinker:Warning: Asset 'D:/ProjectInferno/ProjectInferno/Content/FirstPersonBP/Blueprints/FirstPersonCharacter.uasset' has been saved with engine version newer than current and therefore can't be loaded. CurrEngineVersion: 4.16.0-3452394+++UE4+Release-4.16 AssetEngineVersion: 4.17.0-3573198+++UE4+Release-4.17
[2017.10.24-20.17.53:779][  0]LogLinker:Warning: Asset 'D:/ProjectInferno/ProjectInferno/Content/FirstPersonBP/Blueprints/FirstPersonCharacter.uasset' has been saved with engine version newer than current and therefore can't be loaded. CurrEngineVersion: 4.16.0-3452394+++UE4+Release-4.16 AssetEngineVersion: 4.17.0-3573198+++UE4+Release-4.17
[2017.10.24-20.17.53:779][  0]LogLinker:Warning: Asset 'D:/ProjectInferno/ProjectInferno/Content/FirstPersonBP/Blueprints/FirstPersonCharacter.uasset' has been saved with engine version newer than current and therefore can't be loaded. CurrEngineVersion: 4.16.0-3452394+++UE4+Release-4.16 AssetEngineVersion: 4.17.0-3573198+++UE4+Release-4.17
[2017.10.24-20.17.53:784][  0]LogLinker:Warning: Asset 'D:/ProjectInferno/ProjectInferno/Content/FirstPersonBP/Blueprints/FirstPersonCharacter.uasset' has been saved with engine version newer than current and therefore can't be loaded. CurrEngineVersion: 4.16.0-3452394+++UE4+Release-4.16 AssetEngineVersion: 4.17.0-3573198+++UE4+Release-4.17
[2017.10.24-20.17.53:785][  0]LogLinker:Warning: Asset 'D:/ProjectInferno/ProjectInferno/Content/FirstPersonBP/Blueprints/FirstPersonCharacter.uasset' has been saved with engine version newer than current and therefore can't be loaded. CurrEngineVersion: 4.16.0-3452394+++UE4+Release-4.16 AssetEngineVersion: 4.17.0-3573198+++UE4+Release-4.17
[2017.10.24-20.17.53:785][  0]LogLinker:Warning: Asset 'D:/ProjectInferno/ProjectInferno/Content/FirstPersonBP/Blueprints/FirstPersonCharacter.uasset' has been saved with engine version newer than current and therefore can't be loaded. CurrEngineVersion: 4.16.0-3452394+++UE4+Release-4.16 AssetEngineVersion: 4.17.0-3573198+++UE4+Release-4.17
[2017.10.24-20.17.53:785][  0]LogLinker:Warning: Asset 'D:/ProjectInferno/ProjectInferno/Content/FirstPersonBP/Blueprints/FirstPersonCharacter.uasset' has been saved with engine version newer than current and therefore can't be loaded. CurrEngineVersion: 4.16.0-3452394+++UE4+Release-4.16 AssetEngineVersion: 4.17.0-3573198+++UE4+Release-4.17
[2017.10.24-20.17.53:874][  0]LogAIModule: Creating AISystem for world FirstPersonExampleMap
[2017.10.24-20.17.53:879][  0]LogEditorServer: Finished looking for orphan Actors (0.000 secs)
[2017.10.24-20.17.53:890][  0]Cmd: MAP CHECKDEP NOCLEARLOG
[2017.10.24-20.17.53:923][  0]MapCheck: Info Map check complete: 0 Error(s), 0 Warning(s), took 33.541ms to complete.
[2017.10.24-20.17.53:923][  0]LogFileHelpers: Loading map 'FirstPersonExampleMap' took 0.328
[2017.10.24-20.17.53:985][  0]LogStats:Warning: MetaData mismatch. Did you assign a stat to two groups? New //STATGROUP_Threads//SplashScreenThread///Thread_1ed4_0///####STATCAT_Advanced#### old //STATGROUP_Threads//SplashScreenThread///Thread_1454_0///####STATCAT_Advanced####
[2017.10.24-20.17.53:985][  0]LogCollectionManager: Loaded 0 collections in 0.000961 seconds
[2017.10.24-20.17.54:046][  0]LogFileCache: Scanning file cache for directory 'D:/ProjectInferno/ProjectInferno/Saved/Collections/' took 0.01s
[2017.10.24-20.17.54:046][  0]LogFileCache: Scanning file cache for directory 'D:/ProjectInferno/ProjectInferno/Content/Developers/student/Collections/' took 0.01s
[2017.10.24-20.17.54:046][  0]LogFileCache: Scanning file cache for directory 'D:/ProjectInferno/ProjectInferno/Content/Collections/' took 0.01s
[2017.10.24-20.17.54:046][  0]LogCollectionManager: Rebuilt the GUID cache for 0 collections in 0.000001 seconds
[2017.10.24-20.17.54:054][  0]LogContentBrowser: Native class hierarchy populated in 0.0077 seconds. Added 2329 classes and 491 folders.
[2017.10.24-20.17.54:095][  0]LogContentBrowser: Native class hierarchy updated for 'WidgetCarousel' in 0.0004 seconds. Added 0 classes and 0 folders.
[2017.10.24-20.17.54:121][  0]LogContentBrowser: Native class hierarchy updated for 'AddContentDialog' in 0.0005 seconds. Added 0 classes and 0 folders.
[2017.10.24-20.17.54:151][  0]LogContentBrowser: Native class hierarchy updated for 'SceneOutliner' in 0.0004 seconds. Added 1 classes and 2 folders.
[2017.10.24-20.17.54:178][  0]LogCrashTracker: Crashtracker disabled due to settings.
[2017.10.24-20.17.54:183][  0]LogSlate: Took 0.000134 seconds to synchronously load lazily loaded font '../../../Engine/Content/Slate/Fonts/Roboto-Bold.ttf' (160K)
[2017.10.24-20.17.54:186][  0]LogSlate: Took 0.000124 seconds to synchronously load lazily loaded font '../../../Engine/Content/Editor/Slate/Fonts/FontAwesome.ttf' (139K)
[2017.10.24-20.17.54:278][  0]LogRenderer: Reallocating scene render targets to support 1208x652 NumSamples 1 (Frame:1).
[2017.10.24-20.17.54:514][  0]LogContentBrowser: Native class hierarchy updated for 'HierarchicalLODOutliner' in 0.0005 seconds. Added 1 classes and 2 folders.
[2017.10.24-20.17.54:514][  0]LogLoad: (Engine Initialization) Total time: 33.51 seconds
[2017.10.24-20.17.54:514][  0]LogLoad: (Engine Initialization) Total Blueprint compile time: 0.07 seconds
[2017.10.24-20.17.54:514][  0]LogExternalProfiler: Found external profiler: VSPerf
[2017.10.24-20.17.54:514][  0]LogExternalProfiler: Using external profiler: VSPerf
[2017.10.24-20.17.54:523][  0]LogOcInput: OculusInput pre-init called
[2017.10.24-20.17.54:523][  0]LogHMD: Starting GearVRController plugin
[2017.10.24-20.17.54:524][  0]LoadErrors:Warning: Warning CreateExport: Failed to load Outer for resource 'Arrow': FirstPersonCharacter_C /Game/FirstPersonBP/Maps/FirstPersonExampleMap.FirstPersonExampleMap:PersistentLevel.FirstPersonCharacter_C_1
[2017.10.24-20.17.54:524][  0]LoadErrors:Warning: Warning CreateExport: Failed to load Outer for resource 'FirstPersonCamera': FirstPersonCharacter_C /Game/FirstPersonBP/Maps/FirstPersonExampleMap.FirstPersonExampleMap:PersistentLevel.FirstPersonCharacter_C_1
[2017.10.24-20.17.54:524][  0]LoadErrors:Warning: Warning CreateExport: Failed to load Outer for resource 'CollisionCylinder': FirstPersonCharacter_C /Game/FirstPersonBP/Maps/FirstPersonExampleMap.FirstPersonExampleMap:PersistentLevel.FirstPersonCharacter_C_1
[2017.10.24-20.17.54:524][  0]LoadErrors:Warning: Warning CreateExport: Failed to load Outer for resource 'CharMoveComp': FirstPersonCharacter_C /Game/FirstPersonBP/Maps/FirstPersonExampleMap.FirstPersonExampleMap:PersistentLevel.FirstPersonCharacter_C_1
[2017.10.24-20.17.54:524][  0]LoadErrors:Warning: Warning CreateExport: Failed to load Outer for resource 'L_MotionController': FirstPersonCharacter_C /Game/FirstPersonBP/Maps/FirstPersonExampleMap.FirstPersonExampleMap:PersistentLevel.FirstPersonCharacter_C_1
[2017.10.24-20.17.54:524][  0]LoadErrors:Warning: Warning CreateExport: Failed to load Outer for resource 'R_MotionController': FirstPersonCharacter_C /Game/FirstPersonBP/Maps/FirstPersonExampleMap.FirstPersonExampleMap:PersistentLevel.FirstPersonCharacter_C_1
[2017.10.24-20.17.54:524][  0]LoadErrors:Warning: Warning CreateExport: Failed to load Outer for resource 'CharacterMesh0': FirstPersonCharacter_C /Game/FirstPersonBP/Maps/FirstPersonExampleMap.FirstPersonExampleMap:PersistentLevel.FirstPersonCharacter_C_1
[2017.10.24-20.17.54:524][  0]LoadErrors:Warning: Warning CreateExport: Failed to load Outer for resource 'FP_Gun': FirstPersonCharacter_C /Game/FirstPersonBP/Maps/FirstPersonExampleMap.FirstPersonExampleMap:PersistentLevel.FirstPersonCharacter_C_1
[2017.10.24-20.17.54:524][  0]LoadErrors:Warning: Warning CreateExport: Failed to load Outer for resource 'Mesh2P': FirstPersonCharacter_C /Game/FirstPersonBP/Maps/FirstPersonExampleMap.FirstPersonExampleMap:PersistentLevel.FirstPersonCharacter_C_1
[2017.10.24-20.17.54:524][  0]LoadErrors:Warning: Warning CreateExport: Failed to load Outer for resource 'VR_Gun': FirstPersonCharacter_C /Game/FirstPersonBP/Maps/FirstPersonExampleMap.FirstPersonExampleMap:PersistentLevel.FirstPersonCharacter_C_1
[2017.10.24-20.17.54:524][  0]LoadErrors:Warning: Warning CreateExport: Failed to load Outer for resource 'Sphere': FirstPersonCharacter_C /Game/FirstPersonBP/Maps/FirstPersonExampleMap.FirstPersonExampleMap:PersistentLevel.FirstPersonCharacter_C_1
[2017.10.24-20.17.54:524][  0]LoadErrors:Warning: Warning CreateExport: Failed to load Outer for resource 'VR_Marker': FirstPersonCharacter_C /Game/FirstPersonBP/Maps/FirstPersonExampleMap.FirstPersonExampleMap:PersistentLevel.FirstPersonCharacter_C_1
[2017.10.24-20.17.54:551][  0]LogAssetRegistry: Asset discovery search completed in 28.5619 seconds
[2017.10.24-20.17.54:553][  0]LogCollectionManager: Rebuilt the object cache for 0 collections in 0.000003 seconds (found 0 objects)
[2017.10.24-20.17.54:553][  0]LogCollectionManager: Fixed up redirectors for 0 collections in 0.000020 seconds (updated 0 objects)
[2017.10.24-20.17.54:559][  0]LogContentStreaming: Texture pool size now 1000 MB
[2017.10.24-20.17.54:598][  0]LogSlate: Took 0.000098 seconds to synchronously load lazily loaded font '../../../Engine/Content/Slate/Fonts/Roboto-Light.ttf' (159K)
[2017.10.24-20.17.54:612][  1]LogFileCache: Retrieving MD5 hashes for directory 'D:/ProjectInferno/ProjectInferno/Content/' took 0.08s
[2017.10.24-20.17.55:569][ 49]LogSlate: Took 0.000185 seconds to synchronously load lazily loaded font '../../../Engine/Content/Slate/Fonts/Roboto-Light.ttf' (159K)
[2017.10.24-20.18.06:123][533]AssetReimport: New page: Outstanding source content changes 10:18:06 AM
[2017.10.24-20.18.06:139][533]LogEditorFactories: Performing atomic reimport of [D:/ProjectInferno/ProjectInferno/Content/ZombieGame/Custom_assets/books.PNG]
[2017.10.24-20.18.06:140][533]LogFactory: FactoryCreateFile: Texture2D with ReimportTextureFactory (0 0 D:/ProjectInferno/ProjectInferno/Content/ZombieGame/Custom_assets/books.PNG)
[2017.10.24-20.18.06:156][533]LogEditorFactories: -- imported successfully
[2017.10.24-20.18.06:219][534]LogEditorFactories: Performing atomic reimport of [D:/ProjectInferno/ProjectInferno/Content/ZombieGame/Custom_assets/Bookself 1.PNG]
[2017.10.24-20.18.06:220][534]LogFactory: FactoryCreateFile: Texture2D with ReimportTextureFactory (0 0 D:/ProjectInferno/ProjectInferno/Content/ZombieGame/Custom_assets/Bookself 1.PNG)
[2017.10.24-20.18.06:256][534]LogEditorFactories: -- imported successfully
[2017.10.24-20.18.06:283][535]LogEditorFactories: Performing atomic reimport of [D:/ProjectInferno/ProjectInferno/Content/ZombieGame/Custom_assets/booktop.PNG]
[2017.10.24-20.18.06:284][535]LogFactory: FactoryCreateFile: Texture2D with ReimportTextureFactory (0 0 D:/ProjectInferno/ProjectInferno/Content/ZombieGame/Custom_assets/booktop.PNG)
[2017.10.24-20.18.06:300][535]LogEditorFactories: -- imported successfully
[2017.10.24-20.18.06:355][536]LogSlate: Took 0.000179 seconds to synchronously load lazily loaded font '../../../Engine/Content/Slate/Fonts/Roboto-Light.ttf' (159K)
[2017.10.24-20.18.06:519][536]Cmd: OBJ SAVEPACKAGE PACKAGE="/Game/ZombieGame/Custom_assets/books" FILE="D:/ProjectInferno/ProjectInferno/Content/ZombieGame/Custom_assets/books.uasset" SILENT=true
[2017.10.24-20.18.06:540][536]LogSavePackage: Save=16.56ms
[2017.10.24-20.18.06:540][536]LogSavePackage: Moving 'D:/ProjectInferno/ProjectInferno/Saved/books1708CAD348BCE2FAB67AE4A0269FCBBD.tmp' to 'D:/ProjectInferno/ProjectInferno/Content/ZombieGame/Custom_assets/books.uasset'
[2017.10.24-20.18.06:542][536]LogSavePackage:Display: Finished SavePackage D:/ProjectInferno/ProjectInferno/Content/ZombieGame/Custom_assets/books.uasset
[2017.10.24-20.18.06:656][536]Cmd: OBJ SAVEPACKAGE PACKAGE="/Game/ZombieGame/Custom_assets/Bookself_1" FILE="D:/ProjectInferno/ProjectInferno/Content/ZombieGame/Custom_assets/Bookself_1.uasset" SILENT=true
[2017.10.24-20.18.06:691][536]LogSavePackage: Save=31.16ms
[2017.10.24-20.18.06:691][536]LogSavePackage: Moving 'D:/ProjectInferno/ProjectInferno/Saved/Bookself_1E937A8AC492C5FA10BE00DA42F559986.tmp' to 'D:/ProjectInferno/ProjectInferno/Content/ZombieGame/Custom_assets/Bookself_1.uasset'
[2017.10.24-20.18.06:692][536]LogSavePackage:Display: Finished SavePackage D:/ProjectInferno/ProjectInferno/Content/ZombieGame/Custom_assets/Bookself_1.uasset
[2017.10.24-20.18.06:704][536]Cmd: OBJ SAVEPACKAGE PACKAGE="/Game/ZombieGame/Custom_assets/booktop" FILE="D:/ProjectInferno/ProjectInferno/Content/ZombieGame/Custom_assets/booktop.uasset" SILENT=true
[2017.10.24-20.18.06:726][536]LogSavePackage: Save=17.14ms
[2017.10.24-20.18.06:726][536]LogSavePackage: Moving 'D:/ProjectInferno/ProjectInferno/Saved/booktop4DF29D16439492C9C0A327A7ABD1E191.tmp' to 'D:/ProjectInferno/ProjectInferno/Content/ZombieGame/Custom_assets/booktop.uasset'
[2017.10.24-20.18.06:727][536]LogSavePackage:Display: Finished SavePackage D:/ProjectInferno/ProjectInferno/Content/ZombieGame/Custom_assets/booktop.uasset
[2017.10.24-20.18.09:736][697]AssetReimport: Info Reimported asset books from D:/ProjectInferno/ProjectInferno/Content/ZombieGame/Custom_assets/books.PNG.
[2017.10.24-20.18.09:736][697]AssetReimport: Info Reimported asset Bookself_1 from D:/ProjectInferno/ProjectInferno/Content/ZombieGame/Custom_assets/Bookself 1.PNG.
[2017.10.24-20.18.09:736][697]AssetReimport: Info Reimported asset booktop from D:/ProjectInferno/ProjectInferno/Content/ZombieGame/Custom_assets/booktop.PNG.
[2017.10.24-20.19.13:360][232]LogFactory: FactoryCreateFile: Texture with ReimportTextureFactory (0 0 J:\crossesncandles.png)
[2017.10.24-20.19.13:438][232]LogTexture:Display: Building textures: crossesncandles (AutoDXT, 1980X1080)
[2017.10.24-20.19.21:019][404]LogContentBrowser: Native class hierarchy updated for 'BlueprintGraph' in 0.0008 seconds. Added 112 classes and 0 folders.
[2017.10.24-20.19.21:564][404]LogSlate: Took 0.000121 seconds to synchronously load lazily loaded font '../../../Engine/Content/Editor/Slate/Fonts/Roboto-BoldCondensed.ttf' (158K)
[2017.10.24-20.20.42:800][403]LogSlate: Took 0.017546 seconds to synchronously load lazily loaded font '../../../Engine/Content/Slate/Fonts/DroidSansFallback.ttf' (3848K)
[2017.10.24-20.28.04:089][593]LogFileHelpers: Editor autosave (incl. sublevels) for '/Game/FirstPersonBP/Maps/FirstPersonExampleMap' took 0.016
[2017.10.24-20.28.04:090][593]OBJ SavePackage: Generating thumbnails for [1] asset(s) in package [/Game/ZombieGame/UI/crossesncandles] ([1] browsable assets)...
[2017.10.24-20.28.04:095][593]OBJ SavePackage:     Rendered thumbnail for [Texture2D /Game/ZombieGame/UI/crossesncandles.crossesncandles]
[2017.10.24-20.28.04:095][593]OBJ SavePackage: Finished generating thumbnails for package [/Game/ZombieGame/UI/crossesncandles]
[2017.10.24-20.28.04:095][593]Cmd: OBJ SAVEPACKAGE PACKAGE="/Game/ZombieGame/UI/crossesncandles" FILE="D:/ProjectInferno/ProjectInferno/Saved/Autosaves/Game/ZombieGame/UI/crossesncandles_Auto1.uasset" SILENT=false AUTOSAVING=true
[2017.10.24-20.28.04:105][593]LogSavePackage: Save=9.58ms
[2017.10.24-20.28.04:105][593]LogSavePackage: Moving 'D:/ProjectInferno/ProjectInferno/Saved/crossesncandles_Auto1A6E3A16F40D28E89922069A53AC1B8DC.tmp' to 'D:/ProjectInferno/ProjectInferno/Saved/Autosaves/Game/ZombieGame/UI/crossesncandles_Auto1.uasset'
[2017.10.24-20.28.04:105][593]LogSavePackage:Display: Finished SavePackage D:/ProjectInferno/ProjectInferno/Saved/Autosaves/Game/ZombieGame/UI/crossesncandles_Auto1.uasset
[2017.10.24-20.28.04:106][593]OBJ SavePackage: Generating thumbnails for [0] asset(s) in package [/Game/ZombieGame/UI/Options] ([1] browsable assets)...
[2017.10.24-20.28.04:106][593]OBJ SavePackage: Finished generating thumbnails for package [/Game/ZombieGame/UI/Options]
[2017.10.24-20.28.04:106][593]Cmd: OBJ SAVEPACKAGE PACKAGE="/Game/ZombieGame/UI/Options" FILE="D:/ProjectInferno/ProjectInferno/Saved/Autosaves/Game/ZombieGame/UI/Options_Auto1.uasset" SILENT=false AUTOSAVING=true
[2017.10.24-20.28.04:129][593]LogSavePackage: Save=19.91ms
[2017.10.24-20.28.04:129][593]LogSavePackage: Moving 'D:/ProjectInferno/ProjectInferno/Saved/Options_Auto12A7E99534F819FA0793AD3BC784E5F51.tmp' to 'D:/ProjectInferno/ProjectInferno/Saved/Autosaves/Game/ZombieGame/UI/Options_Auto1.uasset'
[2017.10.24-20.28.04:129][593]LogSavePackage:Display: Finished SavePackage D:/ProjectInferno/ProjectInferno/Saved/Autosaves/Game/ZombieGame/UI/Options_Auto1.uasset
[2017.10.24-20.28.04:130][593]LogFileHelpers: Auto-saving content packages took 0.040
[2017.10.24-20.30.08:613][401]Cmd: TRANSACTION UNDO
[2017.10.24-20.30.08:613][401]LogEditorTransaction: Undo Edit Color and Opacity
[2017.10.24-20.30.09:438][434]LogEditorTransaction: Undo Edit Color and Opacity
[2017.10.24-20.33.04:074][366]LogEditorTransaction: Undo Edit A
[2017.10.24-20.33.19:707][ 62]Cmd: TRANSACTION UNDO
[2017.10.24-20.33.19:707][ 62]LogEditorTransaction: Undo Edit Specified Color
[2017.10.24-20.35.11:078][ 43]LogEditorTransaction: Undo Edit Background Color
[2017.10.24-20.35.11:517][ 57]LogEditorTransaction: Undo Edit Background Color
[2017.10.24-20.35.11:955][ 75]LogEditorTransaction: Undo Edit Background Color
[2017.10.24-20.41.29:395][ 44]BlueprintLog: New page: Compile Options
[2017.10.24-20.41.29:506][ 44]BlueprintEditorCompileResults: Info Fast Template Successfully Created.
[2017.10.24-20.41.30:340][ 80]Cmd: OBJ SAVEPACKAGE PACKAGE="/Game/ZombieGame/UI/Options" FILE="D:/ProjectInferno/ProjectInferno/Content/ZombieGame/UI/Options.uasset" SILENT=true
[2017.10.24-20.41.30:366][ 80]LogSavePackage: Save=20.41ms
[2017.10.24-20.41.30:366][ 80]LogSavePackage: Moving 'D:/ProjectInferno/ProjectInferno/Saved/OptionsA51D5CA74B563607DE57328E47EB4B9D.tmp' to 'D:/ProjectInferno/ProjectInferno/Content/ZombieGame/UI/Options.uasset'
[2017.10.24-20.41.30:368][ 80]LogSavePackage:Display: Finished SavePackage D:/ProjectInferno/ProjectInferno/Content/ZombieGame/UI/Options.uasset
[2017.10.24-20.42.51:890][870]LogEditorTransaction: Undo Resize Widget
[2017.10.24-20.42.52:305][884]LogEditorTransaction: Undo Resize Widget
[2017.10.24-20.42.53:145][920]LogEditorTransaction: Undo Resize Widget
[2017.10.24-20.42.53:449][933]LogEditorTransaction: Undo Resize Widget
[2017.10.24-20.44.01:517][ 61]LogEditorTransaction: Undo Resize Widget
[2017.10.24-20.44.02:024][ 78]LogEditorTransaction: Undo Resize Widget
[2017.10.24-20.44.02:331][ 91]LogEditorTransaction: Undo Resize Widget
[2017.10.24-20.44.03:064][123]LogEditorTransaction: Undo Move Widget
[2017.10.24-20.44.03:443][139]LogEditorTransaction: Undo Move Widget
[2017.10.24-20.44.03:794][154]LogEditorTransaction: Undo Move Widget
[2017.10.24-20.44.04:165][170]LogEditorTransaction: Undo Move Widget
[2017.10.24-20.44.04:980][206]LogEditorTransaction: Undo Edit Size To Content
[2017.10.24-20.48.00:926][902]LogFileHelpers: Editor autosave (incl. sublevels) for '/Game/FirstPersonBP/Maps/FirstPersonExampleMap' took 0.020
[2017.10.24-20.48.00:927][902]OBJ SavePackage: Generating thumbnails for [0] asset(s) in package [/Game/ZombieGame/UI/MainMenu] ([1] browsable assets)...
[2017.10.24-20.48.00:927][902]OBJ SavePackage: Finished generating thumbnails for package [/Game/ZombieGame/UI/MainMenu]
[2017.10.24-20.48.00:927][902]Cmd: OBJ SAVEPACKAGE PACKAGE="/Game/ZombieGame/UI/MainMenu" FILE="D:/ProjectInferno/ProjectInferno/Saved/Autosaves/Game/ZombieGame/UI/MainMenu_Auto2.uasset" SILENT=false AUTOSAVING=true
[2017.10.24-20.48.00:952][902]LogSavePackage: Save=19.80ms
[2017.10.24-20.48.00:952][902]LogSavePackage: Moving 'D:/ProjectInferno/ProjectInferno/Saved/MainMenu_Auto21B53E2764453056BA6DF8EBBDD73FBA9.tmp' to 'D:/ProjectInferno/ProjectInferno/Saved/Autosaves/Game/ZombieGame/UI/MainMenu_Auto2.uasset'
[2017.10.24-20.48.00:952][902]LogSavePackage:Display: Finished SavePackage D:/ProjectInferno/ProjectInferno/Saved/Autosaves/Game/ZombieGame/UI/MainMenu_Auto2.uasset
[2017.10.24-20.48.00:952][902]LogFileHelpers: Auto-saving content packages took 0.025
[2017.10.24-20.51.49:012][239]LogEditorTransaction: Undo Move Widget
[2017.10.24-20.55.26:562][399]BlueprintLog: New page: Compile Options
[2017.10.24-20.55.26:569][399]LogLinker: Can't find file '/Game/ZombieGame/UI/crossesncandles'
[2017.10.24-20.55.26:569][399]LogLinker: Can't find file for asset '/Game/ZombieGame/UI/crossesncandles' while loading D:/ProjectInferno/ProjectInferno/Content/ZombieGame/UI/Options.uasset.
[2017.10.24-20.55.26:569][399]LogLinker: Can't find file '/Game/ZombieGame/UI/crossesncandles'
[2017.10.24-20.55.26:569][399]LogLinker: Can't find file for asset '/Game/ZombieGame/UI/crossesncandles' while loading D:/ProjectInferno/ProjectInferno/Content/ZombieGame/UI/Options.uasset.
[2017.10.24-20.55.26:660][399]BlueprintEditorCompileResults: Info Fast Template Successfully Created.
[2017.10.24-20.55.28:049][461]Cmd: OBJ SAVEPACKAGE PACKAGE="/Game/ZombieGame/UI/Options" FILE="D:/ProjectInferno/ProjectInferno/Content/ZombieGame/UI/Options.uasset" SILENT=true
[2017.10.24-20.55.28:078][461]LogSavePackage: Save=21.44ms
[2017.10.24-20.55.28:078][461]LogSavePackage: Moving 'D:/ProjectInferno/ProjectInferno/Saved/Options677A023E4A324BCFA50EAAAE88E10CF8.tmp' to 'D:/ProjectInferno/ProjectInferno/Content/ZombieGame/UI/Options.uasset'
[2017.10.24-20.55.28:079][461]LogSavePackage:Display: Finished SavePackage D:/ProjectInferno/ProjectInferno/Content/ZombieGame/UI/Options.uasset
[2017.10.24-20.55.29:770][542]BlueprintLog: New page: Compile MainMenu
[2017.10.24-20.55.29:856][542]BlueprintEditorCompileResults: Info Fast Template Successfully Created.
[2017.10.24-20.55.30:418][567]Cmd: OBJ SAVEPACKAGE PACKAGE="/Game/ZombieGame/UI/MainMenu" FILE="D:/ProjectInferno/ProjectInferno/Content/ZombieGame/UI/MainMenu.uasset" SILENT=true
[2017.10.24-20.55.30:444][567]LogSavePackage: Save=20.39ms
[2017.10.24-20.55.30:444][567]LogSavePackage: Moving 'D:/ProjectInferno/ProjectInferno/Saved/MainMenu640410F248AD7BD2B35576AD494659BA.tmp' to 'D:/ProjectInferno/ProjectInferno/Content/ZombieGame/UI/MainMenu.uasset'
[2017.10.24-20.55.30:447][567]LogSavePackage:Display: Finished SavePackage D:/ProjectInferno/ProjectInferno/Content/ZombieGame/UI/MainMenu.uasset
[2017.10.24-21.06.48:310][771]LogEditorTransaction: Undo Move Widget
[2017.10.24-21.06.48:756][786]LogEditorTransaction: Undo Add Widget
[2017.10.24-21.08.12:940][136]LogEditorTransaction: Undo Move Widget
[2017.10.24-21.08.53:335][942]LogEditorTransaction: Undo Move Widget
[2017.10.24-21.13.31:618][393]LogFactory: FactoryCreateFile: Texture with ReimportTextureFactory (0 0 J:\GAMETITLE.png)
[2017.10.24-21.13.31:625][393]LogTexture:Display: Building textures: GAMETITLE (BGRA8, 832X202)
[2017.10.24-21.16.46:958][255]LogEditorFactories: Performing atomic reimport of [J:/GAMETITLE.png]
[2017.10.24-21.16.46:961][255]LogFactory: FactoryCreateFile: Texture2D with ReimportTextureFactory (0 0 J:/GAMETITLE.png)
[2017.10.24-21.16.46:968][255]LogTexture:Display: Building textures: GAMETITLE (BGRA8, 832X202)
[2017.10.24-21.16.46:983][255]LogEditorFactories: -- imported successfully
[2017.10.24-21.18.15:799][176]LogEditorTransaction: Undo Edit Tiling
[2017.10.24-21.20.12:859][ 98]LogEditorFactories: Performing atomic reimport of [J:/GAMETITLE.png]
[2017.10.24-21.20.12:861][ 98]LogFactory: FactoryCreateFile: Texture2D with ReimportTextureFactory (0 0 J:/GAMETITLE.png)
[2017.10.24-21.20.12:870][ 98]LogTexture:Display: Building textures: GAMETITLE (BGRA8, 832X202)
[2017.10.24-21.20.12:884][ 98]LogEditorFactories: -- imported successfully
[2017.10.24-21.21.36:132][610]LogFileHelpers: Editor autosave (incl. sublevels) for '/Game/FirstPersonBP/Maps/FirstPersonExampleMap' took 0.020
[2017.10.24-21.21.36:133][610]OBJ SavePackage: Generating thumbnails for [0] asset(s) in package [/Game/ZombieGame/UI/MainMenu] ([1] browsable assets)...
[2017.10.24-21.21.36:133][610]OBJ SavePackage: Finished generating thumbnails for package [/Game/ZombieGame/UI/MainMenu]
[2017.10.24-21.21.36:133][610]Cmd: OBJ SAVEPACKAGE PACKAGE="/Game/ZombieGame/UI/MainMenu" FILE="D:/ProjectInferno/ProjectInferno/Saved/Autosaves/Game/ZombieGame/UI/MainMenu_Auto3.uasset" SILENT=false AUTOSAVING=true
[2017.10.24-21.21.36:160][610]LogSavePackage: Save=20.16ms
[2017.10.24-21.21.36:160][610]LogSavePackage: Moving 'D:/ProjectInferno/ProjectInferno/Saved/MainMenu_Auto32C17D0B14DAA82407B7931951D2E631F.tmp' to 'D:/ProjectInferno/ProjectInferno/Saved/Autosaves/Game/ZombieGame/UI/MainMenu_Auto3.uasset'
[2017.10.24-21.21.36:160][610]LogSavePackage:Display: Finished SavePackage D:/ProjectInferno/ProjectInferno/Saved/Autosaves/Game/ZombieGame/UI/MainMenu_Auto3.uasset
[2017.10.24-21.21.36:161][610]OBJ SavePackage: Generating thumbnails for [1] asset(s) in package [/Game/ZombieGame/UI/GAMETITLE] ([1] browsable assets)...
[2017.10.24-21.21.36:163][610]OBJ SavePackage:     Rendered thumbnail for [Texture2D /Game/ZombieGame/UI/GAMETITLE.GAMETITLE]
[2017.10.24-21.21.36:163][610]OBJ SavePackage: Finished generating thumbnails for package [/Game/ZombieGame/UI/GAMETITLE]
[2017.10.24-21.21.36:163][610]Cmd: OBJ SAVEPACKAGE PACKAGE="/Game/ZombieGame/UI/GAMETITLE" FILE="D:/ProjectInferno/ProjectInferno/Saved/Autosaves/Game/ZombieGame/UI/GAMETITLE_Auto3.uasset" SILENT=false AUTOSAVING=true
[2017.10.24-21.21.36:169][610]LogSavePackage: Save=5.31ms
[2017.10.24-21.21.36:169][610]LogSavePackage: Moving 'D:/ProjectInferno/ProjectInferno/Saved/GAMETITLE_Auto3A9C5D48748AD5898DB863FAD58638F6E.tmp' to 'D:/ProjectInferno/ProjectInferno/Saved/Autosaves/Game/ZombieGame/UI/GAMETITLE_Auto3.uasset'
[2017.10.24-21.21.36:170][610]LogSavePackage:Display: Finished SavePackage D:/ProjectInferno/ProjectInferno/Saved/Autosaves/Game/ZombieGame/UI/GAMETITLE_Auto3.uasset
[2017.10.24-21.21.36:170][610]LogFileHelpers: Auto-saving content packages took 0.037
[2017.10.24-21.22.03:309][905]LogEditorFactories: Performing atomic reimport of [J:/GAMETITLE.png]
[2017.10.24-21.22.03:311][905]LogFactory: FactoryCreateFile: Texture2D with ReimportTextureFactory (0 0 J:/GAMETITLE.png)
[2017.10.24-21.22.03:324][905]LogTexture:Display: Building textures: GAMETITLE (AutoDXT, 900X300)
[2017.10.24-21.22.03:377][905]LogEditorFactories: -- imported successfully
[2017.10.24-21.22.43:969][708]BlueprintLog: New page: Compile MainMenu
[2017.10.24-21.22.44:066][708]BlueprintEditorCompileResults: Info Fast Template Successfully Created.
[2017.10.24-21.22.44:668][733]Cmd: OBJ SAVEPACKAGE PACKAGE="/Game/ZombieGame/UI/MainMenu" FILE="D:/ProjectInferno/ProjectInferno/Content/ZombieGame/UI/MainMenu.uasset" SILENT=true
[2017.10.24-21.22.44:692][733]LogSavePackage: Save=20.69ms
[2017.10.24-21.22.44:692][733]LogSavePackage: Moving 'D:/ProjectInferno/ProjectInferno/Saved/MainMenu01DF4AC34218DFBF3062F9B49A200E99.tmp' to 'D:/ProjectInferno/ProjectInferno/Content/ZombieGame/UI/MainMenu.uasset'
[2017.10.24-21.22.44:695][733]LogSavePackage:Display: Finished SavePackage D:/ProjectInferno/ProjectInferno/Content/ZombieGame/UI/MainMenu.uasset
[2017.10.24-21.23.37:635][278]LogEditorTransaction: Undo Move Widget
[2017.10.24-21.23.37:914][288]LogEditorTransaction: Undo Move Widget
[2017.10.24-21.23.38:115][294]LogEditorTransaction: Undo Resize Widget
[2017.10.24-21.23.38:605][316]LogEditorTransaction: Undo Resize Widget
[2017.10.24-21.23.39:026][335]LogEditorTransaction: Undo Resize Widget
[2017.10.24-21.23.39:755][368]LogEditorTransaction: Undo Resize Widget
[2017.10.24-21.23.40:375][396]LogEditorTransaction: Undo Resize Widget
[2017.10.24-21.24.40:089][103]BlueprintLog: New page: Compile MainMenu
[2017.10.24-21.24.40:095][103]LogLinker: Can't find file '/Game/ZombieGame/UI/GAMETITLE'
[2017.10.24-21.24.40:095][103]LogLinker: Can't find file for asset '/Game/ZombieGame/UI/GAMETITLE' while loading D:/ProjectInferno/ProjectInferno/Content/ZombieGame/UI/MainMenu.uasset.
[2017.10.24-21.24.40:095][103]LogLinker: Can't find file '/Game/ZombieGame/UI/GAMETITLE'
[2017.10.24-21.24.40:095][103]LogLinker: Can't find file for asset '/Game/ZombieGame/UI/GAMETITLE' while loading D:/ProjectInferno/ProjectInferno/Content/ZombieGame/UI/MainMenu.uasset.
[2017.10.24-21.24.40:178][103]BlueprintEditorCompileResults: Info Fast Template Successfully Created.
[2017.10.24-21.24.41:131][145]Cmd: OBJ SAVEPACKAGE PACKAGE="/Game/ZombieGame/UI/MainMenu" FILE="D:/ProjectInferno/ProjectInferno/Content/ZombieGame/UI/MainMenu.uasset" SILENT=true
[2017.10.24-21.24.41:154][145]LogSavePackage: Save=20.38ms
[2017.10.24-21.24.41:154][145]LogSavePackage: Moving 'D:/ProjectInferno/ProjectInferno/Saved/MainMenu42FAE3EF47F20E2E8DCCF6B3875A6033.tmp' to 'D:/ProjectInferno/ProjectInferno/Content/ZombieGame/UI/MainMenu.uasset'
[2017.10.24-21.24.41:156][145]LogSavePackage:Display: Finished SavePackage D:/ProjectInferno/ProjectInferno/Content/ZombieGame/UI/MainMenu.uasset
