Log file open, 10/17/17 15:04:18
LogInit:Display: Running engine for game: ProjectInferno
LogPlatformFile: Not using cached read wrapper
LogInit:Display: RandInit(734521150) SRandInit(734521151).
LogTaskGraph: Started task graph with 5 named threads and 8 total threads with 1 sets of task threads.
LogStats: Stats thread started at 0.420644
LogInit: Using libcurl 7.47.1
LogInit:  - built for x86_64-pc-win32
LogInit:  - supports SSL with OpenSSL/1.0.2g
LogInit:  - supports HTTP deflate (compression) using libz 1.2.8
LogInit:  - other features:
LogInit:      CURL_VERSION_SSL
LogInit:      CURL_VERSION_LIBZ
LogInit:      CURL_VERSION_IPV6
LogInit:      CURL_VERSION_ASYNCHDNS
LogInit:      CURL_VERSION_LARGEFILE
LogInit:      CURL_VERSION_IDN
LogInit:  CurlRequestOptions (configurable via config and command line):
LogInit:  - bVerifyPeer = false  - Libcurl will NOT verify peer certificate
LogInit:  - bUseHttpProxy = false  - Libcurl will NOT use HTTP proxy
LogInit:  - bDontReuseConnections = false  - Libcurl will reuse connections
LogInit:  - CertBundlePath = nullptr  - Libcurl will use whatever was configured at build time.
LogInit: Build: ++UE4+Release-4.16-CL-3452394
LogInit: Engine Version: 4.16.0-3452394+++UE4+Release-4.16
LogInit: Compatible Engine Version: 4.16.0-3452394+++UE4+Release-4.16
LogInit: Net CL: 3452394
LogDevObjectVersion: Number of dev versions registered: 16
LogDevObjectVersion:   Dev-Blueprints (B0D832E4-1F89-4F0D-ACCF-7EB736FD4AA2): 9
LogDevObjectVersion:   Dev-Build (E1C64328-A22C-4D53-A36C-8E866417BD8C): 0
LogDevObjectVersion:   Dev-Core (375EC13C-06E4-48FB-B500-84F0262A717E): 2
LogDevObjectVersion:   Dev-Editor (E4B068ED-F494-42E9-A231-DA0B2E46BB41): 17
LogDevObjectVersion:   Dev-Framework (CFFC743F-43B0-4480-9391-14DF171D2073): 23
LogDevObjectVersion:   Dev-Mobile (B02B49B5-BB20-44E9-A304-32B752E40360): 0
LogDevObjectVersion:   Dev-Networking (A4E4105C-59A1-49B5-A7C5-40C4547EDFEE): 0
LogDevObjectVersion:   Dev-Online (39C831C9-5AE6-47DC-9A44-9C173E1C8E7C): 0
LogDevObjectVersion:   Dev-Physics (78F01B33-EBEA-4F98-B9B4-84EACCB95AA2): 0
LogDevObjectVersion:   Dev-Platform (6631380F-2D4D-43E0-8009-CF276956A95A): 0
LogDevObjectVersion:   Dev-Rendering (12F88B9F-8875-4AFC-A67C-D90C383ABD29): 15
LogDevObjectVersion:   Dev-Sequencer (7B5AE74C-D270-4C10-A958-57980B212A5A): 4
LogDevObjectVersion:   Dev-VR (D7296918-1DD6-4BDD-9DE2-64A83CC13884): 0
LogDevObjectVersion:   Dev-LoadTimes (C2A15278-BFE7-4AFE-6C17-90FF531DF755): 1
LogDevObjectVersion:   Private-Geometry (6EACA3D4-40EC-4CC1-B786-8BED09428FC5): 1
LogDevObjectVersion:   Dev-AnimPhys (29E575DD-E0A3-4627-9D10-D276232CDCEA): 3
LogInit: Compiled (64-bit): May 22 2017 17:47:00
LogInit: Compiled with Visual C++: 19.00.23026.00
LogInit: Build Configuration: Development
LogInit: Branch Name: ++UE4+Release-4.16
LogInit: Command line:  
LogInit: Base directory: C:/Program Files (x86)/Epic Games/4.16/Engine/Binaries/Win64/
LogInit: Installed Engine Build: 1
LogInit: Presizing for max 8388607 objects, including 0 objects not considered by GC, pre-allocating 0 bytes for permanent pool.
LogInit: Object subsystem initialized
[2017.10.17-20.04.18:810][  0]LogInit: Selected Device Profile: [Windows]
[2017.10.17-20.04.18:810][  0]LogInit: Applying CVar settings loaded from the selected device profile: [Windows]
[2017.10.17-20.04.18:842][  0]LogInit: Computer: T248-12
[2017.10.17-20.04.18:842][  0]LogInit: User: student
[2017.10.17-20.04.18:842][  0]LogInit: CPU Page size=4096, Cores=4
[2017.10.17-20.04.18:842][  0]LogInit: High frequency timer resolution =3.507568 MHz
[2017.10.17-20.04.18:842][  0]LogMemory: Memory total: Physical=15.9GB (16GB approx)
[2017.10.17-20.04.18:842][  0]LogMemory: Platform Memory Stats for Windows
[2017.10.17-20.04.18:842][  0]LogMemory: Process Physical Memory: 275.50 MB used, 275.50 MB peak
[2017.10.17-20.04.18:842][  0]LogMemory: Process Virtual Memory: 263.79 MB used, 263.79 MB peak
[2017.10.17-20.04.18:842][  0]LogMemory: Physical Memory: 4042.22 MB used,  12281.25 MB free, 16323.47 MB total
[2017.10.17-20.04.18:842][  0]LogMemory: Virtual Memory: 629.34 MB used,  12281.25 MB free, 8388608.00 MB total
[2017.10.17-20.04.19:085][  0]LogInit: Using OS detected language (en-US).
[2017.10.17-20.04.19:085][  0]LogInit: Using OS detected locale (en-US).
[2017.10.17-20.04.19:130][  0]LogTextLocalizationManager: No specific localization for 'en-US' exists, so the 'en' localization will be used.
[2017.10.17-20.04.21:180][  0]LogD3D11RHI: D3D11 adapters:
[2017.10.17-20.04.21:198][  0]LogD3D11RHI:    0. 'NVIDIA Quadro K2000' (Feature Level 11_0)
[2017.10.17-20.04.21:198][  0]LogD3D11RHI:       1989/0/7905 MB DedicatedVideo/DedicatedSystem/SharedSystem, Outputs:1, VendorId:0x10de
[2017.10.17-20.04.21:198][  0]LogD3D11RHI: Chosen D3D11 Adapter: 0
[2017.10.17-20.04.21:201][  0]LogD3D11RHI: Creating new Direct3DDevice
[2017.10.17-20.04.21:201][  0]LogD3D11RHI:     GPU DeviceId: 0xffe (for the marketing name, search the web for "GPU Device Id")
[2017.10.17-20.04.21:201][  0]LogWindows: EnumDisplayDevices:
[2017.10.17-20.04.21:201][  0]LogWindows:    0. 'NVIDIA Quadro K2000' (P:1 D:1)
[2017.10.17-20.04.21:201][  0]LogWindows:    1. 'NVIDIA Quadro K2000' (P:0 D:0)
[2017.10.17-20.04.21:201][  0]LogWindows:    2. 'NVIDIA Quadro K2000' (P:0 D:0)
[2017.10.17-20.04.21:201][  0]LogWindows:    3. 'NVIDIA Quadro K2000' (P:0 D:0)
[2017.10.17-20.04.21:202][  0]LogWindows:    4. 'RDPDD Chained DD' (P:0 D:0)
[2017.10.17-20.04.21:202][  0]LogWindows:    5. 'RDP Encoder Mirror Driver' (P:0 D:0)
[2017.10.17-20.04.21:202][  0]LogWindows:    6. 'RDP Reflector Display Driver' (P:0 D:0)
[2017.10.17-20.04.21:202][  0]LogWindows: DebugString: GetVideoDriverDetailsInvalid PrimaryIsNotTheChoosenAdapter GetVideoDriverDetailsInvalid PrimaryIsNotTheChoosenAdapter GetVideoDriverDetailsInvalid PrimaryIsNotTheChoosenAdapter FoundDriverCount:4 
[2017.10.17-20.04.21:202][  0]LogD3D11RHI:     Adapter Name: NVIDIA Quadro K2000
[2017.10.17-20.04.21:202][  0]LogD3D11RHI:   Driver Version: 376.62 (internal:21.21.13.7662, unified:376.62)
[2017.10.17-20.04.21:202][  0]LogD3D11RHI:      Driver Date: 1-10-2017
[2017.10.17-20.04.21:202][  0]LogRHI: Texture pool is 1361 MB (70% of 1945 MB)
[2017.10.17-20.04.21:210][  0]LogD3D11RHI: Async texture creation enabled
[2017.10.17-20.04.21:234][  0]LogD3D11RHI: GPU Timing Frequency: 1000.000000 (Debug: 2 2)
[2017.10.17-20.04.21:287][  0]LogShaderCompilers: Guid format shader working directory is 16 characters bigger than the processId version (D:/ProjectInferno/ProjectInferno/Intermediate/Shaders/WorkingDirectory/6952/).
[2017.10.17-20.04.21:287][  0]LogShaderCompilers: Cleaned the shader compiler working directory 'C:/Users/student/AppData/Local/Temp/UnrealShaderWorkingDir/32BE11EF4749897132830DBFBA83A3CB/'.
[2017.10.17-20.04.21:287][  0]LogShaderCompilers:Display: Using Local Shader Compiler.
[2017.10.17-20.04.23:872][  0]LogTemp:Display: Loaded TP AllDesktopTargetPlatform
[2017.10.17-20.04.23:908][  0]LogTemp:Display: Loaded TP MacClientTargetPlatform
[2017.10.17-20.04.23:942][  0]LogTemp:Display: Loaded TP MacNoEditorTargetPlatform
[2017.10.17-20.04.23:977][  0]LogTemp:Display: Loaded TP MacServerTargetPlatform
[2017.10.17-20.04.24:016][  0]LogTemp:Display: Loaded TP MacTargetPlatform
[2017.10.17-20.04.24:052][  0]LogTemp:Display: Loaded TP WindowsClientTargetPlatform
[2017.10.17-20.04.24:087][  0]LogTemp:Display: Loaded TP WindowsNoEditorTargetPlatform
[2017.10.17-20.04.24:122][  0]LogTemp:Display: Loaded TP WindowsServerTargetPlatform
[2017.10.17-20.04.24:153][  0]LogTemp:Display: Loaded TP WindowsTargetPlatform
[2017.10.17-20.04.24:189][  0]LogTemp:Display: Loaded TP AndroidTargetPlatform
[2017.10.17-20.04.24:224][  0]LogTemp:Display: Loaded TP Android_ASTCTargetPlatform
[2017.10.17-20.04.24:258][  0]LogTemp:Display: Loaded TP Android_ATCTargetPlatform
[2017.10.17-20.04.24:292][  0]LogTemp:Display: Loaded TP Android_DXTTargetPlatform
[2017.10.17-20.04.24:326][  0]LogTemp:Display: Loaded TP Android_ETC1TargetPlatform
[2017.10.17-20.04.24:360][  0]LogTemp:Display: Loaded TP Android_ETC2TargetPlatform
[2017.10.17-20.04.24:428][  0]LogTemp:Display: Loaded TP Android_MultiTargetPlatform
[2017.10.17-20.04.24:428][  0]LogTemp:Display: Loaded TP Android_PVRTCTargetPlatform
[2017.10.17-20.04.24:453][  0]LogTemp:Display: Loaded TP HTML5TargetPlatform
[2017.10.17-20.04.24:546][  0]LogTemp:Display: Loaded TP IOSTargetPlatform
[2017.10.17-20.04.24:566][  0]LogTemp:Display: Loaded TP TVOSTargetPlatform
[2017.10.17-20.04.24:600][  0]LogTemp:Display: Loaded TP LinuxClientTargetPlatform
[2017.10.17-20.04.24:634][  0]LogTemp:Display: Loaded TP LinuxNoEditorTargetPlatform
[2017.10.17-20.04.24:668][  0]LogTemp:Display: Loaded TP LinuxServerTargetPlatform
[2017.10.17-20.04.24:706][  0]LogTemp:Display: Loaded TP LinuxTargetPlatform
[2017.10.17-20.04.24:706][  0]LogTargetPlatformManager:Display: Building Assets For Windows
[2017.10.17-20.04.25:294][  0]LogDerivedDataCache:Display: Max Cache Size: 512 MB
[2017.10.17-20.04.25:294][  0]LogDerivedDataCache:Display: Starting with empty Boot cache
[2017.10.17-20.04.25:295][  0]LogDerivedDataCache: FDerivedDataBackendGraph:  Pak pak cache file D:/ProjectInferno/ProjectInferno/DerivedDataCache/DDC.ddp not found, will not use a pak cache.
[2017.10.17-20.04.25:295][  0]LogDerivedDataCache: Unable to find inner node Pak for hierarchical cache Hierarchy.
[2017.10.17-20.04.25:295][  0]LogDerivedDataCache: FDerivedDataBackendGraph:  CompressedPak pak cache file D:/ProjectInferno/ProjectInferno/DerivedDataCache/Compressed.ddp not found, will not use a pak cache.
[2017.10.17-20.04.25:295][  0]LogDerivedDataCache: Unable to find inner node CompressedPak for hierarchical cache Hierarchy.
[2017.10.17-20.04.25:318][  0]LogDerivedDataCache:Display: Pak cache opened for reading ../../../Engine/DerivedDataCache/Compressed.ddp.
[2017.10.17-20.04.25:329][  0]LogDerivedDataCache: Using Local data cache path C:/Users/student/AppData/Local/UnrealEngine/Common/DerivedDataCache: Writable
[2017.10.17-20.04.25:356][  0]LogMaterial: Verifying Global Shaders for PCD3D_SM5
[2017.10.17-20.04.25:359][  0]LogSlate: Using Freetype 2.6.0
[2017.10.17-20.04.25:373][  0]LogSlate: SlateFontCache - WITH_FREETYPE: 1, WITH_HARFBUZZ: 1
[2017.10.17-20.04.25:373][  0]LogSlate: SlateFontCache - WITH_FREETYPE: 1, WITH_HARFBUZZ: 1
[2017.10.17-20.04.27:832][  0]LogInit: Selected Device Profile: [Windows]
[2017.10.17-20.04.27:842][  0]LogContentStreaming: Texture pool size is 0.00 MB
[2017.10.17-20.04.28:138][  0]LogMeshUtilities: Using QuadricMeshReduction for automatic static mesh reduction
[2017.10.17-20.04.28:177][  0]LogSimplygon: Simplygon DLL not present - disabling.
[2017.10.17-20.04.28:210][  0]LogMeshUtilities: Using SimplygonSwarm for distributed automatic mesh merging
[2017.10.17-20.04.28:210][  0]LogMeshUtilities: No automatic skeletal mesh reduction module available
[2017.10.17-20.04.28:210][  0]LogMeshUtilities: No automatic mesh merging module available
[2017.10.17-20.04.29:374][  0]LogNetVersion: ProjectInferno , NetCL: 3452394, EngineNetVer: 2, GameNetVer: 0 (Checksum: 3145596337)
[2017.10.17-20.04.29:455][  0]LogAssetRegistry: FAssetRegistry took 0.0262 seconds to start up
[2017.10.17-20.04.29:496][  0]LogPackageLocalizationCache: Processed 4 localized package path(s) for 2 prioritized culture(s) in 0.025364 seconds
[2017.10.17-20.04.29:501][  0]LogUObjectArray: 34194 objects as part of root set at end of initial load.
[2017.10.17-20.04.29:501][  0]LogUObjectAllocator: 7260416 out of 0 bytes used by permanent object pool.
[2017.10.17-20.04.29:501][  0]LogUObjectArray: CloseDisregardForGC: 0/0 objects in disregard for GC pool
[2017.10.17-20.04.29:546][  0]LogInit: WinSock: version 1.1 (2.2), MaxSocks=32767, MaxUdp=65467
[2017.10.17-20.04.32:601][  0]LogTcpMessaging: Initializing TcpMessaging bridge
[2017.10.17-20.04.32:633][  0]LogUdpMessaging: Initializing bridge on interface 0.0.0.0:0 to multicast group 230.0.0.1:6666.
[2017.10.17-20.04.33:119][  0]LogMaterial: Uniform references updated for custom material expression Custom.
[2017.10.17-20.04.33:514][  0]SourceControl: Info Source control is disabled
[2017.10.17-20.04.33:516][  0]SourceControl: Info Source control is disabled
[2017.10.17-20.04.33:552][  0]SourceControl: Info Source control is disabled
[2017.10.17-20.04.33:585][  0]SourceControl: Info Source control is disabled
[2017.10.17-20.04.34:074][  0]LogAndroidPermission: UAndroidPermissionCallbackProxy::GetInstance
[2017.10.17-20.04.34:529][  0]LogEngine: Initializing Engine...
[2017.10.17-20.04.34:530][  0]LogHMD: Failed to initialize OpenVR with code 110
[2017.10.17-20.04.34:992][  0]LogStats: UGameplayTagsManager::ConstructGameplayTagTree: Construct from data asset -  0.000 s
[2017.10.17-20.04.34:992][  0]LogStats: UGameplayTagsManager::ConstructGameplayTagTree: GameplayTagTreeChangedEvent.Broadcast -  0.000 s
[2017.10.17-20.04.35:097][  0]LogAIModule: Creating AISystem for world Untitled
[2017.10.17-20.04.35:108][  0]LogInit: XAudio2 using 'Speakers (High Definition Audio Device)' : 2 channels at 44.1 kHz using 16 bits per sample (channel mask 0x3)
[2017.10.17-20.04.35:131][  0]LogInit: FAudioDevice initialized.
[2017.10.17-20.04.35:162][  0]LogDerivedDataCache: Saved boot cache 0.03s 90MB C:/Users/student/AppData/Local/UnrealEngine/4.16/DerivedDataCache/Boot.ddc.
[2017.10.17-20.04.35:177][  0]LogInit: Texture streaming: Enabled
[2017.10.17-20.04.35:243][  0]LogEngineSessionManager: EngineSessionManager initialized
[2017.10.17-20.04.35:422][  0]LogInit: Transaction tracking system initialized
[2017.10.17-20.04.35:661][  0]BlueprintLog: New page: Editor Load
[2017.10.17-20.04.36:387][  0]LocalizationService: Info Localization service is disabled
[2017.10.17-20.04.36:916][  0]LogConsoleResponse:Display: 
[2017.10.17-20.04.37:225][  0]LogCook:Display: Max memory allowance for cook 16384mb min free memory 0mb
[2017.10.17-20.04.37:226][  0]LogCook:Display: Mobile HDR setting 1
[2017.10.17-20.04.37:662][  0]LogFileCache: Scanning file cache for directory 'D:/ProjectInferno/ProjectInferno/Content/' took 0.02s
[2017.10.17-20.04.38:294][  0]SourceControl: Info Source control is disabled
[2017.10.17-20.04.38:295][  0]Cmd: MAP LOAD FILE="D:/ProjectInferno/ProjectInferno/Content/FirstPersonBP/Maps/FirstPersonExampleMap.umap" TEMPLATE=0 SHOWPROGRESS=1 FEATURELEVEL=3
[2017.10.17-20.04.38:331][  0]LightingResults: New page: Lighting Build
[2017.10.17-20.04.38:378][  0]MapCheck: New page: Map Check
[2017.10.17-20.04.38:378][  0]LightingResults: New page: Lighting Build
[2017.10.17-20.04.39:930][  0]LogTexture:Display: Building textures: HQ_Lightmap0_1 (AutoDXT, 2048X2048)
[2017.10.17-20.04.40:417][  0]LogTexture:Display: Building textures: HQ_Lightmap0_2 (AutoDXT, 2048X2048)
[2017.10.17-20.04.40:825][  0]LogTexture:Display: Building textures: HQ_Lightmap0_3 (AutoDXT, 2048X2048)
[2017.10.17-20.04.41:512][  0]LogTexture:Display: Building textures: HQ_Lightmap0_4 (AutoDXT, 2048X2048)
[2017.10.17-20.04.41:744][  0]LogTexture:Display: Building textures: HQ_Lightmap0_5 (AutoDXT, 64X64)
[2017.10.17-20.04.41:777][  0]LogTexture:Display: Building textures: LQ_Lightmap_0_1 (DXT1, 2048X2048)
[2017.10.17-20.04.41:956][  0]LogTexture:Display: Building textures: LQ_Lightmap_0_2 (DXT1, 2048X2048)
[2017.10.17-20.04.42:141][  0]LogTexture:Display: Building textures: LQ_Lightmap_0_3 (DXT1, 2048X2048)
[2017.10.17-20.04.42:374][  0]LogTexture:Display: Building textures: LQ_Lightmap_0_4 (DXT1, 2048X2048)
[2017.10.17-20.04.42:518][  0]LogTexture:Display: Building textures: LQ_Lightmap_0_5 (DXT1, 64X64)
[2017.10.17-20.04.42:546][  0]LogTexture:Display: Building textures: SkyOcclusion0_1 (AutoDXT, 2048X1024)
[2017.10.17-20.04.42:715][  0]LogTexture:Display: Building textures: SkyOcclusion0_2 (AutoDXT, 2048X1024)
[2017.10.17-20.04.42:876][  0]LogTexture:Display: Building textures: SkyOcclusion0_3 (AutoDXT, 2048X1024)
[2017.10.17-20.04.43:124][  0]LogTexture:Display: Building textures: SkyOcclusion0_4 (AutoDXT, 2048X1024)
[2017.10.17-20.04.43:247][  0]LogTexture:Display: Building textures: SkyOcclusion0_5 (AutoDXT, 64X32)
[2017.10.17-20.04.43:254][  0]LogTexture:Display: Building textures: ShadowMapTexture2D_0 (G8, 2048X1024)
[2017.10.17-20.04.43:315][  0]LogTexture:Display: Building textures: ShadowMapTexture2D_1 (G8, 2048X1024)
[2017.10.17-20.04.43:375][  0]LogTexture:Display: Building textures: ShadowMapTexture2D_2 (G8, 2048X1024)
[2017.10.17-20.04.43:434][  0]LogTexture:Display: Building textures: ShadowMapTexture2D_3 (G8, 2048X1024)
[2017.10.17-20.04.43:491][  0]LogTexture:Display: Building textures: ShadowMapTexture2D_4 (G8, 2048X1024)
[2017.10.17-20.04.43:553][  0]LogTexture:Display: Building textures: ShadowMapTexture2D_5 (G8, 2048X1024)
[2017.10.17-20.04.43:609][  0]LogTexture:Display: Building textures: ShadowMapTexture2D_6 (G8, 2048X1024)
[2017.10.17-20.04.43:657][  0]LogTexture:Display: Building textures: ShadowMapTexture2D_7 (G8, 64X32)
[2017.10.17-20.04.43:686][  0]LogAIModule: Creating AISystem for world FirstPersonExampleMap
[2017.10.17-20.04.43:712][  0]LogEditorServer: Finished looking for orphan Actors (0.000 secs)
[2017.10.17-20.04.43:726][  0]Cmd: MAP CHECKDEP NOCLEARLOG
[2017.10.17-20.04.43:763][  0]MapCheck: Info Map check complete: 0 Error(s), 0 Warning(s), took 37.094ms to complete.
[2017.10.17-20.04.43:763][  0]LogFileHelpers: Loading map 'FirstPersonExampleMap' took 5.469
[2017.10.17-20.04.43:927][  0]LogCollectionManager: Loaded 0 collections in 0.001626 seconds
[2017.10.17-20.04.44:002][  0]LogFileCache: Scanning file cache for directory 'D:/ProjectInferno/ProjectInferno/Saved/Collections/' took 0.01s
[2017.10.17-20.04.44:002][  0]LogFileCache: Scanning file cache for directory 'D:/ProjectInferno/ProjectInferno/Content/Developers/student/Collections/' took 0.01s
[2017.10.17-20.04.44:002][  0]LogFileCache: Scanning file cache for directory 'D:/ProjectInferno/ProjectInferno/Content/Collections/' took 0.01s
[2017.10.17-20.04.44:002][  0]LogCollectionManager: Rebuilt the GUID cache for 0 collections in 0.000005 seconds
[2017.10.17-20.04.44:011][  0]LogContentBrowser: Native class hierarchy populated in 0.0081 seconds. Added 2329 classes and 491 folders.
[2017.10.17-20.04.44:059][  0]LogContentBrowser: Native class hierarchy updated for 'WidgetCarousel' in 0.0005 seconds. Added 0 classes and 0 folders.
[2017.10.17-20.04.44:356][  0]LogContentBrowser: Native class hierarchy updated for 'AddContentDialog' in 0.0005 seconds. Added 0 classes and 0 folders.
[2017.10.17-20.04.44:390][  0]LogContentBrowser: Native class hierarchy updated for 'SceneOutliner' in 0.0005 seconds. Added 1 classes and 2 folders.
[2017.10.17-20.04.44:443][  0]LogCrashTracker: Crashtracker disabled due to settings.
[2017.10.17-20.04.44:457][  0]LogSlate: Took 0.004154 seconds to synchronously load lazily loaded font '../../../Engine/Content/Slate/Fonts/Roboto-Regular.ttf' (155K)
[2017.10.17-20.04.44:462][  0]LogSlate: Took 0.003067 seconds to synchronously load lazily loaded font '../../../Engine/Content/Slate/Fonts/Roboto-Bold.ttf' (160K)
[2017.10.17-20.04.44:472][  0]LogSlate: Took 0.004701 seconds to synchronously load lazily loaded font '../../../Engine/Content/Editor/Slate/Fonts/FontAwesome.ttf' (139K)
[2017.10.17-20.04.44:598][  0]LogRenderer: Reallocating scene render targets to support 1208x652 NumSamples 1 (Frame:1).
[2017.10.17-20.04.44:827][  0]LogContentBrowser: Native class hierarchy updated for 'HierarchicalLODOutliner' in 0.0005 seconds. Added 1 classes and 2 folders.
[2017.10.17-20.04.44:827][  0]LogLoad: (Engine Initialization) Total time: 29.06 seconds
[2017.10.17-20.04.44:827][  0]LogLoad: (Engine Initialization) Total Blueprint compile time: 0.18 seconds
[2017.10.17-20.04.44:827][  0]LogExternalProfiler: Found external profiler: VSPerf
[2017.10.17-20.04.44:827][  0]LogExternalProfiler: Using external profiler: VSPerf
[2017.10.17-20.04.44:836][  0]LogOcInput: OculusInput pre-init called
[2017.10.17-20.04.44:836][  0]LogHMD: Starting GearVRController plugin
[2017.10.17-20.04.44:853][  0]LogAssetRegistry: Asset discovery search completed in 15.4176 seconds
[2017.10.17-20.04.44:854][  0]LogCollectionManager: Rebuilt the object cache for 0 collections in 0.000003 seconds (found 0 objects)
[2017.10.17-20.04.44:854][  0]LogCollectionManager: Fixed up redirectors for 0 collections in 0.000017 seconds (updated 0 objects)
[2017.10.17-20.04.44:859][  0]LogContentStreaming: Texture pool size now 1000 MB
[2017.10.17-20.04.44:922][  0]LogSlate: Took 0.003728 seconds to synchronously load lazily loaded font '../../../Engine/Content/Slate/Fonts/Roboto-Light.ttf' (159K)
[2017.10.17-20.04.46:812][105]LogStreaming:Warning: Failed to open ANSI TEXT file D:/ProjectInferno/ProjectInferno/Saved/HardwareSurvey/dxdiag.txt
[2017.10.17-20.04.46:846][106]LogSynthBenchmark:Display: FSynthBenchmark (V0.95):  requested WorkScale=5.00
[2017.10.17-20.04.46:846][106]LogSynthBenchmark:Display: ===============
[2017.10.17-20.04.46:846][106]LogSynthBenchmark:Display: Main Processor:
[2017.10.17-20.04.47:036][106]LogSynthBenchmark:Display:          ... 0.018539 s/Run 'RayIntersect'
[2017.10.17-20.04.47:036][106]LogSynthBenchmark:Display:          ... 0.019493 s/Run 'Fractal'
[2017.10.17-20.04.47:036][106]LogSynthBenchmark:Display: 
[2017.10.17-20.04.47:036][106]LogSynthBenchmark:Display:   CompiledTarget_x_Bits: 64
[2017.10.17-20.04.47:036][106]LogSynthBenchmark:Display:   UE_BUILD_SHIPPING: 0
[2017.10.17-20.04.47:036][106]LogSynthBenchmark:Display:   UE_BUILD_TEST: 0
[2017.10.17-20.04.47:036][106]LogSynthBenchmark:Display:   UE_BUILD_DEBUG: 0
[2017.10.17-20.04.47:036][106]LogSynthBenchmark:Display:   TotalPhysicalGBRam: 16
[2017.10.17-20.04.47:036][106]LogSynthBenchmark:Display:   NumberOfCores (physical): 4
[2017.10.17-20.04.47:036][106]LogSynthBenchmark:Display:   NumberOfCores (logical): 8
[2017.10.17-20.04.47:036][106]LogSynthBenchmark:Display:   CPU Perf Index 0: 138.1 (weight 1.00)
[2017.10.17-20.04.47:036][106]LogSynthBenchmark:Display:   CPU Perf Index 1: 146.7 (weight 1.50)
[2017.10.17-20.04.47:036][106]LogSynthBenchmark:Display:  
[2017.10.17-20.04.47:036][106]LogSynthBenchmark:Display: Graphics:
[2017.10.17-20.04.47:036][106]LogSynthBenchmark:Display:   Adapter Name: 'NVIDIA Quadro K2000'
[2017.10.17-20.04.47:036][106]LogSynthBenchmark:Display:   (On Optimus the name might be wrong, memory should be ok)
[2017.10.17-20.04.47:036][106]LogSynthBenchmark:Display:   Vendor Id: 0x10DE
[2017.10.17-20.04.47:036][106]LogSynthBenchmark:Display:   Device Id: 0xFFE
[2017.10.17-20.04.47:036][106]LogSynthBenchmark:Display:   Device Revision: 0xA1
[2017.10.17-20.04.47:036][106]LogSynthBenchmark:Display:   GPU Memory: 1990/0/7906 MB
[2017.10.17-20.04.47:141][106]LogSynthBenchmark:Display:   GPU first test: 0.07s
[2017.10.17-20.04.47:141][106]LogSynthBenchmark:Display:          ... 1.021 s/GigaPix, Confidence=100% 'ALUHeavyNoise' (likely to be very inaccurate)
[2017.10.17-20.04.47:141][106]LogSynthBenchmark:Display:          ... 1.653 s/GigaPix, Confidence=100% 'TexHeavy' (likely to be very inaccurate)
[2017.10.17-20.04.47:141][106]LogSynthBenchmark:Display:          ... 0.854 s/GigaPix, Confidence=100% 'DepTexHeavy' (likely to be very inaccurate)
[2017.10.17-20.04.47:141][106]LogSynthBenchmark:Display:          ... 4.701 s/GigaPix, Confidence=100% 'FillOnly' (likely to be very inaccurate)
[2017.10.17-20.04.47:141][106]LogSynthBenchmark:Display:          ... 0.211 s/GigaPix, Confidence=100% 'Bandwidth' (likely to be very inaccurate)
[2017.10.17-20.04.47:141][106]LogSynthBenchmark:Display:          ... 0.460 s/GigaVert, Confidence=100% 'VertThroughPut1' (likely to be very inaccurate)
[2017.10.17-20.04.47:141][106]LogSynthBenchmark:Display:          ... 0.794 s/GigaVert, Confidence=100% 'VertThroughPut2' (likely to be very inaccurate)
[2017.10.17-20.04.47:825][106]LogSynthBenchmark:Display:   GPU second test: 0.65s
[2017.10.17-20.04.47:825][106]LogSynthBenchmark:Display:          ... 1.092 s/GigaPix, Confidence=100% 'ALUHeavyNoise' (likely to be inaccurate)
[2017.10.17-20.04.47:825][106]LogSynthBenchmark:Display:          ... 1.851 s/GigaPix, Confidence=100% 'TexHeavy' (likely to be inaccurate)
[2017.10.17-20.04.47:825][106]LogSynthBenchmark:Display:          ... 0.909 s/GigaPix, Confidence=100% 'DepTexHeavy' (likely to be inaccurate)
[2017.10.17-20.04.47:825][106]LogSynthBenchmark:Display:          ... 6.163 s/GigaPix, Confidence=100% 'FillOnly' (likely to be inaccurate)
[2017.10.17-20.04.47:825][106]LogSynthBenchmark:Display:          ... 0.226 s/GigaPix, Confidence=100% 'Bandwidth' (likely to be inaccurate)
[2017.10.17-20.04.47:825][106]LogSynthBenchmark:Display:          ... 0.410 s/GigaVert, Confidence=100% 'VertThroughPut1' (likely to be inaccurate)
[2017.10.17-20.04.47:825][106]LogSynthBenchmark:Display:          ... 0.738 s/GigaVert, Confidence=100% 'VertThroughPut2' (likely to be inaccurate)
[2017.10.17-20.04.47:825][106]LogSynthBenchmark:Display:   GPU Final Results:
[2017.10.17-20.04.47:825][106]LogSynthBenchmark:Display:          ... 1.092 s/GigaPix, Confidence=100% 'ALUHeavyNoise'
[2017.10.17-20.04.47:825][106]LogSynthBenchmark:Display:          ... 1.851 s/GigaPix, Confidence=100% 'TexHeavy'
[2017.10.17-20.04.47:825][106]LogSynthBenchmark:Display:          ... 0.909 s/GigaPix, Confidence=100% 'DepTexHeavy'
[2017.10.17-20.04.47:825][106]LogSynthBenchmark:Display:          ... 6.163 s/GigaPix, Confidence=100% 'FillOnly'
[2017.10.17-20.04.47:825][106]LogSynthBenchmark:Display:          ... 0.226 s/GigaPix, Confidence=100% 'Bandwidth'
[2017.10.17-20.04.47:825][106]LogSynthBenchmark:Display:          ... 0.410 s/GigaVert, Confidence=100% 'VertThroughPut1'
[2017.10.17-20.04.47:825][106]LogSynthBenchmark:Display:          ... 0.738 s/GigaVert, Confidence=100% 'VertThroughPut2'
[2017.10.17-20.04.47:825][106]LogSynthBenchmark:Display: 
[2017.10.17-20.04.47:825][106]LogSynthBenchmark:Display:   GPU Perf Index 0: 23.7 (weight 1.00)
[2017.10.17-20.04.47:825][106]LogSynthBenchmark:Display:   GPU Perf Index 1: 24.9 (weight 0.10)
[2017.10.17-20.04.47:825][106]LogSynthBenchmark:Display:   GPU Perf Index 2: 23.6 (weight 0.10)
[2017.10.17-20.04.47:825][106]LogSynthBenchmark:Display:   GPU Perf Index 3: 24.2 (weight 3.00)
[2017.10.17-20.04.47:825][106]LogSynthBenchmark:Display:   GPU Perf Index 4: 21.1 (weight 1.00)
[2017.10.17-20.04.47:825][106]LogSynthBenchmark:Display:   GPU Perf Index 5: 26.7 (weight 0.00)
[2017.10.17-20.04.47:825][106]LogSynthBenchmark:Display:   GPU Perf Index 6: 41.7 (weight 0.00)
[2017.10.17-20.04.47:825][106]LogSynthBenchmark:Display:   CPUIndex: 143.3
[2017.10.17-20.04.47:825][106]LogSynthBenchmark:Display:   GPUIndex: 23.5
[2017.10.17-20.04.47:825][106]LogSynthBenchmark:Display: 
[2017.10.17-20.04.47:825][106]LogSynthBenchmark:Display:          ... Total Time: 0.979899 sec
[2017.10.17-20.05.35:504][850]LogTexture:Display: Building textures: stainedglasswindow (AutoDXT, 1980X1080)
[2017.10.17-20.05.35:843][850]LogSlate: Took 0.000110 seconds to synchronously load lazily loaded font '../../../Engine/Content/Slate/Fonts/Roboto-Light.ttf' (159K)
[2017.10.17-20.05.36:203][850]LogContentBrowser: Native class hierarchy updated for 'BlueprintGraph' in 0.0010 seconds. Added 112 classes and 0 folders.
[2017.10.17-20.05.36:783][850]LogSlate: Took 0.000114 seconds to synchronously load lazily loaded font '../../../Engine/Content/Slate/Fonts/Roboto-Light.ttf' (159K)
[2017.10.17-20.05.36:788][850]LogSlate: Took 0.004243 seconds to synchronously load lazily loaded font '../../../Engine/Content/Editor/Slate/Fonts/Roboto-BoldCondensed.ttf' (158K)
[2017.10.17-20.07.19:865][ 12]LogEditorFactories: Performing atomic reimport of [F:/stainedglasswindow.png]
[2017.10.17-20.07.19:870][ 12]LogFactory: FactoryCreateFile: Texture2D with ReimportTextureFactory (0 0 F:/stainedglasswindow.png)
[2017.10.17-20.07.19:942][ 12]LogTexture:Display: Building textures: stainedglasswindow (AutoDXT, 1980X1080)
[2017.10.17-20.07.20:299][ 12]LogEditorFactories: -- imported successfully
[2017.10.17-20.08.33:106][100]LogSlate: Took 0.017068 seconds to synchronously load lazily loaded font '../../../Engine/Content/Slate/Fonts/DroidSansFallback.ttf' (3848K)
[2017.10.17-20.19.22:004][873]LogFileHelpers: Editor autosave (incl. sublevels) for '/Game/FirstPersonBP/Maps/FirstPersonExampleMap' took 0.019
[2017.10.17-20.19.22:006][873]OBJ SavePackage: Generating thumbnails for [0] asset(s) in package [/Game/ZombieGame/UI/MainMenu] ([1] browsable assets)...
[2017.10.17-20.19.22:006][873]OBJ SavePackage: Finished generating thumbnails for package [/Game/ZombieGame/UI/MainMenu]
[2017.10.17-20.19.22:006][873]Cmd: OBJ SAVEPACKAGE PACKAGE="/Game/ZombieGame/UI/MainMenu" FILE="D:/ProjectInferno/ProjectInferno/Saved/Autosaves/Game/ZombieGame/UI/MainMenu_Auto1.uasset" SILENT=false AUTOSAVING=true
[2017.10.17-20.19.22:045][873]LogSavePackage: Save=15.08ms
[2017.10.17-20.19.22:046][873]LogSavePackage: Moving 'D:/ProjectInferno/ProjectInferno/Saved/MainMenu_Auto1A75C2B054FE1147A62575D8BE7A8AE27.tmp' to 'D:/ProjectInferno/ProjectInferno/Saved/Autosaves/Game/ZombieGame/UI/MainMenu_Auto1.uasset'
[2017.10.17-20.19.22:046][873]LogSavePackage:Display: Finished SavePackage D:/ProjectInferno/ProjectInferno/Saved/Autosaves/Game/ZombieGame/UI/MainMenu_Auto1.uasset
[2017.10.17-20.19.22:047][873]OBJ SavePackage: Generating thumbnails for [1] asset(s) in package [/Game/ZombieGame/UI/stainedglasswindow] ([1] browsable assets)...
[2017.10.17-20.19.22:050][873]OBJ SavePackage:     Rendered thumbnail for [Texture2D /Game/ZombieGame/UI/stainedglasswindow.stainedglasswindow]
[2017.10.17-20.19.22:050][873]OBJ SavePackage: Finished generating thumbnails for package [/Game/ZombieGame/UI/stainedglasswindow]
[2017.10.17-20.19.22:066][873]LogSavePackage: Save=11.10ms
[2017.10.17-20.19.22:066][873]LogSavePackage: Moving 'D:/ProjectInferno/ProjectInferno/Saved/stainedglasswindow_Auto124C01C7641C4EACD4776D98F928A35C5.tmp' to 'D:/ProjectInferno/ProjectInferno/Saved/Autosaves/Game/ZombieGame/UI/stainedglasswindow_Auto1.uasset'
[2017.10.17-20.19.22:067][873]LogSavePackage:Display: Finished SavePackage D:/ProjectInferno/ProjectInferno/Saved/Autosaves/Game/ZombieGame/UI/stainedglasswindow_Auto1.uasset
[2017.10.17-20.19.22:067][873]LogFileHelpers: Auto-saving content packages took 0.061
[2017.10.17-20.33.36:860][397]LogFileHelpers: Editor autosave (incl. sublevels) for '/Game/FirstPersonBP/Maps/FirstPersonExampleMap' took 0.016
[2017.10.17-20.33.36:861][397]OBJ SavePackage: Generating thumbnails for [0] asset(s) in package [/Game/ZombieGame/UI/MainMenu] ([1] browsable assets)...
[2017.10.17-20.33.36:861][397]OBJ SavePackage: Finished generating thumbnails for package [/Game/ZombieGame/UI/MainMenu]
[2017.10.17-20.33.36:861][397]Cmd: OBJ SAVEPACKAGE PACKAGE="/Game/ZombieGame/UI/MainMenu" FILE="D:/ProjectInferno/ProjectInferno/Saved/Autosaves/Game/ZombieGame/UI/MainMenu_Auto2.uasset" SILENT=false AUTOSAVING=true
[2017.10.17-20.33.36:884][397]LogSavePackage: Save=18.07ms
[2017.10.17-20.33.36:884][397]LogSavePackage: Moving 'D:/ProjectInferno/ProjectInferno/Saved/MainMenu_Auto299E01F814FD36BC78A08C0BC9F01BB5F.tmp' to 'D:/ProjectInferno/ProjectInferno/Saved/Autosaves/Game/ZombieGame/UI/MainMenu_Auto2.uasset'
[2017.10.17-20.33.36:884][397]LogSavePackage:Display: Finished SavePackage D:/ProjectInferno/ProjectInferno/Saved/Autosaves/Game/ZombieGame/UI/MainMenu_Auto2.uasset
[2017.10.17-20.33.36:884][397]LogFileHelpers: Auto-saving content packages took 0.024
[2017.10.17-20.34.56:147][998]LogUObjectHash:Warning: Ambiguous search, could be VerticalBox /Game/ZombieGame/UI/MainMenu.MainMenu:WidgetTree.VerticalBox_16 or VerticalBox /Engine/Transient.World_1:MainMenu_C_46.WidgetTree_46.VerticalBox_16
[2017.10.17-20.34.56:147][998]LogUObjectHash:Warning: Ambiguous search, could be VerticalBox /Game/ZombieGame/UI/MainMenu.MainMenu:WidgetTree.VerticalBox_16 or VerticalBox /Engine/Transient.World_1:MainMenu_C_47.WidgetTree_47.VerticalBox_16
[2017.10.17-20.34.56:147][998]LogUObjectHash:Warning: Ambiguous search, could be VerticalBox /Game/ZombieGame/UI/MainMenu.MainMenu:WidgetTree.VerticalBox_16 or VerticalBox /Engine/Transient.World_1:MainMenu_C_48.WidgetTree_48.VerticalBox_16
[2017.10.17-20.34.56:147][998]LogUObjectHash:Warning: Ambiguous search, could be VerticalBox /Game/ZombieGame/UI/MainMenu.MainMenu:WidgetTree.VerticalBox_16 or VerticalBox /Engine/Transient.World_1:MainMenu_C_58.WidgetTree_58.VerticalBox_16
[2017.10.17-20.34.56:147][998]LogUObjectHash:Warning: Ambiguous search, could be VerticalBox /Game/ZombieGame/UI/MainMenu.MainMenu:WidgetTree.VerticalBox_16 or VerticalBox /Engine/Transient.World_1:MainMenu_C_59.WidgetTree_59.VerticalBox_16
[2017.10.17-20.34.56:147][998]LogUObjectHash:Warning: Ambiguous search, could be VerticalBox /Game/ZombieGame/UI/MainMenu.MainMenu:WidgetTree.VerticalBox_16 or VerticalBox /Engine/Transient.World_1:MainMenu_C_51.WidgetTree_51.VerticalBox_16
[2017.10.17-20.34.56:147][998]LogUObjectHash:Warning: Ambiguous search, could be VerticalBox /Game/ZombieGame/UI/MainMenu.MainMenu:WidgetTree.VerticalBox_16 or VerticalBox /Engine/Transient.World_1:MainMenu_C_60.WidgetTree_60.VerticalBox_16
[2017.10.17-20.34.56:147][998]LogUObjectHash:Warning: Ambiguous search, could be VerticalBox /Game/ZombieGame/UI/MainMenu.MainMenu:WidgetTree.VerticalBox_16 or VerticalBox /Engine/Transient.World_1:MainMenu_C_53.WidgetTree_53.VerticalBox_16
[2017.10.17-20.34.56:147][998]LogUObjectHash:Warning: Ambiguous search, could be VerticalBox /Game/ZombieGame/UI/MainMenu.MainMenu:WidgetTree.VerticalBox_16 or VerticalBox /Engine/Transient.World_1:MainMenu_C_54.WidgetTree_54.VerticalBox_16
[2017.10.17-20.34.56:147][998]LogUObjectHash:Warning: Ambiguous search, could be VerticalBox /Game/ZombieGame/UI/MainMenu.MainMenu:WidgetTree.VerticalBox_16 or VerticalBox /Engine/Transient.World_1:MainMenu_C_55.WidgetTree_55.VerticalBox_16
[2017.10.17-20.34.56:147][998]LogUObjectHash:Warning: Ambiguous search, could be VerticalBox /Game/ZombieGame/UI/MainMenu.MainMenu:WidgetTree.VerticalBox_16 or VerticalBox /Engine/Transient.World_1:MainMenu_C_56.WidgetTree_56.VerticalBox_16
[2017.10.17-20.34.56:147][998]LogUObjectHash:Warning: Ambiguous search, could be VerticalBox /Game/ZombieGame/UI/MainMenu.MainMenu:WidgetTree.VerticalBox_16 or VerticalBox /Engine/Transient.World_1:MainMenu_C_57.WidgetTree_57.VerticalBox_16
[2017.10.17-20.34.56:147][998]LogProperty:Warning: Illegal TEXT reference to a private object in external package (VerticalBoxSlot /Game/ZombieGame/UI/MainMenu.MainMenu:WidgetTree.VerticalBox_16.VerticalBoxSlot_0) from referencer (Button /Engine/UMG/Editor/Transient.Button_2).  Import failed...
[2017.10.17-20.34.56:147][998]LogProperty:Warning: ObjectProperty /Script/UMG.Widget:Slot: unresolved reference to 'VerticalBoxSlot'VerticalBox_16.VerticalBoxSlot_0''
[2017.10.17-20.34.56:619][ 19]LogUObjectHash:Warning: Ambiguous search, could be VerticalBox /Game/ZombieGame/UI/MainMenu.MainMenu:WidgetTree.VerticalBox_16 or VerticalBox /Engine/Transient.World_1:MainMenu_C_46.WidgetTree_46.VerticalBox_16
[2017.10.17-20.34.56:619][ 19]LogUObjectHash:Warning: Ambiguous search, could be VerticalBox /Game/ZombieGame/UI/MainMenu.MainMenu:WidgetTree.VerticalBox_16 or VerticalBox /Engine/Transient.World_1:MainMenu_C_47.WidgetTree_47.VerticalBox_16
[2017.10.17-20.34.56:619][ 19]LogUObjectHash:Warning: Ambiguous search, could be VerticalBox /Game/ZombieGame/UI/MainMenu.MainMenu:WidgetTree.VerticalBox_16 or VerticalBox /Engine/Transient.World_1:MainMenu_C_48.WidgetTree_48.VerticalBox_16
[2017.10.17-20.34.56:619][ 19]LogUObjectHash:Warning: Ambiguous search, could be VerticalBox /Game/ZombieGame/UI/MainMenu.MainMenu:WidgetTree.VerticalBox_16 or VerticalBox /Engine/Transient.World_1:MainMenu_C_58.WidgetTree_58.VerticalBox_16
[2017.10.17-20.34.56:619][ 19]LogUObjectHash:Warning: Ambiguous search, could be VerticalBox /Game/ZombieGame/UI/MainMenu.MainMenu:WidgetTree.VerticalBox_16 or VerticalBox /Engine/Transient.World_1:MainMenu_C_59.WidgetTree_59.VerticalBox_16
[2017.10.17-20.34.56:619][ 19]LogUObjectHash:Warning: Ambiguous search, could be VerticalBox /Game/ZombieGame/UI/MainMenu.MainMenu:WidgetTree.VerticalBox_16 or VerticalBox /Engine/Transient.World_1:MainMenu_C_51.WidgetTree_51.VerticalBox_16
[2017.10.17-20.34.56:619][ 19]LogUObjectHash:Warning: Ambiguous search, could be VerticalBox /Game/ZombieGame/UI/MainMenu.MainMenu:WidgetTree.VerticalBox_16 or VerticalBox /Engine/Transient.World_1:MainMenu_C_60.WidgetTree_60.VerticalBox_16
[2017.10.17-20.34.56:619][ 19]LogUObjectHash:Warning: Ambiguous search, could be VerticalBox /Game/ZombieGame/UI/MainMenu.MainMenu:WidgetTree.VerticalBox_16 or VerticalBox /Engine/Transient.World_1:MainMenu_C_53.WidgetTree_53.VerticalBox_16
[2017.10.17-20.34.56:619][ 19]LogUObjectHash:Warning: Ambiguous search, could be VerticalBox /Game/ZombieGame/UI/MainMenu.MainMenu:WidgetTree.VerticalBox_16 or VerticalBox /Engine/Transient.World_1:MainMenu_C_54.WidgetTree_54.VerticalBox_16
[2017.10.17-20.34.56:619][ 19]LogUObjectHash:Warning: Ambiguous search, could be VerticalBox /Game/ZombieGame/UI/MainMenu.MainMenu:WidgetTree.VerticalBox_16 or VerticalBox /Engine/Transient.World_1:MainMenu_C_55.WidgetTree_55.VerticalBox_16
[2017.10.17-20.34.56:619][ 19]LogUObjectHash:Warning: Ambiguous search, could be VerticalBox /Game/ZombieGame/UI/MainMenu.MainMenu:WidgetTree.VerticalBox_16 or VerticalBox /Engine/Transient.World_1:MainMenu_C_56.WidgetTree_56.VerticalBox_16
[2017.10.17-20.34.56:619][ 19]LogUObjectHash:Warning: Ambiguous search, could be VerticalBox /Game/ZombieGame/UI/MainMenu.MainMenu:WidgetTree.VerticalBox_16 or VerticalBox /Engine/Transient.World_1:MainMenu_C_57.WidgetTree_57.VerticalBox_16
[2017.10.17-20.34.56:619][ 19]LogUObjectHash:Warning: Ambiguous search, could be VerticalBox /Game/ZombieGame/UI/MainMenu.MainMenu:WidgetTree.VerticalBox_16 or VerticalBox /Engine/Transient.World_1:MainMenu_C_61.WidgetTree_61.VerticalBox_16
[2017.10.17-20.34.56:619][ 19]LogProperty:Warning: Illegal TEXT reference to a private object in external package (VerticalBoxSlot /Game/ZombieGame/UI/MainMenu.MainMenu:WidgetTree.VerticalBox_16.VerticalBoxSlot_0) from referencer (Button /Engine/UMG/Editor/Transient.Button_2).  Import failed...
[2017.10.17-20.34.56:619][ 19]LogProperty:Warning: ObjectProperty /Script/UMG.Widget:Slot: unresolved reference to 'VerticalBoxSlot'VerticalBox_16.VerticalBoxSlot_0''
[2017.10.17-20.40.16:454][ 70]LogEditorTransaction: Undo Move Widget
[2017.10.17-20.40.53:224][734]BlueprintLog: New page: Compile MainMenu
[2017.10.17-20.40.53:319][734]BlueprintEditorCompileResults: Info Fast Template Successfully Created.
[2017.10.17-20.40.54:249][776]Cmd: OBJ SAVEPACKAGE PACKAGE="/Game/ZombieGame/UI/MainMenu" FILE="D:/ProjectInferno/ProjectInferno/Content/ZombieGame/UI/MainMenu.uasset" SILENT=true
[2017.10.17-20.40.54:278][776]LogSavePackage: Save=23.48ms
[2017.10.17-20.40.54:278][776]LogSavePackage: Moving 'D:/ProjectInferno/ProjectInferno/Saved/MainMenu9C94E26745F247466E1682BF09BD8E1A.tmp' to 'D:/ProjectInferno/ProjectInferno/Content/ZombieGame/UI/MainMenu.uasset'
[2017.10.17-20.40.54:281][776]LogSavePackage:Display: Finished SavePackage D:/ProjectInferno/ProjectInferno/Content/ZombieGame/UI/MainMenu.uasset
[2017.10.17-20.43.27:511][871]BlueprintLog: New page: Compile MainMenu
[2017.10.17-20.43.27:596][871]BlueprintEditorCompileResults: Info Fast Template Successfully Created.
[2017.10.17-20.43.28:601][917]Cmd: OBJ SAVEPACKAGE PACKAGE="/Game/ZombieGame/UI/MainMenu" FILE="D:/ProjectInferno/ProjectInferno/Content/ZombieGame/UI/MainMenu.uasset" SILENT=true
[2017.10.17-20.43.28:626][917]LogSavePackage: Save=23.74ms
[2017.10.17-20.43.28:626][917]LogSavePackage: Moving 'D:/ProjectInferno/ProjectInferno/Saved/MainMenu7378B76849D3343ADE3B52926E8A7A9A.tmp' to 'D:/ProjectInferno/ProjectInferno/Content/ZombieGame/UI/MainMenu.uasset'
[2017.10.17-20.43.28:627][917]LogSavePackage:Display: Finished SavePackage D:/ProjectInferno/ProjectInferno/Content/ZombieGame/UI/MainMenu.uasset
[2017.10.17-20.46.30:864][125]BlueprintLog: New page: Compile MainMenu
[2017.10.17-20.46.30:948][125]BlueprintEditorCompileResults: Info Fast Template Successfully Created.
[2017.10.17-20.46.31:441][149]Cmd: OBJ SAVEPACKAGE PACKAGE="/Game/ZombieGame/UI/MainMenu" FILE="D:/ProjectInferno/ProjectInferno/Content/ZombieGame/UI/MainMenu.uasset" SILENT=true
[2017.10.17-20.46.31:469][149]LogSavePackage: Save=23.21ms
[2017.10.17-20.46.31:469][149]LogSavePackage: Moving 'D:/ProjectInferno/ProjectInferno/Saved/MainMenu66E02B6A495C920A6CD79792F8644570.tmp' to 'D:/ProjectInferno/ProjectInferno/Content/ZombieGame/UI/MainMenu.uasset'
[2017.10.17-20.46.31:469][149]LogSavePackage:Display: Finished SavePackage D:/ProjectInferno/ProjectInferno/Content/ZombieGame/UI/MainMenu.uasset
[2017.10.17-20.54.57:790][410]LogLinker: Can't find file '/Game/ZombieGame/UI/Options'
[2017.10.17-20.54.57:791][410]LogLinker: Can't find file '/Game/ZombieGame/UI/Options'
[2017.10.17-20.57.42:077][590]LogEditorTransaction: Undo Remove Widget
[2017.10.17-20.59.24:415][370]LogEditorTransaction: Undo Add Widget
[2017.10.17-20.59.25:022][392]LogEditorTransaction: Undo Remove Widget
[2017.10.17-20.59.25:408][409]LogEditorTransaction: Undo Remove Widget
[2017.10.17-20.59.25:855][429]LogEditorTransaction: Undo Remove Widget
[2017.10.17-21.00.58:257][620]BlueprintLog: New page: Compile Options
[2017.10.17-21.00.58:347][620]BlueprintEditorCompileResults: Info Fast Template Successfully Created.
[2017.10.17-21.00.59:047][652]Cmd: OBJ SAVEPACKAGE PACKAGE="/Game/ZombieGame/UI/Options" FILE="D:/ProjectInferno/ProjectInferno/Content/ZombieGame/UI/Options.uasset" SILENT=true
[2017.10.17-21.00.59:072][652]LogSavePackage: Save=23.30ms
[2017.10.17-21.00.59:072][652]LogSavePackage: Moving 'D:/ProjectInferno/ProjectInferno/Saved/Options1CE7881E4EAB3D21B2D57D9EDFB0A2E4.tmp' to 'D:/ProjectInferno/ProjectInferno/Content/ZombieGame/UI/Options.uasset'
[2017.10.17-21.00.59:075][652]LogSavePackage:Display: Finished SavePackage D:/ProjectInferno/ProjectInferno/Content/ZombieGame/UI/Options.uasset
[2017.10.17-21.01.32:453][145]LogFileHelpers: Editor autosave (incl. sublevels) for '/Game/FirstPersonBP/Maps/FirstPersonExampleMap' took 0.014
[2017.10.17-21.01.32:454][145]OBJ SavePackage: Generating thumbnails for [0] asset(s) in package [/Game/ZombieGame/UI/MainMenu] ([1] browsable assets)...
[2017.10.17-21.01.32:454][145]OBJ SavePackage: Finished generating thumbnails for package [/Game/ZombieGame/UI/MainMenu]
[2017.10.17-21.01.32:454][145]Cmd: OBJ SAVEPACKAGE PACKAGE="/Game/ZombieGame/UI/MainMenu" FILE="D:/ProjectInferno/ProjectInferno/Saved/Autosaves/Game/ZombieGame/UI/MainMenu_Auto3.uasset" SILENT=false AUTOSAVING=true
[2017.10.17-21.01.32:483][145]LogSavePackage: Save=20.78ms
[2017.10.17-21.01.32:483][145]LogSavePackage: Moving 'D:/ProjectInferno/ProjectInferno/Saved/MainMenu_Auto34D524FC34D68E09E25DE329E15A030D2.tmp' to 'D:/ProjectInferno/ProjectInferno/Saved/Autosaves/Game/ZombieGame/UI/MainMenu_Auto3.uasset'
[2017.10.17-21.01.32:483][145]LogSavePackage:Display: Finished SavePackage D:/ProjectInferno/ProjectInferno/Saved/Autosaves/Game/ZombieGame/UI/MainMenu_Auto3.uasset
[2017.10.17-21.01.32:483][145]LogFileHelpers: Auto-saving content packages took 0.030
[2017.10.17-21.48.34:930][980]BlueprintLog: New page: Compile MainMenu
[2017.10.17-21.48.35:029][980]BlueprintEditorCompileResults: Info Fast Template Successfully Created.
[2017.10.17-21.48.35:639][  8]Cmd: OBJ SAVEPACKAGE PACKAGE="/Game/ZombieGame/UI/MainMenu" FILE="D:/ProjectInferno/ProjectInferno/Content/ZombieGame/UI/MainMenu.uasset" SILENT=true
[2017.10.17-21.48.35:669][  8]LogSavePackage: Save=22.29ms
[2017.10.17-21.48.35:669][  8]LogSavePackage: Moving 'D:/ProjectInferno/ProjectInferno/Saved/MainMenuCD742D4F41B79B580728E28F088077CE.tmp' to 'D:/ProjectInferno/ProjectInferno/Content/ZombieGame/UI/MainMenu.uasset'
[2017.10.17-21.48.35:670][  8]LogSavePackage:Display: Finished SavePackage D:/ProjectInferno/ProjectInferno/Content/ZombieGame/UI/MainMenu.uasset
[2017.10.17-21.48.38:539][143]BlueprintLog: New page: Compile Options
[2017.10.17-21.48.38:625][143]BlueprintEditorCompileResults: Info Fast Template Successfully Created.
[2017.10.17-21.48.39:460][182]Cmd: OBJ SAVEPACKAGE PACKAGE="/Game/ZombieGame/UI/Options" FILE="D:/ProjectInferno/ProjectInferno/Content/ZombieGame/UI/Options.uasset" SILENT=true
[2017.10.17-21.48.39:487][182]LogSavePackage: Save=22.69ms
[2017.10.17-21.48.39:487][182]LogSavePackage: Moving 'D:/ProjectInferno/ProjectInferno/Saved/Options52F6805E477901C7499FE7A9F7DD6603.tmp' to 'D:/ProjectInferno/ProjectInferno/Content/ZombieGame/UI/Options.uasset'
[2017.10.17-21.48.39:488][182]LogSavePackage:Display: Finished SavePackage D:/ProjectInferno/ProjectInferno/Content/ZombieGame/UI/Options.uasset
[2017.10.17-21.48.50:852][574]Cmd: OBJ SAVEPACKAGE PACKAGE="/Game/ZombieGame/UI/stainedglasswindow" FILE="D:/ProjectInferno/ProjectInferno/Content/ZombieGame/UI/stainedglasswindow.uasset" SILENT=true
[2017.10.17-21.48.51:015][574]LogSavePackage: Save=152.97ms
[2017.10.17-21.48.51:015][574]LogSavePackage: Moving 'D:/ProjectInferno/ProjectInferno/Saved/stainedglasswindow4639C2E54CCB41AFD55DC5BB9C0AD6CA.tmp' to 'D:/ProjectInferno/ProjectInferno/Content/ZombieGame/UI/stainedglasswindow.uasset'
[2017.10.17-21.48.51:018][574]LogSavePackage:Display: Finished SavePackage D:/ProjectInferno/ProjectInferno/Content/ZombieGame/UI/stainedglasswindow.uasset
[2017.10.17-21.48.51:294][575]Cmd: QUIT_EDITOR
[2017.10.17-21.48.51:318][575]LogExit: Preparing to exit.
[2017.10.17-21.48.52:142][575]LogExit: Editor shut down
[2017.10.17-21.48.52:143][575]LogExit: Transaction tracking system shut down
[2017.10.17-21.48.52:250][575]LogObj: Freed 0b from 0 cluster array pools.
[2017.10.17-21.48.52:250][575]LogExit: Object subsystem successfully closed.
[2017.10.17-21.48.52:279][575]LogD3D11RHI: Shutdown
[2017.10.17-21.48.52:279][575]LogD3D11RHI: CleanupD3DDevice
[2017.10.17-21.48.52:323][575]LogD3D11RHI: ~FD3D11DynamicRHI
[2017.10.17-21.48.52:337][575]LogModuleManager: Shutting down and abandoning module SequencerWidgets (532)
[2017.10.17-21.48.52:337][575]LogModuleManager: Shutting down and abandoning module BlueprintGraph (530)
[2017.10.17-21.48.52:337][575]LogModuleManager: Shutting down and abandoning module BlueprintProfiler (528)
[2017.10.17-21.48.52:337][575]LogModuleManager: Shutting down and abandoning module SynthBenchmark (526)
[2017.10.17-21.48.52:337][575]LogModuleManager: Shutting down and abandoning module HierarchicalLODOutliner (524)
[2017.10.17-21.48.52:337][575]LogModuleManager: Shutting down and abandoning module CrashTracker (522)
[2017.10.17-21.48.52:337][575]LogModuleManager: Shutting down and abandoning module SceneOutliner (520)
[2017.10.17-21.48.52:337][575]LogModuleManager: Shutting down and abandoning module AddContentDialog (518)
[2017.10.17-21.48.52:337][575]LogDirectoryWatcher: A directory notification for 'C:/Program Files (x86)/Epic Games/4.16/FeaturePacks/' was aborted.
[2017.10.17-21.48.52:338][575]LogModuleManager: Shutting down and abandoning module WidgetCarousel (517)
[2017.10.17-21.48.52:338][575]LogModuleManager: Shutting down and abandoning module EditorWidgets (514)
[2017.10.17-21.48.52:338][575]LogModuleManager: Shutting down and abandoning module CollectionManager (512)
[2017.10.17-21.48.52:338][575]LogDirectoryWatcher: A directory notification for 'D:/ProjectInferno/ProjectInferno/Content/Collections/' was aborted.
[2017.10.17-21.48.52:338][575]LogDirectoryWatcher: A directory notification for 'D:/ProjectInferno/ProjectInferno/Content/Developers/student/Collections/' was aborted.
[2017.10.17-21.48.52:338][575]LogDirectoryWatcher: A directory notification for 'D:/ProjectInferno/ProjectInferno/Saved/Collections/' was aborted.
[2017.10.17-21.48.52:338][575]LogModuleManager: Shutting down and abandoning module StatsViewer (510)
[2017.10.17-21.48.52:338][575]LogModuleManager: Shutting down and abandoning module FoliageEdit (508)
[2017.10.17-21.48.52:338][575]LogModuleManager: Shutting down and abandoning module LandscapeEditor (506)
[2017.10.17-21.48.52:338][575]LogModuleManager: Shutting down and abandoning module MeshPaintMode (504)
[2017.10.17-21.48.52:338][575]LogModuleManager: Shutting down and abandoning module SceneDepthPickerMode (502)
[2017.10.17-21.48.52:338][575]LogModuleManager: Shutting down and abandoning module ActorPickerMode (500)
[2017.10.17-21.48.52:338][575]LogModuleManager: Shutting down and abandoning module GeometryMode (498)
[2017.10.17-21.48.52:338][575]LogModuleManager: Shutting down and abandoning module TextureAlignMode (496)
[2017.10.17-21.48.52:338][575]LogModuleManager: Shutting down and abandoning module BspMode (494)
[2017.10.17-21.48.52:338][575]LogModuleManager: Shutting down and abandoning module HardwareSurvey (492)
[2017.10.17-21.48.52:338][575]LogModuleManager: Shutting down and abandoning module SequenceRecorderSections (490)
[2017.10.17-21.48.52:338][575]LogModuleManager: Shutting down and abandoning module AutomationWorker (488)
[2017.10.17-21.48.52:338][575]LogModuleManager: Shutting down and abandoning module MatineeToLevelSequence (486)
[2017.10.17-21.48.52:339][575]LogModuleManager: Shutting down and abandoning module LevelSequenceEditor (484)
[2017.10.17-21.48.52:339][575]LogModuleManager: Shutting down and abandoning module PlacementMode (483)
[2017.10.17-21.48.52:339][575]LogModuleManager: Shutting down and abandoning module WmfMediaFactory (480)
[2017.10.17-21.48.52:339][575]LogModuleManager: Shutting down and abandoning module WmfMediaEditor (478)
[2017.10.17-21.48.52:339][575]LogModuleManager: Shutting down and abandoning module AvfMediaFactory (476)
[2017.10.17-21.48.52:339][575]LogModuleManager: Shutting down and abandoning module AvfMediaEditor (474)
[2017.10.17-21.48.52:339][575]LogModuleManager: Shutting down and abandoning module AndroidMediaFactory (472)
[2017.10.17-21.48.52:339][575]LogModuleManager: Shutting down and abandoning module Media (471)
[2017.10.17-21.48.52:339][575]LogModuleManager: Shutting down and abandoning module AndroidMediaEditor (468)
[2017.10.17-21.48.52:339][575]LogModuleManager: Shutting down and abandoning module CharacterAI (466)
[2017.10.17-21.48.52:339][575]LogModuleManager: Shutting down and abandoning module AudioCapture (464)
[2017.10.17-21.48.52:339][575]LogModuleManager: Shutting down and abandoning module SequenceRecorder (463)
[2017.10.17-21.48.52:339][575]LogModuleManager: Shutting down and abandoning module SmartSnapping (460)
[2017.10.17-21.48.52:339][575]LogModuleManager: Shutting down and abandoning module SessionServices (458)
[2017.10.17-21.48.52:339][575]LogModuleManager: Shutting down and abandoning module ViewportSnapping (456)
[2017.10.17-21.48.52:339][575]LogModuleManager: Shutting down and abandoning module ViewportInteraction (454)
[2017.10.17-21.48.52:339][575]LogModuleManager: Shutting down and abandoning module ClothPainter (452)
[2017.10.17-21.48.52:339][575]LogModuleManager: Shutting down and abandoning module LogVisualizer (450)
[2017.10.17-21.48.52:340][575]LogModuleManager: Shutting down and abandoning module IntroTutorials (448)
[2017.10.17-21.48.52:340][575]LogModuleManager: Shutting down and abandoning module GameProjectGeneration (447)
[2017.10.17-21.48.52:340][575]LogModuleManager: Shutting down and abandoning module EditorLiveStreaming (444)
[2017.10.17-21.48.52:340][575]LogModuleManager: Shutting down and abandoning module IOSPlatformEditor (442)
[2017.10.17-21.48.52:340][575]LogModuleManager: Shutting down and abandoning module HTML5PlatformEditor (440)
[2017.10.17-21.48.52:340][575]LogModuleManager: Shutting down and abandoning module AndroidPlatformEditor (438)
[2017.10.17-21.48.52:340][575]LogModuleManager: Shutting down and abandoning module AndroidDeviceDetection (437)
[2017.10.17-21.48.52:995][575]LogModuleManager: Shutting down and abandoning module IOSRuntimeSettings (434)
[2017.10.17-21.48.52:995][575]LogModuleManager: Shutting down and abandoning module AndroidRuntimeSettings (432)
[2017.10.17-21.48.52:995][575]LogModuleManager: Shutting down and abandoning module InputBindingEditor (430)
[2017.10.17-21.48.52:995][575]LogModuleManager: Shutting down and abandoning module MergeActors (428)
[2017.10.17-21.48.52:998][575]LogModuleManager: Shutting down and abandoning module SizeMap (426)
[2017.10.17-21.48.52:998][575]LogModuleManager: Shutting down and abandoning module TreeMap (424)
[2017.10.17-21.48.52:999][575]LogModuleManager: Shutting down and abandoning module ReferenceViewer (422)
[2017.10.17-21.48.52:999][575]LogModuleManager: Shutting down and abandoning module LocalizationDashboard (420)
[2017.10.17-21.48.52:999][575]LogModuleManager: Shutting down and abandoning module LocalizationService (419)
[2017.10.17-21.48.53:000][575]LogModuleManager: Shutting down and abandoning module HardwareTargeting (416)
[2017.10.17-21.48.53:000][575]LogModuleManager: Shutting down and abandoning module DeviceProfileEditor (414)
[2017.10.17-21.48.53:000][575]LogModuleManager: Shutting down and abandoning module UndoHistory (412)
[2017.10.17-21.48.53:000][575]LogModuleManager: Shutting down and abandoning module UserFeedback (410)
[2017.10.17-21.48.53:000][575]LogModuleManager: Shutting down and abandoning module XmlParser (408)
[2017.10.17-21.48.53:000][575]LogModuleManager: Shutting down and abandoning module Blutility (406)
[2017.10.17-21.48.53:000][575]LogModuleManager: Shutting down and abandoning module ProjectSettingsViewer (404)
[2017.10.17-21.48.53:000][575]LogModuleManager: Shutting down and abandoning module ProjectTargetPlatformEditor (403)
[2017.10.17-21.48.53:000][575]LogModuleManager: Shutting down and abandoning module EditorSettingsViewer (400)
[2017.10.17-21.48.53:000][575]LogModuleManager: Shutting down and abandoning module SettingsEditor (398)
[2017.10.17-21.48.53:000][575]LogModuleManager: Shutting down and abandoning module ProjectLauncher (396)
[2017.10.17-21.48.53:000][575]LogModuleManager: Shutting down and abandoning module SessionFrontend (394)
[2017.10.17-21.48.53:001][575]LogModuleManager: Shutting down and abandoning module ProfilerClient (392)
[2017.10.17-21.48.53:002][575]LogModuleManager: Shutting down and abandoning module DeviceManager (390)
[2017.10.17-21.48.53:002][575]LogModuleManager: Shutting down and abandoning module TargetDeviceServices (389)
[2017.10.17-21.48.53:052][575]LogModuleManager: Shutting down and abandoning module AutomationController (386)
[2017.10.17-21.48.53:052][575]LogModuleManager: Shutting down and abandoning module AutomationWindow (384)
[2017.10.17-21.48.53:053][575]LogModuleManager: Shutting down and abandoning module Layers (382)
[2017.10.17-21.48.53:054][575]LogModuleManager: Shutting down and abandoning module ComponentVisualizers (380)
[2017.10.17-21.48.53:054][575]LogModuleManager: Shutting down and abandoning module DetailCustomizations (378)
[2017.10.17-21.48.53:054][575]LogModuleManager: Shutting down and abandoning module PackagesDialog (376)
[2017.10.17-21.48.53:054][575]LogModuleManager: Shutting down and abandoning module Persona (374)
[2017.10.17-21.48.53:055][575]LogModuleManager: Shutting down and abandoning module AdvancedPreviewScene (373)
[2017.10.17-21.48.53:055][575]LogModuleManager: Shutting down and abandoning module AnimGraph (371)
[2017.10.17-21.48.53:055][575]LogModuleManager: Shutting down and abandoning module Kismet (368)
[2017.10.17-21.48.53:060][575]LogModuleManager: Shutting down and abandoning module ClassViewer (366)
[2017.10.17-21.48.53:060][575]LogModuleManager: Shutting down and abandoning module Toolbox (364)
[2017.10.17-21.48.53:060][575]LogModuleManager: Shutting down and abandoning module ModuleUI (362)
[2017.10.17-21.48.53:061][575]LogModuleManager: Shutting down and abandoning module MovieSceneTools (360)
[2017.10.17-21.48.53:061][575]LogModuleManager: Shutting down and abandoning module OutputLog (358)
[2017.10.17-21.48.53:061][575]LogModuleManager: Shutting down and abandoning module GammaUI (356)
[2017.10.17-21.48.53:062][575]LogModuleManager: Shutting down and abandoning module Documentation (354)
[2017.10.17-21.48.53:062][575]LogModuleManager: Shutting down and abandoning module MovieSceneTracks (352)
[2017.10.17-21.48.53:062][575]LogModuleManager: Shutting down and abandoning module MovieScene (350)
[2017.10.17-21.48.53:062][575]LogModuleManager: Shutting down and abandoning module Niagara (348)
[2017.10.17-21.48.53:062][575]LogModuleManager: Shutting down and abandoning module NiagaraEditor (347)
[2017.10.17-21.48.53:062][575]LogModuleManager: Shutting down and abandoning module StreamingPauseRendering (344)
[2017.10.17-21.48.53:062][575]LogModuleManager: Shutting down and abandoning module AnalyticsET (342)
[2017.10.17-21.48.53:062][575]LogModuleManager: Shutting down and abandoning module PortalServices (340)
[2017.10.17-21.48.53:062][575]LogModuleManager: Shutting down and abandoning module PortalRpc (338)
[2017.10.17-21.48.53:062][575]LogModuleManager: Shutting down and abandoning module MessagingRpc (336)
[2017.10.17-21.48.53:062][575]LogModuleManager: Shutting down and abandoning module AIModule (334)
[2017.10.17-21.48.53:062][575]LogModuleManager: Shutting down and abandoning module GameplayDebugger (333)
[2017.10.17-21.48.53:062][575]LogModuleManager: Shutting down and abandoning module AITestSuite (331)
[2017.10.17-21.48.53:062][575]LogModuleManager: Shutting down and abandoning module ProfilerService (328)
[2017.10.17-21.48.53:093][575]LogModuleManager: Shutting down and abandoning module TaskGraph (326)
[2017.10.17-21.48.53:094][575]LogModuleManager: Shutting down and abandoning module SteamVRController (324)
[2017.10.17-21.48.53:094][575]LogModuleManager: Shutting down and abandoning module SteamVR (322)
[2017.10.17-21.48.53:094][575]LogModuleManager: Shutting down and abandoning module ProceduralMeshComponentEditor (320)
[2017.10.17-21.48.53:094][575]LogModuleManager: Shutting down and abandoning module ProceduralMeshComponent (318)
[2017.10.17-21.48.53:094][575]LogModuleManager: Shutting down and abandoning module OculusLibrary (316)
[2017.10.17-21.48.53:094][575]LogModuleManager: Shutting down and abandoning module OculusInput (314)
[2017.10.17-21.48.53:094][575]LogModuleManager: Shutting down and abandoning module MobilePatchingUtils (312)
[2017.10.17-21.48.53:094][575]LogModuleManager: Shutting down and abandoning module CustomMeshComponent (310)
[2017.10.17-21.48.53:094][575]LogModuleManager: Shutting down and abandoning module CableComponent (308)
[2017.10.17-21.48.53:094][575]LogModuleManager: Shutting down and abandoning module ArchVisCharacter (306)
[2017.10.17-21.48.53:094][575]LogModuleManager: Shutting down and abandoning module AndroidPermission (304)
[2017.10.17-21.48.53:094][575]LogModuleManager: Shutting down and abandoning module MediaPlayerEditor (300)
[2017.10.17-21.48.53:095][575]LogModuleManager: Shutting down and abandoning module HTML5Networking (298)
[2017.10.17-21.48.53:095][575]LogModuleManager: Shutting down and abandoning module AlembicImporter (296)
[2017.10.17-21.48.53:095][575]LogModuleManager: Shutting down and abandoning module AlembicLibrary (295)
[2017.10.17-21.48.53:095][575]LogModuleManager: Shutting down and abandoning module GeometryCache (294)
[2017.10.17-21.48.53:095][575]LogModuleManager: Shutting down and abandoning module GeometryCacheEd (293)
[2017.10.17-21.48.53:095][575]LogModuleManager: Shutting down and abandoning module SuperSearchEditor (288)
[2017.10.17-21.48.53:095][575]LogModuleManager: Shutting down and abandoning module SuperSearch (287)
[2017.10.17-21.48.53:095][575]LogModuleManager: Shutting down and abandoning module SpeedTreeImporter (284)
[2017.10.17-21.48.53:095][575]LogModuleManager: Shutting down and abandoning module PluginBrowser (282)
[2017.10.17-21.48.53:095][575]LogModuleManager: Shutting down and abandoning module MobileLauncherProfileWizard (280)
[2017.10.17-21.48.53:096][575]LogModuleManager: Shutting down and abandoning module VisualStudioSourceCodeAccess (278)
[2017.10.17-21.48.53:096][575]LogModuleManager: Shutting down and abandoning module DesktopPlatform (277)
[2017.10.17-21.48.53:096][575]LogModuleManager: Shutting down and abandoning module UObjectPlugin (274)
[2017.10.17-21.48.53:096][575]LogModuleManager: Shutting down and abandoning module SubversionSourceControl (272)
[2017.10.17-21.48.53:096][575]LogModuleManager: Shutting down and abandoning module PerforceSourceControl (270)
[2017.10.17-21.48.53:096][575]LogModuleManager: Shutting down and abandoning module GitSourceControl (268)
[2017.10.17-21.48.53:096][575]LogModuleManager: Shutting down and abandoning module SourceControl (267)
[2017.10.17-21.48.53:096][575]LogModuleManager: Shutting down and abandoning module LightPropagationVolumeEditor (264)
[2017.10.17-21.48.53:096][575]LogModuleManager: Shutting down and abandoning module PaperTiledImporter (262)
[2017.10.17-21.48.53:096][575]LogModuleManager: Shutting down and abandoning module PaperSpriteSheetImporter (260)
[2017.10.17-21.48.53:096][575]LogModuleManager: Shutting down and abandoning module Paper2DEditor (258)
[2017.10.17-21.48.53:096][575]LogModuleManager: Shutting down and abandoning module MeshPaint (257)
[2017.10.17-21.48.53:097][575]LogModuleManager: Shutting down and abandoning module LevelEditor (255)
[2017.10.17-21.48.53:097][575]LogModuleManager: Shutting down and abandoning module PixelInspectorModule (254)
[2017.10.17-21.48.53:097][575]LogModuleManager: Shutting down and abandoning module MainFrame (252)
[2017.10.17-21.48.53:097][575]LogModuleManager: Shutting down and abandoning module HotReload (251)
[2017.10.17-21.48.53:098][575]LogModuleManager: Shutting down and abandoning module PhysXVehiclesEditor (246)
[2017.10.17-21.48.53:098][575]LogModuleManager: Shutting down and abandoning module PhysXVehicles (244)
[2017.10.17-21.48.53:098][575]LogModuleManager: Shutting down and abandoning module LocationServicesBPLibrary (242)
[2017.10.17-21.48.53:098][575]LogModuleManager: Shutting down and abandoning module ImmediatePhysicsEditor (240)
[2017.10.17-21.48.53:098][575]LogModuleManager: Shutting down and abandoning module ImmediatePhysics (238)
[2017.10.17-21.48.53:098][575]LogModuleManager: Shutting down and abandoning module UdpMessaging (236)
[2017.10.17-21.48.53:198][575]LogModuleManager: Shutting down and abandoning module TcpMessaging (234)
[2017.10.17-21.48.53:298][575]LogModuleManager: Shutting down and abandoning module GameplayTagsEditor (232)
[2017.10.17-21.48.53:301][575]LogModuleManager: Shutting down and abandoning module FacialAnimationEditor (230)
[2017.10.17-21.48.53:301][575]LogModuleManager: Shutting down and abandoning module FacialAnimation (228)
[2017.10.17-21.48.53:301][575]LogModuleManager: Shutting down and abandoning module AssetManagerEditor (226)
[2017.10.17-21.48.53:301][575]LogModuleManager: Shutting down and abandoning module GraphEditor (225)
[2017.10.17-21.48.53:301][575]LogModuleManager: Shutting down and abandoning module ContentBrowser (223)
[2017.10.17-21.48.53:302][575]LogModuleManager: Shutting down and abandoning module LightPropagationVolumeRuntime (220)
[2017.10.17-21.48.53:302][575]LogModuleManager: Shutting down and abandoning module Paper2D (218)
[2017.10.17-21.48.53:302][575]LogModuleManager: Shutting down and abandoning module WindowsMoviePlayer (216)
[2017.10.17-21.48.53:302][575]LogModuleManager: Shutting down and abandoning module WmfMedia (214)
[2017.10.17-21.48.53:303][575]LogModuleManager: Shutting down and abandoning module ClothingSystemEditor (212)
[2017.10.17-21.48.53:303][575]LogModuleManager: Shutting down and abandoning module ClothingSystemRuntime (210)
[2017.10.17-21.48.53:304][575]LogModuleManager: Shutting down and abandoning module MediaAssets (208)
[2017.10.17-21.48.53:304][575]LogModuleManager: Shutting down and abandoning module GameLiveStreaming (206)
[2017.10.17-21.48.53:304][575]LogModuleManager: Shutting down and abandoning module VREditor (204)
[2017.10.17-21.48.53:304][575]LogModuleManager: Shutting down and abandoning module StringTableEditor (202)
[2017.10.17-21.48.53:304][575]LogModuleManager: Shutting down and abandoning module GameplayTasksEditor (200)
[2017.10.17-21.48.53:304][575]LogModuleManager: Shutting down and abandoning module BehaviorTreeEditor (198)
[2017.10.17-21.48.53:305][575]LogModuleManager: Shutting down and abandoning module FunctionalTesting (196)
[2017.10.17-21.48.53:305][575]LogModuleManager: Shutting down and abandoning module CollisionAnalyzer (194)
[2017.10.17-21.48.53:305][575]LogModuleManager: Shutting down and abandoning module UMG (192)
[2017.10.17-21.48.53:305][575]LogModuleManager: Shutting down and abandoning module UMGEditor (191)
[2017.10.17-21.48.53:305][575]LogModuleManager: Shutting down and abandoning module Sequencer (190)
[2017.10.17-21.48.53:305][575]LogModuleManager: Shutting down and abandoning module AssetTools (188)
[2017.10.17-21.48.53:306][575]LogModuleManager: Shutting down and abandoning module MessageLog (187)
[2017.10.17-21.48.53:306][575]LogModuleManager: Shutting down and abandoning module WorkspaceMenuStructure (186)
[2017.10.17-21.48.53:306][575]LogModuleManager: Shutting down and abandoning module SlateReflector (180)
[2017.10.17-21.48.53:306][575]LogModuleManager: Shutting down and abandoning module Slate (178)
[2017.10.17-21.48.53:306][575]LogModuleManager: Shutting down and abandoning module EditorStyle (176)
[2017.10.17-21.48.53:308][575]LogModuleManager: Shutting down and abandoning module SourceCodeAccess (174)
[2017.10.17-21.48.53:308][575]LogModuleManager: Shutting down and abandoning module HeadMountedDisplay (172)
[2017.10.17-21.48.53:308][575]LogModuleManager: Shutting down and abandoning module XAudio2 (170)
[2017.10.17-21.48.53:308][575]LogModuleManager: Shutting down and abandoning module Networking (168)
[2017.10.17-21.48.53:308][575]LogModuleManager: Shutting down and abandoning module Core (164)
[2017.10.17-21.48.53:308][575]LogModuleManager: Shutting down and abandoning module AssetRegistry (162)
[2017.10.17-21.48.53:482][575]LogDirectoryWatcher: A directory notification for '../../../Engine/Content/' was aborted.
[2017.10.17-21.48.53:482][575]LogDirectoryWatcher: A directory notification for 'D:/ProjectInferno/ProjectInferno/Content/' was aborted.
[2017.10.17-21.48.53:482][575]LogDirectoryWatcher: A directory notification for '../../../Engine/Plugins/2D/Paper2D/Content/' was aborted.
[2017.10.17-21.48.53:482][575]LogDirectoryWatcher: A directory notification for '../../../Engine/Plugins/Runtime/GearVR/Content/' was aborted.
[2017.10.17-21.48.53:484][575]LogModuleManager: Shutting down and abandoning module DirectoryWatcher (161)
[2017.10.17-21.48.53:484][575]LogModuleManager: Shutting down and abandoning module KismetCompiler (158)
[2017.10.17-21.48.53:484][575]LogModuleManager: Shutting down and abandoning module PhysXFormats (156)
[2017.10.17-21.48.53:484][575]LogModuleManager: Shutting down and abandoning module MeshUtilities (154)
[2017.10.17-21.48.53:484][575]LogModuleManager: Shutting down and abandoning module SimplygonSwarm (153)
[2017.10.17-21.48.53:484][575]LogModuleManager: Shutting down and abandoning module SimplygonMeshReduction (151)
[2017.10.17-21.48.53:484][575]LogModuleManager: Shutting down and abandoning module QuadricMeshReduction (149)
[2017.10.17-21.48.53:484][575]LogModuleManager: Shutting down and abandoning module LevelSequence (146)
[2017.10.17-21.48.53:484][575]LogModuleManager: Shutting down and abandoning module DerivedDataCache (144)
[2017.10.17-21.48.53:576][575]LogDerivedDataCache: Shutdown
[2017.10.17-21.48.53:576][575]LogModuleManager: Shutting down and abandoning module TargetPlatform (142)
[2017.10.17-21.48.53:576][575]LogModuleManager: Shutting down and abandoning module VulkanShaderFormat (141)
[2017.10.17-21.48.53:576][575]LogModuleManager: Shutting down and abandoning module ShaderFormatVectorVM (139)
[2017.10.17-21.48.53:579][575]LogModuleManager: Shutting down and abandoning module ShaderFormatOpenGL (137)
[2017.10.17-21.48.53:580][575]LogModuleManager: Shutting down and abandoning module ShaderFormatD3D (135)
[2017.10.17-21.48.53:580][575]LogModuleManager: Shutting down and abandoning module MetalShaderFormat (133)
[2017.10.17-21.48.53:580][575]LogModuleManager: Shutting down and abandoning module TextureFormatUncompressed (131)
[2017.10.17-21.48.53:580][575]LogModuleManager: Shutting down and abandoning module TextureFormatPVR (129)
[2017.10.17-21.48.53:580][575]LogModuleManager: Shutting down and abandoning module TextureFormatDXT (127)
[2017.10.17-21.48.53:580][575]LogModuleManager: Shutting down and abandoning module TextureFormatIntelISPCTexComp (125)
[2017.10.17-21.48.53:580][575]LogModuleManager: Shutting down and abandoning module TextureFormatASTC (123)
[2017.10.17-21.48.53:580][575]LogModuleManager: Shutting down and abandoning module ImageWrapper (122)
[2017.10.17-21.48.53:580][575]LogModuleManager: Shutting down and abandoning module TextureFormatAndroid (119)
[2017.10.17-21.48.53:580][575]LogModuleManager: Shutting down and abandoning module AudioFormatOpus (117)
[2017.10.17-21.48.53:580][575]LogModuleManager: Shutting down and abandoning module AudioFormatOgg (115)
[2017.10.17-21.48.53:580][575]LogModuleManager: Shutting down and abandoning module AudioFormatADPCM (113)
[2017.10.17-21.48.53:580][575]LogModuleManager: Shutting down and abandoning module LinuxTargetPlatform (111)
[2017.10.17-21.48.53:580][575]LogModuleManager: Shutting down and abandoning module LinuxServerTargetPlatform (109)
[2017.10.17-21.48.53:580][575]LogModuleManager: Shutting down and abandoning module LinuxNoEditorTargetPlatform (107)
[2017.10.17-21.48.53:580][575]LogModuleManager: Shutting down and abandoning module LinuxClientTargetPlatform (105)
[2017.10.17-21.48.53:580][575]LogModuleManager: Shutting down and abandoning module TVOSTargetPlatform (103)
[2017.10.17-21.48.53:580][575]LogModuleManager: Shutting down and abandoning module Messaging (101)
[2017.10.17-21.48.53:580][575]LogModuleManager: Shutting down and abandoning module IOSTargetPlatform (99)
[2017.10.17-21.48.53:580][575]LogModuleManager: Shutting down and abandoning module HTML5TargetPlatform (97)
[2017.10.17-21.48.53:580][575]LogModuleManager: Shutting down and abandoning module Android_PVRTCTargetPlatform (95)
[2017.10.17-21.48.53:580][575]LogModuleManager: Shutting down and abandoning module Android_MultiTargetPlatform (93)
[2017.10.17-21.48.53:581][575]LogModuleManager: Shutting down and abandoning module Android_ETC2TargetPlatform (91)
[2017.10.17-21.48.53:581][575]LogModuleManager: Shutting down and abandoning module Android_ETC1TargetPlatform (89)
[2017.10.17-21.48.53:581][575]LogModuleManager: Shutting down and abandoning module Android_DXTTargetPlatform (87)
[2017.10.17-21.48.53:581][575]LogModuleManager: Shutting down and abandoning module Android_ATCTargetPlatform (85)
[2017.10.17-21.48.53:581][575]LogModuleManager: Shutting down and abandoning module Android_ASTCTargetPlatform (83)
[2017.10.17-21.48.53:581][575]LogModuleManager: Shutting down and abandoning module AndroidTargetPlatform (81)
[2017.10.17-21.48.53:581][575]LogModuleManager: Shutting down and abandoning module WindowsTargetPlatform (79)
[2017.10.17-21.48.53:581][575]LogModuleManager: Shutting down and abandoning module WindowsServerTargetPlatform (77)
[2017.10.17-21.48.53:581][575]LogModuleManager: Shutting down and abandoning module WindowsNoEditorTargetPlatform (75)
[2017.10.17-21.48.53:581][575]LogModuleManager: Shutting down and abandoning module WindowsClientTargetPlatform (73)
[2017.10.17-21.48.53:581][575]LogModuleManager: Shutting down and abandoning module MacTargetPlatform (71)
[2017.10.17-21.48.53:581][575]LogModuleManager: Shutting down and abandoning module MacServerTargetPlatform (69)
[2017.10.17-21.48.53:581][575]LogModuleManager: Shutting down and abandoning module MacNoEditorTargetPlatform (67)
[2017.10.17-21.48.53:581][575]LogModuleManager: Shutting down and abandoning module MacClientTargetPlatform (65)
[2017.10.17-21.48.53:581][575]LogModuleManager: Shutting down and abandoning module AllDesktopTargetPlatform (63)
[2017.10.17-21.48.53:581][575]LogModuleManager: Shutting down and abandoning module InputCore (60)
[2017.10.17-21.48.53:581][575]LogModuleManager: Shutting down and abandoning module Settings (58)
[2017.10.17-21.48.53:581][575]LogModuleManager: Shutting down and abandoning module OculusRift (56)
[2017.10.17-21.48.53:581][575]LogModuleManager: Shutting down and abandoning module GearVRController (54)
[2017.10.17-21.48.53:581][575]LogModuleManager: Shutting down and abandoning module GearVR (52)
[2017.10.17-21.48.53:581][575]LogModuleManager: Shutting down and abandoning module ExampleDeviceProfileSelector (50)
[2017.10.17-21.48.53:581][575]LogModuleManager: Shutting down and abandoning module OnlineBlueprintSupport (48)
[2017.10.17-21.48.53:581][575]LogModuleManager: Shutting down and abandoning module OnlineSubsystem (44)
[2017.10.17-21.48.53:581][575]LogOnline:Display: Unloading online subsystem: NULL
[2017.10.17-21.48.53:582][575]LogModuleManager: Shutting down and abandoning module XMPP (43)
[2017.10.17-21.48.53:582][575]LogModuleManager: Shutting down and abandoning module HTTP (41)
[2017.10.17-21.48.53:582][575]LogHttp:Display: Http module shutting down, but needs to wait on 1 outstanding Http requests:
[2017.10.17-21.48.53:582][575]LogHttp:Display: 	verb=[POST] url=[https://datarouter.ol.epicgames.com/datarouter/api/v1/public/data?SessionID=%7B3E948D6D-42E5-A3A7-8E09-A895C29C15DE%7D&AppID=UEEditor.Rocket.Release&AppVersion=4.16.0-3452394%2B%2B%2BUE4%2BRelease-4.16&UserID=42ed91f945ef5fec679bcc8cf2d62b6e%7Ce67724c06ae34bcab9b8bfae92f27281%7C5856b343-0bb1-4fd2-98d9-8fd0986d7c57&AppEnvironment=datacollector-binary&UploadType=eteventstream] status=Processing
[2017.10.17-21.48.53:603][575]LogModuleManager: Shutting down and abandoning module SSL (40)
[2017.10.17-21.48.53:604][575]LogModuleManager: Shutting down and abandoning module HTTPChunkInstaller (36)
[2017.10.17-21.48.53:605][575]LogModuleManager: Shutting down and abandoning module AnimationModifiers (34)
[2017.10.17-21.48.53:605][575]LogModuleManager: Shutting down and abandoning module PropertyEditor (33)
[2017.10.17-21.48.53:605][575]LogModuleManager: Shutting down and abandoning module AudioEditor (30)
[2017.10.17-21.48.53:605][575]LogModuleManager: Shutting down and abandoning module TextureCompressor (28)
[2017.10.17-21.48.53:605][575]LogModuleManager: Shutting down and abandoning module ShaderCore (26)
[2017.10.17-21.48.53:605][575]LogModuleManager: Shutting down and abandoning module Landscape (24)
[2017.10.17-21.48.53:605][575]LogModuleManager: Shutting down and abandoning module SlateRHIRenderer (22)
[2017.10.17-21.48.53:607][575]LogModuleManager: Shutting down and abandoning module OpenGLDrv (20)
[2017.10.17-21.48.53:607][575]LogModuleManager: Shutting down and abandoning module D3D11RHI (18)
[2017.10.17-21.48.53:607][575]LogModuleManager: Shutting down and abandoning module AnimGraphRuntime (16)
[2017.10.17-21.48.53:607][575]LogModuleManager: Shutting down and abandoning module Renderer (14)
[2017.10.17-21.48.53:607][575]LogModuleManager: Shutting down and abandoning module Engine (12)
[2017.10.17-21.48.53:607][575]LogModuleManager: Shutting down and abandoning module CoreUObject (10)
[2017.10.17-21.48.53:607][575]LogModuleManager: Shutting down and abandoning module NetworkFile (8)
[2017.10.17-21.48.53:607][575]LogModuleManager: Shutting down and abandoning module StreamingFile (6)
[2017.10.17-21.48.53:607][575]LogModuleManager: Shutting down and abandoning module SandboxFile (4)
[2017.10.17-21.48.53:607][575]LogModuleManager: Shutting down and abandoning module PakFile (2)
[2017.10.17-21.48.53:609][575]LogExit: Exiting.
[2017.10.17-21.48.53:617][575]Log file closed, 10/17/17 16:48:53
