Log file open, 10/17/17 15:01:56
LogInit:Display: Running engine for game: ProjectInferno
LogPlatformFile: Not using cached read wrapper
LogInit:Display: RandInit(679776954) SRandInit(679776954).
LogTaskGraph: Started task graph with 5 named threads and 8 total threads with 1 sets of task threads.
LogStats: Stats thread started at 0.419474
LogInit: Using libcurl 7.47.1
LogInit:  - built for x86_64-pc-win32
LogInit:  - supports SSL with OpenSSL/1.0.2g
LogInit:  - supports HTTP deflate (compression) using libz 1.2.8
LogInit:  - other features:
LogInit:      CURL_VERSION_SSL
LogInit:      CURL_VERSION_LIBZ
LogInit:      CURL_VERSION_IPV6
LogInit:      CURL_VERSION_ASYNCHDNS
LogInit:      CURL_VERSION_LARGEFILE
LogInit:      CURL_VERSION_IDN
LogInit:  CurlRequestOptions (configurable via config and command line):
LogInit:  - bVerifyPeer = false  - Libcurl will NOT verify peer certificate
LogInit:  - bUseHttpProxy = false  - Libcurl will NOT use HTTP proxy
LogInit:  - bDontReuseConnections = false  - Libcurl will reuse connections
LogInit:  - CertBundlePath = nullptr  - Libcurl will use whatever was configured at build time.
LogInit: Build: ++UE4+Release-4.16-CL-3452394
LogInit: Engine Version: 4.16.0-3452394+++UE4+Release-4.16
LogInit: Compatible Engine Version: 4.16.0-3452394+++UE4+Release-4.16
LogInit: Net CL: 3452394
LogDevObjectVersion: Number of dev versions registered: 16
LogDevObjectVersion:   Dev-Blueprints (B0D832E4-1F89-4F0D-ACCF-7EB736FD4AA2): 9
LogDevObjectVersion:   Dev-Build (E1C64328-A22C-4D53-A36C-8E866417BD8C): 0
LogDevObjectVersion:   Dev-Core (375EC13C-06E4-48FB-B500-84F0262A717E): 2
LogDevObjectVersion:   Dev-Editor (E4B068ED-F494-42E9-A231-DA0B2E46BB41): 17
LogDevObjectVersion:   Dev-Framework (CFFC743F-43B0-4480-9391-14DF171D2073): 23
LogDevObjectVersion:   Dev-Mobile (B02B49B5-BB20-44E9-A304-32B752E40360): 0
LogDevObjectVersion:   Dev-Networking (A4E4105C-59A1-49B5-A7C5-40C4547EDFEE): 0
LogDevObjectVersion:   Dev-Online (39C831C9-5AE6-47DC-9A44-9C173E1C8E7C): 0
LogDevObjectVersion:   Dev-Physics (78F01B33-EBEA-4F98-B9B4-84EACCB95AA2): 0
LogDevObjectVersion:   Dev-Platform (6631380F-2D4D-43E0-8009-CF276956A95A): 0
LogDevObjectVersion:   Dev-Rendering (12F88B9F-8875-4AFC-A67C-D90C383ABD29): 15
LogDevObjectVersion:   Dev-Sequencer (7B5AE74C-D270-4C10-A958-57980B212A5A): 4
LogDevObjectVersion:   Dev-VR (D7296918-1DD6-4BDD-9DE2-64A83CC13884): 0
LogDevObjectVersion:   Dev-LoadTimes (C2A15278-BFE7-4AFE-6C17-90FF531DF755): 1
LogDevObjectVersion:   Private-Geometry (6EACA3D4-40EC-4CC1-B786-8BED09428FC5): 1
LogDevObjectVersion:   Dev-AnimPhys (29E575DD-E0A3-4627-9D10-D276232CDCEA): 3
LogInit: Compiled (64-bit): May 22 2017 17:47:00
LogInit: Compiled with Visual C++: 19.00.23026.00
LogInit: Build Configuration: Development
LogInit: Branch Name: ++UE4+Release-4.16
LogInit: Command line:  
LogInit: Base directory: C:/Program Files (x86)/Epic Games/4.16/Engine/Binaries/Win64/
LogInit: Installed Engine Build: 1
LogInit: Presizing for max 8388607 objects, including 0 objects not considered by GC, pre-allocating 0 bytes for permanent pool.
LogInit: Object subsystem initialized
[2017.10.17-20.01.57:089][  0]LogInit: Selected Device Profile: [Windows]
[2017.10.17-20.01.57:089][  0]LogInit: Applying CVar settings loaded from the selected device profile: [Windows]
[2017.10.17-20.01.57:120][  0]LogInit: Computer: T248-16
[2017.10.17-20.01.57:120][  0]LogInit: User: student
[2017.10.17-20.01.57:120][  0]LogInit: CPU Page size=4096, Cores=4
[2017.10.17-20.01.57:120][  0]LogInit: High frequency timer resolution =3.507587 MHz
[2017.10.17-20.01.57:120][  0]LogMemory: Memory total: Physical=15.9GB (16GB approx)
[2017.10.17-20.01.57:120][  0]LogMemory: Platform Memory Stats for Windows
[2017.10.17-20.01.57:120][  0]LogMemory: Process Physical Memory: 275.84 MB used, 275.84 MB peak
[2017.10.17-20.01.57:120][  0]LogMemory: Process Virtual Memory: 263.75 MB used, 263.75 MB peak
[2017.10.17-20.01.57:120][  0]LogMemory: Physical Memory: 2643.70 MB used,  13679.47 MB free, 16323.18 MB total
[2017.10.17-20.01.57:120][  0]LogMemory: Virtual Memory: 629.34 MB used,  13679.47 MB free, 8388608.00 MB total
[2017.10.17-20.01.57:371][  0]LogInit: Using OS detected language (en-US).
[2017.10.17-20.01.57:371][  0]LogInit: Using OS detected locale (en-US).
[2017.10.17-20.01.57:415][  0]LogTextLocalizationManager: No specific localization for 'en-US' exists, so the 'en' localization will be used.
[2017.10.17-20.01.59:411][  0]LogD3D11RHI: D3D11 adapters:
[2017.10.17-20.01.59:428][  0]LogD3D11RHI:    0. 'NVIDIA Quadro K2000' (Feature Level 11_0)
[2017.10.17-20.01.59:428][  0]LogD3D11RHI:       1989/0/7905 MB DedicatedVideo/DedicatedSystem/SharedSystem, Outputs:1, VendorId:0x10de
[2017.10.17-20.01.59:428][  0]LogD3D11RHI: Chosen D3D11 Adapter: 0
[2017.10.17-20.01.59:431][  0]LogD3D11RHI: Creating new Direct3DDevice
[2017.10.17-20.01.59:431][  0]LogD3D11RHI:     GPU DeviceId: 0xffe (for the marketing name, search the web for "GPU Device Id")
[2017.10.17-20.01.59:431][  0]LogWindows: EnumDisplayDevices:
[2017.10.17-20.01.59:431][  0]LogWindows:    0. 'NVIDIA Quadro K2000' (P:1 D:1)
[2017.10.17-20.01.59:431][  0]LogWindows:    1. 'NVIDIA Quadro K2000' (P:0 D:0)
[2017.10.17-20.01.59:431][  0]LogWindows:    2. 'NVIDIA Quadro K2000' (P:0 D:0)
[2017.10.17-20.01.59:431][  0]LogWindows:    3. 'NVIDIA Quadro K2000' (P:0 D:0)
[2017.10.17-20.01.59:431][  0]LogWindows:    4. 'RDPDD Chained DD' (P:0 D:0)
[2017.10.17-20.01.59:431][  0]LogWindows:    5. 'RDP Encoder Mirror Driver' (P:0 D:0)
[2017.10.17-20.01.59:431][  0]LogWindows:    6. 'RDP Reflector Display Driver' (P:0 D:0)
[2017.10.17-20.01.59:431][  0]LogWindows: DebugString: GetVideoDriverDetailsInvalid PrimaryIsNotTheChoosenAdapter GetVideoDriverDetailsInvalid PrimaryIsNotTheChoosenAdapter GetVideoDriverDetailsInvalid PrimaryIsNotTheChoosenAdapter FoundDriverCount:4 
[2017.10.17-20.01.59:431][  0]LogD3D11RHI:     Adapter Name: NVIDIA Quadro K2000
[2017.10.17-20.01.59:432][  0]LogD3D11RHI:   Driver Version: 376.62 (internal:21.21.13.7662, unified:376.62)
[2017.10.17-20.01.59:432][  0]LogD3D11RHI:      Driver Date: 1-10-2017
[2017.10.17-20.01.59:432][  0]LogRHI: Texture pool is 1361 MB (70% of 1945 MB)
[2017.10.17-20.01.59:507][  0]LogD3D11RHI: Async texture creation enabled
[2017.10.17-20.01.59:532][  0]LogD3D11RHI: GPU Timing Frequency: 1000.000000 (Debug: 2 2)
[2017.10.17-20.01.59:584][  0]LogShaderCompilers: Guid format shader working directory is 16 characters bigger than the processId version (D:/ProjectInferno/ProjectInferno/Intermediate/Shaders/WorkingDirectory/5556/).
[2017.10.17-20.01.59:584][  0]LogShaderCompilers: Cleaned the shader compiler working directory 'C:/Users/student/AppData/Local/Temp/UnrealShaderWorkingDir/511370C64DC0115A2EC43D8E3EAF66A8/'.
[2017.10.17-20.01.59:584][  0]LogShaderCompilers:Display: Using Local Shader Compiler.
[2017.10.17-20.02.02:162][  0]LogTemp:Display: Loaded TP AllDesktopTargetPlatform
[2017.10.17-20.02.02:197][  0]LogTemp:Display: Loaded TP MacClientTargetPlatform
[2017.10.17-20.02.02:233][  0]LogTemp:Display: Loaded TP MacNoEditorTargetPlatform
[2017.10.17-20.02.02:267][  0]LogTemp:Display: Loaded TP MacServerTargetPlatform
[2017.10.17-20.02.02:308][  0]LogTemp:Display: Loaded TP MacTargetPlatform
[2017.10.17-20.02.02:342][  0]LogTemp:Display: Loaded TP WindowsClientTargetPlatform
[2017.10.17-20.02.02:377][  0]LogTemp:Display: Loaded TP WindowsNoEditorTargetPlatform
[2017.10.17-20.02.02:412][  0]LogTemp:Display: Loaded TP WindowsServerTargetPlatform
[2017.10.17-20.02.02:445][  0]LogTemp:Display: Loaded TP WindowsTargetPlatform
[2017.10.17-20.02.02:481][  0]LogTemp:Display: Loaded TP AndroidTargetPlatform
[2017.10.17-20.02.02:514][  0]LogTemp:Display: Loaded TP Android_ASTCTargetPlatform
[2017.10.17-20.02.02:549][  0]LogTemp:Display: Loaded TP Android_ATCTargetPlatform
[2017.10.17-20.02.02:582][  0]LogTemp:Display: Loaded TP Android_DXTTargetPlatform
[2017.10.17-20.02.02:616][  0]LogTemp:Display: Loaded TP Android_ETC1TargetPlatform
[2017.10.17-20.02.02:650][  0]LogTemp:Display: Loaded TP Android_ETC2TargetPlatform
[2017.10.17-20.02.02:718][  0]LogTemp:Display: Loaded TP Android_MultiTargetPlatform
[2017.10.17-20.02.02:718][  0]LogTemp:Display: Loaded TP Android_PVRTCTargetPlatform
[2017.10.17-20.02.02:743][  0]LogTemp:Display: Loaded TP HTML5TargetPlatform
[2017.10.17-20.02.02:837][  0]LogTemp:Display: Loaded TP IOSTargetPlatform
[2017.10.17-20.02.02:857][  0]LogTemp:Display: Loaded TP TVOSTargetPlatform
[2017.10.17-20.02.02:891][  0]LogTemp:Display: Loaded TP LinuxClientTargetPlatform
[2017.10.17-20.02.02:924][  0]LogTemp:Display: Loaded TP LinuxNoEditorTargetPlatform
[2017.10.17-20.02.02:957][  0]LogTemp:Display: Loaded TP LinuxServerTargetPlatform
[2017.10.17-20.02.02:997][  0]LogTemp:Display: Loaded TP LinuxTargetPlatform
[2017.10.17-20.02.02:997][  0]LogTargetPlatformManager:Display: Building Assets For Windows
[2017.10.17-20.02.03:577][  0]LogDerivedDataCache:Display: Max Cache Size: 512 MB
[2017.10.17-20.02.03:577][  0]LogDerivedDataCache:Display: Starting with empty Boot cache
[2017.10.17-20.02.03:578][  0]LogDerivedDataCache: FDerivedDataBackendGraph:  Pak pak cache file D:/ProjectInferno/ProjectInferno/DerivedDataCache/DDC.ddp not found, will not use a pak cache.
[2017.10.17-20.02.03:578][  0]LogDerivedDataCache: Unable to find inner node Pak for hierarchical cache Hierarchy.
[2017.10.17-20.02.03:578][  0]LogDerivedDataCache: FDerivedDataBackendGraph:  CompressedPak pak cache file D:/ProjectInferno/ProjectInferno/DerivedDataCache/Compressed.ddp not found, will not use a pak cache.
[2017.10.17-20.02.03:578][  0]LogDerivedDataCache: Unable to find inner node CompressedPak for hierarchical cache Hierarchy.
[2017.10.17-20.02.03:600][  0]LogDerivedDataCache:Display: Pak cache opened for reading ../../../Engine/DerivedDataCache/Compressed.ddp.
[2017.10.17-20.02.03:611][  0]LogDerivedDataCache: Using Local data cache path C:/Users/student/AppData/Local/UnrealEngine/Common/DerivedDataCache: Writable
[2017.10.17-20.02.03:634][  0]LogMaterial: Verifying Global Shaders for PCD3D_SM5
[2017.10.17-20.02.03:637][  0]LogSlate: Using Freetype 2.6.0
[2017.10.17-20.02.03:648][  0]LogSlate: SlateFontCache - WITH_FREETYPE: 1, WITH_HARFBUZZ: 1
[2017.10.17-20.02.03:648][  0]LogSlate: SlateFontCache - WITH_FREETYPE: 1, WITH_HARFBUZZ: 1
[2017.10.17-20.02.06:179][  0]LogInit: Selected Device Profile: [Windows]
[2017.10.17-20.02.06:188][  0]LogContentStreaming: Texture pool size is 0.00 MB
[2017.10.17-20.02.06:465][  0]LogMeshUtilities: Using QuadricMeshReduction for automatic static mesh reduction
[2017.10.17-20.02.06:500][  0]LogSimplygon: Simplygon DLL not present - disabling.
[2017.10.17-20.02.06:533][  0]LogMeshUtilities: Using SimplygonSwarm for distributed automatic mesh merging
[2017.10.17-20.02.06:533][  0]LogMeshUtilities: No automatic skeletal mesh reduction module available
[2017.10.17-20.02.06:533][  0]LogMeshUtilities: No automatic mesh merging module available
[2017.10.17-20.02.07:680][  0]LogNetVersion: ProjectInferno , NetCL: 3452394, EngineNetVer: 2, GameNetVer: 0 (Checksum: 3145596337)
[2017.10.17-20.02.07:759][  0]LogAssetRegistry: FAssetRegistry took 0.0267 seconds to start up
[2017.10.17-20.02.07:800][  0]LogPackageLocalizationCache: Processed 4 localized package path(s) for 2 prioritized culture(s) in 0.025020 seconds
[2017.10.17-20.02.07:806][  0]LogUObjectArray: 34194 objects as part of root set at end of initial load.
[2017.10.17-20.02.07:806][  0]LogUObjectAllocator: 7260424 out of 0 bytes used by permanent object pool.
[2017.10.17-20.02.07:806][  0]LogUObjectArray: CloseDisregardForGC: 0/0 objects in disregard for GC pool
[2017.10.17-20.02.07:849][  0]LogInit: WinSock: version 1.1 (2.2), MaxSocks=32767, MaxUdp=65467
[2017.10.17-20.02.10:981][  0]LogTcpMessaging: Initializing TcpMessaging bridge
[2017.10.17-20.02.11:009][  0]LogUdpMessaging: Initializing bridge on interface 0.0.0.0:0 to multicast group 230.0.0.1:6666.
[2017.10.17-20.02.11:477][  0]LogMaterial: Uniform references updated for custom material expression Custom.
[2017.10.17-20.02.11:869][  0]SourceControl: Info Source control is disabled
[2017.10.17-20.02.11:870][  0]SourceControl: Info Source control is disabled
[2017.10.17-20.02.11:904][  0]SourceControl: Info Source control is disabled
[2017.10.17-20.02.11:936][  0]SourceControl: Info Source control is disabled
[2017.10.17-20.02.12:408][  0]LogAndroidPermission: UAndroidPermissionCallbackProxy::GetInstance
[2017.10.17-20.02.12:844][  0]LogEngine: Initializing Engine...
[2017.10.17-20.02.12:845][  0]LogHMD: Failed to initialize OpenVR with code 110
[2017.10.17-20.02.13:285][  0]LogStats: UGameplayTagsManager::ConstructGameplayTagTree: Construct from data asset -  0.000 s
[2017.10.17-20.02.13:285][  0]LogStats: UGameplayTagsManager::ConstructGameplayTagTree: GameplayTagTreeChangedEvent.Broadcast -  0.000 s
[2017.10.17-20.02.13:384][  0]LogAIModule: Creating AISystem for world Untitled
[2017.10.17-20.02.13:394][  0]LogInit: XAudio2 using 'Speakers (High Definition Audio Device)' : 2 channels at 44.1 kHz using 16 bits per sample (channel mask 0x3)
[2017.10.17-20.02.13:416][  0]LogInit: FAudioDevice initialized.
[2017.10.17-20.02.13:446][  0]LogDerivedDataCache: Saved boot cache 0.03s 90MB C:/Users/student/AppData/Local/UnrealEngine/4.16/DerivedDataCache/Boot.ddc.
[2017.10.17-20.02.13:460][  0]LogInit: Texture streaming: Enabled
[2017.10.17-20.02.13:523][  0]LogEngineSessionManager: EngineSessionManager initialized
[2017.10.17-20.02.13:721][  0]LogInit: Transaction tracking system initialized
[2017.10.17-20.02.13:961][  0]BlueprintLog: New page: Editor Load
[2017.10.17-20.02.14:684][  0]LocalizationService: Info Localization service is disabled
[2017.10.17-20.02.15:201][  0]LogConsoleResponse:Display: 
[2017.10.17-20.02.15:500][  0]LogCook:Display: Max memory allowance for cook 16384mb min free memory 0mb
[2017.10.17-20.02.15:500][  0]LogCook:Display: Mobile HDR setting 1
[2017.10.17-20.02.15:906][  0]LogFileCache: Scanning file cache for directory 'D:/ProjectInferno/ProjectInferno/Content/' took 0.02s
[2017.10.17-20.02.16:419][  0]SourceControl: Info Source control is disabled
[2017.10.17-20.02.16:421][  0]Cmd: MAP LOAD FILE="D:/ProjectInferno/ProjectInferno/Content/ZombieGame/Levels/Buildings.umap" TEMPLATE=0 SHOWPROGRESS=1 FEATURELEVEL=3
[2017.10.17-20.02.16:422][  0]LightingResults: New page: Lighting Build
[2017.10.17-20.02.16:458][  0]MapCheck: New page: Map Check
[2017.10.17-20.02.16:458][  0]LightingResults: New page: Lighting Build
[2017.10.17-20.02.17:667][  0]LogAIModule: Creating AISystem for world Buildings
[2017.10.17-20.02.17:686][  0]LogEditorServer: Finished looking for orphan Actors (0.000 secs)
[2017.10.17-20.02.17:705][  0]Cmd: MAP CHECKDEP NOCLEARLOG
[2017.10.17-20.02.17:741][  0]MapCheck: Info Map check complete: 0 Error(s), 0 Warning(s), took 36.568ms to complete.
[2017.10.17-20.02.17:741][  0]LogFileHelpers: Loading map 'Buildings' took 1.322
[2017.10.17-20.02.17:925][  0]LogCollectionManager: Loaded 0 collections in 0.002036 seconds
[2017.10.17-20.02.18:006][  0]LogFileCache: Scanning file cache for directory 'D:/ProjectInferno/ProjectInferno/Saved/Collections/' took 0.01s
[2017.10.17-20.02.18:006][  0]LogFileCache: Scanning file cache for directory 'D:/ProjectInferno/ProjectInferno/Content/Developers/student/Collections/' took 0.01s
[2017.10.17-20.02.18:006][  0]LogFileCache: Scanning file cache for directory 'D:/ProjectInferno/ProjectInferno/Content/Collections/' took 0.01s
[2017.10.17-20.02.18:006][  0]LogCollectionManager: Rebuilt the GUID cache for 0 collections in 0.000005 seconds
[2017.10.17-20.02.18:016][  0]LogContentBrowser: Native class hierarchy populated in 0.0095 seconds. Added 2329 classes and 491 folders.
[2017.10.17-20.02.18:068][  0]LogContentBrowser: Native class hierarchy updated for 'WidgetCarousel' in 0.0005 seconds. Added 0 classes and 0 folders.
[2017.10.17-20.02.18:370][  0]LogContentBrowser: Native class hierarchy updated for 'AddContentDialog' in 0.0007 seconds. Added 0 classes and 0 folders.
[2017.10.17-20.02.18:423][  0]LogContentBrowser: Native class hierarchy updated for 'SceneOutliner' in 0.0007 seconds. Added 1 classes and 2 folders.
[2017.10.17-20.02.18:511][  0]LogCrashTracker: Crashtracker disabled due to settings.
[2017.10.17-20.02.18:526][  0]LogSlate: Took 0.003590 seconds to synchronously load lazily loaded font '../../../Engine/Content/Slate/Fonts/Roboto-Regular.ttf' (155K)
[2017.10.17-20.02.18:533][  0]LogSlate: Took 0.004275 seconds to synchronously load lazily loaded font '../../../Engine/Content/Slate/Fonts/Roboto-Bold.ttf' (160K)
[2017.10.17-20.02.18:545][  0]LogSlate: Took 0.005100 seconds to synchronously load lazily loaded font '../../../Engine/Content/Editor/Slate/Fonts/FontAwesome.ttf' (139K)
[2017.10.17-20.02.18:709][  0]LogRenderer: Reallocating scene render targets to support 1208x652 NumSamples 1 (Frame:1).
[2017.10.17-20.02.18:993][  0]LogContentBrowser: Native class hierarchy updated for 'HierarchicalLODOutliner' in 0.0005 seconds. Added 1 classes and 2 folders.
[2017.10.17-20.02.18:993][  0]LogLoad: (Engine Initialization) Total time: 24.83 seconds
[2017.10.17-20.02.18:993][  0]LogLoad: (Engine Initialization) Total Blueprint compile time: 0.17 seconds
[2017.10.17-20.02.18:993][  0]LogExternalProfiler: Found external profiler: VSPerf
[2017.10.17-20.02.18:993][  0]LogExternalProfiler: Using external profiler: VSPerf
[2017.10.17-20.02.19:002][  0]LogOcInput: OculusInput pre-init called
[2017.10.17-20.02.19:002][  0]LogHMD: Starting GearVRController plugin
[2017.10.17-20.02.19:024][  0]LogContentStreaming: Texture pool size now 1000 MB
[2017.10.17-20.02.19:079][  0]LogSlate: Took 0.003967 seconds to synchronously load lazily loaded font '../../../Engine/Content/Slate/Fonts/Roboto-Light.ttf' (159K)
[2017.10.17-20.02.19:139][  1]LogAssetRegistry: Asset discovery search completed in 11.3998 seconds
[2017.10.17-20.02.19:141][  1]LogCollectionManager: Rebuilt the object cache for 0 collections in 0.000003 seconds (found 0 objects)
[2017.10.17-20.02.19:141][  1]LogCollectionManager: Fixed up redirectors for 0 collections in 0.000024 seconds (updated 0 objects)
[2017.10.17-20.02.20:888][ 85]LogSynthBenchmark:Display: FSynthBenchmark (V0.95):  requested WorkScale=5.00
[2017.10.17-20.02.20:889][ 85]LogSynthBenchmark:Display: ===============
[2017.10.17-20.02.20:889][ 85]LogSynthBenchmark:Display: Main Processor:
[2017.10.17-20.02.21:079][ 85]LogSynthBenchmark:Display:          ... 0.018366 s/Run 'RayIntersect'
[2017.10.17-20.02.21:079][ 85]LogSynthBenchmark:Display:          ... 0.019746 s/Run 'Fractal'
[2017.10.17-20.02.21:079][ 85]LogSynthBenchmark:Display: 
[2017.10.17-20.02.21:079][ 85]LogSynthBenchmark:Display:   CompiledTarget_x_Bits: 64
[2017.10.17-20.02.21:079][ 85]LogSynthBenchmark:Display:   UE_BUILD_SHIPPING: 0
[2017.10.17-20.02.21:079][ 85]LogSynthBenchmark:Display:   UE_BUILD_TEST: 0
[2017.10.17-20.02.21:079][ 85]LogSynthBenchmark:Display:   UE_BUILD_DEBUG: 0
[2017.10.17-20.02.21:079][ 85]LogSynthBenchmark:Display:   TotalPhysicalGBRam: 16
[2017.10.17-20.02.21:079][ 85]LogSynthBenchmark:Display:   NumberOfCores (physical): 4
[2017.10.17-20.02.21:079][ 85]LogSynthBenchmark:Display:   NumberOfCores (logical): 8
[2017.10.17-20.02.21:079][ 85]LogSynthBenchmark:Display:   CPU Perf Index 0: 139.4 (weight 1.00)
[2017.10.17-20.02.21:079][ 85]LogSynthBenchmark:Display:   CPU Perf Index 1: 144.8 (weight 1.50)
[2017.10.17-20.02.21:079][ 85]LogSynthBenchmark:Display:  
[2017.10.17-20.02.21:079][ 85]LogSynthBenchmark:Display: Graphics:
[2017.10.17-20.02.21:079][ 85]LogSynthBenchmark:Display:   Adapter Name: 'NVIDIA Quadro K2000'
[2017.10.17-20.02.21:079][ 85]LogSynthBenchmark:Display:   (On Optimus the name might be wrong, memory should be ok)
[2017.10.17-20.02.21:079][ 85]LogSynthBenchmark:Display:   Vendor Id: 0x10DE
[2017.10.17-20.02.21:079][ 85]LogSynthBenchmark:Display:   Device Id: 0xFFE
[2017.10.17-20.02.21:079][ 85]LogSynthBenchmark:Display:   Device Revision: 0xA1
[2017.10.17-20.02.21:079][ 85]LogSynthBenchmark:Display:   GPU Memory: 1990/0/7906 MB
[2017.10.17-20.02.21:195][ 85]LogSynthBenchmark:Display:   GPU first test: 0.07s
[2017.10.17-20.02.21:195][ 85]LogSynthBenchmark:Display:          ... 1.024 s/GigaPix, Confidence=100% 'ALUHeavyNoise' (likely to be very inaccurate)
[2017.10.17-20.02.21:195][ 85]LogSynthBenchmark:Display:          ... 1.651 s/GigaPix, Confidence=100% 'TexHeavy' (likely to be very inaccurate)
[2017.10.17-20.02.21:195][ 85]LogSynthBenchmark:Display:          ... 0.863 s/GigaPix, Confidence=100% 'DepTexHeavy' (likely to be very inaccurate)
[2017.10.17-20.02.21:195][ 85]LogSynthBenchmark:Display:          ... 4.595 s/GigaPix, Confidence=100% 'FillOnly' (likely to be very inaccurate)
[2017.10.17-20.02.21:195][ 85]LogSynthBenchmark:Display:          ... 0.210 s/GigaPix, Confidence=100% 'Bandwidth' (likely to be very inaccurate)
[2017.10.17-20.02.21:195][ 85]LogSynthBenchmark:Display:          ... 0.463 s/GigaVert, Confidence=100% 'VertThroughPut1' (likely to be very inaccurate)
[2017.10.17-20.02.21:195][ 85]LogSynthBenchmark:Display:          ... 0.796 s/GigaVert, Confidence=100% 'VertThroughPut2' (likely to be very inaccurate)
[2017.10.17-20.02.21:882][ 85]LogSynthBenchmark:Display:   GPU second test: 0.65s
[2017.10.17-20.02.21:882][ 85]LogSynthBenchmark:Display:          ... 1.093 s/GigaPix, Confidence=100% 'ALUHeavyNoise' (likely to be inaccurate)
[2017.10.17-20.02.21:882][ 85]LogSynthBenchmark:Display:          ... 1.850 s/GigaPix, Confidence=100% 'TexHeavy' (likely to be inaccurate)
[2017.10.17-20.02.21:882][ 85]LogSynthBenchmark:Display:          ... 0.909 s/GigaPix, Confidence=100% 'DepTexHeavy' (likely to be inaccurate)
[2017.10.17-20.02.21:882][ 85]LogSynthBenchmark:Display:          ... 6.178 s/GigaPix, Confidence=100% 'FillOnly' (likely to be inaccurate)
[2017.10.17-20.02.21:882][ 85]LogSynthBenchmark:Display:          ... 0.225 s/GigaPix, Confidence=100% 'Bandwidth' (likely to be inaccurate)
[2017.10.17-20.02.21:882][ 85]LogSynthBenchmark:Display:          ... 0.411 s/GigaVert, Confidence=100% 'VertThroughPut1' (likely to be inaccurate)
[2017.10.17-20.02.21:882][ 85]LogSynthBenchmark:Display:          ... 0.738 s/GigaVert, Confidence=100% 'VertThroughPut2' (likely to be inaccurate)
[2017.10.17-20.02.21:882][ 85]LogSynthBenchmark:Display:   GPU Final Results:
[2017.10.17-20.02.21:882][ 85]LogSynthBenchmark:Display:          ... 1.093 s/GigaPix, Confidence=100% 'ALUHeavyNoise'
[2017.10.17-20.02.21:882][ 85]LogSynthBenchmark:Display:          ... 1.850 s/GigaPix, Confidence=100% 'TexHeavy'
[2017.10.17-20.02.21:882][ 85]LogSynthBenchmark:Display:          ... 0.909 s/GigaPix, Confidence=100% 'DepTexHeavy'
[2017.10.17-20.02.21:882][ 85]LogSynthBenchmark:Display:          ... 6.178 s/GigaPix, Confidence=100% 'FillOnly'
[2017.10.17-20.02.21:882][ 85]LogSynthBenchmark:Display:          ... 0.225 s/GigaPix, Confidence=100% 'Bandwidth'
[2017.10.17-20.02.21:882][ 85]LogSynthBenchmark:Display:          ... 0.411 s/GigaVert, Confidence=100% 'VertThroughPut1'
[2017.10.17-20.02.21:882][ 85]LogSynthBenchmark:Display:          ... 0.738 s/GigaVert, Confidence=100% 'VertThroughPut2'
[2017.10.17-20.02.21:882][ 85]LogSynthBenchmark:Display: 
[2017.10.17-20.02.21:882][ 85]LogSynthBenchmark:Display:   GPU Perf Index 0: 23.7 (weight 1.00)
[2017.10.17-20.02.21:882][ 85]LogSynthBenchmark:Display:   GPU Perf Index 1: 24.8 (weight 0.10)
[2017.10.17-20.02.21:882][ 85]LogSynthBenchmark:Display:   GPU Perf Index 2: 23.6 (weight 0.10)
[2017.10.17-20.02.21:882][ 85]LogSynthBenchmark:Display:   GPU Perf Index 3: 24.3 (weight 3.00)
[2017.10.17-20.02.21:882][ 85]LogSynthBenchmark:Display:   GPU Perf Index 4: 21.0 (weight 1.00)
[2017.10.17-20.02.21:882][ 85]LogSynthBenchmark:Display:   GPU Perf Index 5: 26.8 (weight 0.00)
[2017.10.17-20.02.21:882][ 85]LogSynthBenchmark:Display:   GPU Perf Index 6: 41.7 (weight 0.00)
[2017.10.17-20.02.21:882][ 85]LogSynthBenchmark:Display:   CPUIndex: 142.7
[2017.10.17-20.02.21:882][ 85]LogSynthBenchmark:Display:   GPUIndex: 23.5
[2017.10.17-20.02.21:882][ 85]LogSynthBenchmark:Display: 
[2017.10.17-20.02.21:882][ 85]LogSynthBenchmark:Display:          ... Total Time: 0.993876 sec
[2017.10.17-20.03.46:234][269]Cmd: QUIT_EDITOR
[2017.10.17-20.03.46:256][269]LogExit: Preparing to exit.
[2017.10.17-20.03.47:149][269]LogExit: Editor shut down
[2017.10.17-20.03.47:151][269]LogExit: Transaction tracking system shut down
[2017.10.17-20.03.47:205][269]LogObj: Freed 0b from 0 cluster array pools.
[2017.10.17-20.03.47:205][269]LogExit: Object subsystem successfully closed.
[2017.10.17-20.03.47:222][269]LogD3D11RHI: Shutdown
[2017.10.17-20.03.47:222][269]LogD3D11RHI: CleanupD3DDevice
[2017.10.17-20.03.47:255][269]LogD3D11RHI: ~FD3D11DynamicRHI
[2017.10.17-20.03.47:268][269]LogModuleManager: Shutting down and abandoning module SynthBenchmark (526)
[2017.10.17-20.03.47:268][269]LogModuleManager: Shutting down and abandoning module HierarchicalLODOutliner (524)
[2017.10.17-20.03.47:268][269]LogModuleManager: Shutting down and abandoning module CrashTracker (522)
[2017.10.17-20.03.47:268][269]LogModuleManager: Shutting down and abandoning module SceneOutliner (520)
[2017.10.17-20.03.47:268][269]LogModuleManager: Shutting down and abandoning module AddContentDialog (518)
[2017.10.17-20.03.47:268][269]LogDirectoryWatcher: A directory notification for 'C:/Program Files (x86)/Epic Games/4.16/FeaturePacks/' was aborted.
[2017.10.17-20.03.47:268][269]LogModuleManager: Shutting down and abandoning module WidgetCarousel (517)
[2017.10.17-20.03.47:268][269]LogModuleManager: Shutting down and abandoning module EditorWidgets (514)
[2017.10.17-20.03.47:268][269]LogModuleManager: Shutting down and abandoning module CollectionManager (512)
[2017.10.17-20.03.47:268][269]LogDirectoryWatcher: A directory notification for 'D:/ProjectInferno/ProjectInferno/Content/Collections/' was aborted.
[2017.10.17-20.03.47:269][269]LogDirectoryWatcher: A directory notification for 'D:/ProjectInferno/ProjectInferno/Content/Developers/student/Collections/' was aborted.
[2017.10.17-20.03.47:269][269]LogDirectoryWatcher: A directory notification for 'D:/ProjectInferno/ProjectInferno/Saved/Collections/' was aborted.
[2017.10.17-20.03.47:269][269]LogModuleManager: Shutting down and abandoning module StatsViewer (510)
[2017.10.17-20.03.47:269][269]LogModuleManager: Shutting down and abandoning module FoliageEdit (508)
[2017.10.17-20.03.47:269][269]LogModuleManager: Shutting down and abandoning module LandscapeEditor (506)
[2017.10.17-20.03.47:269][269]LogModuleManager: Shutting down and abandoning module MeshPaintMode (504)
[2017.10.17-20.03.47:269][269]LogModuleManager: Shutting down and abandoning module SceneDepthPickerMode (502)
[2017.10.17-20.03.47:269][269]LogModuleManager: Shutting down and abandoning module ActorPickerMode (500)
[2017.10.17-20.03.47:269][269]LogModuleManager: Shutting down and abandoning module GeometryMode (498)
[2017.10.17-20.03.47:269][269]LogModuleManager: Shutting down and abandoning module TextureAlignMode (496)
[2017.10.17-20.03.47:269][269]LogModuleManager: Shutting down and abandoning module BspMode (494)
[2017.10.17-20.03.47:269][269]LogModuleManager: Shutting down and abandoning module HardwareSurvey (492)
[2017.10.17-20.03.47:269][269]LogModuleManager: Shutting down and abandoning module SequenceRecorderSections (490)
[2017.10.17-20.03.47:269][269]LogModuleManager: Shutting down and abandoning module AutomationWorker (488)
[2017.10.17-20.03.47:269][269]LogModuleManager: Shutting down and abandoning module MatineeToLevelSequence (486)
[2017.10.17-20.03.47:269][269]LogModuleManager: Shutting down and abandoning module LevelSequenceEditor (484)
[2017.10.17-20.03.47:269][269]LogModuleManager: Shutting down and abandoning module PlacementMode (483)
[2017.10.17-20.03.47:270][269]LogModuleManager: Shutting down and abandoning module WmfMediaFactory (480)
[2017.10.17-20.03.47:270][269]LogModuleManager: Shutting down and abandoning module WmfMediaEditor (478)
[2017.10.17-20.03.47:270][269]LogModuleManager: Shutting down and abandoning module AvfMediaFactory (476)
[2017.10.17-20.03.47:270][269]LogModuleManager: Shutting down and abandoning module AvfMediaEditor (474)
[2017.10.17-20.03.47:270][269]LogModuleManager: Shutting down and abandoning module AndroidMediaFactory (472)
[2017.10.17-20.03.47:270][269]LogModuleManager: Shutting down and abandoning module Media (471)
[2017.10.17-20.03.47:270][269]LogModuleManager: Shutting down and abandoning module AndroidMediaEditor (468)
[2017.10.17-20.03.47:270][269]LogModuleManager: Shutting down and abandoning module CharacterAI (466)
[2017.10.17-20.03.47:270][269]LogModuleManager: Shutting down and abandoning module AudioCapture (464)
[2017.10.17-20.03.47:270][269]LogModuleManager: Shutting down and abandoning module SequenceRecorder (463)
[2017.10.17-20.03.47:270][269]LogModuleManager: Shutting down and abandoning module SmartSnapping (460)
[2017.10.17-20.03.47:270][269]LogModuleManager: Shutting down and abandoning module SessionServices (458)
[2017.10.17-20.03.47:270][269]LogModuleManager: Shutting down and abandoning module ViewportSnapping (456)
[2017.10.17-20.03.47:270][269]LogModuleManager: Shutting down and abandoning module ViewportInteraction (454)
[2017.10.17-20.03.47:270][269]LogModuleManager: Shutting down and abandoning module ClothPainter (452)
[2017.10.17-20.03.47:270][269]LogModuleManager: Shutting down and abandoning module LogVisualizer (450)
[2017.10.17-20.03.47:270][269]LogModuleManager: Shutting down and abandoning module IntroTutorials (448)
[2017.10.17-20.03.47:270][269]LogModuleManager: Shutting down and abandoning module GameProjectGeneration (447)
[2017.10.17-20.03.47:271][269]LogModuleManager: Shutting down and abandoning module EditorLiveStreaming (444)
[2017.10.17-20.03.47:271][269]LogModuleManager: Shutting down and abandoning module IOSPlatformEditor (442)
[2017.10.17-20.03.47:271][269]LogModuleManager: Shutting down and abandoning module HTML5PlatformEditor (440)
[2017.10.17-20.03.47:271][269]LogModuleManager: Shutting down and abandoning module AndroidPlatformEditor (438)
[2017.10.17-20.03.47:271][269]LogModuleManager: Shutting down and abandoning module AndroidDeviceDetection (437)
[2017.10.17-20.03.47:931][269]LogModuleManager: Shutting down and abandoning module IOSRuntimeSettings (434)
[2017.10.17-20.03.47:931][269]LogModuleManager: Shutting down and abandoning module AndroidRuntimeSettings (432)
[2017.10.17-20.03.47:931][269]LogModuleManager: Shutting down and abandoning module InputBindingEditor (430)
[2017.10.17-20.03.47:931][269]LogModuleManager: Shutting down and abandoning module MergeActors (428)
[2017.10.17-20.03.47:934][269]LogModuleManager: Shutting down and abandoning module SizeMap (426)
[2017.10.17-20.03.47:934][269]LogModuleManager: Shutting down and abandoning module TreeMap (424)
[2017.10.17-20.03.47:935][269]LogModuleManager: Shutting down and abandoning module ReferenceViewer (422)
[2017.10.17-20.03.47:935][269]LogModuleManager: Shutting down and abandoning module LocalizationDashboard (420)
[2017.10.17-20.03.47:935][269]LogModuleManager: Shutting down and abandoning module LocalizationService (419)
[2017.10.17-20.03.47:935][269]LogModuleManager: Shutting down and abandoning module HardwareTargeting (416)
[2017.10.17-20.03.47:935][269]LogModuleManager: Shutting down and abandoning module DeviceProfileEditor (414)
[2017.10.17-20.03.47:936][269]LogModuleManager: Shutting down and abandoning module UndoHistory (412)
[2017.10.17-20.03.47:936][269]LogModuleManager: Shutting down and abandoning module UserFeedback (410)
[2017.10.17-20.03.47:936][269]LogModuleManager: Shutting down and abandoning module XmlParser (408)
[2017.10.17-20.03.47:936][269]LogModuleManager: Shutting down and abandoning module Blutility (406)
[2017.10.17-20.03.47:936][269]LogModuleManager: Shutting down and abandoning module ProjectSettingsViewer (404)
[2017.10.17-20.03.47:936][269]LogModuleManager: Shutting down and abandoning module ProjectTargetPlatformEditor (403)
[2017.10.17-20.03.47:936][269]LogModuleManager: Shutting down and abandoning module EditorSettingsViewer (400)
[2017.10.17-20.03.47:936][269]LogModuleManager: Shutting down and abandoning module SettingsEditor (398)
[2017.10.17-20.03.47:936][269]LogModuleManager: Shutting down and abandoning module ProjectLauncher (396)
[2017.10.17-20.03.47:936][269]LogModuleManager: Shutting down and abandoning module SessionFrontend (394)
[2017.10.17-20.03.47:937][269]LogModuleManager: Shutting down and abandoning module ProfilerClient (392)
[2017.10.17-20.03.47:938][269]LogModuleManager: Shutting down and abandoning module DeviceManager (390)
[2017.10.17-20.03.47:938][269]LogModuleManager: Shutting down and abandoning module TargetDeviceServices (389)
[2017.10.17-20.03.47:988][269]LogModuleManager: Shutting down and abandoning module AutomationController (386)
[2017.10.17-20.03.47:988][269]LogModuleManager: Shutting down and abandoning module AutomationWindow (384)
[2017.10.17-20.03.47:989][269]LogModuleManager: Shutting down and abandoning module Layers (382)
[2017.10.17-20.03.47:990][269]LogModuleManager: Shutting down and abandoning module ComponentVisualizers (380)
[2017.10.17-20.03.47:990][269]LogModuleManager: Shutting down and abandoning module DetailCustomizations (378)
[2017.10.17-20.03.47:990][269]LogModuleManager: Shutting down and abandoning module PackagesDialog (376)
[2017.10.17-20.03.47:991][269]LogModuleManager: Shutting down and abandoning module Persona (374)
[2017.10.17-20.03.47:991][269]LogModuleManager: Shutting down and abandoning module AdvancedPreviewScene (373)
[2017.10.17-20.03.47:991][269]LogModuleManager: Shutting down and abandoning module AnimGraph (371)
[2017.10.17-20.03.47:991][269]LogModuleManager: Shutting down and abandoning module Kismet (368)
[2017.10.17-20.03.47:992][269]LogModuleManager: Shutting down and abandoning module ClassViewer (366)
[2017.10.17-20.03.47:992][269]LogModuleManager: Shutting down and abandoning module Toolbox (364)
[2017.10.17-20.03.47:992][269]LogModuleManager: Shutting down and abandoning module ModuleUI (362)
[2017.10.17-20.03.47:992][269]LogModuleManager: Shutting down and abandoning module MovieSceneTools (360)
[2017.10.17-20.03.47:992][269]LogModuleManager: Shutting down and abandoning module OutputLog (358)
[2017.10.17-20.03.47:992][269]LogModuleManager: Shutting down and abandoning module GammaUI (356)
[2017.10.17-20.03.47:993][269]LogModuleManager: Shutting down and abandoning module Documentation (354)
[2017.10.17-20.03.47:993][269]LogModuleManager: Shutting down and abandoning module MovieSceneTracks (352)
[2017.10.17-20.03.47:993][269]LogModuleManager: Shutting down and abandoning module MovieScene (350)
[2017.10.17-20.03.47:993][269]LogModuleManager: Shutting down and abandoning module Niagara (348)
[2017.10.17-20.03.47:993][269]LogModuleManager: Shutting down and abandoning module NiagaraEditor (347)
[2017.10.17-20.03.47:993][269]LogModuleManager: Shutting down and abandoning module StreamingPauseRendering (344)
[2017.10.17-20.03.47:993][269]LogModuleManager: Shutting down and abandoning module AnalyticsET (342)
[2017.10.17-20.03.47:993][269]LogModuleManager: Shutting down and abandoning module PortalServices (340)
[2017.10.17-20.03.47:993][269]LogModuleManager: Shutting down and abandoning module PortalRpc (338)
[2017.10.17-20.03.47:993][269]LogModuleManager: Shutting down and abandoning module MessagingRpc (336)
[2017.10.17-20.03.47:993][269]LogModuleManager: Shutting down and abandoning module AIModule (334)
[2017.10.17-20.03.47:993][269]LogModuleManager: Shutting down and abandoning module GameplayDebugger (333)
[2017.10.17-20.03.47:993][269]LogModuleManager: Shutting down and abandoning module AITestSuite (331)
[2017.10.17-20.03.47:993][269]LogModuleManager: Shutting down and abandoning module ProfilerService (328)
[2017.10.17-20.03.48:042][269]LogModuleManager: Shutting down and abandoning module TaskGraph (326)
[2017.10.17-20.03.48:043][269]LogModuleManager: Shutting down and abandoning module SteamVRController (324)
[2017.10.17-20.03.48:043][269]LogModuleManager: Shutting down and abandoning module SteamVR (322)
[2017.10.17-20.03.48:043][269]LogModuleManager: Shutting down and abandoning module ProceduralMeshComponentEditor (320)
[2017.10.17-20.03.48:043][269]LogModuleManager: Shutting down and abandoning module ProceduralMeshComponent (318)
[2017.10.17-20.03.48:043][269]LogModuleManager: Shutting down and abandoning module OculusLibrary (316)
[2017.10.17-20.03.48:043][269]LogModuleManager: Shutting down and abandoning module OculusInput (314)
[2017.10.17-20.03.48:043][269]LogModuleManager: Shutting down and abandoning module MobilePatchingUtils (312)
[2017.10.17-20.03.48:043][269]LogModuleManager: Shutting down and abandoning module CustomMeshComponent (310)
[2017.10.17-20.03.48:043][269]LogModuleManager: Shutting down and abandoning module CableComponent (308)
[2017.10.17-20.03.48:043][269]LogModuleManager: Shutting down and abandoning module ArchVisCharacter (306)
[2017.10.17-20.03.48:043][269]LogModuleManager: Shutting down and abandoning module AndroidPermission (304)
[2017.10.17-20.03.48:043][269]LogModuleManager: Shutting down and abandoning module MediaPlayerEditor (300)
[2017.10.17-20.03.48:044][269]LogModuleManager: Shutting down and abandoning module HTML5Networking (298)
[2017.10.17-20.03.48:044][269]LogModuleManager: Shutting down and abandoning module AlembicImporter (296)
[2017.10.17-20.03.48:044][269]LogModuleManager: Shutting down and abandoning module AlembicLibrary (295)
[2017.10.17-20.03.48:044][269]LogModuleManager: Shutting down and abandoning module GeometryCache (294)
[2017.10.17-20.03.48:044][269]LogModuleManager: Shutting down and abandoning module GeometryCacheEd (293)
[2017.10.17-20.03.48:044][269]LogModuleManager: Shutting down and abandoning module SuperSearchEditor (288)
[2017.10.17-20.03.48:044][269]LogModuleManager: Shutting down and abandoning module SuperSearch (287)
[2017.10.17-20.03.48:044][269]LogModuleManager: Shutting down and abandoning module SpeedTreeImporter (284)
[2017.10.17-20.03.48:044][269]LogModuleManager: Shutting down and abandoning module PluginBrowser (282)
[2017.10.17-20.03.48:044][269]LogModuleManager: Shutting down and abandoning module MobileLauncherProfileWizard (280)
[2017.10.17-20.03.48:045][269]LogModuleManager: Shutting down and abandoning module VisualStudioSourceCodeAccess (278)
[2017.10.17-20.03.48:045][269]LogModuleManager: Shutting down and abandoning module DesktopPlatform (277)
[2017.10.17-20.03.48:045][269]LogModuleManager: Shutting down and abandoning module UObjectPlugin (274)
[2017.10.17-20.03.48:045][269]LogModuleManager: Shutting down and abandoning module SubversionSourceControl (272)
[2017.10.17-20.03.48:045][269]LogModuleManager: Shutting down and abandoning module PerforceSourceControl (270)
[2017.10.17-20.03.48:045][269]LogModuleManager: Shutting down and abandoning module GitSourceControl (268)
[2017.10.17-20.03.48:045][269]LogModuleManager: Shutting down and abandoning module SourceControl (267)
[2017.10.17-20.03.48:045][269]LogModuleManager: Shutting down and abandoning module LightPropagationVolumeEditor (264)
[2017.10.17-20.03.48:045][269]LogModuleManager: Shutting down and abandoning module PaperTiledImporter (262)
[2017.10.17-20.03.48:045][269]LogModuleManager: Shutting down and abandoning module PaperSpriteSheetImporter (260)
[2017.10.17-20.03.48:045][269]LogModuleManager: Shutting down and abandoning module Paper2DEditor (258)
[2017.10.17-20.03.48:045][269]LogModuleManager: Shutting down and abandoning module MeshPaint (257)
[2017.10.17-20.03.48:046][269]LogModuleManager: Shutting down and abandoning module LevelEditor (255)
[2017.10.17-20.03.48:046][269]LogModuleManager: Shutting down and abandoning module PixelInspectorModule (254)
[2017.10.17-20.03.48:046][269]LogModuleManager: Shutting down and abandoning module MainFrame (252)
[2017.10.17-20.03.48:046][269]LogModuleManager: Shutting down and abandoning module HotReload (251)
[2017.10.17-20.03.48:047][269]LogModuleManager: Shutting down and abandoning module PhysXVehiclesEditor (246)
[2017.10.17-20.03.48:047][269]LogModuleManager: Shutting down and abandoning module PhysXVehicles (244)
[2017.10.17-20.03.48:047][269]LogModuleManager: Shutting down and abandoning module LocationServicesBPLibrary (242)
[2017.10.17-20.03.48:047][269]LogModuleManager: Shutting down and abandoning module ImmediatePhysicsEditor (240)
[2017.10.17-20.03.48:047][269]LogModuleManager: Shutting down and abandoning module ImmediatePhysics (238)
[2017.10.17-20.03.48:047][269]LogModuleManager: Shutting down and abandoning module UdpMessaging (236)
[2017.10.17-20.03.48:147][269]LogModuleManager: Shutting down and abandoning module TcpMessaging (234)
[2017.10.17-20.03.48:247][269]LogModuleManager: Shutting down and abandoning module GameplayTagsEditor (232)
[2017.10.17-20.03.48:247][269]LogModuleManager: Shutting down and abandoning module FacialAnimationEditor (230)
[2017.10.17-20.03.48:247][269]LogModuleManager: Shutting down and abandoning module FacialAnimation (228)
[2017.10.17-20.03.48:247][269]LogModuleManager: Shutting down and abandoning module AssetManagerEditor (226)
[2017.10.17-20.03.48:248][269]LogModuleManager: Shutting down and abandoning module GraphEditor (225)
[2017.10.17-20.03.48:250][269]LogModuleManager: Shutting down and abandoning module ContentBrowser (223)
[2017.10.17-20.03.48:251][269]LogModuleManager: Shutting down and abandoning module LightPropagationVolumeRuntime (220)
[2017.10.17-20.03.48:251][269]LogModuleManager: Shutting down and abandoning module Paper2D (218)
[2017.10.17-20.03.48:251][269]LogModuleManager: Shutting down and abandoning module WindowsMoviePlayer (216)
[2017.10.17-20.03.48:251][269]LogModuleManager: Shutting down and abandoning module WmfMedia (214)
[2017.10.17-20.03.48:251][269]LogModuleManager: Shutting down and abandoning module ClothingSystemEditor (212)
[2017.10.17-20.03.48:251][269]LogModuleManager: Shutting down and abandoning module ClothingSystemRuntime (210)
[2017.10.17-20.03.48:252][269]LogModuleManager: Shutting down and abandoning module MediaAssets (208)
[2017.10.17-20.03.48:252][269]LogModuleManager: Shutting down and abandoning module GameLiveStreaming (206)
[2017.10.17-20.03.48:252][269]LogModuleManager: Shutting down and abandoning module VREditor (204)
[2017.10.17-20.03.48:252][269]LogModuleManager: Shutting down and abandoning module StringTableEditor (202)
[2017.10.17-20.03.48:253][269]LogModuleManager: Shutting down and abandoning module GameplayTasksEditor (200)
[2017.10.17-20.03.48:253][269]LogModuleManager: Shutting down and abandoning module BehaviorTreeEditor (198)
[2017.10.17-20.03.48:253][269]LogModuleManager: Shutting down and abandoning module FunctionalTesting (196)
[2017.10.17-20.03.48:253][269]LogModuleManager: Shutting down and abandoning module CollisionAnalyzer (194)
[2017.10.17-20.03.48:253][269]LogModuleManager: Shutting down and abandoning module UMG (192)
[2017.10.17-20.03.48:253][269]LogModuleManager: Shutting down and abandoning module UMGEditor (191)
[2017.10.17-20.03.48:254][269]LogModuleManager: Shutting down and abandoning module Sequencer (190)
[2017.10.17-20.03.48:254][269]LogModuleManager: Shutting down and abandoning module AssetTools (188)
[2017.10.17-20.03.48:255][269]LogModuleManager: Shutting down and abandoning module MessageLog (187)
[2017.10.17-20.03.48:255][269]LogModuleManager: Shutting down and abandoning module WorkspaceMenuStructure (186)
[2017.10.17-20.03.48:255][269]LogModuleManager: Shutting down and abandoning module SlateReflector (180)
[2017.10.17-20.03.48:256][269]LogModuleManager: Shutting down and abandoning module Slate (178)
[2017.10.17-20.03.48:256][269]LogModuleManager: Shutting down and abandoning module EditorStyle (176)
[2017.10.17-20.03.48:257][269]LogModuleManager: Shutting down and abandoning module SourceCodeAccess (174)
[2017.10.17-20.03.48:257][269]LogModuleManager: Shutting down and abandoning module HeadMountedDisplay (172)
[2017.10.17-20.03.48:257][269]LogModuleManager: Shutting down and abandoning module XAudio2 (170)
[2017.10.17-20.03.48:257][269]LogModuleManager: Shutting down and abandoning module Networking (168)
[2017.10.17-20.03.48:257][269]LogModuleManager: Shutting down and abandoning module Core (164)
[2017.10.17-20.03.48:257][269]LogModuleManager: Shutting down and abandoning module AssetRegistry (162)
[2017.10.17-20.03.48:380][269]LogDirectoryWatcher: A directory notification for '../../../Engine/Content/' was aborted.
[2017.10.17-20.03.48:380][269]LogDirectoryWatcher: A directory notification for 'D:/ProjectInferno/ProjectInferno/Content/' was aborted.
[2017.10.17-20.03.48:381][269]LogDirectoryWatcher: A directory notification for '../../../Engine/Plugins/2D/Paper2D/Content/' was aborted.
[2017.10.17-20.03.48:381][269]LogDirectoryWatcher: A directory notification for '../../../Engine/Plugins/Runtime/GearVR/Content/' was aborted.
[2017.10.17-20.03.48:383][269]LogModuleManager: Shutting down and abandoning module DirectoryWatcher (161)
[2017.10.17-20.03.48:383][269]LogModuleManager: Shutting down and abandoning module KismetCompiler (158)
[2017.10.17-20.03.48:383][269]LogModuleManager: Shutting down and abandoning module PhysXFormats (156)
[2017.10.17-20.03.48:383][269]LogModuleManager: Shutting down and abandoning module MeshUtilities (154)
[2017.10.17-20.03.48:383][269]LogModuleManager: Shutting down and abandoning module SimplygonSwarm (153)
[2017.10.17-20.03.48:383][269]LogModuleManager: Shutting down and abandoning module SimplygonMeshReduction (151)
[2017.10.17-20.03.48:383][269]LogModuleManager: Shutting down and abandoning module QuadricMeshReduction (149)
[2017.10.17-20.03.48:383][269]LogModuleManager: Shutting down and abandoning module LevelSequence (146)
[2017.10.17-20.03.48:383][269]LogModuleManager: Shutting down and abandoning module DerivedDataCache (144)
[2017.10.17-20.03.48:610][269]LogDerivedDataCache: Shutdown
[2017.10.17-20.03.48:610][269]LogModuleManager: Shutting down and abandoning module TargetPlatform (142)
[2017.10.17-20.03.48:610][269]LogModuleManager: Shutting down and abandoning module VulkanShaderFormat (141)
[2017.10.17-20.03.48:610][269]LogModuleManager: Shutting down and abandoning module ShaderFormatVectorVM (139)
[2017.10.17-20.03.48:611][269]LogModuleManager: Shutting down and abandoning module ShaderFormatOpenGL (137)
[2017.10.17-20.03.48:611][269]LogModuleManager: Shutting down and abandoning module ShaderFormatD3D (135)
[2017.10.17-20.03.48:611][269]LogModuleManager: Shutting down and abandoning module MetalShaderFormat (133)
[2017.10.17-20.03.48:612][269]LogModuleManager: Shutting down and abandoning module TextureFormatUncompressed (131)
[2017.10.17-20.03.48:612][269]LogModuleManager: Shutting down and abandoning module TextureFormatPVR (129)
[2017.10.17-20.03.48:612][269]LogModuleManager: Shutting down and abandoning module TextureFormatDXT (127)
[2017.10.17-20.03.48:612][269]LogModuleManager: Shutting down and abandoning module TextureFormatIntelISPCTexComp (125)
[2017.10.17-20.03.48:612][269]LogModuleManager: Shutting down and abandoning module TextureFormatASTC (123)
[2017.10.17-20.03.48:612][269]LogModuleManager: Shutting down and abandoning module ImageWrapper (122)
[2017.10.17-20.03.48:612][269]LogModuleManager: Shutting down and abandoning module TextureFormatAndroid (119)
[2017.10.17-20.03.48:612][269]LogModuleManager: Shutting down and abandoning module AudioFormatOpus (117)
[2017.10.17-20.03.48:612][269]LogModuleManager: Shutting down and abandoning module AudioFormatOgg (115)
[2017.10.17-20.03.48:612][269]LogModuleManager: Shutting down and abandoning module AudioFormatADPCM (113)
[2017.10.17-20.03.48:612][269]LogModuleManager: Shutting down and abandoning module LinuxTargetPlatform (111)
[2017.10.17-20.03.48:613][269]LogModuleManager: Shutting down and abandoning module LinuxServerTargetPlatform (109)
[2017.10.17-20.03.48:613][269]LogModuleManager: Shutting down and abandoning module LinuxNoEditorTargetPlatform (107)
[2017.10.17-20.03.48:613][269]LogModuleManager: Shutting down and abandoning module LinuxClientTargetPlatform (105)
[2017.10.17-20.03.48:613][269]LogModuleManager: Shutting down and abandoning module TVOSTargetPlatform (103)
[2017.10.17-20.03.48:613][269]LogModuleManager: Shutting down and abandoning module Messaging (101)
[2017.10.17-20.03.48:613][269]LogModuleManager: Shutting down and abandoning module IOSTargetPlatform (99)
[2017.10.17-20.03.48:613][269]LogModuleManager: Shutting down and abandoning module HTML5TargetPlatform (97)
[2017.10.17-20.03.48:613][269]LogModuleManager: Shutting down and abandoning module Android_PVRTCTargetPlatform (95)
[2017.10.17-20.03.48:613][269]LogModuleManager: Shutting down and abandoning module Android_MultiTargetPlatform (93)
[2017.10.17-20.03.48:613][269]LogModuleManager: Shutting down and abandoning module Android_ETC2TargetPlatform (91)
[2017.10.17-20.03.48:613][269]LogModuleManager: Shutting down and abandoning module Android_ETC1TargetPlatform (89)
[2017.10.17-20.03.48:613][269]LogModuleManager: Shutting down and abandoning module Android_DXTTargetPlatform (87)
[2017.10.17-20.03.48:613][269]LogModuleManager: Shutting down and abandoning module Android_ATCTargetPlatform (85)
[2017.10.17-20.03.48:613][269]LogModuleManager: Shutting down and abandoning module Android_ASTCTargetPlatform (83)
[2017.10.17-20.03.48:613][269]LogModuleManager: Shutting down and abandoning module AndroidTargetPlatform (81)
[2017.10.17-20.03.48:613][269]LogModuleManager: Shutting down and abandoning module WindowsTargetPlatform (79)
[2017.10.17-20.03.48:613][269]LogModuleManager: Shutting down and abandoning module WindowsServerTargetPlatform (77)
[2017.10.17-20.03.48:613][269]LogModuleManager: Shutting down and abandoning module WindowsNoEditorTargetPlatform (75)
[2017.10.17-20.03.48:613][269]LogModuleManager: Shutting down and abandoning module WindowsClientTargetPlatform (73)
[2017.10.17-20.03.48:613][269]LogModuleManager: Shutting down and abandoning module MacTargetPlatform (71)
[2017.10.17-20.03.48:613][269]LogModuleManager: Shutting down and abandoning module MacServerTargetPlatform (69)
[2017.10.17-20.03.48:613][269]LogModuleManager: Shutting down and abandoning module MacNoEditorTargetPlatform (67)
[2017.10.17-20.03.48:613][269]LogModuleManager: Shutting down and abandoning module MacClientTargetPlatform (65)
[2017.10.17-20.03.48:613][269]LogModuleManager: Shutting down and abandoning module AllDesktopTargetPlatform (63)
[2017.10.17-20.03.48:613][269]LogModuleManager: Shutting down and abandoning module InputCore (60)
[2017.10.17-20.03.48:613][269]LogModuleManager: Shutting down and abandoning module Settings (58)
[2017.10.17-20.03.48:613][269]LogModuleManager: Shutting down and abandoning module OculusRift (56)
[2017.10.17-20.03.48:613][269]LogModuleManager: Shutting down and abandoning module GearVRController (54)
[2017.10.17-20.03.48:613][269]LogModuleManager: Shutting down and abandoning module GearVR (52)
[2017.10.17-20.03.48:613][269]LogModuleManager: Shutting down and abandoning module ExampleDeviceProfileSelector (50)
[2017.10.17-20.03.48:613][269]LogModuleManager: Shutting down and abandoning module OnlineBlueprintSupport (48)
[2017.10.17-20.03.48:613][269]LogModuleManager: Shutting down and abandoning module OnlineSubsystem (44)
[2017.10.17-20.03.48:613][269]LogOnline:Display: Unloading online subsystem: NULL
[2017.10.17-20.03.48:614][269]LogModuleManager: Shutting down and abandoning module XMPP (43)
[2017.10.17-20.03.48:614][269]LogModuleManager: Shutting down and abandoning module HTTP (41)
[2017.10.17-20.03.48:614][269]LogHttp:Display: Http module shutting down, but needs to wait on 1 outstanding Http requests:
[2017.10.17-20.03.48:614][269]LogHttp:Display: 	verb=[POST] url=[https://datarouter.ol.epicgames.com/datarouter/api/v1/public/data?SessionID=%7B0EC0FC05-4109-DA17-F7C8-299F8AA6EA87%7D&AppID=UEEditor.Rocket.Release&AppVersion=4.16.0-3452394%2B%2B%2BUE4%2BRelease-4.16&UserID=42ed91f945ef5fec679bcc8cf2d62b6e%7Ce67724c06ae34bcab9b8bfae92f27281%7C5856b343-0bb1-4fd2-98d9-8fd0986d7c57&AppEnvironment=datacollector-binary&UploadType=eteventstream] status=Processing
[2017.10.17-20.03.48:645][269]LogModuleManager: Shutting down and abandoning module SSL (40)
[2017.10.17-20.03.48:646][269]LogModuleManager: Shutting down and abandoning module HTTPChunkInstaller (36)
[2017.10.17-20.03.48:646][269]LogModuleManager: Shutting down and abandoning module AnimationModifiers (34)
[2017.10.17-20.03.48:646][269]LogModuleManager: Shutting down and abandoning module PropertyEditor (33)
[2017.10.17-20.03.48:646][269]LogModuleManager: Shutting down and abandoning module AudioEditor (30)
[2017.10.17-20.03.48:647][269]LogModuleManager: Shutting down and abandoning module TextureCompressor (28)
[2017.10.17-20.03.48:647][269]LogModuleManager: Shutting down and abandoning module ShaderCore (26)
[2017.10.17-20.03.48:647][269]LogModuleManager: Shutting down and abandoning module Landscape (24)
[2017.10.17-20.03.48:647][269]LogModuleManager: Shutting down and abandoning module SlateRHIRenderer (22)
[2017.10.17-20.03.48:647][269]LogModuleManager: Shutting down and abandoning module OpenGLDrv (20)
[2017.10.17-20.03.48:648][269]LogModuleManager: Shutting down and abandoning module D3D11RHI (18)
[2017.10.17-20.03.48:648][269]LogModuleManager: Shutting down and abandoning module AnimGraphRuntime (16)
[2017.10.17-20.03.48:648][269]LogModuleManager: Shutting down and abandoning module Renderer (14)
[2017.10.17-20.03.48:648][269]LogModuleManager: Shutting down and abandoning module Engine (12)
[2017.10.17-20.03.48:648][269]LogModuleManager: Shutting down and abandoning module CoreUObject (10)
[2017.10.17-20.03.48:648][269]LogModuleManager: Shutting down and abandoning module NetworkFile (8)
[2017.10.17-20.03.48:648][269]LogModuleManager: Shutting down and abandoning module StreamingFile (6)
[2017.10.17-20.03.48:648][269]LogModuleManager: Shutting down and abandoning module SandboxFile (4)
[2017.10.17-20.03.48:648][269]LogModuleManager: Shutting down and abandoning module PakFile (2)
[2017.10.17-20.03.48:649][269]LogExit: Exiting.
[2017.10.17-20.03.48:659][269]Log file closed, 10/17/17 15:03:48
