Log file open, 10/17/17 16:02:58
LogInit:Display: Running engine for game: ProjectInferno
LogPlatformFile: Not using cached read wrapper
LogInit:Display: RandInit(642371927) SRandInit(642371927).
LogTaskGraph: Started task graph with 5 named threads and 8 total threads with 1 sets of task threads.
LogStats: Stats thread started at 0.079010
LogInit: Using libcurl 7.47.1
LogInit:  - built for x86_64-pc-win32
LogInit:  - supports SSL with OpenSSL/1.0.2g
LogInit:  - supports HTTP deflate (compression) using libz 1.2.8
LogInit:  - other features:
LogInit:      CURL_VERSION_SSL
LogInit:      CURL_VERSION_LIBZ
LogInit:      CURL_VERSION_IPV6
LogInit:      CURL_VERSION_ASYNCHDNS
LogInit:      CURL_VERSION_LARGEFILE
LogInit:      CURL_VERSION_IDN
LogInit:  CurlRequestOptions (configurable via config and command line):
LogInit:  - bVerifyPeer = false  - Libcurl will NOT verify peer certificate
LogInit:  - bUseHttpProxy = false  - Libcurl will NOT use HTTP proxy
LogInit:  - bDontReuseConnections = false  - Libcurl will reuse connections
LogInit:  - CertBundlePath = nullptr  - Libcurl will use whatever was configured at build time.
LogInit: Build: ++UE4+Release-4.16-CL-3452394
LogInit: Engine Version: 4.16.0-3452394+++UE4+Release-4.16
LogInit: Compatible Engine Version: 4.16.0-3452394+++UE4+Release-4.16
LogInit: Net CL: 3452394
LogDevObjectVersion: Number of dev versions registered: 16
LogDevObjectVersion:   Dev-Blueprints (B0D832E4-1F89-4F0D-ACCF-7EB736FD4AA2): 9
LogDevObjectVersion:   Dev-Build (E1C64328-A22C-4D53-A36C-8E866417BD8C): 0
LogDevObjectVersion:   Dev-Core (375EC13C-06E4-48FB-B500-84F0262A717E): 2
LogDevObjectVersion:   Dev-Editor (E4B068ED-F494-42E9-A231-DA0B2E46BB41): 17
LogDevObjectVersion:   Dev-Framework (CFFC743F-43B0-4480-9391-14DF171D2073): 23
LogDevObjectVersion:   Dev-Mobile (B02B49B5-BB20-44E9-A304-32B752E40360): 0
LogDevObjectVersion:   Dev-Networking (A4E4105C-59A1-49B5-A7C5-40C4547EDFEE): 0
LogDevObjectVersion:   Dev-Online (39C831C9-5AE6-47DC-9A44-9C173E1C8E7C): 0
LogDevObjectVersion:   Dev-Physics (78F01B33-EBEA-4F98-B9B4-84EACCB95AA2): 0
LogDevObjectVersion:   Dev-Platform (6631380F-2D4D-43E0-8009-CF276956A95A): 0
LogDevObjectVersion:   Dev-Rendering (12F88B9F-8875-4AFC-A67C-D90C383ABD29): 15
LogDevObjectVersion:   Dev-Sequencer (7B5AE74C-D270-4C10-A958-57980B212A5A): 4
LogDevObjectVersion:   Dev-VR (D7296918-1DD6-4BDD-9DE2-64A83CC13884): 0
LogDevObjectVersion:   Dev-LoadTimes (C2A15278-BFE7-4AFE-6C17-90FF531DF755): 1
LogDevObjectVersion:   Private-Geometry (6EACA3D4-40EC-4CC1-B786-8BED09428FC5): 1
LogDevObjectVersion:   Dev-AnimPhys (29E575DD-E0A3-4627-9D10-D276232CDCEA): 3
LogInit: Compiled (64-bit): May 22 2017 17:47:00
LogInit: Compiled with Visual C++: 19.00.23026.00
LogInit: Build Configuration: Development
LogInit: Branch Name: ++UE4+Release-4.16
LogInit: Command line:  
LogInit: Base directory: C:/Program Files (x86)/Epic Games/4.16/Engine/Binaries/Win64/
LogInit: Installed Engine Build: 1
LogInit: Presizing for max 8388607 objects, including 0 objects not considered by GC, pre-allocating 0 bytes for permanent pool.
LogInit: Object subsystem initialized
[2017.10.17-21.02.58:427][  0]LogInit: Selected Device Profile: [Windows]
[2017.10.17-21.02.58:427][  0]LogInit: Applying CVar settings loaded from the selected device profile: [Windows]
[2017.10.17-21.02.58:436][  0]LogInit: Computer: T248-16
[2017.10.17-21.02.58:436][  0]LogInit: User: student
[2017.10.17-21.02.58:436][  0]LogInit: CPU Page size=4096, Cores=4
[2017.10.17-21.02.58:436][  0]LogInit: High frequency timer resolution =3.507587 MHz
[2017.10.17-21.02.58:437][  0]LogMemory: Memory total: Physical=15.9GB (16GB approx)
[2017.10.17-21.02.58:437][  0]LogMemory: Platform Memory Stats for Windows
[2017.10.17-21.02.58:437][  0]LogMemory: Process Physical Memory: 275.69 MB used, 275.69 MB peak
[2017.10.17-21.02.58:437][  0]LogMemory: Process Virtual Memory: 263.79 MB used, 263.79 MB peak
[2017.10.17-21.02.58:437][  0]LogMemory: Physical Memory: 3999.06 MB used,  12324.12 MB free, 16323.18 MB total
[2017.10.17-21.02.58:437][  0]LogMemory: Virtual Memory: 629.34 MB used,  12324.12 MB free, 8388608.00 MB total
[2017.10.17-21.02.58:485][  0]LogInit: Using OS detected language (en-US).
[2017.10.17-21.02.58:485][  0]LogInit: Using OS detected locale (en-US).
[2017.10.17-21.02.58:487][  0]LogTextLocalizationManager: No specific localization for 'en-US' exists, so the 'en' localization will be used.
[2017.10.17-21.02.59:255][  0]LogD3D11RHI: D3D11 adapters:
[2017.10.17-21.02.59:271][  0]LogD3D11RHI:    0. 'NVIDIA Quadro K2000' (Feature Level 11_0)
[2017.10.17-21.02.59:271][  0]LogD3D11RHI:       1989/0/7905 MB DedicatedVideo/DedicatedSystem/SharedSystem, Outputs:1, VendorId:0x10de
[2017.10.17-21.02.59:271][  0]LogD3D11RHI: Chosen D3D11 Adapter: 0
[2017.10.17-21.02.59:274][  0]LogD3D11RHI: Creating new Direct3DDevice
[2017.10.17-21.02.59:274][  0]LogD3D11RHI:     GPU DeviceId: 0xffe (for the marketing name, search the web for "GPU Device Id")
[2017.10.17-21.02.59:274][  0]LogWindows: EnumDisplayDevices:
[2017.10.17-21.02.59:274][  0]LogWindows:    0. 'NVIDIA Quadro K2000' (P:1 D:1)
[2017.10.17-21.02.59:274][  0]LogWindows:    1. 'NVIDIA Quadro K2000' (P:0 D:0)
[2017.10.17-21.02.59:274][  0]LogWindows:    2. 'NVIDIA Quadro K2000' (P:0 D:0)
[2017.10.17-21.02.59:274][  0]LogWindows:    3. 'NVIDIA Quadro K2000' (P:0 D:0)
[2017.10.17-21.02.59:274][  0]LogWindows:    4. 'RDPDD Chained DD' (P:0 D:0)
[2017.10.17-21.02.59:274][  0]LogWindows:    5. 'RDP Encoder Mirror Driver' (P:0 D:0)
[2017.10.17-21.02.59:274][  0]LogWindows:    6. 'RDP Reflector Display Driver' (P:0 D:0)
[2017.10.17-21.02.59:274][  0]LogWindows: DebugString: GetVideoDriverDetailsInvalid PrimaryIsNotTheChoosenAdapter GetVideoDriverDetailsInvalid PrimaryIsNotTheChoosenAdapter GetVideoDriverDetailsInvalid PrimaryIsNotTheChoosenAdapter FoundDriverCount:4 
[2017.10.17-21.02.59:274][  0]LogD3D11RHI:     Adapter Name: NVIDIA Quadro K2000
[2017.10.17-21.02.59:274][  0]LogD3D11RHI:   Driver Version: 376.62 (internal:21.21.13.7662, unified:376.62)
[2017.10.17-21.02.59:274][  0]LogD3D11RHI:      Driver Date: 1-10-2017
[2017.10.17-21.02.59:274][  0]LogRHI: Texture pool is 1361 MB (70% of 1945 MB)
[2017.10.17-21.02.59:283][  0]LogD3D11RHI: Async texture creation enabled
[2017.10.17-21.02.59:297][  0]LogD3D11RHI: GPU Timing Frequency: 1000.000000 (Debug: 2 2)
[2017.10.17-21.02.59:344][  0]LogShaderCompilers: Guid format shader working directory is 16 characters bigger than the processId version (D:/ProjectInferno/ProjectInferno/Intermediate/Shaders/WorkingDirectory/2552/).
[2017.10.17-21.02.59:344][  0]LogShaderCompilers: Cleaned the shader compiler working directory 'C:/Users/student/AppData/Local/Temp/UnrealShaderWorkingDir/A8DD347B40141E3DF06CABB8D34AC084/'.
[2017.10.17-21.02.59:344][  0]LogShaderCompilers:Display: Using Local Shader Compiler.
[2017.10.17-21.03.00:209][  0]LogTemp:Display: Loaded TP AllDesktopTargetPlatform
[2017.10.17-21.03.00:250][  0]LogTemp:Display: Loaded TP MacClientTargetPlatform
[2017.10.17-21.03.00:288][  0]LogTemp:Display: Loaded TP MacNoEditorTargetPlatform
[2017.10.17-21.03.00:327][  0]LogTemp:Display: Loaded TP MacServerTargetPlatform
[2017.10.17-21.03.00:366][  0]LogTemp:Display: Loaded TP MacTargetPlatform
[2017.10.17-21.03.00:407][  0]LogTemp:Display: Loaded TP WindowsClientTargetPlatform
[2017.10.17-21.03.00:461][  0]LogTemp:Display: Loaded TP WindowsNoEditorTargetPlatform
[2017.10.17-21.03.00:501][  0]LogTemp:Display: Loaded TP WindowsServerTargetPlatform
[2017.10.17-21.03.00:535][  0]LogTemp:Display: Loaded TP WindowsTargetPlatform
[2017.10.17-21.03.00:572][  0]LogTemp:Display: Loaded TP AndroidTargetPlatform
[2017.10.17-21.03.00:610][  0]LogTemp:Display: Loaded TP Android_ASTCTargetPlatform
[2017.10.17-21.03.00:648][  0]LogTemp:Display: Loaded TP Android_ATCTargetPlatform
[2017.10.17-21.03.00:685][  0]LogTemp:Display: Loaded TP Android_DXTTargetPlatform
[2017.10.17-21.03.00:723][  0]LogTemp:Display: Loaded TP Android_ETC1TargetPlatform
[2017.10.17-21.03.00:760][  0]LogTemp:Display: Loaded TP Android_ETC2TargetPlatform
[2017.10.17-21.03.00:836][  0]LogTemp:Display: Loaded TP Android_MultiTargetPlatform
[2017.10.17-21.03.00:836][  0]LogTemp:Display: Loaded TP Android_PVRTCTargetPlatform
[2017.10.17-21.03.00:865][  0]LogTemp:Display: Loaded TP HTML5TargetPlatform
[2017.10.17-21.03.00:938][  0]LogTemp:Display: Loaded TP IOSTargetPlatform
[2017.10.17-21.03.00:960][  0]LogTemp:Display: Loaded TP TVOSTargetPlatform
[2017.10.17-21.03.00:997][  0]LogTemp:Display: Loaded TP LinuxClientTargetPlatform
[2017.10.17-21.03.01:033][  0]LogTemp:Display: Loaded TP LinuxNoEditorTargetPlatform
[2017.10.17-21.03.01:071][  0]LogTemp:Display: Loaded TP LinuxServerTargetPlatform
[2017.10.17-21.03.01:108][  0]LogTemp:Display: Loaded TP LinuxTargetPlatform
[2017.10.17-21.03.01:108][  0]LogTargetPlatformManager:Display: Building Assets For Windows
[2017.10.17-21.03.01:442][  0]LogDerivedDataCache:Display: Max Cache Size: 512 MB
[2017.10.17-21.03.01:523][  0]LogDerivedDataCache: Loaded boot cache 0.08s 90MB C:/Users/student/AppData/Local/UnrealEngine/4.16/DerivedDataCache/Boot.ddc.
[2017.10.17-21.03.01:523][  0]LogDerivedDataCache:Display: Loaded Boot cache: C:/Users/student/AppData/Local/UnrealEngine/4.16/DerivedDataCache/Boot.ddc
[2017.10.17-21.03.01:523][  0]LogDerivedDataCache: FDerivedDataBackendGraph:  Pak pak cache file D:/ProjectInferno/ProjectInferno/DerivedDataCache/DDC.ddp not found, will not use a pak cache.
[2017.10.17-21.03.01:523][  0]LogDerivedDataCache: Unable to find inner node Pak for hierarchical cache Hierarchy.
[2017.10.17-21.03.01:523][  0]LogDerivedDataCache: FDerivedDataBackendGraph:  CompressedPak pak cache file D:/ProjectInferno/ProjectInferno/DerivedDataCache/Compressed.ddp not found, will not use a pak cache.
[2017.10.17-21.03.01:523][  0]LogDerivedDataCache: Unable to find inner node CompressedPak for hierarchical cache Hierarchy.
[2017.10.17-21.03.01:539][  0]LogDerivedDataCache:Display: Pak cache opened for reading ../../../Engine/DerivedDataCache/Compressed.ddp.
[2017.10.17-21.03.01:550][  0]LogDerivedDataCache: Using Local data cache path C:/Users/student/AppData/Local/UnrealEngine/Common/DerivedDataCache: Writable
[2017.10.17-21.03.01:558][  0]LogMaterial: Verifying Global Shaders for PCD3D_SM5
[2017.10.17-21.03.01:558][  0]LogSlate: Using Freetype 2.6.0
[2017.10.17-21.03.01:559][  0]LogSlate: SlateFontCache - WITH_FREETYPE: 1, WITH_HARFBUZZ: 1
[2017.10.17-21.03.01:559][  0]LogSlate: SlateFontCache - WITH_FREETYPE: 1, WITH_HARFBUZZ: 1
[2017.10.17-21.03.01:860][  0]LogInit: Selected Device Profile: [Windows]
[2017.10.17-21.03.01:864][  0]LogContentStreaming: Texture pool size is 0.00 MB
[2017.10.17-21.03.02:054][  0]LogMeshUtilities: Using QuadricMeshReduction for automatic static mesh reduction
[2017.10.17-21.03.02:085][  0]LogSimplygon: Simplygon DLL not present - disabling.
[2017.10.17-21.03.02:117][  0]LogMeshUtilities: Using SimplygonSwarm for distributed automatic mesh merging
[2017.10.17-21.03.02:117][  0]LogMeshUtilities: No automatic skeletal mesh reduction module available
[2017.10.17-21.03.02:117][  0]LogMeshUtilities: No automatic mesh merging module available
[2017.10.17-21.03.02:516][  0]LogNetVersion: ProjectInferno , NetCL: 3452394, EngineNetVer: 2, GameNetVer: 0 (Checksum: 3145596337)
[2017.10.17-21.03.02:566][  0]LogAssetRegistry: FAssetRegistry took 0.0228 seconds to start up
[2017.10.17-21.03.02:608][  0]LogPackageLocalizationCache: Processed 4 localized package path(s) for 2 prioritized culture(s) in 0.026592 seconds
[2017.10.17-21.03.02:613][  0]LogUObjectArray: 34194 objects as part of root set at end of initial load.
[2017.10.17-21.03.02:613][  0]LogUObjectAllocator: 7260424 out of 0 bytes used by permanent object pool.
[2017.10.17-21.03.02:613][  0]LogUObjectArray: CloseDisregardForGC: 0/0 objects in disregard for GC pool
[2017.10.17-21.03.02:654][  0]LogInit: WinSock: version 1.1 (2.2), MaxSocks=32767, MaxUdp=65467
[2017.10.17-21.03.04:475][  0]LogTcpMessaging: Initializing TcpMessaging bridge
[2017.10.17-21.03.04:503][  0]LogUdpMessaging: Initializing bridge on interface 0.0.0.0:0 to multicast group 230.0.0.1:6666.
[2017.10.17-21.03.04:885][  0]LogMaterial: Uniform references updated for custom material expression Custom.
[2017.10.17-21.03.05:175][  0]SourceControl: Info Source control is disabled
[2017.10.17-21.03.05:175][  0]SourceControl: Info Source control is disabled
[2017.10.17-21.03.05:207][  0]SourceControl: Info Source control is disabled
[2017.10.17-21.03.05:238][  0]SourceControl: Info Source control is disabled
[2017.10.17-21.03.05:697][  0]LogAndroidPermission: UAndroidPermissionCallbackProxy::GetInstance
[2017.10.17-21.03.06:111][  0]LogEngine: Initializing Engine...
[2017.10.17-21.03.06:111][  0]LogHMD: Failed to initialize OpenVR with code 110
[2017.10.17-21.03.06:290][  0]LogStats: UGameplayTagsManager::ConstructGameplayTagTree: Construct from data asset -  0.000 s
[2017.10.17-21.03.06:290][  0]LogStats: UGameplayTagsManager::ConstructGameplayTagTree: GameplayTagTreeChangedEvent.Broadcast -  0.000 s
[2017.10.17-21.03.06:377][  0]LogAIModule: Creating AISystem for world Untitled
[2017.10.17-21.03.06:383][  0]LogInit: XAudio2 using 'Speakers (High Definition Audio Device)' : 2 channels at 44.1 kHz using 16 bits per sample (channel mask 0x3)
[2017.10.17-21.03.06:388][  0]LogInit: FAudioDevice initialized.
[2017.10.17-21.03.06:426][  0]LogDerivedDataCache: Saved boot cache 0.04s 90MB C:/Users/student/AppData/Local/UnrealEngine/4.16/DerivedDataCache/Boot.ddc.
[2017.10.17-21.03.06:439][  0]LogInit: Texture streaming: Enabled
[2017.10.17-21.03.06:501][  0]LogEngineSessionManager: EngineSessionManager initialized
[2017.10.17-21.03.06:652][  0]LogInit: Transaction tracking system initialized
[2017.10.17-21.03.06:870][  0]BlueprintLog: New page: Editor Load
[2017.10.17-21.03.07:487][  0]LocalizationService: Info Localization service is disabled
[2017.10.17-21.03.07:940][  0]LogConsoleResponse:Display: 
[2017.10.17-21.03.08:059][  0]LogCook:Display: Max memory allowance for cook 16384mb min free memory 0mb
[2017.10.17-21.03.08:059][  0]LogCook:Display: Mobile HDR setting 1
[2017.10.17-21.03.08:260][  0]LogFileCache: Scanning file cache for directory 'D:/ProjectInferno/ProjectInferno/Content/' took 0.01s
[2017.10.17-21.03.08:719][  0]SourceControl: Info Source control is disabled
[2017.10.17-21.03.08:719][  0]Cmd: MAP LOAD FILE="D:/ProjectInferno/ProjectInferno/Content/ZombieGame/Levels/Buildings.umap" TEMPLATE=0 SHOWPROGRESS=1 FEATURELEVEL=3
[2017.10.17-21.03.08:719][  0]LightingResults: New page: Lighting Build
[2017.10.17-21.03.08:747][  0]MapCheck: New page: Map Check
[2017.10.17-21.03.08:747][  0]LightingResults: New page: Lighting Build
[2017.10.17-21.03.09:071][  0]LogAIModule: Creating AISystem for world Buildings
[2017.10.17-21.03.09:076][  0]LogEditorServer: Finished looking for orphan Actors (0.000 secs)
[2017.10.17-21.03.09:087][  0]Cmd: MAP CHECKDEP NOCLEARLOG
[2017.10.17-21.03.09:122][  0]MapCheck: Info Map check complete: 0 Error(s), 0 Warning(s), took 34.833ms to complete.
[2017.10.17-21.03.09:122][  0]LogFileHelpers: Loading map 'Buildings' took 0.403
[2017.10.17-21.03.09:236][  0]LogCollectionManager: Loaded 0 collections in 0.001136 seconds
[2017.10.17-21.03.09:299][  0]LogFileCache: Scanning file cache for directory 'D:/ProjectInferno/ProjectInferno/Saved/Collections/' took 0.01s
[2017.10.17-21.03.09:300][  0]LogFileCache: Scanning file cache for directory 'D:/ProjectInferno/ProjectInferno/Content/Developers/student/Collections/' took 0.01s
[2017.10.17-21.03.09:300][  0]LogFileCache: Scanning file cache for directory 'D:/ProjectInferno/ProjectInferno/Content/Collections/' took 0.01s
[2017.10.17-21.03.09:300][  0]LogCollectionManager: Rebuilt the GUID cache for 0 collections in 0.000001 seconds
[2017.10.17-21.03.09:307][  0]LogContentBrowser: Native class hierarchy populated in 0.0078 seconds. Added 2329 classes and 491 folders.
[2017.10.17-21.03.09:353][  0]LogContentBrowser: Native class hierarchy updated for 'WidgetCarousel' in 0.0005 seconds. Added 0 classes and 0 folders.
[2017.10.17-21.03.09:380][  0]LogContentBrowser: Native class hierarchy updated for 'AddContentDialog' in 0.0004 seconds. Added 0 classes and 0 folders.
[2017.10.17-21.03.09:410][  0]LogContentBrowser: Native class hierarchy updated for 'SceneOutliner' in 0.0005 seconds. Added 1 classes and 2 folders.
[2017.10.17-21.03.09:439][  0]LogCrashTracker: Crashtracker disabled due to settings.
[2017.10.17-21.03.09:444][  0]LogSlate: Took 0.000139 seconds to synchronously load lazily loaded font '../../../Engine/Content/Slate/Fonts/Roboto-Regular.ttf' (155K)
[2017.10.17-21.03.09:445][  0]LogSlate: Took 0.000194 seconds to synchronously load lazily loaded font '../../../Engine/Content/Slate/Fonts/Roboto-Bold.ttf' (160K)
[2017.10.17-21.03.09:451][  0]LogSlate: Took 0.000170 seconds to synchronously load lazily loaded font '../../../Engine/Content/Editor/Slate/Fonts/FontAwesome.ttf' (139K)
[2017.10.17-21.03.09:530][  0]LogRenderer: Reallocating scene render targets to support 1208x652 NumSamples 1 (Frame:1).
[2017.10.17-21.03.09:724][  0]LogUObjectGlobals:Warning: Failed to find object 'Class None.'
[2017.10.17-21.03.09:774][  0]LogContentBrowser: Native class hierarchy updated for 'HierarchicalLODOutliner' in 0.0005 seconds. Added 1 classes and 2 folders.
[2017.10.17-21.03.09:774][  0]LogLoad: (Engine Initialization) Total time: 12.43 seconds
[2017.10.17-21.03.09:774][  0]LogLoad: (Engine Initialization) Total Blueprint compile time: 0.11 seconds
[2017.10.17-21.03.09:774][  0]LogExternalProfiler: Found external profiler: VSPerf
[2017.10.17-21.03.09:774][  0]LogExternalProfiler: Using external profiler: VSPerf
[2017.10.17-21.03.09:783][  0]LogOcInput: OculusInput pre-init called
[2017.10.17-21.03.09:783][  0]LogHMD: Starting GearVRController plugin
[2017.10.17-21.03.09:799][  0]LogAssetRegistry: Asset discovery search completed in 7.2534 seconds
[2017.10.17-21.03.09:801][  0]LogCollectionManager: Rebuilt the object cache for 0 collections in 0.000003 seconds (found 0 objects)
[2017.10.17-21.03.09:801][  0]LogCollectionManager: Fixed up redirectors for 0 collections in 0.000017 seconds (updated 0 objects)
[2017.10.17-21.03.09:804][  0]LogContentStreaming: Texture pool size now 1000 MB
[2017.10.17-21.03.09:850][  0]LogSlate: Took 0.000104 seconds to synchronously load lazily loaded font '../../../Engine/Content/Slate/Fonts/Roboto-Light.ttf' (159K)
[2017.10.17-21.05.21:870][807]LogSlate: Took 0.000124 seconds to synchronously load lazily loaded font '../../../Engine/Content/Slate/Fonts/Roboto-Light.ttf' (159K)
[2017.10.17-21.05.21:917][807]Cmd: OBJ SAVEPACKAGE PACKAGE="/Game/ZombieGame/Levels/Buildings" FILE="D:/ProjectInferno/ProjectInferno/Content/ZombieGame/Levels/Buildings.umap" SILENT=true AUTOSAVING=false KEEPDIRTY=false
[2017.10.17-21.05.22:123][807]LogSavePackage: Save=189.83ms
[2017.10.17-21.05.22:123][807]LogSavePackage: Moving 'D:/ProjectInferno/ProjectInferno/Saved/Buildings2782FA6A4EDF69F9DACD1999EBDDD204.tmp' to 'D:/ProjectInferno/ProjectInferno/Content/ZombieGame/Levels/Buildings.umap'
[2017.10.17-21.05.22:123][807]LogFileManager:Warning: DeleteFile was unable to delete 'D:/ProjectInferno/ProjectInferno/Content/ZombieGame/Levels/Buildings.umap', retrying in .5s...
[2017.10.17-21.05.22:624][807]LogFileManager:Error: Error deleting file 'D:/ProjectInferno/ProjectInferno/Content/ZombieGame/Levels/Buildings.umap'.
[2017.10.17-21.05.22:624][807]LogSavePackage:Error: Error saving 'D:/ProjectInferno/ProjectInferno/Content/ZombieGame/Levels/Buildings.umap'
[2017.10.17-21.05.22:625][807]LogSavePackage:Display: Finished SavePackage D:/ProjectInferno/ProjectInferno/Content/ZombieGame/Levels/Buildings.umap
[2017.10.17-21.05.22:629][807]LogSlate: Took 0.000118 seconds to synchronously load lazily loaded font '../../../Engine/Content/Slate/Fonts/Roboto-Regular.ttf' (155K)
[2017.10.17-21.05.22:632][807]EditorErrors: New page: Save Output
[2017.10.17-21.05.22:632][807]EditorErrors:Warning: Warning Error saving 'D:/ProjectInferno/ProjectInferno/Content/ZombieGame/Levels/Buildings.umap'
[2017.10.17-21.07.29:983][  2]LogEditorViewport: Clicking Background
[2017.10.17-21.09.06:241][782]LogTexture:Display: Building textures: HQ_Lightmap1_1 (AutoDXT, 512X512)
[2017.10.17-21.09.06:295][782]LogTexture:Display: Building textures: HQ_Lightmap1_2 (AutoDXT, 512X512)
[2017.10.17-21.09.06:344][782]LogTexture:Display: Building textures: LQ_Lightmap_1_1 (DXT1, 512X512)
[2017.10.17-21.09.06:379][782]LogTexture:Display: Building textures: LQ_Lightmap_1_2 (DXT1, 512X512)
[2017.10.17-21.09.06:415][782]LogTexture:Display: Building textures: ShadowMapTexture2D_2 (BGRA8, 512X256)
[2017.10.17-21.09.06:422][782]LogTexture:Display: Building textures: ShadowMapTexture2D_3 (BGRA8, 1024X64)
[2017.10.17-21.16.07:659][165]LogContentBrowser: Native class hierarchy updated for 'BlueprintGraph' in 0.0008 seconds. Added 112 classes and 0 folders.
[2017.10.17-21.16.08:177][165]LogSlate: Took 0.003673 seconds to synchronously load lazily loaded font '../../../Engine/Content/Editor/Slate/Fonts/Roboto-BoldCondensed.ttf' (158K)
[2017.10.17-21.23.50:882][705]Cmd: OBJ SAVEPACKAGE PACKAGE="/Game/ZombieGame/Levels/Buildings" FILE="D:/ProjectInferno/ProjectInferno/Content/ZombieGame/Levels/Buildings.umap" SILENT=true AUTOSAVING=false KEEPDIRTY=false
[2017.10.17-21.23.51:116][705]LogSavePackage: Save=211.39ms
[2017.10.17-21.23.51:116][705]LogSavePackage: Moving 'D:/ProjectInferno/ProjectInferno/Saved/Buildings94C8572A4780E588565AFA8E625C87CA.tmp' to 'D:/ProjectInferno/ProjectInferno/Content/ZombieGame/Levels/Buildings.umap'
[2017.10.17-21.23.51:117][705]LogSavePackage:Display: Finished SavePackage D:/ProjectInferno/ProjectInferno/Content/ZombieGame/Levels/Buildings.umap
[2017.10.17-21.23.54:570][852]Cmd: OBJ SAVEPACKAGE PACKAGE="/Game/ZombieGame/Blueprints/Level_Blueprints/BackToHud4" FILE="D:/ProjectInferno/ProjectInferno/Content/ZombieGame/Blueprints/Level_Blueprints/BackToHud4.uasset" SILENT=true
[2017.10.17-21.23.54:592][852]LogSavePackage: Save=14.40ms
[2017.10.17-21.23.54:592][852]LogSavePackage: Moving 'D:/ProjectInferno/ProjectInferno/Saved/BackToHud4F87EA42E4ADA71AFCAF6D6A7D62E70A8.tmp' to 'D:/ProjectInferno/ProjectInferno/Content/ZombieGame/Blueprints/Level_Blueprints/BackToHud4.uasset'
[2017.10.17-21.23.54:593][852]LogSavePackage:Display: Finished SavePackage D:/ProjectInferno/ProjectInferno/Content/ZombieGame/Blueprints/Level_Blueprints/BackToHud4.uasset
[2017.10.17-21.23.58:722][146]Cmd: OBJ SAVEPACKAGE PACKAGE="/Game/ZombieGame/Blueprints/Level_Blueprints/Door" FILE="D:/ProjectInferno/ProjectInferno/Content/ZombieGame/Blueprints/Level_Blueprints/Door.uasset" SILENT=true
[2017.10.17-21.23.58:748][146]LogSavePackage: Save=18.58ms
[2017.10.17-21.23.58:748][146]LogSavePackage: Moving 'D:/ProjectInferno/ProjectInferno/Saved/DoorD474123E4E753BA931884E8D61F4FEC8.tmp' to 'D:/ProjectInferno/ProjectInferno/Content/ZombieGame/Blueprints/Level_Blueprints/Door.uasset'
[2017.10.17-21.23.58:749][146]LogSavePackage:Display: Finished SavePackage D:/ProjectInferno/ProjectInferno/Content/ZombieGame/Blueprints/Level_Blueprints/Door.uasset
[2017.10.17-21.24.02:159][364]Cmd: OBJ SAVEPACKAGE PACKAGE="/Game/ZombieGame/Blueprints/Level_Blueprints/Door1" FILE="D:/ProjectInferno/ProjectInferno/Content/ZombieGame/Blueprints/Level_Blueprints/Door1.uasset" SILENT=true
[2017.10.17-21.24.02:186][364]LogSavePackage: Save=19.47ms
[2017.10.17-21.24.02:187][364]LogSavePackage: Moving 'D:/ProjectInferno/ProjectInferno/Saved/Door1A885F45C44A335193F0E5DBFFF3D8B1E.tmp' to 'D:/ProjectInferno/ProjectInferno/Content/ZombieGame/Blueprints/Level_Blueprints/Door1.uasset'
[2017.10.17-21.24.02:187][364]LogSavePackage:Display: Finished SavePackage D:/ProjectInferno/ProjectInferno/Content/ZombieGame/Blueprints/Level_Blueprints/Door1.uasset
[2017.10.17-21.24.05:694][517]Cmd: OBJ SAVEPACKAGE PACKAGE="/Game/ZombieGame/Blueprints/Level_Blueprints/Door2" FILE="D:/ProjectInferno/ProjectInferno/Content/ZombieGame/Blueprints/Level_Blueprints/Door2.uasset" SILENT=true
[2017.10.17-21.24.05:722][517]LogSavePackage: Save=19.47ms
[2017.10.17-21.24.05:722][517]LogSavePackage: Moving 'D:/ProjectInferno/ProjectInferno/Saved/Door2CF9C0DD64676A8AAE51C0490B35349C8.tmp' to 'D:/ProjectInferno/ProjectInferno/Content/ZombieGame/Blueprints/Level_Blueprints/Door2.uasset'
[2017.10.17-21.24.05:722][517]LogSavePackage:Display: Finished SavePackage D:/ProjectInferno/ProjectInferno/Content/ZombieGame/Blueprints/Level_Blueprints/Door2.uasset
[2017.10.17-21.24.09:397][679]Cmd: OBJ SAVEPACKAGE PACKAGE="/Game/ZombieGame/Blueprints/Level_Blueprints/Door3" FILE="D:/ProjectInferno/ProjectInferno/Content/ZombieGame/Blueprints/Level_Blueprints/Door3.uasset" SILENT=true
[2017.10.17-21.24.09:425][679]LogSavePackage: Save=19.41ms
[2017.10.17-21.24.09:425][679]LogSavePackage: Moving 'D:/ProjectInferno/ProjectInferno/Saved/Door38BCAC43D4BE4975754D06A9134581B47.tmp' to 'D:/ProjectInferno/ProjectInferno/Content/ZombieGame/Blueprints/Level_Blueprints/Door3.uasset'
[2017.10.17-21.24.09:425][679]LogSavePackage:Display: Finished SavePackage D:/ProjectInferno/ProjectInferno/Content/ZombieGame/Blueprints/Level_Blueprints/Door3.uasset
[2017.10.17-21.24.12:733][824]Cmd: OBJ SAVEPACKAGE PACKAGE="/Game/ZombieGame/Blueprints/Level_Blueprints/Door4" FILE="D:/ProjectInferno/ProjectInferno/Content/ZombieGame/Blueprints/Level_Blueprints/Door4.uasset" SILENT=true
[2017.10.17-21.24.12:749][824]LogSavePackage: Save=10.22ms
[2017.10.17-21.24.12:749][824]LogSavePackage: Moving 'D:/ProjectInferno/ProjectInferno/Saved/Door44E1C1B19430F69754377E4AACE820C3B.tmp' to 'D:/ProjectInferno/ProjectInferno/Content/ZombieGame/Blueprints/Level_Blueprints/Door4.uasset'
[2017.10.17-21.24.12:750][824]LogSavePackage:Display: Finished SavePackage D:/ProjectInferno/ProjectInferno/Content/ZombieGame/Blueprints/Level_Blueprints/Door4.uasset
[2017.10.17-21.24.16:347][981]LogSavePackage: Save=5.50ms
[2017.10.17-21.24.16:347][981]LogSavePackage: Moving 'D:/ProjectInferno/ProjectInferno/Saved/HUBvariables0BA96BAE4E7FB29ECAFFE88413EAD764.tmp' to 'D:/ProjectInferno/ProjectInferno/Content/ZombieGame/Blueprints/Level_Blueprints/HUBvariables.uasset'
[2017.10.17-21.24.16:348][981]LogSavePackage:Display: Finished SavePackage D:/ProjectInferno/ProjectInferno/Content/ZombieGame/Blueprints/Level_Blueprints/HUBvariables.uasset
[2017.10.17-21.27.11:781][437]LogSlate: Took 0.000190 seconds to synchronously load lazily loaded font '../../../Engine/Content/Editor/Slate/Fonts/Roboto-Italic.ttf' (157K)
[2017.10.17-21.27.36:303][177]LogMetaData: Removing '/Game/ZombieGame/Blueprints/Level_Blueprints/Doors/Door.Door:UserConstructionScript.K2Node_FunctionEntry_0' ref from Metadata '/Game/ZombieGame/Blueprints/Level_Blueprints/Door.PackageMetaData'
[2017.10.17-21.27.36:303][177]LogMetaData: Removing '/Game/ZombieGame/Blueprints/Level_Blueprints/Doors/Door.Door_C' ref from Metadata '/Game/ZombieGame/Blueprints/Level_Blueprints/Door.PackageMetaData'
[2017.10.17-21.27.36:303][177]LogMetaData: Removing '/Game/ZombieGame/Blueprints/Level_Blueprints/Doors/Door.Door:EventGraph.K2Node_Event_0' ref from Metadata '/Game/ZombieGame/Blueprints/Level_Blueprints/Door.PackageMetaData'
[2017.10.17-21.27.36:303][177]LogMetaData: Removing '/Game/ZombieGame/Blueprints/Level_Blueprints/Doors/Door.Door:EventGraph.K2Node_Event_1' ref from Metadata '/Game/ZombieGame/Blueprints/Level_Blueprints/Door.PackageMetaData'
[2017.10.17-21.27.36:303][177]LogMetaData: Removing '/Game/ZombieGame/Blueprints/Level_Blueprints/Doors/Door.Door:EventGraph.K2Node_Event_2' ref from Metadata '/Game/ZombieGame/Blueprints/Level_Blueprints/Door.PackageMetaData'
[2017.10.17-21.27.36:303][177]LogMetaData: Removing '/Game/ZombieGame/Blueprints/Level_Blueprints/Doors/Door.Door_C:ExecuteUbergraph_Door' ref from Metadata '/Game/ZombieGame/Blueprints/Level_Blueprints/Door.PackageMetaData'
[2017.10.17-21.27.36:303][177]LogMetaData: Removing '/Game/ZombieGame/Blueprints/Level_Blueprints/Doors/Door.Door_C:UserConstructionScript' ref from Metadata '/Game/ZombieGame/Blueprints/Level_Blueprints/Door.PackageMetaData'
[2017.10.17-21.27.36:303][177]LogMetaData: Removing '/Game/ZombieGame/Blueprints/Level_Blueprints/Doors/Door.Door_C:ReceiveActorBeginOverlap' ref from Metadata '/Game/ZombieGame/Blueprints/Level_Blueprints/Door.PackageMetaData'
[2017.10.17-21.27.36:303][177]LogMetaData: Removing '/Game/ZombieGame/Blueprints/Level_Blueprints/Doors/Door.SKEL_Door_C:ReceiveActorBeginOverlap' ref from Metadata '/Game/ZombieGame/Blueprints/Level_Blueprints/Door.PackageMetaData'
[2017.10.17-21.27.36:303][177]LogMetaData: Removing '/Game/ZombieGame/Blueprints/Level_Blueprints/Doors/Door.SKEL_Door_C:UserConstructionScript' ref from Metadata '/Game/ZombieGame/Blueprints/Level_Blueprints/Door.PackageMetaData'
[2017.10.17-21.27.36:303][177]LogMetaData: Removing '/Game/ZombieGame/Blueprints/Level_Blueprints/Doors/Door.SKEL_Door_C:ExecuteUbergraph_Door' ref from Metadata '/Game/ZombieGame/Blueprints/Level_Blueprints/Door.PackageMetaData'
[2017.10.17-21.27.36:303][177]LogMetaData: Removing '/Game/ZombieGame/Blueprints/Level_Blueprints/Doors/Door.SKEL_Door_C' ref from Metadata '/Game/ZombieGame/Blueprints/Level_Blueprints/Door.PackageMetaData'
[2017.10.17-21.27.36:326][177]Cmd: OBJ SAVEPACKAGE PACKAGE="/Game/ZombieGame/Blueprints/Level_Blueprints/Doors/Door" FILE="D:/ProjectInferno/ProjectInferno/Content/ZombieGame/Blueprints/Level_Blueprints/Doors/Door.uasset" SILENT=true
[2017.10.17-21.27.36:345][177]LogSavePackage: Save=18.39ms
[2017.10.17-21.27.36:345][177]LogSavePackage: Moving 'D:/ProjectInferno/ProjectInferno/Saved/Door06F9DA0448F78D3BD5BC50A01EB55EF3.tmp' to 'D:/ProjectInferno/ProjectInferno/Content/ZombieGame/Blueprints/Level_Blueprints/Doors/Door.uasset'
[2017.10.17-21.27.36:346][177]LogSavePackage:Display: Finished SavePackage D:/ProjectInferno/ProjectInferno/Content/ZombieGame/Blueprints/Level_Blueprints/Doors/Door.uasset
[2017.10.17-21.27.36:350][177]Cmd: OBJ SAVEPACKAGE PACKAGE="/Game/ZombieGame/Blueprints/Level_Blueprints/Door" FILE="D:/ProjectInferno/ProjectInferno/Content/ZombieGame/Blueprints/Level_Blueprints/Door.uasset" SILENT=true
[2017.10.17-21.27.36:356][177]LogSavePackage: Save=3.36ms
[2017.10.17-21.27.36:356][177]LogSavePackage: Moving 'D:/ProjectInferno/ProjectInferno/Saved/Door9EEF47EC43D470534BB44A998F990DE6.tmp' to 'D:/ProjectInferno/ProjectInferno/Content/ZombieGame/Blueprints/Level_Blueprints/Door.uasset'
[2017.10.17-21.27.36:357][177]LogSavePackage:Display: Finished SavePackage D:/ProjectInferno/ProjectInferno/Content/ZombieGame/Blueprints/Level_Blueprints/Door.uasset
[2017.10.17-21.27.38:768][407]LogMetaData: Removing '/Game/ZombieGame/Blueprints/Level_Blueprints/Doors/Door1.Door1_C' ref from Metadata '/Game/ZombieGame/Blueprints/Level_Blueprints/Door1.PackageMetaData'
[2017.10.17-21.27.38:768][407]LogMetaData: Removing '/Game/ZombieGame/Blueprints/Level_Blueprints/Doors/Door1.Door1_C:ExecuteUbergraph_Door1' ref from Metadata '/Game/ZombieGame/Blueprints/Level_Blueprints/Door1.PackageMetaData'
[2017.10.17-21.27.38:768][407]LogMetaData: Removing '/Game/ZombieGame/Blueprints/Level_Blueprints/Doors/Door1.Door1_C:UserConstructionScript' ref from Metadata '/Game/ZombieGame/Blueprints/Level_Blueprints/Door1.PackageMetaData'
[2017.10.17-21.27.38:768][407]LogMetaData: Removing '/Game/ZombieGame/Blueprints/Level_Blueprints/Doors/Door1.Door1_C:ReceiveActorBeginOverlap' ref from Metadata '/Game/ZombieGame/Blueprints/Level_Blueprints/Door1.PackageMetaData'
[2017.10.17-21.27.38:768][407]LogMetaData: Removing '/Game/ZombieGame/Blueprints/Level_Blueprints/Doors/Door1.SKEL_Door1_C:ReceiveActorBeginOverlap' ref from Metadata '/Game/ZombieGame/Blueprints/Level_Blueprints/Door1.PackageMetaData'
[2017.10.17-21.27.38:768][407]LogMetaData: Removing '/Game/ZombieGame/Blueprints/Level_Blueprints/Doors/Door1.SKEL_Door1_C:UserConstructionScript' ref from Metadata '/Game/ZombieGame/Blueprints/Level_Blueprints/Door1.PackageMetaData'
[2017.10.17-21.27.38:768][407]LogMetaData: Removing '/Game/ZombieGame/Blueprints/Level_Blueprints/Doors/Door1.SKEL_Door1_C:ExecuteUbergraph_Door1' ref from Metadata '/Game/ZombieGame/Blueprints/Level_Blueprints/Door1.PackageMetaData'
[2017.10.17-21.27.38:768][407]LogMetaData: Removing '/Game/ZombieGame/Blueprints/Level_Blueprints/Doors/Door1.SKEL_Door1_C' ref from Metadata '/Game/ZombieGame/Blueprints/Level_Blueprints/Door1.PackageMetaData'
[2017.10.17-21.27.38:815][407]LogSavePackage: Save=19.78ms
[2017.10.17-21.27.38:815][407]LogSavePackage: Moving 'D:/ProjectInferno/ProjectInferno/Saved/Door1E279292E4D508BAA420EACA332A7C182.tmp' to 'D:/ProjectInferno/ProjectInferno/Content/ZombieGame/Blueprints/Level_Blueprints/Doors/Door1.uasset'
[2017.10.17-21.27.38:816][407]LogSavePackage:Display: Finished SavePackage D:/ProjectInferno/ProjectInferno/Content/ZombieGame/Blueprints/Level_Blueprints/Doors/Door1.uasset
[2017.10.17-21.27.38:819][407]Cmd: OBJ SAVEPACKAGE PACKAGE="/Game/ZombieGame/Blueprints/Level_Blueprints/Door1" FILE="D:/ProjectInferno/ProjectInferno/Content/ZombieGame/Blueprints/Level_Blueprints/Door1.uasset" SILENT=true
[2017.10.17-21.27.38:825][407]LogSavePackage: Save=3.32ms
[2017.10.17-21.27.38:825][407]LogSavePackage: Moving 'D:/ProjectInferno/ProjectInferno/Saved/Door148C337B74855944E3C6BD89CA1E98AC9.tmp' to 'D:/ProjectInferno/ProjectInferno/Content/ZombieGame/Blueprints/Level_Blueprints/Door1.uasset'
[2017.10.17-21.27.38:826][407]LogSavePackage:Display: Finished SavePackage D:/ProjectInferno/ProjectInferno/Content/ZombieGame/Blueprints/Level_Blueprints/Door1.uasset
[2017.10.17-21.27.41:171][605]LogMetaData: Removing '/Game/ZombieGame/Blueprints/Level_Blueprints/Doors/Door2.Door2_C' ref from Metadata '/Game/ZombieGame/Blueprints/Level_Blueprints/Door2.PackageMetaData'
[2017.10.17-21.27.41:171][605]LogMetaData: Removing '/Game/ZombieGame/Blueprints/Level_Blueprints/Doors/Door2.Door2_C:ExecuteUbergraph_Door2' ref from Metadata '/Game/ZombieGame/Blueprints/Level_Blueprints/Door2.PackageMetaData'
[2017.10.17-21.27.41:171][605]LogMetaData: Removing '/Game/ZombieGame/Blueprints/Level_Blueprints/Doors/Door2.Door2_C:UserConstructionScript' ref from Metadata '/Game/ZombieGame/Blueprints/Level_Blueprints/Door2.PackageMetaData'
[2017.10.17-21.27.41:171][605]LogMetaData: Removing '/Game/ZombieGame/Blueprints/Level_Blueprints/Doors/Door2.Door2_C:ReceiveActorBeginOverlap' ref from Metadata '/Game/ZombieGame/Blueprints/Level_Blueprints/Door2.PackageMetaData'
[2017.10.17-21.27.41:171][605]LogMetaData: Removing '/Game/ZombieGame/Blueprints/Level_Blueprints/Doors/Door2.SKEL_Door2_C:ReceiveActorBeginOverlap' ref from Metadata '/Game/ZombieGame/Blueprints/Level_Blueprints/Door2.PackageMetaData'
[2017.10.17-21.27.41:171][605]LogMetaData: Removing '/Game/ZombieGame/Blueprints/Level_Blueprints/Doors/Door2.SKEL_Door2_C:UserConstructionScript' ref from Metadata '/Game/ZombieGame/Blueprints/Level_Blueprints/Door2.PackageMetaData'
[2017.10.17-21.27.41:171][605]LogMetaData: Removing '/Game/ZombieGame/Blueprints/Level_Blueprints/Doors/Door2.SKEL_Door2_C:ExecuteUbergraph_Door2' ref from Metadata '/Game/ZombieGame/Blueprints/Level_Blueprints/Door2.PackageMetaData'
[2017.10.17-21.27.41:171][605]LogMetaData: Removing '/Game/ZombieGame/Blueprints/Level_Blueprints/Doors/Door2.SKEL_Door2_C' ref from Metadata '/Game/ZombieGame/Blueprints/Level_Blueprints/Door2.PackageMetaData'
[2017.10.17-21.27.41:250][605]LogSavePackage: Save=19.96ms
[2017.10.17-21.27.41:250][605]LogSavePackage: Moving 'D:/ProjectInferno/ProjectInferno/Saved/Door21277BF4E427CD2F072F5E68CF25CF585.tmp' to 'D:/ProjectInferno/ProjectInferno/Content/ZombieGame/Blueprints/Level_Blueprints/Doors/Door2.uasset'
[2017.10.17-21.27.41:251][605]LogSavePackage:Display: Finished SavePackage D:/ProjectInferno/ProjectInferno/Content/ZombieGame/Blueprints/Level_Blueprints/Doors/Door2.uasset
[2017.10.17-21.27.41:254][605]Cmd: OBJ SAVEPACKAGE PACKAGE="/Game/ZombieGame/Blueprints/Level_Blueprints/Door2" FILE="D:/ProjectInferno/ProjectInferno/Content/ZombieGame/Blueprints/Level_Blueprints/Door2.uasset" SILENT=true
[2017.10.17-21.27.41:260][605]LogSavePackage: Save=3.49ms
[2017.10.17-21.27.41:260][605]LogSavePackage: Moving 'D:/ProjectInferno/ProjectInferno/Saved/Door2C7EBDDEA40D4EE070D30F1BC09557B80.tmp' to 'D:/ProjectInferno/ProjectInferno/Content/ZombieGame/Blueprints/Level_Blueprints/Door2.uasset'
[2017.10.17-21.27.41:261][605]LogSavePackage:Display: Finished SavePackage D:/ProjectInferno/ProjectInferno/Content/ZombieGame/Blueprints/Level_Blueprints/Door2.uasset
[2017.10.17-21.27.43:139][772]LogMetaData: Removing '/Game/ZombieGame/Blueprints/Level_Blueprints/Doors/Door3.Door3_C' ref from Metadata '/Game/ZombieGame/Blueprints/Level_Blueprints/Door3.PackageMetaData'
[2017.10.17-21.27.43:139][772]LogMetaData: Removing '/Game/ZombieGame/Blueprints/Level_Blueprints/Doors/Door3.Door3_C:ExecuteUbergraph_Door3' ref from Metadata '/Game/ZombieGame/Blueprints/Level_Blueprints/Door3.PackageMetaData'
[2017.10.17-21.27.43:139][772]LogMetaData: Removing '/Game/ZombieGame/Blueprints/Level_Blueprints/Doors/Door3.Door3_C:UserConstructionScript' ref from Metadata '/Game/ZombieGame/Blueprints/Level_Blueprints/Door3.PackageMetaData'
[2017.10.17-21.27.43:139][772]LogMetaData: Removing '/Game/ZombieGame/Blueprints/Level_Blueprints/Doors/Door3.Door3_C:ReceiveActorBeginOverlap' ref from Metadata '/Game/ZombieGame/Blueprints/Level_Blueprints/Door3.PackageMetaData'
[2017.10.17-21.27.43:139][772]LogMetaData: Removing '/Game/ZombieGame/Blueprints/Level_Blueprints/Doors/Door3.SKEL_Door3_C:ReceiveActorBeginOverlap' ref from Metadata '/Game/ZombieGame/Blueprints/Level_Blueprints/Door3.PackageMetaData'
[2017.10.17-21.27.43:139][772]LogMetaData: Removing '/Game/ZombieGame/Blueprints/Level_Blueprints/Doors/Door3.SKEL_Door3_C:UserConstructionScript' ref from Metadata '/Game/ZombieGame/Blueprints/Level_Blueprints/Door3.PackageMetaData'
[2017.10.17-21.27.43:139][772]LogMetaData: Removing '/Game/ZombieGame/Blueprints/Level_Blueprints/Doors/Door3.SKEL_Door3_C:ExecuteUbergraph_Door3' ref from Metadata '/Game/ZombieGame/Blueprints/Level_Blueprints/Door3.PackageMetaData'
[2017.10.17-21.27.43:139][772]LogMetaData: Removing '/Game/ZombieGame/Blueprints/Level_Blueprints/Doors/Door3.SKEL_Door3_C' ref from Metadata '/Game/ZombieGame/Blueprints/Level_Blueprints/Door3.PackageMetaData'
[2017.10.17-21.27.43:218][772]LogSavePackage: Save=19.89ms
[2017.10.17-21.27.43:218][772]LogSavePackage: Moving 'D:/ProjectInferno/ProjectInferno/Saved/Door381E932164AF32FD97347459A80CC0338.tmp' to 'D:/ProjectInferno/ProjectInferno/Content/ZombieGame/Blueprints/Level_Blueprints/Doors/Door3.uasset'
[2017.10.17-21.27.43:219][772]LogSavePackage:Display: Finished SavePackage D:/ProjectInferno/ProjectInferno/Content/ZombieGame/Blueprints/Level_Blueprints/Doors/Door3.uasset
[2017.10.17-21.27.43:222][772]Cmd: OBJ SAVEPACKAGE PACKAGE="/Game/ZombieGame/Blueprints/Level_Blueprints/Door3" FILE="D:/ProjectInferno/ProjectInferno/Content/ZombieGame/Blueprints/Level_Blueprints/Door3.uasset" SILENT=true
[2017.10.17-21.27.43:229][772]LogSavePackage: Save=3.69ms
[2017.10.17-21.27.43:229][772]LogSavePackage: Moving 'D:/ProjectInferno/ProjectInferno/Saved/Door384D3781F4F76971EF3DB5280F4CB3024.tmp' to 'D:/ProjectInferno/ProjectInferno/Content/ZombieGame/Blueprints/Level_Blueprints/Door3.uasset'
[2017.10.17-21.27.43:230][772]LogSavePackage:Display: Finished SavePackage D:/ProjectInferno/ProjectInferno/Content/ZombieGame/Blueprints/Level_Blueprints/Door3.uasset
[2017.10.17-21.27.45:172][961]LogMetaData: Removing '/Game/ZombieGame/Blueprints/Level_Blueprints/Doors/Door4.Door4_C' ref from Metadata '/Game/ZombieGame/Blueprints/Level_Blueprints/Door4.PackageMetaData'
[2017.10.17-21.27.45:172][961]LogMetaData: Removing '/Game/ZombieGame/Blueprints/Level_Blueprints/Doors/Door4.SKEL_Door4_C:UserConstructionScript' ref from Metadata '/Game/ZombieGame/Blueprints/Level_Blueprints/Door4.PackageMetaData'
[2017.10.17-21.27.45:172][961]LogMetaData: Removing '/Game/ZombieGame/Blueprints/Level_Blueprints/Doors/Door4.SKEL_Door4_C' ref from Metadata '/Game/ZombieGame/Blueprints/Level_Blueprints/Door4.PackageMetaData'
[2017.10.17-21.27.45:211][961]LogSavePackage: Save=12.06ms
[2017.10.17-21.27.45:212][961]LogSavePackage: Moving 'D:/ProjectInferno/ProjectInferno/Saved/Door4484DE4D1448C5F605042F284E50035BD.tmp' to 'D:/ProjectInferno/ProjectInferno/Content/ZombieGame/Blueprints/Level_Blueprints/Doors/Door4.uasset'
[2017.10.17-21.27.45:212][961]LogSavePackage:Display: Finished SavePackage D:/ProjectInferno/ProjectInferno/Content/ZombieGame/Blueprints/Level_Blueprints/Doors/Door4.uasset
[2017.10.17-21.27.45:215][961]Cmd: OBJ SAVEPACKAGE PACKAGE="/Game/ZombieGame/Blueprints/Level_Blueprints/Door4" FILE="D:/ProjectInferno/ProjectInferno/Content/ZombieGame/Blueprints/Level_Blueprints/Door4.uasset" SILENT=true
[2017.10.17-21.27.45:221][961]LogSavePackage: Save=3.42ms
[2017.10.17-21.27.45:221][961]LogSavePackage: Moving 'D:/ProjectInferno/ProjectInferno/Saved/Door4847EEBF347849D35BBBB34A7C5F83DE0.tmp' to 'D:/ProjectInferno/ProjectInferno/Content/ZombieGame/Blueprints/Level_Blueprints/Door4.uasset'
[2017.10.17-21.27.45:222][961]LogSavePackage:Display: Finished SavePackage D:/ProjectInferno/ProjectInferno/Content/ZombieGame/Blueprints/Level_Blueprints/Door4.uasset
[2017.10.17-21.27.46:967][ 47]Cmd: OBJ SAVEPACKAGE PACKAGE="/Game/ZombieGame/Levels/Buildings" FILE="D:/ProjectInferno/ProjectInferno/Content/ZombieGame/Levels/Buildings.umap" SILENT=true AUTOSAVING=false KEEPDIRTY=false
[2017.10.17-21.27.47:198][ 47]LogSavePackage: Save=210.91ms
[2017.10.17-21.27.47:198][ 47]LogSavePackage: Moving 'D:/ProjectInferno/ProjectInferno/Saved/BuildingsD8A46E5D4A8B26032A4E99B21475D445.tmp' to 'D:/ProjectInferno/ProjectInferno/Content/ZombieGame/Levels/Buildings.umap'
[2017.10.17-21.27.47:200][ 47]LogSavePackage:Display: Finished SavePackage D:/ProjectInferno/ProjectInferno/Content/ZombieGame/Levels/Buildings.umap
[2017.10.17-21.35.14:103][361]SourceControl: Info Source control is disabled
[2017.10.17-21.35.18:987][731]Cmd: OBJ SAVEPACKAGE PACKAGE="/Game/ZombieGame/Blueprints/Level_Blueprints/Doors/Door" FILE="D:/ProjectInferno/ProjectInferno/Content/ZombieGame/Blueprints/Level_Blueprints/Doors/Door.uasset" SILENT=true
[2017.10.17-21.35.19:015][731]LogSavePackage: Save=17.63ms
[2017.10.17-21.35.19:015][731]LogSavePackage: Moving 'D:/ProjectInferno/ProjectInferno/Saved/DoorC70375D54398A9213A4814BC986806CA.tmp' to 'D:/ProjectInferno/ProjectInferno/Content/ZombieGame/Blueprints/Level_Blueprints/Doors/Door.uasset'
[2017.10.17-21.35.19:016][731]LogSavePackage:Display: Finished SavePackage D:/ProjectInferno/ProjectInferno/Content/ZombieGame/Blueprints/Level_Blueprints/Doors/Door.uasset
[2017.10.17-21.35.19:045][731]LogSavePackage: Save=19.03ms
[2017.10.17-21.35.19:045][731]LogSavePackage: Moving 'D:/ProjectInferno/ProjectInferno/Saved/Door1B41897314454BE3F7B22E8B11F611F2F.tmp' to 'D:/ProjectInferno/ProjectInferno/Content/ZombieGame/Blueprints/Level_Blueprints/Doors/Door1.uasset'
[2017.10.17-21.35.19:046][731]LogSavePackage:Display: Finished SavePackage D:/ProjectInferno/ProjectInferno/Content/ZombieGame/Blueprints/Level_Blueprints/Doors/Door1.uasset
[2017.10.17-21.35.19:076][731]LogSavePackage: Save=19.33ms
[2017.10.17-21.35.19:076][731]LogSavePackage: Moving 'D:/ProjectInferno/ProjectInferno/Saved/Door2D9CC57224EC145A997BECCA8C9AC1CC8.tmp' to 'D:/ProjectInferno/ProjectInferno/Content/ZombieGame/Blueprints/Level_Blueprints/Doors/Door2.uasset'
[2017.10.17-21.35.19:077][731]LogSavePackage:Display: Finished SavePackage D:/ProjectInferno/ProjectInferno/Content/ZombieGame/Blueprints/Level_Blueprints/Doors/Door2.uasset
[2017.10.17-21.35.19:106][731]LogSavePackage: Save=19.22ms
[2017.10.17-21.35.19:106][731]LogSavePackage: Moving 'D:/ProjectInferno/ProjectInferno/Saved/Door3654998054455B97F157B8AB716CE0C69.tmp' to 'D:/ProjectInferno/ProjectInferno/Content/ZombieGame/Blueprints/Level_Blueprints/Doors/Door3.uasset'
[2017.10.17-21.35.19:107][731]LogSavePackage:Display: Finished SavePackage D:/ProjectInferno/ProjectInferno/Content/ZombieGame/Blueprints/Level_Blueprints/Doors/Door3.uasset
[2017.10.17-21.35.19:130][731]LogSavePackage: Save=9.41ms
[2017.10.17-21.35.19:130][731]LogSavePackage: Moving 'D:/ProjectInferno/ProjectInferno/Saved/Door47C7570F3484DBF038BA8D2922D25926B.tmp' to 'D:/ProjectInferno/ProjectInferno/Content/ZombieGame/Blueprints/Level_Blueprints/Doors/Door4.uasset'
[2017.10.17-21.35.19:131][731]LogSavePackage:Display: Finished SavePackage D:/ProjectInferno/ProjectInferno/Content/ZombieGame/Blueprints/Level_Blueprints/Doors/Door4.uasset
[2017.10.17-21.35.20:502][789]Cmd: QUIT_EDITOR
[2017.10.17-21.35.20:522][789]LogExit: Preparing to exit.
[2017.10.17-21.35.20:757][789]LogExit: Editor shut down
[2017.10.17-21.35.20:758][789]LogExit: Transaction tracking system shut down
[2017.10.17-21.35.20:845][789]LogObj: Freed 0b from 0 cluster array pools.
[2017.10.17-21.35.20:845][789]LogExit: Object subsystem successfully closed.
[2017.10.17-21.35.20:862][789]LogD3D11RHI: Shutdown
[2017.10.17-21.35.20:862][789]LogD3D11RHI: CleanupD3DDevice
[2017.10.17-21.35.20:896][789]LogD3D11RHI: ~FD3D11DynamicRHI
[2017.10.17-21.35.20:905][789]LogModuleManager: Shutting down and abandoning module BlueprintGraph (528)
[2017.10.17-21.35.20:905][789]LogModuleManager: Shutting down and abandoning module BlueprintProfiler (526)
[2017.10.17-21.35.20:905][789]LogModuleManager: Shutting down and abandoning module HierarchicalLODOutliner (524)
[2017.10.17-21.35.20:905][789]LogModuleManager: Shutting down and abandoning module CrashTracker (522)
[2017.10.17-21.35.20:905][789]LogModuleManager: Shutting down and abandoning module SceneOutliner (520)
[2017.10.17-21.35.20:905][789]LogModuleManager: Shutting down and abandoning module AddContentDialog (518)
[2017.10.17-21.35.20:905][789]LogDirectoryWatcher: A directory notification for 'C:/Program Files (x86)/Epic Games/4.16/FeaturePacks/' was aborted.
[2017.10.17-21.35.20:905][789]LogModuleManager: Shutting down and abandoning module WidgetCarousel (517)
[2017.10.17-21.35.20:905][789]LogModuleManager: Shutting down and abandoning module EditorWidgets (514)
[2017.10.17-21.35.20:905][789]LogModuleManager: Shutting down and abandoning module CollectionManager (512)
[2017.10.17-21.35.20:905][789]LogDirectoryWatcher: A directory notification for 'D:/ProjectInferno/ProjectInferno/Content/Collections/' was aborted.
[2017.10.17-21.35.20:905][789]LogDirectoryWatcher: A directory notification for 'D:/ProjectInferno/ProjectInferno/Content/Developers/student/Collections/' was aborted.
[2017.10.17-21.35.20:905][789]LogDirectoryWatcher: A directory notification for 'D:/ProjectInferno/ProjectInferno/Saved/Collections/' was aborted.
[2017.10.17-21.35.20:906][789]LogModuleManager: Shutting down and abandoning module StatsViewer (510)
[2017.10.17-21.35.20:906][789]LogModuleManager: Shutting down and abandoning module FoliageEdit (508)
[2017.10.17-21.35.20:906][789]LogModuleManager: Shutting down and abandoning module LandscapeEditor (506)
[2017.10.17-21.35.20:906][789]LogModuleManager: Shutting down and abandoning module MeshPaintMode (504)
[2017.10.17-21.35.20:906][789]LogModuleManager: Shutting down and abandoning module SceneDepthPickerMode (502)
[2017.10.17-21.35.20:906][789]LogModuleManager: Shutting down and abandoning module ActorPickerMode (500)
[2017.10.17-21.35.20:906][789]LogModuleManager: Shutting down and abandoning module GeometryMode (498)
[2017.10.17-21.35.20:906][789]LogModuleManager: Shutting down and abandoning module TextureAlignMode (496)
[2017.10.17-21.35.20:906][789]LogModuleManager: Shutting down and abandoning module BspMode (494)
[2017.10.17-21.35.20:906][789]LogModuleManager: Shutting down and abandoning module HardwareSurvey (492)
[2017.10.17-21.35.20:906][789]LogModuleManager: Shutting down and abandoning module SequenceRecorderSections (490)
[2017.10.17-21.35.20:906][789]LogModuleManager: Shutting down and abandoning module AutomationWorker (488)
[2017.10.17-21.35.20:906][789]LogModuleManager: Shutting down and abandoning module MatineeToLevelSequence (486)
[2017.10.17-21.35.20:906][789]LogModuleManager: Shutting down and abandoning module LevelSequenceEditor (484)
[2017.10.17-21.35.20:906][789]LogModuleManager: Shutting down and abandoning module PlacementMode (483)
[2017.10.17-21.35.20:906][789]LogModuleManager: Shutting down and abandoning module WmfMediaFactory (480)
[2017.10.17-21.35.20:906][789]LogModuleManager: Shutting down and abandoning module WmfMediaEditor (478)
[2017.10.17-21.35.20:906][789]LogModuleManager: Shutting down and abandoning module AvfMediaFactory (476)
[2017.10.17-21.35.20:906][789]LogModuleManager: Shutting down and abandoning module AvfMediaEditor (474)
[2017.10.17-21.35.20:906][789]LogModuleManager: Shutting down and abandoning module AndroidMediaFactory (472)
[2017.10.17-21.35.20:906][789]LogModuleManager: Shutting down and abandoning module Media (471)
[2017.10.17-21.35.20:906][789]LogModuleManager: Shutting down and abandoning module AndroidMediaEditor (468)
[2017.10.17-21.35.20:906][789]LogModuleManager: Shutting down and abandoning module CharacterAI (466)
[2017.10.17-21.35.20:906][789]LogModuleManager: Shutting down and abandoning module AudioCapture (464)
[2017.10.17-21.35.20:906][789]LogModuleManager: Shutting down and abandoning module SequenceRecorder (463)
[2017.10.17-21.35.20:906][789]LogModuleManager: Shutting down and abandoning module SmartSnapping (460)
[2017.10.17-21.35.20:906][789]LogModuleManager: Shutting down and abandoning module SessionServices (458)
[2017.10.17-21.35.20:906][789]LogModuleManager: Shutting down and abandoning module ViewportSnapping (456)
[2017.10.17-21.35.20:906][789]LogModuleManager: Shutting down and abandoning module ViewportInteraction (454)
[2017.10.17-21.35.20:906][789]LogModuleManager: Shutting down and abandoning module ClothPainter (452)
[2017.10.17-21.35.20:906][789]LogModuleManager: Shutting down and abandoning module LogVisualizer (450)
[2017.10.17-21.35.20:906][789]LogModuleManager: Shutting down and abandoning module IntroTutorials (448)
[2017.10.17-21.35.20:906][789]LogModuleManager: Shutting down and abandoning module GameProjectGeneration (447)
[2017.10.17-21.35.20:906][789]LogModuleManager: Shutting down and abandoning module EditorLiveStreaming (444)
[2017.10.17-21.35.20:906][789]LogModuleManager: Shutting down and abandoning module IOSPlatformEditor (442)
[2017.10.17-21.35.20:906][789]LogModuleManager: Shutting down and abandoning module HTML5PlatformEditor (440)
[2017.10.17-21.35.20:906][789]LogModuleManager: Shutting down and abandoning module AndroidPlatformEditor (438)
[2017.10.17-21.35.20:906][789]LogModuleManager: Shutting down and abandoning module AndroidDeviceDetection (437)
[2017.10.17-21.35.21:810][789]LogModuleManager: Shutting down and abandoning module IOSRuntimeSettings (434)
[2017.10.17-21.35.21:810][789]LogModuleManager: Shutting down and abandoning module AndroidRuntimeSettings (432)
[2017.10.17-21.35.21:810][789]LogModuleManager: Shutting down and abandoning module InputBindingEditor (430)
[2017.10.17-21.35.21:810][789]LogModuleManager: Shutting down and abandoning module MergeActors (428)
[2017.10.17-21.35.21:810][789]LogModuleManager: Shutting down and abandoning module SizeMap (426)
[2017.10.17-21.35.21:810][789]LogModuleManager: Shutting down and abandoning module TreeMap (424)
[2017.10.17-21.35.21:810][789]LogModuleManager: Shutting down and abandoning module ReferenceViewer (422)
[2017.10.17-21.35.21:810][789]LogModuleManager: Shutting down and abandoning module LocalizationDashboard (420)
[2017.10.17-21.35.21:810][789]LogModuleManager: Shutting down and abandoning module LocalizationService (419)
[2017.10.17-21.35.21:810][789]LogModuleManager: Shutting down and abandoning module HardwareTargeting (416)
[2017.10.17-21.35.21:810][789]LogModuleManager: Shutting down and abandoning module DeviceProfileEditor (414)
[2017.10.17-21.35.21:810][789]LogModuleManager: Shutting down and abandoning module UndoHistory (412)
[2017.10.17-21.35.21:810][789]LogModuleManager: Shutting down and abandoning module UserFeedback (410)
[2017.10.17-21.35.21:810][789]LogModuleManager: Shutting down and abandoning module XmlParser (408)
[2017.10.17-21.35.21:810][789]LogModuleManager: Shutting down and abandoning module Blutility (406)
[2017.10.17-21.35.21:810][789]LogModuleManager: Shutting down and abandoning module ProjectSettingsViewer (404)
[2017.10.17-21.35.21:810][789]LogModuleManager: Shutting down and abandoning module ProjectTargetPlatformEditor (403)
[2017.10.17-21.35.21:810][789]LogModuleManager: Shutting down and abandoning module EditorSettingsViewer (400)
[2017.10.17-21.35.21:810][789]LogModuleManager: Shutting down and abandoning module SettingsEditor (398)
[2017.10.17-21.35.21:810][789]LogModuleManager: Shutting down and abandoning module ProjectLauncher (396)
[2017.10.17-21.35.21:810][789]LogModuleManager: Shutting down and abandoning module SessionFrontend (394)
[2017.10.17-21.35.21:810][789]LogModuleManager: Shutting down and abandoning module ProfilerClient (392)
[2017.10.17-21.35.21:810][789]LogModuleManager: Shutting down and abandoning module DeviceManager (390)
[2017.10.17-21.35.21:810][789]LogModuleManager: Shutting down and abandoning module TargetDeviceServices (389)
[2017.10.17-21.35.21:861][789]LogModuleManager: Shutting down and abandoning module AutomationController (386)
[2017.10.17-21.35.21:861][789]LogModuleManager: Shutting down and abandoning module AutomationWindow (384)
[2017.10.17-21.35.21:861][789]LogModuleManager: Shutting down and abandoning module Layers (382)
[2017.10.17-21.35.21:861][789]LogModuleManager: Shutting down and abandoning module ComponentVisualizers (380)
[2017.10.17-21.35.21:861][789]LogModuleManager: Shutting down and abandoning module DetailCustomizations (378)
[2017.10.17-21.35.21:861][789]LogModuleManager: Shutting down and abandoning module PackagesDialog (376)
[2017.10.17-21.35.21:861][789]LogModuleManager: Shutting down and abandoning module Persona (374)
[2017.10.17-21.35.21:861][789]LogModuleManager: Shutting down and abandoning module AdvancedPreviewScene (373)
[2017.10.17-21.35.21:861][789]LogModuleManager: Shutting down and abandoning module AnimGraph (371)
[2017.10.17-21.35.21:861][789]LogModuleManager: Shutting down and abandoning module Kismet (368)
[2017.10.17-21.35.21:867][789]LogModuleManager: Shutting down and abandoning module ClassViewer (366)
[2017.10.17-21.35.21:867][789]LogModuleManager: Shutting down and abandoning module Toolbox (364)
[2017.10.17-21.35.21:867][789]LogModuleManager: Shutting down and abandoning module ModuleUI (362)
[2017.10.17-21.35.21:867][789]LogModuleManager: Shutting down and abandoning module MovieSceneTools (360)
[2017.10.17-21.35.21:867][789]LogModuleManager: Shutting down and abandoning module OutputLog (358)
[2017.10.17-21.35.21:867][789]LogModuleManager: Shutting down and abandoning module GammaUI (356)
[2017.10.17-21.35.21:867][789]LogModuleManager: Shutting down and abandoning module Documentation (354)
[2017.10.17-21.35.21:867][789]LogModuleManager: Shutting down and abandoning module MovieSceneTracks (352)
[2017.10.17-21.35.21:867][789]LogModuleManager: Shutting down and abandoning module MovieScene (350)
[2017.10.17-21.35.21:867][789]LogModuleManager: Shutting down and abandoning module Niagara (348)
[2017.10.17-21.35.21:867][789]LogModuleManager: Shutting down and abandoning module NiagaraEditor (347)
[2017.10.17-21.35.21:867][789]LogModuleManager: Shutting down and abandoning module StreamingPauseRendering (344)
[2017.10.17-21.35.21:867][789]LogModuleManager: Shutting down and abandoning module AnalyticsET (342)
[2017.10.17-21.35.21:867][789]LogModuleManager: Shutting down and abandoning module PortalServices (340)
[2017.10.17-21.35.21:867][789]LogModuleManager: Shutting down and abandoning module PortalRpc (338)
[2017.10.17-21.35.21:867][789]LogModuleManager: Shutting down and abandoning module MessagingRpc (336)
[2017.10.17-21.35.21:867][789]LogModuleManager: Shutting down and abandoning module AIModule (334)
[2017.10.17-21.35.21:867][789]LogModuleManager: Shutting down and abandoning module GameplayDebugger (333)
[2017.10.17-21.35.21:867][789]LogModuleManager: Shutting down and abandoning module AITestSuite (331)
[2017.10.17-21.35.21:867][789]LogModuleManager: Shutting down and abandoning module ProfilerService (328)
[2017.10.17-21.35.21:935][789]LogModuleManager: Shutting down and abandoning module TaskGraph (326)
[2017.10.17-21.35.21:935][789]LogModuleManager: Shutting down and abandoning module SteamVRController (324)
[2017.10.17-21.35.21:935][789]LogModuleManager: Shutting down and abandoning module SteamVR (322)
[2017.10.17-21.35.21:935][789]LogModuleManager: Shutting down and abandoning module ProceduralMeshComponentEditor (320)
[2017.10.17-21.35.21:935][789]LogModuleManager: Shutting down and abandoning module ProceduralMeshComponent (318)
[2017.10.17-21.35.21:935][789]LogModuleManager: Shutting down and abandoning module OculusLibrary (316)
[2017.10.17-21.35.21:935][789]LogModuleManager: Shutting down and abandoning module OculusInput (314)
[2017.10.17-21.35.21:935][789]LogModuleManager: Shutting down and abandoning module MobilePatchingUtils (312)
[2017.10.17-21.35.21:935][789]LogModuleManager: Shutting down and abandoning module CustomMeshComponent (310)
[2017.10.17-21.35.21:935][789]LogModuleManager: Shutting down and abandoning module CableComponent (308)
[2017.10.17-21.35.21:935][789]LogModuleManager: Shutting down and abandoning module ArchVisCharacter (306)
[2017.10.17-21.35.21:935][789]LogModuleManager: Shutting down and abandoning module AndroidPermission (304)
[2017.10.17-21.35.21:935][789]LogModuleManager: Shutting down and abandoning module MediaPlayerEditor (300)
[2017.10.17-21.35.21:935][789]LogModuleManager: Shutting down and abandoning module HTML5Networking (298)
[2017.10.17-21.35.21:935][789]LogModuleManager: Shutting down and abandoning module AlembicImporter (296)
[2017.10.17-21.35.21:935][789]LogModuleManager: Shutting down and abandoning module AlembicLibrary (295)
[2017.10.17-21.35.21:935][789]LogModuleManager: Shutting down and abandoning module GeometryCache (294)
[2017.10.17-21.35.21:935][789]LogModuleManager: Shutting down and abandoning module GeometryCacheEd (293)
[2017.10.17-21.35.21:935][789]LogModuleManager: Shutting down and abandoning module SuperSearchEditor (288)
[2017.10.17-21.35.21:935][789]LogModuleManager: Shutting down and abandoning module SuperSearch (287)
[2017.10.17-21.35.21:935][789]LogModuleManager: Shutting down and abandoning module SpeedTreeImporter (284)
[2017.10.17-21.35.21:935][789]LogModuleManager: Shutting down and abandoning module PluginBrowser (282)
[2017.10.17-21.35.21:935][789]LogModuleManager: Shutting down and abandoning module MobileLauncherProfileWizard (280)
[2017.10.17-21.35.21:935][789]LogModuleManager: Shutting down and abandoning module VisualStudioSourceCodeAccess (278)
[2017.10.17-21.35.21:935][789]LogModuleManager: Shutting down and abandoning module DesktopPlatform (277)
[2017.10.17-21.35.21:935][789]LogModuleManager: Shutting down and abandoning module UObjectPlugin (274)
[2017.10.17-21.35.21:935][789]LogModuleManager: Shutting down and abandoning module SubversionSourceControl (272)
[2017.10.17-21.35.21:935][789]LogModuleManager: Shutting down and abandoning module PerforceSourceControl (270)
[2017.10.17-21.35.21:935][789]LogModuleManager: Shutting down and abandoning module GitSourceControl (268)
[2017.10.17-21.35.21:935][789]LogModuleManager: Shutting down and abandoning module SourceControl (267)
[2017.10.17-21.35.21:935][789]LogModuleManager: Shutting down and abandoning module LightPropagationVolumeEditor (264)
[2017.10.17-21.35.21:935][789]LogModuleManager: Shutting down and abandoning module PaperTiledImporter (262)
[2017.10.17-21.35.21:935][789]LogModuleManager: Shutting down and abandoning module PaperSpriteSheetImporter (260)
[2017.10.17-21.35.21:935][789]LogModuleManager: Shutting down and abandoning module Paper2DEditor (258)
[2017.10.17-21.35.21:936][789]LogModuleManager: Shutting down and abandoning module MeshPaint (257)
[2017.10.17-21.35.21:936][789]LogModuleManager: Shutting down and abandoning module LevelEditor (255)
[2017.10.17-21.35.21:936][789]LogModuleManager: Shutting down and abandoning module PixelInspectorModule (254)
[2017.10.17-21.35.21:936][789]LogModuleManager: Shutting down and abandoning module MainFrame (252)
[2017.10.17-21.35.21:936][789]LogModuleManager: Shutting down and abandoning module HotReload (251)
[2017.10.17-21.35.21:937][789]LogModuleManager: Shutting down and abandoning module PhysXVehiclesEditor (246)
[2017.10.17-21.35.21:937][789]LogModuleManager: Shutting down and abandoning module PhysXVehicles (244)
[2017.10.17-21.35.21:937][789]LogModuleManager: Shutting down and abandoning module LocationServicesBPLibrary (242)
[2017.10.17-21.35.21:937][789]LogModuleManager: Shutting down and abandoning module ImmediatePhysicsEditor (240)
[2017.10.17-21.35.21:937][789]LogModuleManager: Shutting down and abandoning module ImmediatePhysics (238)
[2017.10.17-21.35.21:937][789]LogModuleManager: Shutting down and abandoning module UdpMessaging (236)
[2017.10.17-21.35.22:037][789]LogModuleManager: Shutting down and abandoning module TcpMessaging (234)
[2017.10.17-21.35.22:137][789]LogModuleManager: Shutting down and abandoning module GameplayTagsEditor (232)
[2017.10.17-21.35.22:137][789]LogModuleManager: Shutting down and abandoning module FacialAnimationEditor (230)
[2017.10.17-21.35.22:137][789]LogModuleManager: Shutting down and abandoning module FacialAnimation (228)
[2017.10.17-21.35.22:137][789]LogModuleManager: Shutting down and abandoning module AssetManagerEditor (226)
[2017.10.17-21.35.22:137][789]LogModuleManager: Shutting down and abandoning module GraphEditor (225)
[2017.10.17-21.35.22:137][789]LogModuleManager: Shutting down and abandoning module ContentBrowser (223)
[2017.10.17-21.35.22:138][789]LogModuleManager: Shutting down and abandoning module LightPropagationVolumeRuntime (220)
[2017.10.17-21.35.22:138][789]LogModuleManager: Shutting down and abandoning module Paper2D (218)
[2017.10.17-21.35.22:138][789]LogModuleManager: Shutting down and abandoning module WindowsMoviePlayer (216)
[2017.10.17-21.35.22:138][789]LogModuleManager: Shutting down and abandoning module WmfMedia (214)
[2017.10.17-21.35.22:138][789]LogModuleManager: Shutting down and abandoning module ClothingSystemEditor (212)
[2017.10.17-21.35.22:138][789]LogModuleManager: Shutting down and abandoning module ClothingSystemRuntime (210)
[2017.10.17-21.35.22:138][789]LogModuleManager: Shutting down and abandoning module MediaAssets (208)
[2017.10.17-21.35.22:139][789]LogModuleManager: Shutting down and abandoning module GameLiveStreaming (206)
[2017.10.17-21.35.22:139][789]LogModuleManager: Shutting down and abandoning module VREditor (204)
[2017.10.17-21.35.22:139][789]LogModuleManager: Shutting down and abandoning module StringTableEditor (202)
[2017.10.17-21.35.22:139][789]LogModuleManager: Shutting down and abandoning module GameplayTasksEditor (200)
[2017.10.17-21.35.22:139][789]LogModuleManager: Shutting down and abandoning module BehaviorTreeEditor (198)
[2017.10.17-21.35.22:139][789]LogModuleManager: Shutting down and abandoning module FunctionalTesting (196)
[2017.10.17-21.35.22:139][789]LogModuleManager: Shutting down and abandoning module CollisionAnalyzer (194)
[2017.10.17-21.35.22:139][789]LogModuleManager: Shutting down and abandoning module UMG (192)
[2017.10.17-21.35.22:139][789]LogModuleManager: Shutting down and abandoning module UMGEditor (191)
[2017.10.17-21.35.22:139][789]LogModuleManager: Shutting down and abandoning module Sequencer (190)
[2017.10.17-21.35.22:139][789]LogModuleManager: Shutting down and abandoning module AssetTools (188)
[2017.10.17-21.35.22:139][789]LogModuleManager: Shutting down and abandoning module MessageLog (187)
[2017.10.17-21.35.22:139][789]LogModuleManager: Shutting down and abandoning module WorkspaceMenuStructure (186)
[2017.10.17-21.35.22:139][789]LogModuleManager: Shutting down and abandoning module SlateReflector (180)
[2017.10.17-21.35.22:139][789]LogModuleManager: Shutting down and abandoning module Slate (178)
[2017.10.17-21.35.22:139][789]LogModuleManager: Shutting down and abandoning module EditorStyle (176)
[2017.10.17-21.35.22:141][789]LogModuleManager: Shutting down and abandoning module SourceCodeAccess (174)
[2017.10.17-21.35.22:141][789]LogModuleManager: Shutting down and abandoning module HeadMountedDisplay (172)
[2017.10.17-21.35.22:141][789]LogModuleManager: Shutting down and abandoning module XAudio2 (170)
[2017.10.17-21.35.22:141][789]LogModuleManager: Shutting down and abandoning module Networking (168)
[2017.10.17-21.35.22:141][789]LogModuleManager: Shutting down and abandoning module Core (164)
[2017.10.17-21.35.22:141][789]LogModuleManager: Shutting down and abandoning module AssetRegistry (162)
[2017.10.17-21.35.22:242][789]LogDirectoryWatcher: A directory notification for '../../../Engine/Content/' was aborted.
[2017.10.17-21.35.22:242][789]LogDirectoryWatcher: A directory notification for 'D:/ProjectInferno/ProjectInferno/Content/' was aborted.
[2017.10.17-21.35.22:242][789]LogDirectoryWatcher: A directory notification for '../../../Engine/Plugins/2D/Paper2D/Content/' was aborted.
[2017.10.17-21.35.22:242][789]LogDirectoryWatcher: A directory notification for '../../../Engine/Plugins/Runtime/GearVR/Content/' was aborted.
[2017.10.17-21.35.22:244][789]LogModuleManager: Shutting down and abandoning module DirectoryWatcher (161)
[2017.10.17-21.35.22:244][789]LogModuleManager: Shutting down and abandoning module KismetCompiler (158)
[2017.10.17-21.35.22:244][789]LogModuleManager: Shutting down and abandoning module PhysXFormats (156)
[2017.10.17-21.35.22:244][789]LogModuleManager: Shutting down and abandoning module MeshUtilities (154)
[2017.10.17-21.35.22:244][789]LogModuleManager: Shutting down and abandoning module SimplygonSwarm (153)
[2017.10.17-21.35.22:244][789]LogModuleManager: Shutting down and abandoning module SimplygonMeshReduction (151)
[2017.10.17-21.35.22:244][789]LogModuleManager: Shutting down and abandoning module QuadricMeshReduction (149)
[2017.10.17-21.35.22:244][789]LogModuleManager: Shutting down and abandoning module LevelSequence (146)
[2017.10.17-21.35.22:244][789]LogModuleManager: Shutting down and abandoning module DerivedDataCache (144)
[2017.10.17-21.35.22:316][789]LogDerivedDataCache: Shutdown
[2017.10.17-21.35.22:316][789]LogModuleManager: Shutting down and abandoning module TargetPlatform (142)
[2017.10.17-21.35.22:316][789]LogModuleManager: Shutting down and abandoning module VulkanShaderFormat (141)
[2017.10.17-21.35.22:316][789]LogModuleManager: Shutting down and abandoning module ShaderFormatVectorVM (139)
[2017.10.17-21.35.22:316][789]LogModuleManager: Shutting down and abandoning module ShaderFormatOpenGL (137)
[2017.10.17-21.35.22:316][789]LogModuleManager: Shutting down and abandoning module ShaderFormatD3D (135)
[2017.10.17-21.35.22:316][789]LogModuleManager: Shutting down and abandoning module MetalShaderFormat (133)
[2017.10.17-21.35.22:316][789]LogModuleManager: Shutting down and abandoning module TextureFormatUncompressed (131)
[2017.10.17-21.35.22:316][789]LogModuleManager: Shutting down and abandoning module TextureFormatPVR (129)
[2017.10.17-21.35.22:316][789]LogModuleManager: Shutting down and abandoning module TextureFormatDXT (127)
[2017.10.17-21.35.22:316][789]LogModuleManager: Shutting down and abandoning module TextureFormatIntelISPCTexComp (125)
[2017.10.17-21.35.22:316][789]LogModuleManager: Shutting down and abandoning module TextureFormatASTC (123)
[2017.10.17-21.35.22:316][789]LogModuleManager: Shutting down and abandoning module ImageWrapper (122)
[2017.10.17-21.35.22:316][789]LogModuleManager: Shutting down and abandoning module TextureFormatAndroid (119)
[2017.10.17-21.35.22:316][789]LogModuleManager: Shutting down and abandoning module AudioFormatOpus (117)
[2017.10.17-21.35.22:316][789]LogModuleManager: Shutting down and abandoning module AudioFormatOgg (115)
[2017.10.17-21.35.22:316][789]LogModuleManager: Shutting down and abandoning module AudioFormatADPCM (113)
[2017.10.17-21.35.22:316][789]LogModuleManager: Shutting down and abandoning module LinuxTargetPlatform (111)
[2017.10.17-21.35.22:316][789]LogModuleManager: Shutting down and abandoning module LinuxServerTargetPlatform (109)
[2017.10.17-21.35.22:316][789]LogModuleManager: Shutting down and abandoning module LinuxNoEditorTargetPlatform (107)
[2017.10.17-21.35.22:316][789]LogModuleManager: Shutting down and abandoning module LinuxClientTargetPlatform (105)
[2017.10.17-21.35.22:316][789]LogModuleManager: Shutting down and abandoning module TVOSTargetPlatform (103)
[2017.10.17-21.35.22:316][789]LogModuleManager: Shutting down and abandoning module Messaging (101)
[2017.10.17-21.35.22:316][789]LogModuleManager: Shutting down and abandoning module IOSTargetPlatform (99)
[2017.10.17-21.35.22:316][789]LogModuleManager: Shutting down and abandoning module HTML5TargetPlatform (97)
[2017.10.17-21.35.22:316][789]LogModuleManager: Shutting down and abandoning module Android_PVRTCTargetPlatform (95)
[2017.10.17-21.35.22:316][789]LogModuleManager: Shutting down and abandoning module Android_MultiTargetPlatform (93)
[2017.10.17-21.35.22:316][789]LogModuleManager: Shutting down and abandoning module Android_ETC2TargetPlatform (91)
[2017.10.17-21.35.22:316][789]LogModuleManager: Shutting down and abandoning module Android_ETC1TargetPlatform (89)
[2017.10.17-21.35.22:316][789]LogModuleManager: Shutting down and abandoning module Android_DXTTargetPlatform (87)
[2017.10.17-21.35.22:316][789]LogModuleManager: Shutting down and abandoning module Android_ATCTargetPlatform (85)
[2017.10.17-21.35.22:316][789]LogModuleManager: Shutting down and abandoning module Android_ASTCTargetPlatform (83)
[2017.10.17-21.35.22:316][789]LogModuleManager: Shutting down and abandoning module AndroidTargetPlatform (81)
[2017.10.17-21.35.22:316][789]LogModuleManager: Shutting down and abandoning module WindowsTargetPlatform (79)
[2017.10.17-21.35.22:316][789]LogModuleManager: Shutting down and abandoning module WindowsServerTargetPlatform (77)
[2017.10.17-21.35.22:316][789]LogModuleManager: Shutting down and abandoning module WindowsNoEditorTargetPlatform (75)
[2017.10.17-21.35.22:316][789]LogModuleManager: Shutting down and abandoning module WindowsClientTargetPlatform (73)
[2017.10.17-21.35.22:316][789]LogModuleManager: Shutting down and abandoning module MacTargetPlatform (71)
[2017.10.17-21.35.22:316][789]LogModuleManager: Shutting down and abandoning module MacServerTargetPlatform (69)
[2017.10.17-21.35.22:316][789]LogModuleManager: Shutting down and abandoning module MacNoEditorTargetPlatform (67)
[2017.10.17-21.35.22:316][789]LogModuleManager: Shutting down and abandoning module MacClientTargetPlatform (65)
[2017.10.17-21.35.22:316][789]LogModuleManager: Shutting down and abandoning module AllDesktopTargetPlatform (63)
[2017.10.17-21.35.22:316][789]LogModuleManager: Shutting down and abandoning module InputCore (60)
[2017.10.17-21.35.22:316][789]LogModuleManager: Shutting down and abandoning module Settings (58)
[2017.10.17-21.35.22:317][789]LogModuleManager: Shutting down and abandoning module OculusRift (56)
[2017.10.17-21.35.22:317][789]LogModuleManager: Shutting down and abandoning module GearVRController (54)
[2017.10.17-21.35.22:317][789]LogModuleManager: Shutting down and abandoning module GearVR (52)
[2017.10.17-21.35.22:317][789]LogModuleManager: Shutting down and abandoning module ExampleDeviceProfileSelector (50)
[2017.10.17-21.35.22:317][789]LogModuleManager: Shutting down and abandoning module OnlineBlueprintSupport (48)
[2017.10.17-21.35.22:317][789]LogModuleManager: Shutting down and abandoning module OnlineSubsystem (44)
[2017.10.17-21.35.22:317][789]LogOnline:Display: Unloading online subsystem: NULL
[2017.10.17-21.35.22:317][789]LogModuleManager: Shutting down and abandoning module XMPP (43)
[2017.10.17-21.35.22:317][789]LogModuleManager: Shutting down and abandoning module HTTP (41)
[2017.10.17-21.35.22:317][789]LogHttp:Display: Http module shutting down, but needs to wait on 1 outstanding Http requests:
[2017.10.17-21.35.22:317][789]LogHttp:Display: 	verb=[POST] url=[https://datarouter.ol.epicgames.com/datarouter/api/v1/public/data?SessionID=%7B48CEB04E-4217-4D55-EEE6-BCBB3A84B91B%7D&AppID=UEEditor.Rocket.Release&AppVersion=4.16.0-3452394%2B%2B%2BUE4%2BRelease-4.16&UserID=42ed91f945ef5fec679bcc8cf2d62b6e%7Ce67724c06ae34bcab9b8bfae92f27281%7C5856b343-0bb1-4fd2-98d9-8fd0986d7c57&AppEnvironment=datacollector-binary&UploadType=eteventstream] status=Processing
[2017.10.17-21.35.22:337][789]LogModuleManager: Shutting down and abandoning module SSL (40)
[2017.10.17-21.35.22:338][789]LogModuleManager: Shutting down and abandoning module HTTPChunkInstaller (36)
[2017.10.17-21.35.22:338][789]LogModuleManager: Shutting down and abandoning module AnimationModifiers (34)
[2017.10.17-21.35.22:338][789]LogModuleManager: Shutting down and abandoning module PropertyEditor (33)
[2017.10.17-21.35.22:338][789]LogModuleManager: Shutting down and abandoning module AudioEditor (30)
[2017.10.17-21.35.22:338][789]LogModuleManager: Shutting down and abandoning module TextureCompressor (28)
[2017.10.17-21.35.22:338][789]LogModuleManager: Shutting down and abandoning module ShaderCore (26)
[2017.10.17-21.35.22:338][789]LogModuleManager: Shutting down and abandoning module Landscape (24)
[2017.10.17-21.35.22:338][789]LogModuleManager: Shutting down and abandoning module SlateRHIRenderer (22)
[2017.10.17-21.35.22:339][789]LogModuleManager: Shutting down and abandoning module OpenGLDrv (20)
[2017.10.17-21.35.22:339][789]LogModuleManager: Shutting down and abandoning module D3D11RHI (18)
[2017.10.17-21.35.22:339][789]LogModuleManager: Shutting down and abandoning module AnimGraphRuntime (16)
[2017.10.17-21.35.22:339][789]LogModuleManager: Shutting down and abandoning module Renderer (14)
[2017.10.17-21.35.22:339][789]LogModuleManager: Shutting down and abandoning module Engine (12)
[2017.10.17-21.35.22:339][789]LogModuleManager: Shutting down and abandoning module CoreUObject (10)
[2017.10.17-21.35.22:339][789]LogModuleManager: Shutting down and abandoning module NetworkFile (8)
[2017.10.17-21.35.22:339][789]LogModuleManager: Shutting down and abandoning module StreamingFile (6)
[2017.10.17-21.35.22:339][789]LogModuleManager: Shutting down and abandoning module SandboxFile (4)
[2017.10.17-21.35.22:339][789]LogModuleManager: Shutting down and abandoning module PakFile (2)
[2017.10.17-21.35.22:340][789]LogExit: Exiting.
[2017.10.17-21.35.22:350][789]Log file closed, 10/17/17 16:35:22
