Log file open, 10/12/17 15:09:14
LogInit:Display: Running engine for game: ProjectInferno
LogPlatformFile: Not using cached read wrapper
LogInit:Display: RandInit(421476699) SRandInit(421476699).
LogTaskGraph: Started task graph with 5 named threads and 8 total threads with 1 sets of task threads.
LogStats: Stats thread started at 1.287502
LogInit: Using libcurl 7.47.1
LogInit:  - built for x86_64-pc-win32
LogInit:  - supports SSL with OpenSSL/1.0.2g
LogInit:  - supports HTTP deflate (compression) using libz 1.2.8
LogInit:  - other features:
LogInit:      CURL_VERSION_SSL
LogInit:      CURL_VERSION_LIBZ
LogInit:      CURL_VERSION_IPV6
LogInit:      CURL_VERSION_ASYNCHDNS
LogInit:      CURL_VERSION_LARGEFILE
LogInit:      CURL_VERSION_IDN
LogInit:  CurlRequestOptions (configurable via config and command line):
LogInit:  - bVerifyPeer = false  - Libcurl will NOT verify peer certificate
LogInit:  - bUseHttpProxy = false  - Libcurl will NOT use HTTP proxy
LogInit:  - bDontReuseConnections = false  - Libcurl will reuse connections
LogInit:  - CertBundlePath = nullptr  - Libcurl will use whatever was configured at build time.
LogInit: Build: ++UE4+Release-4.16-CL-3452394
LogInit: Engine Version: 4.16.0-3452394+++UE4+Release-4.16
LogInit: Compatible Engine Version: 4.16.0-3452394+++UE4+Release-4.16
LogInit: Net CL: 3452394
LogDevObjectVersion: Number of dev versions registered: 16
LogDevObjectVersion:   Dev-Blueprints (B0D832E4-1F89-4F0D-ACCF-7EB736FD4AA2): 9
LogDevObjectVersion:   Dev-Build (E1C64328-A22C-4D53-A36C-8E866417BD8C): 0
LogDevObjectVersion:   Dev-Core (375EC13C-06E4-48FB-B500-84F0262A717E): 2
LogDevObjectVersion:   Dev-Editor (E4B068ED-F494-42E9-A231-DA0B2E46BB41): 17
LogDevObjectVersion:   Dev-Framework (CFFC743F-43B0-4480-9391-14DF171D2073): 23
LogDevObjectVersion:   Dev-Mobile (B02B49B5-BB20-44E9-A304-32B752E40360): 0
LogDevObjectVersion:   Dev-Networking (A4E4105C-59A1-49B5-A7C5-40C4547EDFEE): 0
LogDevObjectVersion:   Dev-Online (39C831C9-5AE6-47DC-9A44-9C173E1C8E7C): 0
LogDevObjectVersion:   Dev-Physics (78F01B33-EBEA-4F98-B9B4-84EACCB95AA2): 0
LogDevObjectVersion:   Dev-Platform (6631380F-2D4D-43E0-8009-CF276956A95A): 0
LogDevObjectVersion:   Dev-Rendering (12F88B9F-8875-4AFC-A67C-D90C383ABD29): 15
LogDevObjectVersion:   Dev-Sequencer (7B5AE74C-D270-4C10-A958-57980B212A5A): 4
LogDevObjectVersion:   Dev-VR (D7296918-1DD6-4BDD-9DE2-64A83CC13884): 0
LogDevObjectVersion:   Dev-LoadTimes (C2A15278-BFE7-4AFE-6C17-90FF531DF755): 1
LogDevObjectVersion:   Private-Geometry (6EACA3D4-40EC-4CC1-B786-8BED09428FC5): 1
LogDevObjectVersion:   Dev-AnimPhys (29E575DD-E0A3-4627-9D10-D276232CDCEA): 3
LogInit: Compiled (64-bit): May 22 2017 17:47:00
LogInit: Compiled with Visual C++: 19.00.23026.00
LogInit: Build Configuration: Development
LogInit: Branch Name: ++UE4+Release-4.16
LogInit: Command line:  
LogInit: Base directory: C:/Program Files (x86)/Epic Games/4.16/Engine/Binaries/Win64/
LogInit: Installed Engine Build: 1
LogInit: Presizing for max 8388607 objects, including 0 objects not considered by GC, pre-allocating 0 bytes for permanent pool.
LogInit: Object subsystem initialized
[2017.10.12-20.09.14:691][  0]LogInit: Selected Device Profile: [Windows]
[2017.10.12-20.09.14:691][  0]LogInit: Applying CVar settings loaded from the selected device profile: [Windows]
[2017.10.12-20.09.14:722][  0]LogInit: Computer: T248-12
[2017.10.12-20.09.14:722][  0]LogInit: User: student
[2017.10.12-20.09.14:722][  0]LogInit: CPU Page size=4096, Cores=4
[2017.10.12-20.09.14:722][  0]LogInit: High frequency timer resolution =3.507587 MHz
[2017.10.12-20.09.14:722][  0]LogMemory: Memory total: Physical=15.9GB (16GB approx)
[2017.10.12-20.09.14:722][  0]LogMemory: Platform Memory Stats for Windows
[2017.10.12-20.09.14:722][  0]LogMemory: Process Physical Memory: 275.44 MB used, 275.44 MB peak
[2017.10.12-20.09.14:722][  0]LogMemory: Process Virtual Memory: 263.77 MB used, 263.77 MB peak
[2017.10.12-20.09.14:722][  0]LogMemory: Physical Memory: 2642.91 MB used,  13680.56 MB free, 16323.47 MB total
[2017.10.12-20.09.14:722][  0]LogMemory: Virtual Memory: 629.34 MB used,  13680.56 MB free, 8388608.00 MB total
[2017.10.12-20.09.15:159][  0]LogInit: Using OS detected language (en-US).
[2017.10.12-20.09.15:159][  0]LogInit: Using OS detected locale (en-US).
[2017.10.12-20.09.15:220][  0]LogTextLocalizationManager: No specific localization for 'en-US' exists, so the 'en' localization will be used.
[2017.10.12-20.09.18:122][  0]LogD3D11RHI: D3D11 adapters:
[2017.10.12-20.09.18:138][  0]LogD3D11RHI:    0. 'NVIDIA Quadro K2000' (Feature Level 11_0)
[2017.10.12-20.09.18:138][  0]LogD3D11RHI:       1989/0/7905 MB DedicatedVideo/DedicatedSystem/SharedSystem, Outputs:1, VendorId:0x10de
[2017.10.12-20.09.18:138][  0]LogD3D11RHI: Chosen D3D11 Adapter: 0
[2017.10.12-20.09.18:142][  0]LogD3D11RHI: Creating new Direct3DDevice
[2017.10.12-20.09.18:142][  0]LogD3D11RHI:     GPU DeviceId: 0xffe (for the marketing name, search the web for "GPU Device Id")
[2017.10.12-20.09.18:142][  0]LogWindows: EnumDisplayDevices:
[2017.10.12-20.09.18:142][  0]LogWindows:    0. 'NVIDIA Quadro K2000' (P:1 D:1)
[2017.10.12-20.09.18:142][  0]LogWindows:    1. 'NVIDIA Quadro K2000' (P:0 D:0)
[2017.10.12-20.09.18:142][  0]LogWindows:    2. 'NVIDIA Quadro K2000' (P:0 D:0)
[2017.10.12-20.09.18:142][  0]LogWindows:    3. 'NVIDIA Quadro K2000' (P:0 D:0)
[2017.10.12-20.09.18:142][  0]LogWindows:    4. 'RDPDD Chained DD' (P:0 D:0)
[2017.10.12-20.09.18:142][  0]LogWindows:    5. 'RDP Encoder Mirror Driver' (P:0 D:0)
[2017.10.12-20.09.18:142][  0]LogWindows:    6. 'RDP Reflector Display Driver' (P:0 D:0)
[2017.10.12-20.09.18:142][  0]LogWindows: DebugString: GetVideoDriverDetailsInvalid PrimaryIsNotTheChoosenAdapter GetVideoDriverDetailsInvalid PrimaryIsNotTheChoosenAdapter GetVideoDriverDetailsInvalid PrimaryIsNotTheChoosenAdapter FoundDriverCount:4 
[2017.10.12-20.09.18:142][  0]LogD3D11RHI:     Adapter Name: NVIDIA Quadro K2000
[2017.10.12-20.09.18:143][  0]LogD3D11RHI:   Driver Version: 376.62 (internal:21.21.13.7662, unified:376.62)
[2017.10.12-20.09.18:143][  0]LogD3D11RHI:      Driver Date: 1-10-2017
[2017.10.12-20.09.18:143][  0]LogRHI: Texture pool is 1361 MB (70% of 1945 MB)
[2017.10.12-20.09.18:223][  0]LogD3D11RHI: Async texture creation enabled
[2017.10.12-20.09.18:258][  0]LogD3D11RHI: GPU Timing Frequency: 1000.000000 (Debug: 2 2)
[2017.10.12-20.09.18:319][  0]LogShaderCompilers: Guid format shader working directory is 16 characters bigger than the processId version (D:/ProjectInferno/ProjectInferno/Intermediate/Shaders/WorkingDirectory/1100/).
[2017.10.12-20.09.18:319][  0]LogShaderCompilers: Cleaned the shader compiler working directory 'C:/Users/student/AppData/Local/Temp/UnrealShaderWorkingDir/2205DF8D488CA527DFEF0AA576CD658B/'.
[2017.10.12-20.09.18:319][  0]LogShaderCompilers:Display: Using Local Shader Compiler.
[2017.10.12-20.09.21:622][  0]LogTemp:Display: Loaded TP AllDesktopTargetPlatform
[2017.10.12-20.09.21:659][  0]LogTemp:Display: Loaded TP MacClientTargetPlatform
[2017.10.12-20.09.21:695][  0]LogTemp:Display: Loaded TP MacNoEditorTargetPlatform
[2017.10.12-20.09.21:732][  0]LogTemp:Display: Loaded TP MacServerTargetPlatform
[2017.10.12-20.09.21:773][  0]LogTemp:Display: Loaded TP MacTargetPlatform
[2017.10.12-20.09.21:811][  0]LogTemp:Display: Loaded TP WindowsClientTargetPlatform
[2017.10.12-20.09.21:848][  0]LogTemp:Display: Loaded TP WindowsNoEditorTargetPlatform
[2017.10.12-20.09.21:886][  0]LogTemp:Display: Loaded TP WindowsServerTargetPlatform
[2017.10.12-20.09.21:919][  0]LogTemp:Display: Loaded TP WindowsTargetPlatform
[2017.10.12-20.09.21:959][  0]LogTemp:Display: Loaded TP AndroidTargetPlatform
[2017.10.12-20.09.21:995][  0]LogTemp:Display: Loaded TP Android_ASTCTargetPlatform
[2017.10.12-20.09.22:032][  0]LogTemp:Display: Loaded TP Android_ATCTargetPlatform
[2017.10.12-20.09.22:069][  0]LogTemp:Display: Loaded TP Android_DXTTargetPlatform
[2017.10.12-20.09.22:105][  0]LogTemp:Display: Loaded TP Android_ETC1TargetPlatform
[2017.10.12-20.09.22:140][  0]LogTemp:Display: Loaded TP Android_ETC2TargetPlatform
[2017.10.12-20.09.22:212][  0]LogTemp:Display: Loaded TP Android_MultiTargetPlatform
[2017.10.12-20.09.22:212][  0]LogTemp:Display: Loaded TP Android_PVRTCTargetPlatform
[2017.10.12-20.09.22:240][  0]LogTemp:Display: Loaded TP HTML5TargetPlatform
[2017.10.12-20.09.22:335][  0]LogTemp:Display: Loaded TP IOSTargetPlatform
[2017.10.12-20.09.22:356][  0]LogTemp:Display: Loaded TP TVOSTargetPlatform
[2017.10.12-20.09.22:392][  0]LogTemp:Display: Loaded TP LinuxClientTargetPlatform
[2017.10.12-20.09.22:427][  0]LogTemp:Display: Loaded TP LinuxNoEditorTargetPlatform
[2017.10.12-20.09.22:463][  0]LogTemp:Display: Loaded TP LinuxServerTargetPlatform
[2017.10.12-20.09.22:504][  0]LogTemp:Display: Loaded TP LinuxTargetPlatform
[2017.10.12-20.09.22:504][  0]LogTargetPlatformManager:Display: Building Assets For Windows
[2017.10.12-20.09.23:093][  0]LogDerivedDataCache:Display: Max Cache Size: 512 MB
[2017.10.12-20.09.23:093][  0]LogDerivedDataCache:Display: Starting with empty Boot cache
[2017.10.12-20.09.23:094][  0]LogDerivedDataCache: FDerivedDataBackendGraph:  Pak pak cache file D:/ProjectInferno/ProjectInferno/DerivedDataCache/DDC.ddp not found, will not use a pak cache.
[2017.10.12-20.09.23:094][  0]LogDerivedDataCache: Unable to find inner node Pak for hierarchical cache Hierarchy.
[2017.10.12-20.09.23:094][  0]LogDerivedDataCache: FDerivedDataBackendGraph:  CompressedPak pak cache file D:/ProjectInferno/ProjectInferno/DerivedDataCache/Compressed.ddp not found, will not use a pak cache.
[2017.10.12-20.09.23:094][  0]LogDerivedDataCache: Unable to find inner node CompressedPak for hierarchical cache Hierarchy.
[2017.10.12-20.09.23:118][  0]LogDerivedDataCache:Display: Pak cache opened for reading ../../../Engine/DerivedDataCache/Compressed.ddp.
[2017.10.12-20.09.23:130][  0]LogDerivedDataCache: Using Local data cache path C:/Users/student/AppData/Local/UnrealEngine/Common/DerivedDataCache: Writable
[2017.10.12-20.09.23:158][  0]LogMaterial: Verifying Global Shaders for PCD3D_SM5
[2017.10.12-20.09.23:161][  0]LogSlate: Using Freetype 2.6.0
[2017.10.12-20.09.23:175][  0]LogSlate: SlateFontCache - WITH_FREETYPE: 1, WITH_HARFBUZZ: 1
[2017.10.12-20.09.23:175][  0]LogSlate: SlateFontCache - WITH_FREETYPE: 1, WITH_HARFBUZZ: 1
[2017.10.12-20.09.26:088][  0]LogInit: Selected Device Profile: [Windows]
[2017.10.12-20.09.26:096][  0]LogContentStreaming: Texture pool size is 0.00 MB
[2017.10.12-20.09.26:402][  0]LogMeshUtilities: Using QuadricMeshReduction for automatic static mesh reduction
[2017.10.12-20.09.26:438][  0]LogSimplygon: Simplygon DLL not present - disabling.
[2017.10.12-20.09.26:471][  0]LogMeshUtilities: Using SimplygonSwarm for distributed automatic mesh merging
[2017.10.12-20.09.26:471][  0]LogMeshUtilities: No automatic skeletal mesh reduction module available
[2017.10.12-20.09.26:471][  0]LogMeshUtilities: No automatic mesh merging module available
[2017.10.12-20.09.27:613][  0]LogNetVersion: ProjectInferno , NetCL: 3452394, EngineNetVer: 2, GameNetVer: 0 (Checksum: 3145596337)
[2017.10.12-20.09.27:693][  0]LogAssetRegistry: FAssetRegistry took 0.0255 seconds to start up
[2017.10.12-20.09.27:731][  0]LogPackageLocalizationCache: Processed 4 localized package path(s) for 2 prioritized culture(s) in 0.020654 seconds
[2017.10.12-20.09.27:735][  0]LogUObjectArray: 34194 objects as part of root set at end of initial load.
[2017.10.12-20.09.27:735][  0]LogUObjectAllocator: 7260416 out of 0 bytes used by permanent object pool.
[2017.10.12-20.09.27:735][  0]LogUObjectArray: CloseDisregardForGC: 0/0 objects in disregard for GC pool
[2017.10.12-20.09.27:780][  0]LogInit: WinSock: version 1.1 (2.2), MaxSocks=32767, MaxUdp=65467
[2017.10.12-20.09.30:918][  0]LogTcpMessaging: Initializing TcpMessaging bridge
[2017.10.12-20.09.30:949][  0]LogUdpMessaging: Initializing bridge on interface 0.0.0.0:0 to multicast group 230.0.0.1:6666.
[2017.10.12-20.09.31:435][  0]LogMaterial: Uniform references updated for custom material expression Custom.
[2017.10.12-20.09.31:828][  0]SourceControl: Info Source control is disabled
[2017.10.12-20.09.31:829][  0]SourceControl: Info Source control is disabled
[2017.10.12-20.09.31:865][  0]SourceControl: Info Source control is disabled
[2017.10.12-20.09.31:899][  0]SourceControl: Info Source control is disabled
[2017.10.12-20.09.32:391][  0]LogAndroidPermission: UAndroidPermissionCallbackProxy::GetInstance
[2017.10.12-20.09.32:836][  0]LogEngine: Initializing Engine...
[2017.10.12-20.09.32:837][  0]LogHMD: Failed to initialize OpenVR with code 110
[2017.10.12-20.09.33:310][  0]LogStats: UGameplayTagsManager::ConstructGameplayTagTree: Construct from data asset -  0.000 s
[2017.10.12-20.09.33:310][  0]LogStats: UGameplayTagsManager::ConstructGameplayTagTree: GameplayTagTreeChangedEvent.Broadcast -  0.000 s
[2017.10.12-20.09.33:419][  0]LogAIModule: Creating AISystem for world Untitled
[2017.10.12-20.09.33:431][  0]LogInit: XAudio2 using 'Speakers (High Definition Audio Device)' : 2 channels at 44.1 kHz using 16 bits per sample (channel mask 0x3)
[2017.10.12-20.09.33:454][  0]LogInit: FAudioDevice initialized.
[2017.10.12-20.09.33:486][  0]LogDerivedDataCache: Saved boot cache 0.03s 90MB C:/Users/student/AppData/Local/UnrealEngine/4.16/DerivedDataCache/Boot.ddc.
[2017.10.12-20.09.33:497][  0]LogInit: Texture streaming: Enabled
[2017.10.12-20.09.33:565][  0]LogEngineSessionManager: EngineSessionManager initialized
[2017.10.12-20.09.33:753][  0]LogInit: Transaction tracking system initialized
[2017.10.12-20.09.33:994][  0]BlueprintLog: New page: Editor Load
[2017.10.12-20.09.34:726][  0]LocalizationService: Info Localization service is disabled
[2017.10.12-20.09.35:340][  0]LogConsoleResponse:Display: 
[2017.10.12-20.09.35:644][  0]LogCook:Display: Max memory allowance for cook 16384mb min free memory 0mb
[2017.10.12-20.09.35:644][  0]LogCook:Display: Mobile HDR setting 1
[2017.10.12-20.09.36:060][  0]LogFileCache: Scanning file cache for directory 'D:/ProjectInferno/ProjectInferno/Content/' took 0.02s
[2017.10.12-20.09.36:632][  0]SourceControl: Info Source control is disabled
[2017.10.12-20.09.36:634][  0]Cmd: MAP LOAD FILE="D:/ProjectInferno/ProjectInferno/Content/FirstPersonBP/Maps/FirstPersonExampleMap.umap" TEMPLATE=0 SHOWPROGRESS=1 FEATURELEVEL=3
[2017.10.12-20.09.36:659][  0]LightingResults: New page: Lighting Build
[2017.10.12-20.09.36:707][  0]MapCheck: New page: Map Check
[2017.10.12-20.09.36:707][  0]LightingResults: New page: Lighting Build
[2017.10.12-20.09.38:094][  0]LogTexture:Display: Building textures: HQ_Lightmap0_1 (AutoDXT, 2048X2048)
[2017.10.12-20.09.38:568][  0]LogTexture:Display: Building textures: HQ_Lightmap0_2 (AutoDXT, 2048X2048)
[2017.10.12-20.09.38:988][  0]LogTexture:Display: Building textures: HQ_Lightmap0_3 (AutoDXT, 2048X2048)
[2017.10.12-20.09.39:661][  0]LogTexture:Display: Building textures: HQ_Lightmap0_4 (AutoDXT, 2048X2048)
[2017.10.12-20.09.39:916][  0]LogTexture:Display: Building textures: HQ_Lightmap0_5 (AutoDXT, 64X64)
[2017.10.12-20.09.39:950][  0]LogTexture:Display: Building textures: LQ_Lightmap_0_1 (DXT1, 2048X2048)
[2017.10.12-20.09.40:130][  0]LogTexture:Display: Building textures: LQ_Lightmap_0_2 (DXT1, 2048X2048)
[2017.10.12-20.09.40:315][  0]LogTexture:Display: Building textures: LQ_Lightmap_0_3 (DXT1, 2048X2048)
[2017.10.12-20.09.40:557][  0]LogTexture:Display: Building textures: LQ_Lightmap_0_4 (DXT1, 2048X2048)
[2017.10.12-20.09.40:698][  0]LogTexture:Display: Building textures: LQ_Lightmap_0_5 (DXT1, 64X64)
[2017.10.12-20.09.40:727][  0]LogTexture:Display: Building textures: SkyOcclusion0_1 (AutoDXT, 2048X1024)
[2017.10.12-20.09.40:894][  0]LogTexture:Display: Building textures: SkyOcclusion0_2 (AutoDXT, 2048X1024)
[2017.10.12-20.09.41:053][  0]LogTexture:Display: Building textures: SkyOcclusion0_3 (AutoDXT, 2048X1024)
[2017.10.12-20.09.41:297][  0]LogTexture:Display: Building textures: SkyOcclusion0_4 (AutoDXT, 2048X1024)
[2017.10.12-20.09.41:416][  0]LogTexture:Display: Building textures: SkyOcclusion0_5 (AutoDXT, 64X32)
[2017.10.12-20.09.41:424][  0]LogTexture:Display: Building textures: ShadowMapTexture2D_0 (G8, 2048X1024)
[2017.10.12-20.09.41:481][  0]LogTexture:Display: Building textures: ShadowMapTexture2D_1 (G8, 2048X1024)
[2017.10.12-20.09.41:538][  0]LogTexture:Display: Building textures: ShadowMapTexture2D_2 (G8, 2048X1024)
[2017.10.12-20.09.41:594][  0]LogTexture:Display: Building textures: ShadowMapTexture2D_3 (G8, 2048X1024)
[2017.10.12-20.09.41:650][  0]LogTexture:Display: Building textures: ShadowMapTexture2D_4 (G8, 2048X1024)
[2017.10.12-20.09.41:706][  0]LogTexture:Display: Building textures: ShadowMapTexture2D_5 (G8, 2048X1024)
[2017.10.12-20.09.41:765][  0]LogTexture:Display: Building textures: ShadowMapTexture2D_6 (G8, 2048X1024)
[2017.10.12-20.09.41:816][  0]LogTexture:Display: Building textures: ShadowMapTexture2D_7 (G8, 64X32)
[2017.10.12-20.09.41:908][  0]LogAIModule: Creating AISystem for world FirstPersonExampleMap
[2017.10.12-20.09.41:933][  0]LogEditorServer: Finished looking for orphan Actors (0.000 secs)
[2017.10.12-20.09.41:950][  0]Cmd: MAP CHECKDEP NOCLEARLOG
[2017.10.12-20.09.41:986][  0]MapCheck: Info Map check complete: 0 Error(s), 0 Warning(s), took 35.603ms to complete.
[2017.10.12-20.09.41:986][  0]LogFileHelpers: Loading map 'FirstPersonExampleMap' took 5.354
[2017.10.12-20.09.42:157][  0]LogCollectionManager: Loaded 0 collections in 0.001700 seconds
[2017.10.12-20.09.42:230][  0]LogFileCache: Scanning file cache for directory 'D:/ProjectInferno/ProjectInferno/Saved/Collections/' took 0.01s
[2017.10.12-20.09.42:230][  0]LogFileCache: Scanning file cache for directory 'D:/ProjectInferno/ProjectInferno/Content/Developers/student/Collections/' took 0.01s
[2017.10.12-20.09.42:230][  0]LogFileCache: Scanning file cache for directory 'D:/ProjectInferno/ProjectInferno/Content/Collections/' took 0.01s
[2017.10.12-20.09.42:230][  0]LogCollectionManager: Rebuilt the GUID cache for 0 collections in 0.000004 seconds
[2017.10.12-20.09.42:239][  0]LogContentBrowser: Native class hierarchy populated in 0.0082 seconds. Added 2329 classes and 491 folders.
[2017.10.12-20.09.42:289][  0]LogContentBrowser: Native class hierarchy updated for 'WidgetCarousel' in 0.0005 seconds. Added 0 classes and 0 folders.
[2017.10.12-20.09.42:556][  0]LogContentBrowser: Native class hierarchy updated for 'AddContentDialog' in 0.0006 seconds. Added 0 classes and 0 folders.
[2017.10.12-20.09.42:593][  0]LogContentBrowser: Native class hierarchy updated for 'SceneOutliner' in 0.0005 seconds. Added 1 classes and 2 folders.
[2017.10.12-20.09.42:651][  0]LogCrashTracker: Crashtracker disabled due to settings.
[2017.10.12-20.09.42:668][  0]LogSlate: Took 0.004530 seconds to synchronously load lazily loaded font '../../../Engine/Content/Slate/Fonts/Roboto-Regular.ttf' (155K)
[2017.10.12-20.09.42:675][  0]LogSlate: Took 0.003227 seconds to synchronously load lazily loaded font '../../../Engine/Content/Slate/Fonts/Roboto-Bold.ttf' (160K)
[2017.10.12-20.09.42:686][  0]LogSlate: Took 0.003798 seconds to synchronously load lazily loaded font '../../../Engine/Content/Editor/Slate/Fonts/FontAwesome.ttf' (139K)
[2017.10.12-20.09.42:833][  0]LogRenderer: Reallocating scene render targets to support 1208x652 NumSamples 1 (Frame:1).
[2017.10.12-20.09.43:095][  0]LogContentBrowser: Native class hierarchy updated for 'HierarchicalLODOutliner' in 0.0007 seconds. Added 1 classes and 2 folders.
[2017.10.12-20.09.43:095][  0]LogLoad: (Engine Initialization) Total time: 33.43 seconds
[2017.10.12-20.09.43:095][  0]LogLoad: (Engine Initialization) Total Blueprint compile time: 0.20 seconds
[2017.10.12-20.09.43:095][  0]LogExternalProfiler: Found external profiler: VSPerf
[2017.10.12-20.09.43:095][  0]LogExternalProfiler: Using external profiler: VSPerf
[2017.10.12-20.09.43:104][  0]LogOcInput: OculusInput pre-init called
[2017.10.12-20.09.43:104][  0]LogHMD: Starting GearVRController plugin
[2017.10.12-20.09.43:127][  0]LogContentStreaming: Texture pool size now 1000 MB
[2017.10.12-20.09.43:194][  1]LogAssetRegistry: Asset discovery search completed in 15.5205 seconds
[2017.10.12-20.09.43:195][  1]LogCollectionManager: Rebuilt the object cache for 0 collections in 0.000003 seconds (found 0 objects)
[2017.10.12-20.09.43:195][  1]LogCollectionManager: Fixed up redirectors for 0 collections in 0.000022 seconds (updated 0 objects)
[2017.10.12-20.09.44:144][ 50]LogSlate: Took 0.005041 seconds to synchronously load lazily loaded font '../../../Engine/Content/Slate/Fonts/Roboto-Light.ttf' (159K)
[2017.10.12-20.09.45:197][109]LogSynthBenchmark:Display: FSynthBenchmark (V0.95):  requested WorkScale=5.00
[2017.10.12-20.09.45:197][109]LogSynthBenchmark:Display: ===============
[2017.10.12-20.09.45:198][109]LogSynthBenchmark:Display: Main Processor:
[2017.10.12-20.09.45:384][109]LogSynthBenchmark:Display:          ... 0.018111 s/Run 'RayIntersect'
[2017.10.12-20.09.45:384][109]LogSynthBenchmark:Display:          ... 0.019202 s/Run 'Fractal'
[2017.10.12-20.09.45:384][109]LogSynthBenchmark:Display: 
[2017.10.12-20.09.45:384][109]LogSynthBenchmark:Display:   CompiledTarget_x_Bits: 64
[2017.10.12-20.09.45:384][109]LogSynthBenchmark:Display:   UE_BUILD_SHIPPING: 0
[2017.10.12-20.09.45:384][109]LogSynthBenchmark:Display:   UE_BUILD_TEST: 0
[2017.10.12-20.09.45:384][109]LogSynthBenchmark:Display:   UE_BUILD_DEBUG: 0
[2017.10.12-20.09.45:384][109]LogSynthBenchmark:Display:   TotalPhysicalGBRam: 16
[2017.10.12-20.09.45:384][109]LogSynthBenchmark:Display:   NumberOfCores (physical): 4
[2017.10.12-20.09.45:384][109]LogSynthBenchmark:Display:   NumberOfCores (logical): 8
[2017.10.12-20.09.45:384][109]LogSynthBenchmark:Display:   CPU Perf Index 0: 141.4 (weight 1.00)
[2017.10.12-20.09.45:384][109]LogSynthBenchmark:Display:   CPU Perf Index 1: 148.9 (weight 1.50)
[2017.10.12-20.09.45:384][109]LogSynthBenchmark:Display:  
[2017.10.12-20.09.45:384][109]LogSynthBenchmark:Display: Graphics:
[2017.10.12-20.09.45:384][109]LogSynthBenchmark:Display:   Adapter Name: 'NVIDIA Quadro K2000'
[2017.10.12-20.09.45:384][109]LogSynthBenchmark:Display:   (On Optimus the name might be wrong, memory should be ok)
[2017.10.12-20.09.45:384][109]LogSynthBenchmark:Display:   Vendor Id: 0x10DE
[2017.10.12-20.09.45:384][109]LogSynthBenchmark:Display:   Device Id: 0xFFE
[2017.10.12-20.09.45:384][109]LogSynthBenchmark:Display:   Device Revision: 0xA1
[2017.10.12-20.09.45:384][109]LogSynthBenchmark:Display:   GPU Memory: 1990/0/7906 MB
[2017.10.12-20.09.45:491][109]LogSynthBenchmark:Display:   GPU first test: 0.07s
[2017.10.12-20.09.45:491][109]LogSynthBenchmark:Display:          ... 1.026 s/GigaPix, Confidence=100% 'ALUHeavyNoise' (likely to be very inaccurate)
[2017.10.12-20.09.45:491][109]LogSynthBenchmark:Display:          ... 1.649 s/GigaPix, Confidence=100% 'TexHeavy' (likely to be very inaccurate)
[2017.10.12-20.09.45:491][109]LogSynthBenchmark:Display:          ... 0.852 s/GigaPix, Confidence=100% 'DepTexHeavy' (likely to be very inaccurate)
[2017.10.12-20.09.45:491][109]LogSynthBenchmark:Display:          ... 4.615 s/GigaPix, Confidence=100% 'FillOnly' (likely to be very inaccurate)
[2017.10.12-20.09.45:491][109]LogSynthBenchmark:Display:          ... 0.210 s/GigaPix, Confidence=100% 'Bandwidth' (likely to be very inaccurate)
[2017.10.12-20.09.45:491][109]LogSynthBenchmark:Display:          ... 0.461 s/GigaVert, Confidence=100% 'VertThroughPut1' (likely to be very inaccurate)
[2017.10.12-20.09.45:491][109]LogSynthBenchmark:Display:          ... 0.796 s/GigaVert, Confidence=100% 'VertThroughPut2' (likely to be very inaccurate)
[2017.10.12-20.09.46:175][109]LogSynthBenchmark:Display:   GPU second test: 0.65s
[2017.10.12-20.09.46:175][109]LogSynthBenchmark:Display:          ... 1.092 s/GigaPix, Confidence=100% 'ALUHeavyNoise' (likely to be inaccurate)
[2017.10.12-20.09.46:175][109]LogSynthBenchmark:Display:          ... 1.849 s/GigaPix, Confidence=100% 'TexHeavy' (likely to be inaccurate)
[2017.10.12-20.09.46:175][109]LogSynthBenchmark:Display:          ... 0.907 s/GigaPix, Confidence=100% 'DepTexHeavy' (likely to be inaccurate)
[2017.10.12-20.09.46:175][109]LogSynthBenchmark:Display:          ... 6.191 s/GigaPix, Confidence=100% 'FillOnly' (likely to be inaccurate)
[2017.10.12-20.09.46:175][109]LogSynthBenchmark:Display:          ... 0.225 s/GigaPix, Confidence=100% 'Bandwidth' (likely to be inaccurate)
[2017.10.12-20.09.46:175][109]LogSynthBenchmark:Display:          ... 0.411 s/GigaVert, Confidence=100% 'VertThroughPut1' (likely to be inaccurate)
[2017.10.12-20.09.46:175][109]LogSynthBenchmark:Display:          ... 0.738 s/GigaVert, Confidence=100% 'VertThroughPut2' (likely to be inaccurate)
[2017.10.12-20.09.46:175][109]LogSynthBenchmark:Display:   GPU Final Results:
[2017.10.12-20.09.46:175][109]LogSynthBenchmark:Display:          ... 1.092 s/GigaPix, Confidence=100% 'ALUHeavyNoise'
[2017.10.12-20.09.46:175][109]LogSynthBenchmark:Display:          ... 1.849 s/GigaPix, Confidence=100% 'TexHeavy'
[2017.10.12-20.09.46:175][109]LogSynthBenchmark:Display:          ... 0.907 s/GigaPix, Confidence=100% 'DepTexHeavy'
[2017.10.12-20.09.46:175][109]LogSynthBenchmark:Display:          ... 6.191 s/GigaPix, Confidence=100% 'FillOnly'
[2017.10.12-20.09.46:175][109]LogSynthBenchmark:Display:          ... 0.225 s/GigaPix, Confidence=100% 'Bandwidth'
[2017.10.12-20.09.46:175][109]LogSynthBenchmark:Display:          ... 0.411 s/GigaVert, Confidence=100% 'VertThroughPut1'
[2017.10.12-20.09.46:175][109]LogSynthBenchmark:Display:          ... 0.738 s/GigaVert, Confidence=100% 'VertThroughPut2'
[2017.10.12-20.09.46:175][109]LogSynthBenchmark:Display: 
[2017.10.12-20.09.46:175][109]LogSynthBenchmark:Display:   GPU Perf Index 0: 23.7 (weight 1.00)
[2017.10.12-20.09.46:175][109]LogSynthBenchmark:Display:   GPU Perf Index 1: 24.8 (weight 0.10)
[2017.10.12-20.09.46:175][109]LogSynthBenchmark:Display:   GPU Perf Index 2: 23.6 (weight 0.10)
[2017.10.12-20.09.46:175][109]LogSynthBenchmark:Display:   GPU Perf Index 3: 24.3 (weight 3.00)
[2017.10.12-20.09.46:175][109]LogSynthBenchmark:Display:   GPU Perf Index 4: 21.0 (weight 1.00)
[2017.10.12-20.09.46:175][109]LogSynthBenchmark:Display:   GPU Perf Index 5: 26.7 (weight 0.00)
[2017.10.12-20.09.46:175][109]LogSynthBenchmark:Display:   GPU Perf Index 6: 41.7 (weight 0.00)
[2017.10.12-20.09.46:175][109]LogSynthBenchmark:Display:   CPUIndex: 145.9
[2017.10.12-20.09.46:175][109]LogSynthBenchmark:Display:   GPUIndex: 23.6
[2017.10.12-20.09.46:175][109]LogSynthBenchmark:Display: 
[2017.10.12-20.09.46:175][109]LogSynthBenchmark:Display:          ... Total Time: 0.977954 sec
[2017.10.12-20.09.47:185][162]LogSlate: Took 0.000156 seconds to synchronously load lazily loaded font '../../../Engine/Content/Slate/Fonts/Roboto-Light.ttf' (159K)
[2017.10.12-20.09.52:439][381]LogTexture:Display: Building textures: stainedglasswindow (AutoDXT, 3000X4180)
[2017.10.12-20.09.54:552][381]LogSlate: Took 0.000362 seconds to synchronously load lazily loaded font '../../../Engine/Content/Slate/Fonts/Roboto-Light.ttf' (159K)
[2017.10.12-20.09.54:946][381]LogContentBrowser: Native class hierarchy updated for 'BlueprintGraph' in 0.0008 seconds. Added 112 classes and 0 folders.
[2017.10.12-20.09.55:544][381]LogSlate: Took 0.003779 seconds to synchronously load lazily loaded font '../../../Engine/Content/Editor/Slate/Fonts/Roboto-BoldCondensed.ttf' (158K)
[2017.10.12-20.10.06:055][879]LogConsoleManager:Warning: Performance warning: Console object named 'r.DebugSafeZone.Mode' shows many (500) FindConsoleObject() calls (consider caching e.g. using static)
[2017.10.12-20.17.42:754][142]LogEditorFactories: Performing atomic reimport of [F:/stainedglasswindow.png]
[2017.10.12-20.17.42:758][142]LogFactory: FactoryCreateFile: Texture2D with ReimportTextureFactory (0 0 F:/stainedglasswindow.png)
[2017.10.12-20.17.42:834][142]LogTexture:Display: Building textures: stainedglasswindow (AutoDXT, 1980X1080)
[2017.10.12-20.17.43:179][142]LogEditorFactories: -- imported successfully
[2017.10.12-20.19.45:255][  3]LogFileHelpers: Editor autosave (incl. sublevels) for '/Game/FirstPersonBP/Maps/FirstPersonExampleMap' took 0.013
[2017.10.12-20.19.45:257][  3]OBJ SavePackage: Generating thumbnails for [0] asset(s) in package [/Game/ZombieGame/UI/MainMenu] ([1] browsable assets)...
[2017.10.12-20.19.45:257][  3]OBJ SavePackage: Finished generating thumbnails for package [/Game/ZombieGame/UI/MainMenu]
[2017.10.12-20.19.45:257][  3]Cmd: OBJ SAVEPACKAGE PACKAGE="/Game/ZombieGame/UI/MainMenu" FILE="D:/ProjectInferno/ProjectInferno/Saved/Autosaves/Game/ZombieGame/UI/MainMenu_Auto1.uasset" SILENT=false AUTOSAVING=true
[2017.10.12-20.19.45:292][  3]LogSavePackage: Save=12.41ms
[2017.10.12-20.19.45:292][  3]LogSavePackage: Moving 'D:/ProjectInferno/ProjectInferno/Saved/MainMenu_Auto1BCA13D8847E7E21D0D8F5189E0E4AB1E.tmp' to 'D:/ProjectInferno/ProjectInferno/Saved/Autosaves/Game/ZombieGame/UI/MainMenu_Auto1.uasset'
[2017.10.12-20.19.45:293][  3]LogSavePackage:Display: Finished SavePackage D:/ProjectInferno/ProjectInferno/Saved/Autosaves/Game/ZombieGame/UI/MainMenu_Auto1.uasset
[2017.10.12-20.19.45:293][  3]OBJ SavePackage: Generating thumbnails for [1] asset(s) in package [/Game/ZombieGame/UI/stainedglasswindow] ([1] browsable assets)...
[2017.10.12-20.19.45:296][  3]OBJ SavePackage:     Rendered thumbnail for [Texture2D /Game/ZombieGame/UI/stainedglasswindow.stainedglasswindow]
[2017.10.12-20.19.45:296][  3]OBJ SavePackage: Finished generating thumbnails for package [/Game/ZombieGame/UI/stainedglasswindow]
[2017.10.12-20.19.45:314][  3]LogSavePackage: Save=10.36ms
[2017.10.12-20.19.45:314][  3]LogSavePackage: Moving 'D:/ProjectInferno/ProjectInferno/Saved/stainedglasswindow_Auto10953488A48A3B28E18B893AC25FC1C5B.tmp' to 'D:/ProjectInferno/ProjectInferno/Saved/Autosaves/Game/ZombieGame/UI/stainedglasswindow_Auto1.uasset'
[2017.10.12-20.19.45:315][  3]LogSavePackage:Display: Finished SavePackage D:/ProjectInferno/ProjectInferno/Saved/Autosaves/Game/ZombieGame/UI/stainedglasswindow_Auto1.uasset
[2017.10.12-20.19.45:315][  3]LogFileHelpers: Auto-saving content packages took 0.059
[2017.10.12-20.27.06:398][497]BlueprintLog: New page: Compile MainMenu
[2017.10.12-20.27.06:508][497]BlueprintEditorCompileResults: Info Fast Template Successfully Created.
[2017.10.12-20.27.07:121][526]Cmd: OBJ SAVEPACKAGE PACKAGE="/Game/ZombieGame/UI/MainMenu" FILE="D:/ProjectInferno/ProjectInferno/Content/ZombieGame/UI/MainMenu.uasset" SILENT=true
[2017.10.12-20.27.07:143][526]LogSavePackage: Save=16.12ms
[2017.10.12-20.27.07:143][526]LogSavePackage: Moving 'D:/ProjectInferno/ProjectInferno/Saved/MainMenu03B77E744F10E0D13C7571A4C600BD84.tmp' to 'D:/ProjectInferno/ProjectInferno/Content/ZombieGame/UI/MainMenu.uasset'
[2017.10.12-20.27.07:146][526]LogSavePackage:Display: Finished SavePackage D:/ProjectInferno/ProjectInferno/Content/ZombieGame/UI/MainMenu.uasset
[2017.10.12-20.29.58:658][433]LogFileHelpers: Editor autosave (incl. sublevels) for '/Game/FirstPersonBP/Maps/FirstPersonExampleMap' took 0.013
[2017.10.12-20.29.58:660][433]OBJ SavePackage: Generating thumbnails for [0] asset(s) in package [/Game/ZombieGame/UI/MainMenu] ([1] browsable assets)...
[2017.10.12-20.29.58:660][433]OBJ SavePackage: Finished generating thumbnails for package [/Game/ZombieGame/UI/MainMenu]
[2017.10.12-20.29.58:660][433]Cmd: OBJ SAVEPACKAGE PACKAGE="/Game/ZombieGame/UI/MainMenu" FILE="D:/ProjectInferno/ProjectInferno/Saved/Autosaves/Game/ZombieGame/UI/MainMenu_Auto2.uasset" SILENT=false AUTOSAVING=true
[2017.10.12-20.29.58:677][433]LogSavePackage: Save=15.95ms
[2017.10.12-20.29.58:677][433]LogSavePackage: Moving 'D:/ProjectInferno/ProjectInferno/Saved/MainMenu_Auto29B6DBAD14E15A3BBFA381F9773CDCCA2.tmp' to 'D:/ProjectInferno/ProjectInferno/Saved/Autosaves/Game/ZombieGame/UI/MainMenu_Auto2.uasset'
[2017.10.12-20.29.58:677][433]LogSavePackage:Display: Finished SavePackage D:/ProjectInferno/ProjectInferno/Saved/Autosaves/Game/ZombieGame/UI/MainMenu_Auto2.uasset
[2017.10.12-20.29.58:678][433]LogFileHelpers: Auto-saving content packages took 0.018
[2017.10.12-20.49.55:291][687]LogFileHelpers: Editor autosave (incl. sublevels) for '/Game/FirstPersonBP/Maps/FirstPersonExampleMap' took 0.014
[2017.10.12-20.49.55:292][687]OBJ SavePackage: Generating thumbnails for [0] asset(s) in package [/Game/ZombieGame/UI/MainMenu] ([1] browsable assets)...
[2017.10.12-20.49.55:292][687]OBJ SavePackage: Finished generating thumbnails for package [/Game/ZombieGame/UI/MainMenu]
[2017.10.12-20.49.55:292][687]Cmd: OBJ SAVEPACKAGE PACKAGE="/Game/ZombieGame/UI/MainMenu" FILE="D:/ProjectInferno/ProjectInferno/Saved/Autosaves/Game/ZombieGame/UI/MainMenu_Auto3.uasset" SILENT=false AUTOSAVING=true
[2017.10.12-20.49.55:312][687]LogSavePackage: Save=15.54ms
[2017.10.12-20.49.55:312][687]LogSavePackage: Moving 'D:/ProjectInferno/ProjectInferno/Saved/MainMenu_Auto38AC026494C6C0D1FF0D386B472BA7B57.tmp' to 'D:/ProjectInferno/ProjectInferno/Saved/Autosaves/Game/ZombieGame/UI/MainMenu_Auto3.uasset'
[2017.10.12-20.49.55:313][687]LogSavePackage:Display: Finished SavePackage D:/ProjectInferno/ProjectInferno/Saved/Autosaves/Game/ZombieGame/UI/MainMenu_Auto3.uasset
[2017.10.12-20.49.55:313][687]LogFileHelpers: Auto-saving content packages took 0.021
[2017.10.12-21.16.23:016][948]LogFileHelpers: Editor autosave (incl. sublevels) for '/Game/FirstPersonBP/Maps/FirstPersonExampleMap' took 0.014
[2017.10.12-21.16.23:018][948]OBJ SavePackage: Generating thumbnails for [0] asset(s) in package [/Game/ZombieGame/UI/MainMenu] ([1] browsable assets)...
[2017.10.12-21.16.23:018][948]OBJ SavePackage: Finished generating thumbnails for package [/Game/ZombieGame/UI/MainMenu]
[2017.10.12-21.16.23:018][948]Cmd: OBJ SAVEPACKAGE PACKAGE="/Game/ZombieGame/UI/MainMenu" FILE="D:/ProjectInferno/ProjectInferno/Saved/Autosaves/Game/ZombieGame/UI/MainMenu_Auto4.uasset" SILENT=false AUTOSAVING=true
[2017.10.12-21.16.23:035][948]LogSavePackage: Save=12.03ms
[2017.10.12-21.16.23:035][948]LogSavePackage: Moving 'D:/ProjectInferno/ProjectInferno/Saved/MainMenu_Auto4AE2BF43441EA373E257ED98070E0388F.tmp' to 'D:/ProjectInferno/ProjectInferno/Saved/Autosaves/Game/ZombieGame/UI/MainMenu_Auto4.uasset'
[2017.10.12-21.16.23:035][948]LogSavePackage:Display: Finished SavePackage D:/ProjectInferno/ProjectInferno/Saved/Autosaves/Game/ZombieGame/UI/MainMenu_Auto4.uasset
[2017.10.12-21.16.23:035][948]LogFileHelpers: Auto-saving content packages took 0.018
[2017.10.12-21.18.12:864][293]LogSlate: Took 0.018412 seconds to synchronously load lazily loaded font '../../../Engine/Content/Slate/Fonts/DroidSansFallback.ttf' (3848K)
[2017.10.12-21.26.27:744][930]LogFileHelpers: Editor autosave (incl. sublevels) for '/Game/FirstPersonBP/Maps/FirstPersonExampleMap' took 0.014
[2017.10.12-21.26.27:745][930]OBJ SavePackage: Generating thumbnails for [0] asset(s) in package [/Game/ZombieGame/UI/MainMenu] ([1] browsable assets)...
[2017.10.12-21.26.27:745][930]OBJ SavePackage: Finished generating thumbnails for package [/Game/ZombieGame/UI/MainMenu]
[2017.10.12-21.26.27:745][930]Cmd: OBJ SAVEPACKAGE PACKAGE="/Game/ZombieGame/UI/MainMenu" FILE="D:/ProjectInferno/ProjectInferno/Saved/Autosaves/Game/ZombieGame/UI/MainMenu_Auto5.uasset" SILENT=false AUTOSAVING=true
[2017.10.12-21.26.27:764][930]LogSavePackage: Save=14.18ms
[2017.10.12-21.26.27:764][930]LogSavePackage: Moving 'D:/ProjectInferno/ProjectInferno/Saved/MainMenu_Auto579E90B3F4811679652683FA7300F28B5.tmp' to 'D:/ProjectInferno/ProjectInferno/Saved/Autosaves/Game/ZombieGame/UI/MainMenu_Auto5.uasset'
[2017.10.12-21.26.27:764][930]LogSavePackage:Display: Finished SavePackage D:/ProjectInferno/ProjectInferno/Saved/Autosaves/Game/ZombieGame/UI/MainMenu_Auto5.uasset
[2017.10.12-21.26.27:764][930]LogFileHelpers: Auto-saving content packages took 0.020
[2017.10.12-21.49.52:481][275]BlueprintLog: New page: Compile MainMenu
[2017.10.12-21.49.52:575][275]BlueprintEditorCompileResults: Info Fast Template Successfully Created.
[2017.10.12-21.49.53:432][315]Cmd: OBJ SAVEPACKAGE PACKAGE="/Game/ZombieGame/UI/MainMenu" FILE="D:/ProjectInferno/ProjectInferno/Content/ZombieGame/UI/MainMenu.uasset" SILENT=true
[2017.10.12-21.49.53:453][315]LogSavePackage: Save=15.23ms
[2017.10.12-21.49.53:453][315]LogSavePackage: Moving 'D:/ProjectInferno/ProjectInferno/Saved/MainMenu0CE657484711315F1523EEABA1C884BD.tmp' to 'D:/ProjectInferno/ProjectInferno/Content/ZombieGame/UI/MainMenu.uasset'
[2017.10.12-21.49.53:456][315]LogSavePackage:Display: Finished SavePackage D:/ProjectInferno/ProjectInferno/Content/ZombieGame/UI/MainMenu.uasset
[2017.10.12-21.49.55:618][414]Cmd: OBJ SAVEPACKAGE PACKAGE="/Game/ZombieGame/UI/MainMenu" FILE="D:/ProjectInferno/ProjectInferno/Content/ZombieGame/UI/MainMenu.uasset" SILENT=true
[2017.10.12-21.49.55:634][414]LogSavePackage: Save=14.72ms
[2017.10.12-21.49.55:634][414]LogSavePackage: Moving 'D:/ProjectInferno/ProjectInferno/Saved/MainMenuDE6242FF4F9EB64AC69E769953CF855D.tmp' to 'D:/ProjectInferno/ProjectInferno/Content/ZombieGame/UI/MainMenu.uasset'
[2017.10.12-21.49.55:634][414]LogSavePackage:Display: Finished SavePackage D:/ProjectInferno/ProjectInferno/Content/ZombieGame/UI/MainMenu.uasset
[2017.10.12-21.50.06:627][790]Cmd: OBJ SAVEPACKAGE PACKAGE="/Game/ZombieGame/UI/stainedglasswindow" FILE="D:/ProjectInferno/ProjectInferno/Content/ZombieGame/UI/stainedglasswindow.uasset" SILENT=true
[2017.10.12-21.50.06:802][790]LogSavePackage: Save=162.62ms
[2017.10.12-21.50.06:802][790]LogSavePackage: Moving 'D:/ProjectInferno/ProjectInferno/Saved/stainedglasswindowD2A7BB994B7D5676C8BE498727D3BA25.tmp' to 'D:/ProjectInferno/ProjectInferno/Content/ZombieGame/UI/stainedglasswindow.uasset'
[2017.10.12-21.50.06:805][790]LogSavePackage:Display: Finished SavePackage D:/ProjectInferno/ProjectInferno/Content/ZombieGame/UI/stainedglasswindow.uasset
[2017.10.12-21.50.07:018][791]Cmd: QUIT_EDITOR
[2017.10.12-21.50.07:041][791]LogExit: Preparing to exit.
[2017.10.12-21.50.07:446][791]LogExit: Editor shut down
[2017.10.12-21.50.07:448][791]LogExit: Transaction tracking system shut down
[2017.10.12-21.50.07:559][791]LogObj: Freed 0b from 0 cluster array pools.
[2017.10.12-21.50.07:559][791]LogExit: Object subsystem successfully closed.
[2017.10.12-21.50.07:579][791]LogD3D11RHI: Shutdown
[2017.10.12-21.50.07:579][791]LogD3D11RHI: CleanupD3DDevice
[2017.10.12-21.50.07:633][791]LogD3D11RHI: ~FD3D11DynamicRHI
[2017.10.12-21.50.07:646][791]LogModuleManager: Shutting down and abandoning module SequencerWidgets (532)
[2017.10.12-21.50.07:646][791]LogModuleManager: Shutting down and abandoning module BlueprintGraph (530)
[2017.10.12-21.50.07:646][791]LogModuleManager: Shutting down and abandoning module BlueprintProfiler (528)
[2017.10.12-21.50.07:646][791]LogModuleManager: Shutting down and abandoning module SynthBenchmark (526)
[2017.10.12-21.50.07:646][791]LogModuleManager: Shutting down and abandoning module HierarchicalLODOutliner (524)
[2017.10.12-21.50.07:647][791]LogModuleManager: Shutting down and abandoning module CrashTracker (522)
[2017.10.12-21.50.07:647][791]LogModuleManager: Shutting down and abandoning module SceneOutliner (520)
[2017.10.12-21.50.07:647][791]LogModuleManager: Shutting down and abandoning module AddContentDialog (518)
[2017.10.12-21.50.07:647][791]LogDirectoryWatcher: A directory notification for 'C:/Program Files (x86)/Epic Games/4.16/FeaturePacks/' was aborted.
[2017.10.12-21.50.07:659][791]LogModuleManager: Shutting down and abandoning module WidgetCarousel (517)
[2017.10.12-21.50.07:659][791]LogModuleManager: Shutting down and abandoning module EditorWidgets (514)
[2017.10.12-21.50.07:659][791]LogModuleManager: Shutting down and abandoning module CollectionManager (512)
[2017.10.12-21.50.07:659][791]LogDirectoryWatcher: A directory notification for 'D:/ProjectInferno/ProjectInferno/Content/Collections/' was aborted.
[2017.10.12-21.50.07:659][791]LogDirectoryWatcher: A directory notification for 'D:/ProjectInferno/ProjectInferno/Content/Developers/student/Collections/' was aborted.
[2017.10.12-21.50.07:659][791]LogDirectoryWatcher: A directory notification for 'D:/ProjectInferno/ProjectInferno/Saved/Collections/' was aborted.
[2017.10.12-21.50.07:660][791]LogModuleManager: Shutting down and abandoning module StatsViewer (510)
[2017.10.12-21.50.07:660][791]LogModuleManager: Shutting down and abandoning module FoliageEdit (508)
[2017.10.12-21.50.07:660][791]LogModuleManager: Shutting down and abandoning module LandscapeEditor (506)
[2017.10.12-21.50.07:660][791]LogModuleManager: Shutting down and abandoning module MeshPaintMode (504)
[2017.10.12-21.50.07:660][791]LogModuleManager: Shutting down and abandoning module SceneDepthPickerMode (502)
[2017.10.12-21.50.07:660][791]LogModuleManager: Shutting down and abandoning module ActorPickerMode (500)
[2017.10.12-21.50.07:660][791]LogModuleManager: Shutting down and abandoning module GeometryMode (498)
[2017.10.12-21.50.07:660][791]LogModuleManager: Shutting down and abandoning module TextureAlignMode (496)
[2017.10.12-21.50.07:660][791]LogModuleManager: Shutting down and abandoning module BspMode (494)
[2017.10.12-21.50.07:660][791]LogModuleManager: Shutting down and abandoning module HardwareSurvey (492)
[2017.10.12-21.50.07:660][791]LogModuleManager: Shutting down and abandoning module SequenceRecorderSections (490)
[2017.10.12-21.50.07:660][791]LogModuleManager: Shutting down and abandoning module AutomationWorker (488)
[2017.10.12-21.50.07:660][791]LogModuleManager: Shutting down and abandoning module MatineeToLevelSequence (486)
[2017.10.12-21.50.07:660][791]LogModuleManager: Shutting down and abandoning module LevelSequenceEditor (484)
[2017.10.12-21.50.07:661][791]LogModuleManager: Shutting down and abandoning module PlacementMode (483)
[2017.10.12-21.50.07:661][791]LogModuleManager: Shutting down and abandoning module WmfMediaFactory (480)
[2017.10.12-21.50.07:661][791]LogModuleManager: Shutting down and abandoning module WmfMediaEditor (478)
[2017.10.12-21.50.07:661][791]LogModuleManager: Shutting down and abandoning module AvfMediaFactory (476)
[2017.10.12-21.50.07:661][791]LogModuleManager: Shutting down and abandoning module AvfMediaEditor (474)
[2017.10.12-21.50.07:661][791]LogModuleManager: Shutting down and abandoning module AndroidMediaFactory (472)
[2017.10.12-21.50.07:661][791]LogModuleManager: Shutting down and abandoning module Media (471)
[2017.10.12-21.50.07:661][791]LogModuleManager: Shutting down and abandoning module AndroidMediaEditor (468)
[2017.10.12-21.50.07:661][791]LogModuleManager: Shutting down and abandoning module CharacterAI (466)
[2017.10.12-21.50.07:661][791]LogModuleManager: Shutting down and abandoning module AudioCapture (464)
[2017.10.12-21.50.07:661][791]LogModuleManager: Shutting down and abandoning module SequenceRecorder (463)
[2017.10.12-21.50.07:661][791]LogModuleManager: Shutting down and abandoning module SmartSnapping (460)
[2017.10.12-21.50.07:661][791]LogModuleManager: Shutting down and abandoning module SessionServices (458)
[2017.10.12-21.50.07:661][791]LogModuleManager: Shutting down and abandoning module ViewportSnapping (456)
[2017.10.12-21.50.07:661][791]LogModuleManager: Shutting down and abandoning module ViewportInteraction (454)
[2017.10.12-21.50.07:661][791]LogModuleManager: Shutting down and abandoning module ClothPainter (452)
[2017.10.12-21.50.07:661][791]LogModuleManager: Shutting down and abandoning module LogVisualizer (450)
[2017.10.12-21.50.07:662][791]LogModuleManager: Shutting down and abandoning module IntroTutorials (448)
[2017.10.12-21.50.07:662][791]LogModuleManager: Shutting down and abandoning module GameProjectGeneration (447)
[2017.10.12-21.50.07:662][791]LogModuleManager: Shutting down and abandoning module EditorLiveStreaming (444)
[2017.10.12-21.50.07:662][791]LogModuleManager: Shutting down and abandoning module IOSPlatformEditor (442)
[2017.10.12-21.50.07:662][791]LogModuleManager: Shutting down and abandoning module HTML5PlatformEditor (440)
[2017.10.12-21.50.07:662][791]LogModuleManager: Shutting down and abandoning module AndroidPlatformEditor (438)
[2017.10.12-21.50.07:662][791]LogModuleManager: Shutting down and abandoning module AndroidDeviceDetection (437)
[2017.10.12-21.50.08:328][791]LogModuleManager: Shutting down and abandoning module IOSRuntimeSettings (434)
[2017.10.12-21.50.08:328][791]LogModuleManager: Shutting down and abandoning module AndroidRuntimeSettings (432)
[2017.10.12-21.50.08:328][791]LogModuleManager: Shutting down and abandoning module InputBindingEditor (430)
[2017.10.12-21.50.08:328][791]LogModuleManager: Shutting down and abandoning module MergeActors (428)
[2017.10.12-21.50.08:332][791]LogModuleManager: Shutting down and abandoning module SizeMap (426)
[2017.10.12-21.50.08:332][791]LogModuleManager: Shutting down and abandoning module TreeMap (424)
[2017.10.12-21.50.08:332][791]LogModuleManager: Shutting down and abandoning module ReferenceViewer (422)
[2017.10.12-21.50.08:332][791]LogModuleManager: Shutting down and abandoning module LocalizationDashboard (420)
[2017.10.12-21.50.08:333][791]LogModuleManager: Shutting down and abandoning module LocalizationService (419)
[2017.10.12-21.50.08:333][791]LogModuleManager: Shutting down and abandoning module HardwareTargeting (416)
[2017.10.12-21.50.08:333][791]LogModuleManager: Shutting down and abandoning module DeviceProfileEditor (414)
[2017.10.12-21.50.08:333][791]LogModuleManager: Shutting down and abandoning module UndoHistory (412)
[2017.10.12-21.50.08:333][791]LogModuleManager: Shutting down and abandoning module UserFeedback (410)
[2017.10.12-21.50.08:333][791]LogModuleManager: Shutting down and abandoning module XmlParser (408)
[2017.10.12-21.50.08:333][791]LogModuleManager: Shutting down and abandoning module Blutility (406)
[2017.10.12-21.50.08:333][791]LogModuleManager: Shutting down and abandoning module ProjectSettingsViewer (404)
[2017.10.12-21.50.08:333][791]LogModuleManager: Shutting down and abandoning module ProjectTargetPlatformEditor (403)
[2017.10.12-21.50.08:333][791]LogModuleManager: Shutting down and abandoning module EditorSettingsViewer (400)
[2017.10.12-21.50.08:333][791]LogModuleManager: Shutting down and abandoning module SettingsEditor (398)
[2017.10.12-21.50.08:333][791]LogModuleManager: Shutting down and abandoning module ProjectLauncher (396)
[2017.10.12-21.50.08:334][791]LogModuleManager: Shutting down and abandoning module SessionFrontend (394)
[2017.10.12-21.50.08:334][791]LogModuleManager: Shutting down and abandoning module ProfilerClient (392)
[2017.10.12-21.50.08:335][791]LogModuleManager: Shutting down and abandoning module DeviceManager (390)
[2017.10.12-21.50.08:335][791]LogModuleManager: Shutting down and abandoning module TargetDeviceServices (389)
[2017.10.12-21.50.08:385][791]LogModuleManager: Shutting down and abandoning module AutomationController (386)
[2017.10.12-21.50.08:385][791]LogModuleManager: Shutting down and abandoning module AutomationWindow (384)
[2017.10.12-21.50.08:386][791]LogModuleManager: Shutting down and abandoning module Layers (382)
[2017.10.12-21.50.08:387][791]LogModuleManager: Shutting down and abandoning module ComponentVisualizers (380)
[2017.10.12-21.50.08:387][791]LogModuleManager: Shutting down and abandoning module DetailCustomizations (378)
[2017.10.12-21.50.08:387][791]LogModuleManager: Shutting down and abandoning module PackagesDialog (376)
[2017.10.12-21.50.08:387][791]LogModuleManager: Shutting down and abandoning module Persona (374)
[2017.10.12-21.50.08:388][791]LogModuleManager: Shutting down and abandoning module AdvancedPreviewScene (373)
[2017.10.12-21.50.08:388][791]LogModuleManager: Shutting down and abandoning module AnimGraph (371)
[2017.10.12-21.50.08:388][791]LogModuleManager: Shutting down and abandoning module Kismet (368)
[2017.10.12-21.50.08:394][791]LogModuleManager: Shutting down and abandoning module ClassViewer (366)
[2017.10.12-21.50.08:394][791]LogModuleManager: Shutting down and abandoning module Toolbox (364)
[2017.10.12-21.50.08:394][791]LogModuleManager: Shutting down and abandoning module ModuleUI (362)
[2017.10.12-21.50.08:394][791]LogModuleManager: Shutting down and abandoning module MovieSceneTools (360)
[2017.10.12-21.50.08:394][791]LogModuleManager: Shutting down and abandoning module OutputLog (358)
[2017.10.12-21.50.08:394][791]LogModuleManager: Shutting down and abandoning module GammaUI (356)
[2017.10.12-21.50.08:395][791]LogModuleManager: Shutting down and abandoning module Documentation (354)
[2017.10.12-21.50.08:395][791]LogModuleManager: Shutting down and abandoning module MovieSceneTracks (352)
[2017.10.12-21.50.08:395][791]LogModuleManager: Shutting down and abandoning module MovieScene (350)
[2017.10.12-21.50.08:395][791]LogModuleManager: Shutting down and abandoning module Niagara (348)
[2017.10.12-21.50.08:395][791]LogModuleManager: Shutting down and abandoning module NiagaraEditor (347)
[2017.10.12-21.50.08:395][791]LogModuleManager: Shutting down and abandoning module StreamingPauseRendering (344)
[2017.10.12-21.50.08:395][791]LogModuleManager: Shutting down and abandoning module AnalyticsET (342)
[2017.10.12-21.50.08:395][791]LogModuleManager: Shutting down and abandoning module PortalServices (340)
[2017.10.12-21.50.08:395][791]LogModuleManager: Shutting down and abandoning module PortalRpc (338)
[2017.10.12-21.50.08:395][791]LogModuleManager: Shutting down and abandoning module MessagingRpc (336)
[2017.10.12-21.50.08:395][791]LogModuleManager: Shutting down and abandoning module AIModule (334)
[2017.10.12-21.50.08:395][791]LogModuleManager: Shutting down and abandoning module GameplayDebugger (333)
[2017.10.12-21.50.08:395][791]LogModuleManager: Shutting down and abandoning module AITestSuite (331)
[2017.10.12-21.50.08:395][791]LogModuleManager: Shutting down and abandoning module ProfilerService (328)
[2017.10.12-21.50.08:615][791]LogModuleManager: Shutting down and abandoning module TaskGraph (326)
[2017.10.12-21.50.08:617][791]LogModuleManager: Shutting down and abandoning module SteamVRController (324)
[2017.10.12-21.50.08:617][791]LogModuleManager: Shutting down and abandoning module SteamVR (322)
[2017.10.12-21.50.08:617][791]LogModuleManager: Shutting down and abandoning module ProceduralMeshComponentEditor (320)
[2017.10.12-21.50.08:617][791]LogModuleManager: Shutting down and abandoning module ProceduralMeshComponent (318)
[2017.10.12-21.50.08:617][791]LogModuleManager: Shutting down and abandoning module OculusLibrary (316)
[2017.10.12-21.50.08:617][791]LogModuleManager: Shutting down and abandoning module OculusInput (314)
[2017.10.12-21.50.08:617][791]LogModuleManager: Shutting down and abandoning module MobilePatchingUtils (312)
[2017.10.12-21.50.08:617][791]LogModuleManager: Shutting down and abandoning module CustomMeshComponent (310)
[2017.10.12-21.50.08:617][791]LogModuleManager: Shutting down and abandoning module CableComponent (308)
[2017.10.12-21.50.08:617][791]LogModuleManager: Shutting down and abandoning module ArchVisCharacter (306)
[2017.10.12-21.50.08:617][791]LogModuleManager: Shutting down and abandoning module AndroidPermission (304)
[2017.10.12-21.50.08:617][791]LogModuleManager: Shutting down and abandoning module MediaPlayerEditor (300)
[2017.10.12-21.50.08:618][791]LogModuleManager: Shutting down and abandoning module HTML5Networking (298)
[2017.10.12-21.50.08:618][791]LogModuleManager: Shutting down and abandoning module AlembicImporter (296)
[2017.10.12-21.50.08:618][791]LogModuleManager: Shutting down and abandoning module AlembicLibrary (295)
[2017.10.12-21.50.08:618][791]LogModuleManager: Shutting down and abandoning module GeometryCache (294)
[2017.10.12-21.50.08:618][791]LogModuleManager: Shutting down and abandoning module GeometryCacheEd (293)
[2017.10.12-21.50.08:618][791]LogModuleManager: Shutting down and abandoning module SuperSearchEditor (288)
[2017.10.12-21.50.08:618][791]LogModuleManager: Shutting down and abandoning module SuperSearch (287)
[2017.10.12-21.50.08:618][791]LogModuleManager: Shutting down and abandoning module SpeedTreeImporter (284)
[2017.10.12-21.50.08:618][791]LogModuleManager: Shutting down and abandoning module PluginBrowser (282)
[2017.10.12-21.50.08:618][791]LogModuleManager: Shutting down and abandoning module MobileLauncherProfileWizard (280)
[2017.10.12-21.50.08:619][791]LogModuleManager: Shutting down and abandoning module VisualStudioSourceCodeAccess (278)
[2017.10.12-21.50.08:619][791]LogModuleManager: Shutting down and abandoning module DesktopPlatform (277)
[2017.10.12-21.50.08:619][791]LogModuleManager: Shutting down and abandoning module UObjectPlugin (274)
[2017.10.12-21.50.08:619][791]LogModuleManager: Shutting down and abandoning module SubversionSourceControl (272)
[2017.10.12-21.50.08:619][791]LogModuleManager: Shutting down and abandoning module PerforceSourceControl (270)
[2017.10.12-21.50.08:619][791]LogModuleManager: Shutting down and abandoning module GitSourceControl (268)
[2017.10.12-21.50.08:619][791]LogModuleManager: Shutting down and abandoning module SourceControl (267)
[2017.10.12-21.50.08:619][791]LogModuleManager: Shutting down and abandoning module LightPropagationVolumeEditor (264)
[2017.10.12-21.50.08:619][791]LogModuleManager: Shutting down and abandoning module PaperTiledImporter (262)
[2017.10.12-21.50.08:619][791]LogModuleManager: Shutting down and abandoning module PaperSpriteSheetImporter (260)
[2017.10.12-21.50.08:619][791]LogModuleManager: Shutting down and abandoning module Paper2DEditor (258)
[2017.10.12-21.50.08:620][791]LogModuleManager: Shutting down and abandoning module MeshPaint (257)
[2017.10.12-21.50.08:620][791]LogModuleManager: Shutting down and abandoning module LevelEditor (255)
[2017.10.12-21.50.08:621][791]LogModuleManager: Shutting down and abandoning module PixelInspectorModule (254)
[2017.10.12-21.50.08:621][791]LogModuleManager: Shutting down and abandoning module MainFrame (252)
[2017.10.12-21.50.08:621][791]LogModuleManager: Shutting down and abandoning module HotReload (251)
[2017.10.12-21.50.08:621][791]LogModuleManager: Shutting down and abandoning module PhysXVehiclesEditor (246)
[2017.10.12-21.50.08:621][791]LogModuleManager: Shutting down and abandoning module PhysXVehicles (244)
[2017.10.12-21.50.08:621][791]LogModuleManager: Shutting down and abandoning module LocationServicesBPLibrary (242)
[2017.10.12-21.50.08:621][791]LogModuleManager: Shutting down and abandoning module ImmediatePhysicsEditor (240)
[2017.10.12-21.50.08:621][791]LogModuleManager: Shutting down and abandoning module ImmediatePhysics (238)
[2017.10.12-21.50.08:621][791]LogModuleManager: Shutting down and abandoning module UdpMessaging (236)
[2017.10.12-21.50.08:721][791]LogModuleManager: Shutting down and abandoning module TcpMessaging (234)
[2017.10.12-21.50.08:821][791]LogModuleManager: Shutting down and abandoning module GameplayTagsEditor (232)
[2017.10.12-21.50.08:822][791]LogModuleManager: Shutting down and abandoning module FacialAnimationEditor (230)
[2017.10.12-21.50.08:822][791]LogModuleManager: Shutting down and abandoning module FacialAnimation (228)
[2017.10.12-21.50.08:823][791]LogModuleManager: Shutting down and abandoning module AssetManagerEditor (226)
[2017.10.12-21.50.08:823][791]LogModuleManager: Shutting down and abandoning module GraphEditor (225)
[2017.10.12-21.50.08:823][791]LogModuleManager: Shutting down and abandoning module ContentBrowser (223)
[2017.10.12-21.50.08:824][791]LogModuleManager: Shutting down and abandoning module LightPropagationVolumeRuntime (220)
[2017.10.12-21.50.08:824][791]LogModuleManager: Shutting down and abandoning module Paper2D (218)
[2017.10.12-21.50.08:824][791]LogModuleManager: Shutting down and abandoning module WindowsMoviePlayer (216)
[2017.10.12-21.50.08:824][791]LogModuleManager: Shutting down and abandoning module WmfMedia (214)
[2017.10.12-21.50.08:824][791]LogModuleManager: Shutting down and abandoning module ClothingSystemEditor (212)
[2017.10.12-21.50.08:824][791]LogModuleManager: Shutting down and abandoning module ClothingSystemRuntime (210)
[2017.10.12-21.50.08:825][791]LogModuleManager: Shutting down and abandoning module MediaAssets (208)
[2017.10.12-21.50.08:825][791]LogModuleManager: Shutting down and abandoning module GameLiveStreaming (206)
[2017.10.12-21.50.08:825][791]LogModuleManager: Shutting down and abandoning module VREditor (204)
[2017.10.12-21.50.08:825][791]LogModuleManager: Shutting down and abandoning module StringTableEditor (202)
[2017.10.12-21.50.08:826][791]LogModuleManager: Shutting down and abandoning module GameplayTasksEditor (200)
[2017.10.12-21.50.08:826][791]LogModuleManager: Shutting down and abandoning module BehaviorTreeEditor (198)
[2017.10.12-21.50.08:827][791]LogModuleManager: Shutting down and abandoning module FunctionalTesting (196)
[2017.10.12-21.50.08:827][791]LogModuleManager: Shutting down and abandoning module CollisionAnalyzer (194)
[2017.10.12-21.50.08:827][791]LogModuleManager: Shutting down and abandoning module UMG (192)
[2017.10.12-21.50.08:827][791]LogModuleManager: Shutting down and abandoning module UMGEditor (191)
[2017.10.12-21.50.08:827][791]LogModuleManager: Shutting down and abandoning module Sequencer (190)
[2017.10.12-21.50.08:827][791]LogModuleManager: Shutting down and abandoning module AssetTools (188)
[2017.10.12-21.50.08:828][791]LogModuleManager: Shutting down and abandoning module MessageLog (187)
[2017.10.12-21.50.08:828][791]LogModuleManager: Shutting down and abandoning module WorkspaceMenuStructure (186)
[2017.10.12-21.50.08:828][791]LogModuleManager: Shutting down and abandoning module SlateReflector (180)
[2017.10.12-21.50.08:829][791]LogModuleManager: Shutting down and abandoning module Slate (178)
[2017.10.12-21.50.08:829][791]LogModuleManager: Shutting down and abandoning module EditorStyle (176)
[2017.10.12-21.50.08:831][791]LogModuleManager: Shutting down and abandoning module SourceCodeAccess (174)
[2017.10.12-21.50.08:831][791]LogModuleManager: Shutting down and abandoning module HeadMountedDisplay (172)
[2017.10.12-21.50.08:831][791]LogModuleManager: Shutting down and abandoning module XAudio2 (170)
[2017.10.12-21.50.08:831][791]LogModuleManager: Shutting down and abandoning module Networking (168)
[2017.10.12-21.50.08:831][791]LogModuleManager: Shutting down and abandoning module Core (164)
[2017.10.12-21.50.08:831][791]LogModuleManager: Shutting down and abandoning module AssetRegistry (162)
[2017.10.12-21.50.09:040][791]LogDirectoryWatcher: A directory notification for '../../../Engine/Content/' was aborted.
[2017.10.12-21.50.09:040][791]LogDirectoryWatcher: A directory notification for 'D:/ProjectInferno/ProjectInferno/Content/' was aborted.
[2017.10.12-21.50.09:040][791]LogDirectoryWatcher: A directory notification for '../../../Engine/Plugins/2D/Paper2D/Content/' was aborted.
[2017.10.12-21.50.09:040][791]LogDirectoryWatcher: A directory notification for '../../../Engine/Plugins/Runtime/GearVR/Content/' was aborted.
[2017.10.12-21.50.09:042][791]LogModuleManager: Shutting down and abandoning module DirectoryWatcher (161)
[2017.10.12-21.50.09:042][791]LogModuleManager: Shutting down and abandoning module KismetCompiler (158)
[2017.10.12-21.50.09:042][791]LogModuleManager: Shutting down and abandoning module PhysXFormats (156)
[2017.10.12-21.50.09:042][791]LogModuleManager: Shutting down and abandoning module MeshUtilities (154)
[2017.10.12-21.50.09:042][791]LogModuleManager: Shutting down and abandoning module SimplygonSwarm (153)
[2017.10.12-21.50.09:042][791]LogModuleManager: Shutting down and abandoning module SimplygonMeshReduction (151)
[2017.10.12-21.50.09:042][791]LogModuleManager: Shutting down and abandoning module QuadricMeshReduction (149)
[2017.10.12-21.50.09:042][791]LogModuleManager: Shutting down and abandoning module LevelSequence (146)
[2017.10.12-21.50.09:042][791]LogModuleManager: Shutting down and abandoning module DerivedDataCache (144)
[2017.10.12-21.50.09:067][791]LogDerivedDataCache: Shutdown
[2017.10.12-21.50.09:067][791]LogModuleManager: Shutting down and abandoning module TargetPlatform (142)
[2017.10.12-21.50.09:067][791]LogModuleManager: Shutting down and abandoning module VulkanShaderFormat (141)
[2017.10.12-21.50.09:067][791]LogModuleManager: Shutting down and abandoning module ShaderFormatVectorVM (139)
[2017.10.12-21.50.09:069][791]LogModuleManager: Shutting down and abandoning module ShaderFormatOpenGL (137)
[2017.10.12-21.50.09:070][791]LogModuleManager: Shutting down and abandoning module ShaderFormatD3D (135)
[2017.10.12-21.50.09:070][791]LogModuleManager: Shutting down and abandoning module MetalShaderFormat (133)
[2017.10.12-21.50.09:070][791]LogModuleManager: Shutting down and abandoning module TextureFormatUncompressed (131)
[2017.10.12-21.50.09:070][791]LogModuleManager: Shutting down and abandoning module TextureFormatPVR (129)
[2017.10.12-21.50.09:070][791]LogModuleManager: Shutting down and abandoning module TextureFormatDXT (127)
[2017.10.12-21.50.09:070][791]LogModuleManager: Shutting down and abandoning module TextureFormatIntelISPCTexComp (125)
[2017.10.12-21.50.09:071][791]LogModuleManager: Shutting down and abandoning module TextureFormatASTC (123)
[2017.10.12-21.50.09:071][791]LogModuleManager: Shutting down and abandoning module ImageWrapper (122)
[2017.10.12-21.50.09:071][791]LogModuleManager: Shutting down and abandoning module TextureFormatAndroid (119)
[2017.10.12-21.50.09:071][791]LogModuleManager: Shutting down and abandoning module AudioFormatOpus (117)
[2017.10.12-21.50.09:071][791]LogModuleManager: Shutting down and abandoning module AudioFormatOgg (115)
[2017.10.12-21.50.09:071][791]LogModuleManager: Shutting down and abandoning module AudioFormatADPCM (113)
[2017.10.12-21.50.09:071][791]LogModuleManager: Shutting down and abandoning module LinuxTargetPlatform (111)
[2017.10.12-21.50.09:071][791]LogModuleManager: Shutting down and abandoning module LinuxServerTargetPlatform (109)
[2017.10.12-21.50.09:071][791]LogModuleManager: Shutting down and abandoning module LinuxNoEditorTargetPlatform (107)
[2017.10.12-21.50.09:071][791]LogModuleManager: Shutting down and abandoning module LinuxClientTargetPlatform (105)
[2017.10.12-21.50.09:071][791]LogModuleManager: Shutting down and abandoning module TVOSTargetPlatform (103)
[2017.10.12-21.50.09:071][791]LogModuleManager: Shutting down and abandoning module Messaging (101)
[2017.10.12-21.50.09:071][791]LogModuleManager: Shutting down and abandoning module IOSTargetPlatform (99)
[2017.10.12-21.50.09:071][791]LogModuleManager: Shutting down and abandoning module HTML5TargetPlatform (97)
[2017.10.12-21.50.09:071][791]LogModuleManager: Shutting down and abandoning module Android_PVRTCTargetPlatform (95)
[2017.10.12-21.50.09:071][791]LogModuleManager: Shutting down and abandoning module Android_MultiTargetPlatform (93)
[2017.10.12-21.50.09:071][791]LogModuleManager: Shutting down and abandoning module Android_ETC2TargetPlatform (91)
[2017.10.12-21.50.09:071][791]LogModuleManager: Shutting down and abandoning module Android_ETC1TargetPlatform (89)
[2017.10.12-21.50.09:071][791]LogModuleManager: Shutting down and abandoning module Android_DXTTargetPlatform (87)
[2017.10.12-21.50.09:071][791]LogModuleManager: Shutting down and abandoning module Android_ATCTargetPlatform (85)
[2017.10.12-21.50.09:071][791]LogModuleManager: Shutting down and abandoning module Android_ASTCTargetPlatform (83)
[2017.10.12-21.50.09:071][791]LogModuleManager: Shutting down and abandoning module AndroidTargetPlatform (81)
[2017.10.12-21.50.09:071][791]LogModuleManager: Shutting down and abandoning module WindowsTargetPlatform (79)
[2017.10.12-21.50.09:071][791]LogModuleManager: Shutting down and abandoning module WindowsServerTargetPlatform (77)
[2017.10.12-21.50.09:071][791]LogModuleManager: Shutting down and abandoning module WindowsNoEditorTargetPlatform (75)
[2017.10.12-21.50.09:071][791]LogModuleManager: Shutting down and abandoning module WindowsClientTargetPlatform (73)
[2017.10.12-21.50.09:071][791]LogModuleManager: Shutting down and abandoning module MacTargetPlatform (71)
[2017.10.12-21.50.09:071][791]LogModuleManager: Shutting down and abandoning module MacServerTargetPlatform (69)
[2017.10.12-21.50.09:071][791]LogModuleManager: Shutting down and abandoning module MacNoEditorTargetPlatform (67)
[2017.10.12-21.50.09:071][791]LogModuleManager: Shutting down and abandoning module MacClientTargetPlatform (65)
[2017.10.12-21.50.09:071][791]LogModuleManager: Shutting down and abandoning module AllDesktopTargetPlatform (63)
[2017.10.12-21.50.09:071][791]LogModuleManager: Shutting down and abandoning module InputCore (60)
[2017.10.12-21.50.09:071][791]LogModuleManager: Shutting down and abandoning module Settings (58)
[2017.10.12-21.50.09:071][791]LogModuleManager: Shutting down and abandoning module OculusRift (56)
[2017.10.12-21.50.09:071][791]LogModuleManager: Shutting down and abandoning module GearVRController (54)
[2017.10.12-21.50.09:071][791]LogModuleManager: Shutting down and abandoning module GearVR (52)
[2017.10.12-21.50.09:071][791]LogModuleManager: Shutting down and abandoning module ExampleDeviceProfileSelector (50)
[2017.10.12-21.50.09:071][791]LogModuleManager: Shutting down and abandoning module OnlineBlueprintSupport (48)
[2017.10.12-21.50.09:071][791]LogModuleManager: Shutting down and abandoning module OnlineSubsystem (44)
[2017.10.12-21.50.09:071][791]LogOnline:Display: Unloading online subsystem: NULL
[2017.10.12-21.50.09:072][791]LogModuleManager: Shutting down and abandoning module XMPP (43)
[2017.10.12-21.50.09:073][791]LogModuleManager: Shutting down and abandoning module HTTP (41)
[2017.10.12-21.50.09:073][791]LogHttp:Display: Http module shutting down, but needs to wait on 1 outstanding Http requests:
[2017.10.12-21.50.09:073][791]LogHttp:Display: 	verb=[POST] url=[https://datarouter.ol.epicgames.com/datarouter/api/v1/public/data?SessionID=%7B4AEE1122-49DC-0EC6-B01B-879A9B089A65%7D&AppID=UEEditor.Rocket.Release&AppVersion=4.16.0-3452394%2B%2B%2BUE4%2BRelease-4.16&UserID=42ed91f945ef5fec679bcc8cf2d62b6e%7Ce67724c06ae34bcab9b8bfae92f27281%7C5856b343-0bb1-4fd2-98d9-8fd0986d7c57&AppEnvironment=datacollector-binary&UploadType=eteventstream] status=Processing
[2017.10.12-21.50.09:078][791]LogModuleManager: Shutting down and abandoning module SSL (40)
[2017.10.12-21.50.09:079][791]LogModuleManager: Shutting down and abandoning module HTTPChunkInstaller (36)
[2017.10.12-21.50.09:079][791]LogModuleManager: Shutting down and abandoning module AnimationModifiers (34)
[2017.10.12-21.50.09:079][791]LogModuleManager: Shutting down and abandoning module PropertyEditor (33)
[2017.10.12-21.50.09:079][791]LogModuleManager: Shutting down and abandoning module AudioEditor (30)
[2017.10.12-21.50.09:080][791]LogModuleManager: Shutting down and abandoning module TextureCompressor (28)
[2017.10.12-21.50.09:080][791]LogModuleManager: Shutting down and abandoning module ShaderCore (26)
[2017.10.12-21.50.09:080][791]LogModuleManager: Shutting down and abandoning module Landscape (24)
[2017.10.12-21.50.09:080][791]LogModuleManager: Shutting down and abandoning module SlateRHIRenderer (22)
[2017.10.12-21.50.09:081][791]LogModuleManager: Shutting down and abandoning module OpenGLDrv (20)
[2017.10.12-21.50.09:082][791]LogModuleManager: Shutting down and abandoning module D3D11RHI (18)
[2017.10.12-21.50.09:082][791]LogModuleManager: Shutting down and abandoning module AnimGraphRuntime (16)
[2017.10.12-21.50.09:082][791]LogModuleManager: Shutting down and abandoning module Renderer (14)
[2017.10.12-21.50.09:082][791]LogModuleManager: Shutting down and abandoning module Engine (12)
[2017.10.12-21.50.09:082][791]LogModuleManager: Shutting down and abandoning module CoreUObject (10)
[2017.10.12-21.50.09:082][791]LogModuleManager: Shutting down and abandoning module NetworkFile (8)
[2017.10.12-21.50.09:082][791]LogModuleManager: Shutting down and abandoning module StreamingFile (6)
[2017.10.12-21.50.09:082][791]LogModuleManager: Shutting down and abandoning module SandboxFile (4)
[2017.10.12-21.50.09:082][791]LogModuleManager: Shutting down and abandoning module PakFile (2)
[2017.10.12-21.50.09:083][791]LogExit: Exiting.
[2017.10.12-21.50.09:092][791]Log file closed, 10/12/17 16:50:09
